2022-04-07 14:31:42,178 ng_k_s.py [line:459] run_bft INFO Node 6 starts to run at time:1649341902.178486 
2022-04-07 14:31:42,181 ng_k_s.py [line:371] _finalize_output INFO ************************************************************* 
2022-04-07 14:31:42,181 ng_k_s.py [line:372] _finalize_output INFO                          warm-up start                        
2022-04-07 14:31:42,181 ng_k_s.py [line:373] _finalize_output INFO ************************************************************* 
2022-04-07 14:32:14,420 ng_k_s.py [line:379] _finalize_output INFO warm-up time: 32.242245 
2022-04-07 14:32:14,421 ng_k_s.py [line:380] _finalize_output INFO ************************************************************* 
2022-04-07 14:32:14,421 ng_k_s.py [line:381] _finalize_output INFO                        warm-up finished                       
2022-04-07 14:32:14,422 ng_k_s.py [line:382] _finalize_output INFO ************************************************************* 
2022-04-07 14:32:14,586 nwabc.py [line:105] handel_messages INFO sid: sidAnw4, 0 catch up in total 
2022-04-07 14:32:14,739 nwabc.py [line:105] handel_messages INFO sid: sidAnw5, 0 catch up in total 
2022-04-07 14:32:15,183 ng_k_s.py [line:442] _finalize_output INFO node: 6 epoch: 41 run: 33.005199, total delivered Txs after warm-up: 116000, average delay after warm-up: 1.797762,  tps after warm-up: 152040.669237, average vaba delay after warm-up: 0.380235 
2022-04-07 14:32:15,522 nwabc.py [line:105] handel_messages INFO sid: sidAnw29, 0 catch up in total 
2022-04-07 14:32:15,891 ng_k_s.py [line:318] _run_VABA_round INFO sid: 6: 0 txs batches need to call help in epoch 42, 0 in total, 0.000000  
2022-04-07 14:32:15,894 ng_k_s.py [line:442] _finalize_output INFO node: 6 epoch: 42 run: 33.715506, total delivered Txs after warm-up: 250000, average delay after warm-up: 1.748682,  tps after warm-up: 169691.630270, average vaba delay after warm-up: 0.489476 
2022-04-07 14:32:15,945 ng_k_s.py [line:276] catch INFO sid: 6: 0 txs batches need to call help after 50ms in epoch 42, 0 in total, 0.000000  
2022-04-07 14:32:15,996 ng_k_s.py [line:290] catch INFO sid: 6: 0 txs batches need to call help after 100ms in epoch 42, 0 in total, 0.000000  
2022-04-07 14:32:16,252 nwabc.py [line:105] handel_messages INFO sid: sidAnw28, 0 catch up in total 
2022-04-07 14:32:16,610 ng_k_s.py [line:318] _run_VABA_round INFO sid: 6: 0 txs batches need to call help in epoch 43, 0 in total, 0.000000  
2022-04-07 14:32:16,612 ng_k_s.py [line:442] _finalize_output INFO node: 6 epoch: 43 run: 34.434288, total delivered Txs after warm-up: 368000, average delay after warm-up: 1.709714,  tps after warm-up: 167879.931617, average vaba delay after warm-up: 0.546729 
2022-04-07 14:32:16,663 ng_k_s.py [line:276] catch INFO sid: 6: 0 txs batches need to call help after 50ms in epoch 43, 0 in total, 0.000000  
2022-04-07 14:32:16,670 nwabc.py [line:105] handel_messages INFO sid: sidAnw26, 0 catch up in total 
2022-04-07 14:32:16,714 ng_k_s.py [line:290] catch INFO sid: 6: 0 txs batches need to call help after 100ms in epoch 43, 0 in total, 0.000000  
2022-04-07 14:32:16,836 nwabc.py [line:105] handel_messages INFO sid: sidAnw22, 0 catch up in total 
2022-04-07 14:32:16,876 nwabc.py [line:105] handel_messages INFO sid: sidAnw27, 0 catch up in total 
2022-04-07 14:32:17,094 nwabc.py [line:105] handel_messages INFO sid: sidAnw23, 0 catch up in total 
2022-04-07 14:32:17,348 ng_k_s.py [line:318] _run_VABA_round INFO sid: 6: 0 txs batches need to call help in epoch 44, 0 in total, 0.000000  
2022-04-07 14:32:17,350 ng_k_s.py [line:442] _finalize_output INFO node: 6 epoch: 44 run: 35.172276, total delivered Txs after warm-up: 466000, average delay after warm-up: 1.707954,  tps after warm-up: 159042.734342, average vaba delay after warm-up: 0.584916 
2022-04-07 14:32:17,401 ng_k_s.py [line:276] catch INFO sid: 6: 0 txs batches need to call help after 50ms in epoch 44, 0 in total, 0.000000  
2022-04-07 14:32:17,453 ng_k_s.py [line:290] catch INFO sid: 6: 0 txs batches need to call help after 100ms in epoch 44, 0 in total, 0.000000  
2022-04-07 14:32:18,103 ng_k_s.py [line:318] _run_VABA_round INFO sid: 6: 0 txs batches need to call help in epoch 45, 0 in total, 0.000000  
2022-04-07 14:32:18,105 ng_k_s.py [line:442] _finalize_output INFO node: 6 epoch: 45 run: 35.927129, total delivered Txs after warm-up: 592000, average delay after warm-up: 1.715335,  tps after warm-up: 160656.384774, average vaba delay after warm-up: 0.613190 
2022-04-07 14:32:18,156 ng_k_s.py [line:276] catch INFO sid: 6: 0 txs batches need to call help after 50ms in epoch 45, 0 in total, 0.000000  
2022-04-07 14:32:18,207 ng_k_s.py [line:290] catch INFO sid: 6: 0 txs batches need to call help after 100ms in epoch 45, 0 in total, 0.000000  
2022-04-07 14:32:18,536 nwabc.py [line:105] handel_messages INFO sid: sidAnw20, 0 catch up in total 
2022-04-07 14:32:18,748 nwabc.py [line:105] handel_messages INFO sid: sidAnw21, 0 catch up in total 
2022-04-07 14:32:18,784 ng_k_s.py [line:318] _run_VABA_round INFO sid: 6: 0 txs batches need to call help in epoch 46, 0 in total, 0.000000  
2022-04-07 14:32:18,786 ng_k_s.py [line:442] _finalize_output INFO node: 6 epoch: 46 run: 36.607791, total delivered Txs after warm-up: 716000, average delay after warm-up: 1.705852,  tps after warm-up: 164011.585095, average vaba delay after warm-up: 0.622787 
2022-04-07 14:32:18,836 ng_k_s.py [line:276] catch INFO sid: 6: 0 txs batches need to call help after 50ms in epoch 46, 0 in total, 0.000000  
2022-04-07 14:32:18,887 ng_k_s.py [line:290] catch INFO sid: 6: 0 txs batches need to call help after 100ms in epoch 46, 0 in total, 0.000000  
2022-04-07 14:32:19,525 ng_k_s.py [line:318] _run_VABA_round INFO sid: 6: 0 txs batches need to call help in epoch 47, 0 in total, 0.000000  
2022-04-07 14:32:19,527 ng_k_s.py [line:442] _finalize_output INFO node: 6 epoch: 47 run: 37.349015, total delivered Txs after warm-up: 822000, average delay after warm-up: 1.699950,  tps after warm-up: 160962.799144, average vaba delay after warm-up: 0.637544 
2022-04-07 14:32:19,578 ng_k_s.py [line:276] catch INFO sid: 6: 0 txs batches need to call help after 50ms in epoch 47, 0 in total, 0.000000  
2022-04-07 14:32:19,629 ng_k_s.py [line:290] catch INFO sid: 6: 0 txs batches need to call help after 100ms in epoch 47, 0 in total, 0.000000  
2022-04-07 14:32:19,762 nwabc.py [line:105] handel_messages INFO sid: sidAnw8, 0 catch up in total 
2022-04-07 14:32:19,823 nwabc.py [line:105] handel_messages INFO sid: sidAnw9, 0 catch up in total 
2022-04-07 14:32:19,867 nwabc.py [line:105] handel_messages INFO sid: sidAnw10, 0 catch up in total 
2022-04-07 14:32:20,139 nwabc.py [line:105] handel_messages INFO sid: sidAnw11, 0 catch up in total 
2022-04-07 14:32:20,289 ng_k_s.py [line:318] _run_VABA_round INFO sid: 6: 0 txs batches need to call help in epoch 48, 0 in total, 0.000000  
2022-04-07 14:32:20,291 ng_k_s.py [line:442] _finalize_output INFO node: 6 epoch: 48 run: 38.113060, total delivered Txs after warm-up: 966000, average delay after warm-up: 1.693697,  tps after warm-up: 164542.741278, average vaba delay after warm-up: 0.651568 
2022-04-07 14:32:20,342 ng_k_s.py [line:276] catch INFO sid: 6: 0 txs batches need to call help after 50ms in epoch 48, 0 in total, 0.000000  
2022-04-07 14:32:20,393 ng_k_s.py [line:290] catch INFO sid: 6: 0 txs batches need to call help after 100ms in epoch 48, 0 in total, 0.000000  
2022-04-07 14:32:21,011 nwabc.py [line:105] handel_messages INFO sid: sidAnw30, 0 catch up in total 
2022-04-07 14:32:21,199 nwabc.py [line:105] handel_messages INFO sid: sidAnw18, 0 catch up in total 
2022-04-07 14:32:21,404 nwabc.py [line:105] handel_messages INFO sid: sidAnw31, 0 catch up in total 
2022-04-07 14:32:21,478 nwabc.py [line:105] handel_messages INFO sid: sidAnw19, 0 catch up in total 
2022-04-07 14:32:22,032 ng_k_s.py [line:318] _run_VABA_round INFO sid: 6: 0 txs batches need to call help in epoch 49, 0 in total, 0.000000  
2022-04-07 14:32:22,033 ng_k_s.py [line:442] _finalize_output INFO node: 6 epoch: 49 run: 39.854862, total delivered Txs after warm-up: 1058000, average delay after warm-up: 1.778199,  tps after warm-up: 138979.809975, average vaba delay after warm-up: 0.760563 
2022-04-07 14:32:22,084 ng_k_s.py [line:276] catch INFO sid: 6: 0 txs batches need to call help after 50ms in epoch 49, 0 in total, 0.000000  
2022-04-07 14:32:22,134 ng_k_s.py [line:290] catch INFO sid: 6: 0 txs batches need to call help after 100ms in epoch 49, 0 in total, 0.000000  
2022-04-07 14:32:22,738 ng_k_s.py [line:318] _run_VABA_round INFO sid: 6: 0 txs batches need to call help in epoch 50, 0 in total, 0.000000  
2022-04-07 14:32:22,740 ng_k_s.py [line:442] _finalize_output INFO node: 6 epoch: 50 run: 40.562332, total delivered Txs after warm-up: 1350000, average delay after warm-up: 1.867194,  tps after warm-up: 162257.919555, average vaba delay after warm-up: 0.755709 
2022-04-07 14:32:22,791 ng_k_s.py [line:276] catch INFO sid: 6: 0 txs batches need to call help after 50ms in epoch 50, 0 in total, 0.000000  
2022-04-07 14:32:22,842 ng_k_s.py [line:290] catch INFO sid: 6: 0 txs batches need to call help after 100ms in epoch 50, 0 in total, 0.000000  
2022-04-07 14:32:23,448 ng_k_s.py [line:318] _run_VABA_round INFO sid: 6: 0 txs batches need to call help in epoch 51, 0 in total, 0.000000  
2022-04-07 14:32:23,450 ng_k_s.py [line:442] _finalize_output INFO node: 6 epoch: 51 run: 41.272350, total delivered Txs after warm-up: 1458000, average delay after warm-up: 1.853717,  tps after warm-up: 161459.927330, average vaba delay after warm-up: 0.751877 
2022-04-07 14:32:23,501 ng_k_s.py [line:276] catch INFO sid: 6: 0 txs batches need to call help after 50ms in epoch 51, 0 in total, 0.000000  
2022-04-07 14:32:23,551 ng_k_s.py [line:290] catch INFO sid: 6: 0 txs batches need to call help after 100ms in epoch 51, 0 in total, 0.000000  
2022-04-07 14:32:24,149 ng_k_s.py [line:318] _run_VABA_round INFO sid: 6: 0 txs batches need to call help in epoch 52, 0 in total, 0.000000  
2022-04-07 14:32:24,151 ng_k_s.py [line:442] _finalize_output INFO node: 6 epoch: 52 run: 41.973040, total delivered Txs after warm-up: 1564000, average delay after warm-up: 1.845666,  tps after warm-up: 160726.860444, average vaba delay after warm-up: 0.747914 
2022-04-07 14:32:24,203 ng_k_s.py [line:276] catch INFO sid: 6: 0 txs batches need to call help after 50ms in epoch 52, 0 in total, 0.000000  
2022-04-07 14:32:24,253 ng_k_s.py [line:290] catch INFO sid: 6: 0 txs batches need to call help after 100ms in epoch 52, 0 in total, 0.000000  
2022-04-07 14:32:24,703 nwabc.py [line:105] handel_messages INFO sid: sidAnw12, 0 catch up in total 
2022-04-07 14:32:24,816 nwabc.py [line:105] handel_messages INFO sid: sidAnw13, 0 catch up in total 
2022-04-07 14:32:24,861 ng_k_s.py [line:318] _run_VABA_round INFO sid: 6: 0 txs batches need to call help in epoch 53, 0 in total, 0.000000  
2022-04-07 14:32:24,861 ng_k_s.py [line:442] _finalize_output INFO node: 6 epoch: 53 run: 42.683206, total delivered Txs after warm-up: 1678000, average delay after warm-up: 1.839611,  tps after warm-up: 160713.181186, average vaba delay after warm-up: 0.745196 
2022-04-07 14:32:24,915 ng_k_s.py [line:276] catch INFO sid: 6: 0 txs batches need to call help after 50ms in epoch 53, 0 in total, 0.000000  
2022-04-07 14:32:24,966 ng_k_s.py [line:290] catch INFO sid: 6: 0 txs batches need to call help after 100ms in epoch 53, 0 in total, 0.000000  
2022-04-07 14:32:25,642 ng_k_s.py [line:318] _run_VABA_round INFO sid: 6: 0 txs batches need to call help in epoch 54, 0 in total, 0.000000  
2022-04-07 14:32:25,644 ng_k_s.py [line:442] _finalize_output INFO node: 6 epoch: 54 run: 43.465602, total delivered Txs after warm-up: 1822000, average delay after warm-up: 1.831294,  tps after warm-up: 162340.020560, average vaba delay after warm-up: 0.747526 
2022-04-07 14:32:25,695 ng_k_s.py [line:276] catch INFO sid: 6: 0 txs batches need to call help after 50ms in epoch 54, 0 in total, 0.000000  
2022-04-07 14:32:25,746 ng_k_s.py [line:290] catch INFO sid: 6: 0 txs batches need to call help after 100ms in epoch 54, 0 in total, 0.000000  
2022-04-07 14:32:26,361 ng_k_s.py [line:318] _run_VABA_round INFO sid: 6: 0 txs batches need to call help in epoch 55, 0 in total, 0.000000  
2022-04-07 14:32:26,364 ng_k_s.py [line:442] _finalize_output INFO node: 6 epoch: 55 run: 44.185549, total delivered Txs after warm-up: 1926000, average delay after warm-up: 1.825088,  tps after warm-up: 161261.911148, average vaba delay after warm-up: 0.745781 
2022-04-07 14:32:26,415 ng_k_s.py [line:276] catch INFO sid: 6: 0 txs batches need to call help after 50ms in epoch 55, 0 in total, 0.000000  
2022-04-07 14:32:26,450 nwabc.py [line:105] handel_messages INFO sid: sidAnw16, 0 catch up in total 
2022-04-07 14:32:26,466 ng_k_s.py [line:290] catch INFO sid: 6: 0 txs batches need to call help after 100ms in epoch 55, 0 in total, 0.000000  
2022-04-07 14:32:26,963 nwabc.py [line:105] handel_messages INFO sid: sidAnw17, 0 catch up in total 
2022-04-07 14:32:27,099 ng_k_s.py [line:318] _run_VABA_round INFO sid: 6: 0 txs batches need to call help in epoch 56, 0 in total, 0.000000  
2022-04-07 14:32:27,099 ng_k_s.py [line:442] _finalize_output INFO node: 6 epoch: 56 run: 44.921039, total delivered Txs after warm-up: 2052000, average delay after warm-up: 1.818966,  tps after warm-up: 161845.047331, average vaba delay after warm-up: 0.745156 
2022-04-07 14:32:27,150 ng_k_s.py [line:276] catch INFO sid: 6: 0 txs batches need to call help after 50ms in epoch 56, 0 in total, 0.000000  
2022-04-07 14:32:27,201 ng_k_s.py [line:290] catch INFO sid: 6: 0 txs batches need to call help after 100ms in epoch 56, 0 in total, 0.000000  
2022-04-07 14:32:27,675 nwabc.py [line:105] handel_messages INFO sid: sidAnw2, 0 catch up in total 
2022-04-07 14:32:27,816 ng_k_s.py [line:318] _run_VABA_round INFO sid: 6: 0 txs batches need to call help in epoch 57, 0 in total, 0.000000  
2022-04-07 14:32:27,818 ng_k_s.py [line:442] _finalize_output INFO node: 6 epoch: 57 run: 45.640067, total delivered Txs after warm-up: 2166000, average delay after warm-up: 1.812928,  tps after warm-up: 161668.077937, average vaba delay after warm-up: 0.743688 
2022-04-07 14:32:27,856 nwabc.py [line:105] handel_messages INFO sid: sidAnw3, 0 catch up in total 
2022-04-07 14:32:27,870 ng_k_s.py [line:276] catch INFO sid: 6: 0 txs batches need to call help after 50ms in epoch 57, 0 in total, 0.000000  
2022-04-07 14:32:27,921 ng_k_s.py [line:290] catch INFO sid: 6: 0 txs batches need to call help after 100ms in epoch 57, 0 in total, 0.000000  
2022-04-07 14:32:28,561 ng_k_s.py [line:318] _run_VABA_round INFO sid: 6: 0 txs batches need to call help in epoch 58, 0 in total, 0.000000  
2022-04-07 14:32:28,563 ng_k_s.py [line:442] _finalize_output INFO node: 6 epoch: 58 run: 46.384966, total delivered Txs after warm-up: 2282000, average delay after warm-up: 1.809673,  tps after warm-up: 161355.089310, average vaba delay after warm-up: 0.743735 
2022-04-07 14:32:28,613 ng_k_s.py [line:276] catch INFO sid: 6: 0 txs batches need to call help after 50ms in epoch 58, 0 in total, 0.000000  
2022-04-07 14:32:28,665 ng_k_s.py [line:290] catch INFO sid: 6: 0 txs batches need to call help after 100ms in epoch 58, 0 in total, 0.000000  
2022-04-07 14:32:29,277 ng_k_s.py [line:318] _run_VABA_round INFO sid: 6: 0 txs batches need to call help in epoch 59, 0 in total, 0.000000  
2022-04-07 14:32:29,280 ng_k_s.py [line:442] _finalize_output INFO node: 6 epoch: 59 run: 47.101746, total delivered Txs after warm-up: 2402000, average delay after warm-up: 1.806364,  tps after warm-up: 161647.426496, average vaba delay after warm-up: 0.742371 
2022-04-07 14:32:29,331 ng_k_s.py [line:276] catch INFO sid: 6: 0 txs batches need to call help after 50ms in epoch 59, 0 in total, 0.000000  
2022-04-07 14:32:29,382 ng_k_s.py [line:290] catch INFO sid: 6: 0 txs batches need to call help after 100ms in epoch 59, 0 in total, 0.000000  
2022-04-07 14:32:30,089 ng_k_s.py [line:318] _run_VABA_round INFO sid: 6: 0 txs batches need to call help in epoch 60, 0 in total, 0.000000  
2022-04-07 14:32:30,091 ng_k_s.py [line:442] _finalize_output INFO node: 6 epoch: 60 run: 47.913406, total delivered Txs after warm-up: 2550000, average delay after warm-up: 1.802423,  tps after warm-up: 162719.283399, average vaba delay after warm-up: 0.745653 
2022-04-07 14:32:30,143 ng_k_s.py [line:276] catch INFO sid: 6: 0 txs batches need to call help after 50ms in epoch 60, 0 in total, 0.000000  
2022-04-07 14:32:30,194 ng_k_s.py [line:290] catch INFO sid: 6: 0 txs batches need to call help after 100ms in epoch 60, 0 in total, 0.000000  
2022-04-07 14:32:30,854 ng_k_s.py [line:318] _run_VABA_round INFO sid: 6: 0 txs batches need to call help in epoch 61, 0 in total, 0.000000  
2022-04-07 14:32:30,857 ng_k_s.py [line:442] _finalize_output INFO node: 6 epoch: 61 run: 48.678709, total delivered Txs after warm-up: 2658000, average delay after warm-up: 1.799468,  tps after warm-up: 161713.622997, average vaba delay after warm-up: 0.746532 
2022-04-07 14:32:30,907 ng_k_s.py [line:276] catch INFO sid: 6: 0 txs batches need to call help after 50ms in epoch 61, 0 in total, 0.000000  
2022-04-07 14:32:30,958 ng_k_s.py [line:290] catch INFO sid: 6: 0 txs batches need to call help after 100ms in epoch 61, 0 in total, 0.000000  
2022-04-07 14:32:31,570 ng_k_s.py [line:318] _run_VABA_round INFO sid: 6: 0 txs batches need to call help in epoch 62, 0 in total, 0.000000  
2022-04-07 14:32:31,570 ng_k_s.py [line:442] _finalize_output INFO node: 6 epoch: 62 run: 49.392099, total delivered Txs after warm-up: 2792000, average delay after warm-up: 1.794114,  tps after warm-up: 162800.220281, average vaba delay after warm-up: 0.745076 
2022-04-07 14:32:31,621 ng_k_s.py [line:276] catch INFO sid: 6: 0 txs batches need to call help after 50ms in epoch 62, 0 in total, 0.000000  
2022-04-07 14:32:31,672 ng_k_s.py [line:290] catch INFO sid: 6: 0 txs batches need to call help after 100ms in epoch 62, 0 in total, 0.000000  
2022-04-07 14:32:32,324 ng_k_s.py [line:318] _run_VABA_round INFO sid: 6: 0 txs batches need to call help in epoch 63, 0 in total, 0.000000  
2022-04-07 14:32:32,326 ng_k_s.py [line:442] _finalize_output INFO node: 6 epoch: 63 run: 50.148464, total delivered Txs after warm-up: 2902000, average delay after warm-up: 1.790855,  tps after warm-up: 162066.598152, average vaba delay after warm-up: 0.745533 
2022-04-07 14:32:32,378 ng_k_s.py [line:276] catch INFO sid: 6: 0 txs batches need to call help after 50ms in epoch 63, 0 in total, 0.000000  
2022-04-07 14:32:32,429 ng_k_s.py [line:290] catch INFO sid: 6: 0 txs batches need to call help after 100ms in epoch 63, 0 in total, 0.000000  
2022-04-07 14:32:32,567 nwabc.py [line:105] handel_messages INFO sid: sidAnw6, 0 catch up in total 
2022-04-07 14:32:33,133 nwabc.py [line:105] handel_messages INFO sid: sidAnw7, 0 catch up in total 
2022-04-07 14:32:33,139 ng_k_s.py [line:318] _run_VABA_round INFO sid: 6: 0 txs batches need to call help in epoch 64, 0 in total, 0.000000  
2022-04-07 14:32:33,141 ng_k_s.py [line:442] _finalize_output INFO node: 6 epoch: 64 run: 50.963063, total delivered Txs after warm-up: 3038000, average delay after warm-up: 1.789820,  tps after warm-up: 162279.239568, average vaba delay after warm-up: 0.748269 
2022-04-07 14:32:33,193 ng_k_s.py [line:276] catch INFO sid: 6: 0 txs batches need to call help after 50ms in epoch 64, 0 in total, 0.000000  
2022-04-07 14:32:33,243 ng_k_s.py [line:290] catch INFO sid: 6: 0 txs batches need to call help after 100ms in epoch 64, 0 in total, 0.000000  
2022-04-07 14:32:33,849 ng_k_s.py [line:318] _run_VABA_round INFO sid: 6: 0 txs batches need to call help in epoch 65, 0 in total, 0.000000  
2022-04-07 14:32:33,851 ng_k_s.py [line:442] _finalize_output INFO node: 6 epoch: 65 run: 51.672545, total delivered Txs after warm-up: 3170000, average delay after warm-up: 1.784570,  tps after warm-up: 163147.255427, average vaba delay after warm-up: 0.746764 
2022-04-07 14:32:33,901 ng_k_s.py [line:276] catch INFO sid: 6: 0 txs batches need to call help after 50ms in epoch 65, 0 in total, 0.000000  
2022-04-07 14:32:33,953 ng_k_s.py [line:290] catch INFO sid: 6: 0 txs batches need to call help after 100ms in epoch 65, 0 in total, 0.000000  
2022-04-07 14:32:34,591 ng_k_s.py [line:318] _run_VABA_round INFO sid: 6: 0 txs batches need to call help in epoch 66, 0 in total, 0.000000  
2022-04-07 14:32:34,592 ng_k_s.py [line:442] _finalize_output INFO node: 6 epoch: 66 run: 52.414407, total delivered Txs after warm-up: 3284000, average delay after warm-up: 1.780970,  tps after warm-up: 162798.620502, average vaba delay after warm-up: 0.746570 
2022-04-07 14:32:34,644 ng_k_s.py [line:276] catch INFO sid: 6: 0 txs batches need to call help after 50ms in epoch 66, 0 in total, 0.000000  
2022-04-07 14:32:34,695 ng_k_s.py [line:290] catch INFO sid: 6: 0 txs batches need to call help after 100ms in epoch 66, 0 in total, 0.000000  
2022-04-07 14:32:35,374 ng_k_s.py [line:318] _run_VABA_round INFO sid: 6: 0 txs batches need to call help in epoch 67, 0 in total, 0.000000  
2022-04-07 14:32:35,377 ng_k_s.py [line:442] _finalize_output INFO node: 6 epoch: 67 run: 53.199045, total delivered Txs after warm-up: 3402000, average delay after warm-up: 1.779987,  tps after warm-up: 162333.947931, average vaba delay after warm-up: 0.747919 
2022-04-07 14:32:35,428 ng_k_s.py [line:276] catch INFO sid: 6: 0 txs batches need to call help after 50ms in epoch 67, 0 in total, 0.000000  
2022-04-07 14:32:35,479 ng_k_s.py [line:290] catch INFO sid: 6: 0 txs batches need to call help after 100ms in epoch 67, 0 in total, 0.000000  
2022-04-07 14:32:36,199 ng_k_s.py [line:318] _run_VABA_round INFO sid: 6: 0 txs batches need to call help in epoch 68, 0 in total, 0.000000  
2022-04-07 14:32:36,202 ng_k_s.py [line:442] _finalize_output INFO node: 6 epoch: 68 run: 54.023628, total delivered Txs after warm-up: 3538000, average delay after warm-up: 1.780292,  tps after warm-up: 162432.295168, average vaba delay after warm-up: 0.750551 
2022-04-07 14:32:36,252 ng_k_s.py [line:276] catch INFO sid: 6: 0 txs batches need to call help after 50ms in epoch 68, 0 in total, 0.000000  
2022-04-07 14:32:36,304 ng_k_s.py [line:290] catch INFO sid: 6: 0 txs batches need to call help after 100ms in epoch 68, 0 in total, 0.000000  
2022-04-07 14:32:36,445 nwabc.py [line:105] handel_messages INFO sid: sidAnw24, 0 catch up in total 
2022-04-07 14:32:36,695 nwabc.py [line:105] handel_messages INFO sid: sidAnw25, 0 catch up in total 
2022-04-07 14:32:36,863 ng_k_s.py [line:318] _run_VABA_round INFO sid: 6: 0 txs batches need to call help in epoch 69, 0 in total, 0.000000  
2022-04-07 14:32:36,863 ng_k_s.py [line:442] _finalize_output INFO node: 6 epoch: 69 run: 54.685474, total delivered Txs after warm-up: 3658000, average delay after warm-up: 1.777682,  tps after warm-up: 162989.026462, average vaba delay after warm-up: 0.747580 
2022-04-07 14:32:36,915 ng_k_s.py [line:276] catch INFO sid: 6: 0 txs batches need to call help after 50ms in epoch 69, 0 in total, 0.000000  
2022-04-07 14:32:36,966 ng_k_s.py [line:290] catch INFO sid: 6: 0 txs batches need to call help after 100ms in epoch 69, 0 in total, 0.000000  
2022-04-07 14:32:37,543 ng_k_s.py [line:318] _run_VABA_round INFO sid: 6: 0 txs batches need to call help in epoch 70, 0 in total, 0.000000  
2022-04-07 14:32:37,543 ng_k_s.py [line:442] _finalize_output INFO node: 6 epoch: 70 run: 55.365185, total delivered Txs after warm-up: 3778000, average delay after warm-up: 1.773795,  tps after warm-up: 163387.530631, average vaba delay after warm-up: 0.745380 
2022-04-07 14:32:37,597 ng_k_s.py [line:276] catch INFO sid: 6: 0 txs batches need to call help after 50ms in epoch 70, 0 in total, 0.000000  
2022-04-07 14:32:37,648 ng_k_s.py [line:290] catch INFO sid: 6: 0 txs batches need to call help after 100ms in epoch 70, 0 in total, 0.000000  
2022-04-07 14:32:38,292 ng_k_s.py [line:318] _run_VABA_round INFO sid: 6: 0 txs batches need to call help in epoch 71, 0 in total, 0.000000  
2022-04-07 14:32:38,294 ng_k_s.py [line:442] _finalize_output INFO node: 6 epoch: 71 run: 56.116263, total delivered Txs after warm-up: 3900000, average delay after warm-up: 1.770351,  tps after warm-up: 163357.506327, average vaba delay after warm-up: 0.745487 
2022-04-07 14:32:38,346 ng_k_s.py [line:276] catch INFO sid: 6: 0 txs batches need to call help after 50ms in epoch 71, 0 in total, 0.000000  
2022-04-07 14:32:38,396 ng_k_s.py [line:290] catch INFO sid: 6: 0 txs batches need to call help after 100ms in epoch 71, 0 in total, 0.000000  
2022-04-07 14:32:38,998 ng_k_s.py [line:318] _run_VABA_round INFO sid: 6: 0 txs batches need to call help in epoch 72, 0 in total, 0.000000  
2022-04-07 14:32:39,000 ng_k_s.py [line:442] _finalize_output INFO node: 6 epoch: 72 run: 56.821915, total delivered Txs after warm-up: 4002000, average delay after warm-up: 1.768382,  tps after warm-up: 162817.483219, average vaba delay after warm-up: 0.744270 
2022-04-07 14:32:39,051 ng_k_s.py [line:276] catch INFO sid: 6: 0 txs batches need to call help after 50ms in epoch 72, 0 in total, 0.000000  
2022-04-07 14:32:39,101 ng_k_s.py [line:290] catch INFO sid: 6: 0 txs batches need to call help after 100ms in epoch 72, 0 in total, 0.000000  
2022-04-07 14:32:39,745 ng_k_s.py [line:318] _run_VABA_round INFO sid: 6: 0 txs batches need to call help in epoch 73, 0 in total, 0.000000  
2022-04-07 14:32:39,747 ng_k_s.py [line:442] _finalize_output INFO node: 6 epoch: 73 run: 57.568751, total delivered Txs after warm-up: 4142000, average delay after warm-up: 1.765749,  tps after warm-up: 163544.078857, average vaba delay after warm-up: 0.744332 
2022-04-07 14:32:39,797 ng_k_s.py [line:276] catch INFO sid: 6: 0 txs batches need to call help after 50ms in epoch 73, 0 in total, 0.000000  
2022-04-07 14:32:39,848 ng_k_s.py [line:290] catch INFO sid: 6: 0 txs batches need to call help after 100ms in epoch 73, 0 in total, 0.000000  
2022-04-07 14:32:40,454 ng_k_s.py [line:318] _run_VABA_round INFO sid: 6: 0 txs batches need to call help in epoch 74, 0 in total, 0.000000  
2022-04-07 14:32:40,457 ng_k_s.py [line:442] _finalize_output INFO node: 6 epoch: 74 run: 58.278532, total delivered Txs after warm-up: 4256000, average delay after warm-up: 1.762492,  tps after warm-up: 163464.172353, average vaba delay after warm-up: 0.743336 
2022-04-07 14:32:40,507 ng_k_s.py [line:276] catch INFO sid: 6: 0 txs batches need to call help after 50ms in epoch 74, 0 in total, 0.000000  
2022-04-07 14:32:40,557 ng_k_s.py [line:290] catch INFO sid: 6: 0 txs batches need to call help after 100ms in epoch 74, 0 in total, 0.000000  
2022-04-07 14:32:41,151 ng_k_s.py [line:318] _run_VABA_round INFO sid: 6: 0 txs batches need to call help in epoch 75, 0 in total, 0.000000  
2022-04-07 14:32:41,151 ng_k_s.py [line:442] _finalize_output INFO node: 6 epoch: 75 run: 58.973426, total delivered Txs after warm-up: 4370000, average delay after warm-up: 1.759225,  tps after warm-up: 163479.498130, average vaba delay after warm-up: 0.741982 
2022-04-07 14:32:41,204 ng_k_s.py [line:276] catch INFO sid: 6: 0 txs batches need to call help after 50ms in epoch 75, 0 in total, 0.000000  
2022-04-07 14:32:41,255 ng_k_s.py [line:290] catch INFO sid: 6: 0 txs batches need to call help after 100ms in epoch 75, 0 in total, 0.000000  
2022-04-07 14:32:41,867 ng_k_s.py [line:318] _run_VABA_round INFO sid: 6: 0 txs batches need to call help in epoch 76, 0 in total, 0.000000  
2022-04-07 14:32:41,869 ng_k_s.py [line:442] _finalize_output INFO node: 6 epoch: 76 run: 59.690747, total delivered Txs after warm-up: 4484000, average delay after warm-up: 1.756765,  tps after warm-up: 163360.468465, average vaba delay after warm-up: 0.741257 
2022-04-07 14:32:41,920 ng_k_s.py [line:276] catch INFO sid: 6: 0 txs batches need to call help after 50ms in epoch 76, 0 in total, 0.000000  
2022-04-07 14:32:41,970 ng_k_s.py [line:290] catch INFO sid: 6: 0 txs batches need to call help after 100ms in epoch 76, 0 in total, 0.000000  
2022-04-07 14:32:42,429 nwabc.py [line:105] handel_messages INFO sid: sidAnw0, 0 catch up in total 
2022-04-07 14:32:42,610 ng_k_s.py [line:318] _run_VABA_round INFO sid: 6: 0 txs batches need to call help in epoch 77, 0 in total, 0.000000  
2022-04-07 14:32:42,612 ng_k_s.py [line:442] _finalize_output INFO node: 6 epoch: 77 run: 60.434175, total delivered Txs after warm-up: 4598000, average delay after warm-up: 1.755833,  tps after warm-up: 163096.322514, average vaba delay after warm-up: 0.741306 
2022-04-07 14:32:42,642 nwabc.py [line:105] handel_messages INFO sid: sidAnw1, 0 catch up in total 
2022-04-07 14:32:42,663 ng_k_s.py [line:276] catch INFO sid: 6: 0 txs batches need to call help after 50ms in epoch 77, 0 in total, 0.000000  
2022-04-07 14:32:42,714 ng_k_s.py [line:290] catch INFO sid: 6: 0 txs batches need to call help after 100ms in epoch 77, 0 in total, 0.000000  
2022-04-07 14:32:43,349 ng_k_s.py [line:318] _run_VABA_round INFO sid: 6: 0 txs batches need to call help in epoch 78, 0 in total, 0.000000  
2022-04-07 14:32:43,349 ng_k_s.py [line:442] _finalize_output INFO node: 6 epoch: 78 run: 61.171110, total delivered Txs after warm-up: 4738000, average delay after warm-up: 1.753869,  tps after warm-up: 163781.058274, average vaba delay after warm-up: 0.741185 
2022-04-07 14:32:43,402 ng_k_s.py [line:276] catch INFO sid: 6: 0 txs batches need to call help after 50ms in epoch 78, 0 in total, 0.000000  
2022-04-07 14:32:43,453 ng_k_s.py [line:290] catch INFO sid: 6: 0 txs batches need to call help after 100ms in epoch 78, 0 in total, 0.000000  
2022-04-07 14:32:44,037 ng_k_s.py [line:318] _run_VABA_round INFO sid: 6: 0 txs batches need to call help in epoch 79, 0 in total, 0.000000  
2022-04-07 14:32:44,037 ng_k_s.py [line:442] _finalize_output INFO node: 6 epoch: 79 run: 61.859424, total delivered Txs after warm-up: 4836000, average delay after warm-up: 1.751850,  tps after warm-up: 163283.614975, average vaba delay after warm-up: 0.739802 
2022-04-07 14:32:44,089 ng_k_s.py [line:276] catch INFO sid: 6: 0 txs batches need to call help after 50ms in epoch 79, 0 in total, 0.000000  
2022-04-07 14:32:44,139 ng_k_s.py [line:290] catch INFO sid: 6: 0 txs batches need to call help after 100ms in epoch 79, 0 in total, 0.000000  
2022-04-07 14:32:44,722 ng_k_s.py [line:318] _run_VABA_round INFO sid: 6: 0 txs batches need to call help in epoch 80, 0 in total, 0.000000  
2022-04-07 14:32:44,722 ng_k_s.py [line:442] _finalize_output INFO node: 6 epoch: 80 run: 62.543722, total delivered Txs after warm-up: 4960000, average delay after warm-up: 1.749398,  tps after warm-up: 163688.393320, average vaba delay after warm-up: 0.738441 
2022-04-07 14:32:44,772 ng_k_s.py [line:276] catch INFO sid: 6: 0 txs batches need to call help after 50ms in epoch 80, 0 in total, 0.000000  
2022-04-07 14:32:44,823 ng_k_s.py [line:290] catch INFO sid: 6: 0 txs batches need to call help after 100ms in epoch 80, 0 in total, 0.000000  
2022-04-07 14:32:45,462 ng_k_s.py [line:318] _run_VABA_round INFO sid: 6: 0 txs batches need to call help in epoch 81, 0 in total, 0.000000  
2022-04-07 14:32:45,464 ng_k_s.py [line:442] _finalize_output INFO node: 6 epoch: 81 run: 63.285803, total delivered Txs after warm-up: 5074000, average delay after warm-up: 1.747795,  tps after warm-up: 163447.763821, average vaba delay after warm-up: 0.738521 
2022-04-07 14:32:45,514 ng_k_s.py [line:276] catch INFO sid: 6: 0 txs batches need to call help after 50ms in epoch 81, 0 in total, 0.000000  
2022-04-07 14:32:45,565 ng_k_s.py [line:290] catch INFO sid: 6: 0 txs batches need to call help after 100ms in epoch 81, 0 in total, 0.000000  
2022-04-07 14:32:45,966 nwabc.py [line:105] handel_messages INFO sid: sidAnw4, 0 catch up in total 
2022-04-07 14:32:46,144 nwabc.py [line:105] handel_messages INFO sid: sidAnw5, 0 catch up in total 
2022-04-07 14:32:46,163 ng_k_s.py [line:318] _run_VABA_round INFO sid: 6: 0 txs batches need to call help in epoch 82, 0 in total, 0.000000  
2022-04-07 14:32:46,165 ng_k_s.py [line:442] _finalize_output INFO node: 6 epoch: 82 run: 63.987223, total delivered Txs after warm-up: 5188000, average delay after warm-up: 1.746777,  tps after warm-up: 163427.426126, average vaba delay after warm-up: 0.737650 
2022-04-07 14:32:46,216 ng_k_s.py [line:276] catch INFO sid: 6: 0 txs batches need to call help after 50ms in epoch 82, 0 in total, 0.000000  
2022-04-07 14:32:46,267 ng_k_s.py [line:290] catch INFO sid: 6: 0 txs batches need to call help after 100ms in epoch 82, 0 in total, 0.000000  
2022-04-07 14:32:46,911 ng_k_s.py [line:318] _run_VABA_round INFO sid: 6: 0 txs batches need to call help in epoch 83, 0 in total, 0.000000  
2022-04-07 14:32:46,912 ng_k_s.py [line:442] _finalize_output INFO node: 6 epoch: 83 run: 64.733613, total delivered Txs after warm-up: 5324000, average delay after warm-up: 1.744898,  tps after warm-up: 163858.908869, average vaba delay after warm-up: 0.737840 
2022-04-07 14:32:46,965 ng_k_s.py [line:276] catch INFO sid: 6: 0 txs batches need to call help after 50ms in epoch 83, 0 in total, 0.000000  
2022-04-07 14:32:47,015 ng_k_s.py [line:290] catch INFO sid: 6: 0 txs batches need to call help after 100ms in epoch 83, 0 in total, 0.000000  
2022-04-07 14:32:47,082 nwabc.py [line:105] handel_messages INFO sid: sidAnw14, 0 catch up in total 
2022-04-07 14:32:47,326 nwabc.py [line:105] handel_messages INFO sid: sidAnw29, 0 catch up in total 
2022-04-07 14:32:47,377 nwabc.py [line:105] handel_messages INFO sid: sidAnw15, 0 catch up in total 
2022-04-07 14:32:47,622 ng_k_s.py [line:318] _run_VABA_round INFO sid: 6: 0 txs batches need to call help in epoch 84, 0 in total, 0.000000  
2022-04-07 14:32:47,624 ng_k_s.py [line:442] _finalize_output INFO node: 6 epoch: 84 run: 65.446356, total delivered Txs after warm-up: 5418000, average delay after warm-up: 1.744419,  tps after warm-up: 163172.570391, average vaba delay after warm-up: 0.737235 
2022-04-07 14:32:47,675 ng_k_s.py [line:276] catch INFO sid: 6: 0 txs batches need to call help after 50ms in epoch 84, 0 in total, 0.000000  
2022-04-07 14:32:47,726 ng_k_s.py [line:290] catch INFO sid: 6: 0 txs batches need to call help after 100ms in epoch 84, 0 in total, 0.000000  
2022-04-07 14:32:47,781 nwabc.py [line:105] handel_messages INFO sid: sidAnw26, 0 catch up in total 
2022-04-07 14:32:47,966 nwabc.py [line:105] handel_messages INFO sid: sidAnw28, 0 catch up in total 
2022-04-07 14:32:48,283 nwabc.py [line:105] handel_messages INFO sid: sidAnw27, 0 catch up in total 
2022-04-07 14:32:48,319 ng_k_s.py [line:318] _run_VABA_round INFO sid: 6: 0 txs batches need to call help in epoch 85, 0 in total, 0.000000  
2022-04-07 14:32:48,322 ng_k_s.py [line:442] _finalize_output INFO node: 6 epoch: 85 run: 66.143484, total delivered Txs after warm-up: 5550000, average delay after warm-up: 1.743685,  tps after warm-up: 163710.834594, average vaba delay after warm-up: 0.736356 
2022-04-07 14:32:48,373 ng_k_s.py [line:276] catch INFO sid: 6: 0 txs batches need to call help after 50ms in epoch 85, 0 in total, 0.000000  
2022-04-07 14:32:48,424 ng_k_s.py [line:290] catch INFO sid: 6: 0 txs batches need to call help after 100ms in epoch 85, 0 in total, 0.000000  
2022-04-07 14:32:48,945 nwabc.py [line:105] handel_messages INFO sid: sidAnw22, 0 catch up in total 
2022-04-07 14:32:49,062 ng_k_s.py [line:318] _run_VABA_round INFO sid: 6: 0 txs batches need to call help in epoch 86, 0 in total, 0.000000  
2022-04-07 14:32:49,064 ng_k_s.py [line:442] _finalize_output INFO node: 6 epoch: 86 run: 66.885941, total delivered Txs after warm-up: 5660000, average delay after warm-up: 1.743353,  tps after warm-up: 163377.490250, average vaba delay after warm-up: 0.736477 
2022-04-07 14:32:49,115 ng_k_s.py [line:276] catch INFO sid: 6: 0 txs batches need to call help after 50ms in epoch 86, 0 in total, 0.000000  
2022-04-07 14:32:49,165 nwabc.py [line:105] handel_messages INFO sid: sidAnw23, 0 catch up in total 
2022-04-07 14:32:49,166 ng_k_s.py [line:290] catch INFO sid: 6: 0 txs batches need to call help after 100ms in epoch 86, 0 in total, 0.000000  
2022-04-07 14:32:49,835 ng_k_s.py [line:318] _run_VABA_round INFO sid: 6: 0 txs batches need to call help in epoch 87, 0 in total, 0.000000  
2022-04-07 14:32:49,838 ng_k_s.py [line:442] _finalize_output INFO node: 6 epoch: 87 run: 67.659726, total delivered Txs after warm-up: 5796000, average delay after warm-up: 1.743736,  tps after warm-up: 163648.004412, average vaba delay after warm-up: 0.737248 
2022-04-07 14:32:49,889 ng_k_s.py [line:276] catch INFO sid: 6: 0 txs batches need to call help after 50ms in epoch 87, 0 in total, 0.000000  
2022-04-07 14:32:49,940 ng_k_s.py [line:290] catch INFO sid: 6: 0 txs batches need to call help after 100ms in epoch 87, 0 in total, 0.000000  
2022-04-07 14:32:50,115 nwabc.py [line:105] handel_messages INFO sid: sidAnw20, 0 catch up in total 
2022-04-07 14:32:50,305 nwabc.py [line:105] handel_messages INFO sid: sidAnw21, 0 catch up in total 
2022-04-07 14:32:50,601 ng_k_s.py [line:318] _run_VABA_round INFO sid: 6: 0 txs batches need to call help in epoch 88, 0 in total, 0.000000  
2022-04-07 14:32:50,603 ng_k_s.py [line:442] _finalize_output INFO node: 6 epoch: 88 run: 68.425034, total delivered Txs after warm-up: 5930000, average delay after warm-up: 1.743070,  tps after warm-up: 163890.076684, average vaba delay after warm-up: 0.737814 
2022-04-07 14:32:50,654 ng_k_s.py [line:276] catch INFO sid: 6: 0 txs batches need to call help after 50ms in epoch 88, 0 in total, 0.000000  
2022-04-07 14:32:50,706 ng_k_s.py [line:290] catch INFO sid: 6: 0 txs batches need to call help after 100ms in epoch 88, 0 in total, 0.000000  
2022-04-07 14:32:51,317 ng_k_s.py [line:318] _run_VABA_round INFO sid: 6: 0 txs batches need to call help in epoch 89, 0 in total, 0.000000  
2022-04-07 14:32:51,319 ng_k_s.py [line:442] _finalize_output INFO node: 6 epoch: 89 run: 69.141089, total delivered Txs after warm-up: 6044000, average delay after warm-up: 1.742316,  tps after warm-up: 163799.171527, average vaba delay after warm-up: 0.737372 
2022-04-07 14:32:51,370 ng_k_s.py [line:276] catch INFO sid: 6: 0 txs batches need to call help after 50ms in epoch 89, 0 in total, 0.000000  
2022-04-07 14:32:51,421 ng_k_s.py [line:290] catch INFO sid: 6: 0 txs batches need to call help after 100ms in epoch 89, 0 in total, 0.000000  
2022-04-07 14:32:52,062 ng_k_s.py [line:318] _run_VABA_round INFO sid: 6: 0 txs batches need to call help in epoch 90, 0 in total, 0.000000  
2022-04-07 14:32:52,064 ng_k_s.py [line:442] _finalize_output INFO node: 6 epoch: 90 run: 69.886278, total delivered Txs after warm-up: 6182000, average delay after warm-up: 1.740817,  tps after warm-up: 164222.574328, average vaba delay after warm-up: 0.737519 
2022-04-07 14:32:52,116 ng_k_s.py [line:276] catch INFO sid: 6: 0 txs batches need to call help after 50ms in epoch 90, 0 in total, 0.000000  
2022-04-07 14:32:52,167 ng_k_s.py [line:290] catch INFO sid: 6: 0 txs batches need to call help after 100ms in epoch 90, 0 in total, 0.000000  
2022-04-07 14:32:53,774 ng_k_s.py [line:318] _run_VABA_round INFO sid: 6: 0 txs batches need to call help in epoch 91, 0 in total, 0.000000  
2022-04-07 14:32:53,776 ng_k_s.py [line:442] _finalize_output INFO node: 6 epoch: 91 run: 71.598002, total delivered Txs after warm-up: 6284000, average delay after warm-up: 1.756042,  tps after warm-up: 159671.685095, average vaba delay after warm-up: 0.756246 
2022-04-07 14:32:53,827 ng_k_s.py [line:276] catch INFO sid: 6: 0 txs batches need to call help after 50ms in epoch 91, 0 in total, 0.000000  
2022-04-07 14:32:53,878 ng_k_s.py [line:290] catch INFO sid: 6: 0 txs batches need to call help after 100ms in epoch 91, 0 in total, 0.000000  
2022-04-07 14:32:54,356 nwabc.py [line:105] handel_messages INFO sid: sidAnw8, 0 catch up in total 
2022-04-07 14:32:54,440 ng_k_s.py [line:318] _run_VABA_round INFO sid: 6: 0 txs batches need to call help in epoch 92, 0 in total, 0.000000  
2022-04-07 14:32:54,442 ng_k_s.py [line:442] _finalize_output INFO node: 6 epoch: 92 run: 72.263988, total delivered Txs after warm-up: 6574000, average delay after warm-up: 1.773841,  tps after warm-up: 164260.713698, average vaba delay after warm-up: 0.754537 
2022-04-07 14:32:54,489 nwabc.py [line:105] handel_messages INFO sid: sidAnw9, 0 catch up in total 
2022-04-07 14:32:54,494 ng_k_s.py [line:276] catch INFO sid: 6: 0 txs batches need to call help after 50ms in epoch 92, 0 in total, 0.000000  
2022-04-07 14:32:54,545 ng_k_s.py [line:290] catch INFO sid: 6: 0 txs batches need to call help after 100ms in epoch 92, 0 in total, 0.000000  
2022-04-07 14:32:55,185 ng_k_s.py [line:318] _run_VABA_round INFO sid: 6: 0 txs batches need to call help in epoch 93, 0 in total, 0.000000  
2022-04-07 14:32:55,187 ng_k_s.py [line:442] _finalize_output INFO node: 6 epoch: 93 run: 73.009318, total delivered Txs after warm-up: 6696000, average delay after warm-up: 1.772264,  tps after warm-up: 164250.204868, average vaba delay after warm-up: 0.754361 
2022-04-07 14:32:55,239 ng_k_s.py [line:276] catch INFO sid: 6: 0 txs batches need to call help after 50ms in epoch 93, 0 in total, 0.000000  
2022-04-07 14:32:55,289 ng_k_s.py [line:290] catch INFO sid: 6: 0 txs batches need to call help after 100ms in epoch 93, 0 in total, 0.000000  
2022-04-07 14:32:56,056 ng_k_s.py [line:318] _run_VABA_round INFO sid: 6: 0 txs batches need to call help in epoch 94, 0 in total, 0.000000  
2022-04-07 14:32:56,056 ng_k_s.py [line:442] _finalize_output INFO node: 6 epoch: 94 run: 73.878008, total delivered Txs after warm-up: 6804000, average delay after warm-up: 1.773795,  tps after warm-up: 163417.205790, average vaba delay after warm-up: 0.756434 
2022-04-07 14:32:56,109 ng_k_s.py [line:276] catch INFO sid: 6: 0 txs batches need to call help after 50ms in epoch 94, 0 in total, 0.000000  
2022-04-07 14:32:56,161 ng_k_s.py [line:290] catch INFO sid: 6: 0 txs batches need to call help after 100ms in epoch 94, 0 in total, 0.000000  
2022-04-07 14:32:56,271 nwabc.py [line:105] handel_messages INFO sid: sidAnw31, 0 catch up in total 
2022-04-07 14:32:56,456 nwabc.py [line:105] handel_messages INFO sid: sidAnw30, 0 catch up in total 
2022-04-07 14:32:56,687 nwabc.py [line:105] handel_messages INFO sid: sidAnw10, 0 catch up in total 
2022-04-07 14:32:56,817 ng_k_s.py [line:318] _run_VABA_round INFO sid: 6: 0 txs batches need to call help in epoch 95, 0 in total, 0.000000  
2022-04-07 14:32:56,819 ng_k_s.py [line:442] _finalize_output INFO node: 6 epoch: 95 run: 74.640670, total delivered Txs after warm-up: 6948000, average delay after warm-up: 1.775603,  tps after warm-up: 163874.012356, average vaba delay after warm-up: 0.756506 
2022-04-07 14:32:56,869 ng_k_s.py [line:276] catch INFO sid: 6: 0 txs batches need to call help after 50ms in epoch 95, 0 in total, 0.000000  
2022-04-07 14:32:56,920 ng_k_s.py [line:290] catch INFO sid: 6: 0 txs batches need to call help after 100ms in epoch 95, 0 in total, 0.000000  
2022-04-07 14:32:57,130 nwabc.py [line:105] handel_messages INFO sid: sidAnw11, 0 catch up in total 
2022-04-07 14:32:57,541 ng_k_s.py [line:318] _run_VABA_round INFO sid: 6: 0 txs batches need to call help in epoch 96, 0 in total, 0.000000  
2022-04-07 14:32:57,541 ng_k_s.py [line:442] _finalize_output INFO node: 6 epoch: 96 run: 75.362809, total delivered Txs after warm-up: 7082000, average delay after warm-up: 1.775194,  tps after warm-up: 164237.184880, average vaba delay after warm-up: 0.755897 
2022-04-07 14:32:57,594 ng_k_s.py [line:276] catch INFO sid: 6: 0 txs batches need to call help after 50ms in epoch 96, 0 in total, 0.000000  
2022-04-07 14:32:57,644 ng_k_s.py [line:290] catch INFO sid: 6: 0 txs batches need to call help after 100ms in epoch 96, 0 in total, 0.000000  
2022-04-07 14:32:58,262 ng_k_s.py [line:318] _run_VABA_round INFO sid: 6: 0 txs batches need to call help in epoch 97, 0 in total, 0.000000  
2022-04-07 14:32:58,263 ng_k_s.py [line:442] _finalize_output INFO node: 6 epoch: 97 run: 76.085448, total delivered Txs after warm-up: 7212000, average delay after warm-up: 1.773475,  tps after warm-up: 164495.284383, average vaba delay after warm-up: 0.755291 
2022-04-07 14:32:58,314 ng_k_s.py [line:276] catch INFO sid: 6: 0 txs batches need to call help after 50ms in epoch 97, 0 in total, 0.000000  
2022-04-07 14:32:58,365 ng_k_s.py [line:290] catch INFO sid: 6: 0 txs batches need to call help after 100ms in epoch 97, 0 in total, 0.000000  
2022-04-07 14:32:58,936 nwabc.py [line:105] handel_messages INFO sid: sidAnw18, 0 catch up in total 
2022-04-07 14:32:58,950 ng_k_s.py [line:318] _run_VABA_round INFO sid: 6: 0 txs batches need to call help in epoch 98, 0 in total, 0.000000  
2022-04-07 14:32:58,950 ng_k_s.py [line:442] _finalize_output INFO node: 6 epoch: 98 run: 76.771775, total delivered Txs after warm-up: 7316000, average delay after warm-up: 1.772270,  tps after warm-up: 164295.468469, average vaba delay after warm-up: 0.754117 
2022-04-07 14:32:59,000 ng_k_s.py [line:276] catch INFO sid: 6: 0 txs batches need to call help after 50ms in epoch 98, 0 in total, 0.000000  
2022-04-07 14:32:59,051 ng_k_s.py [line:290] catch INFO sid: 6: 0 txs batches need to call help after 100ms in epoch 98, 0 in total, 0.000000  
2022-04-07 14:32:59,543 nwabc.py [line:105] handel_messages INFO sid: sidAnw19, 0 catch up in total 
2022-04-07 14:32:59,713 ng_k_s.py [line:318] _run_VABA_round INFO sid: 6: 0 txs batches need to call help in epoch 99, 0 in total, 0.000000  
2022-04-07 14:32:59,713 ng_k_s.py [line:442] _finalize_output INFO node: 6 epoch: 99 run: 77.535311, total delivered Txs after warm-up: 7460000, average delay after warm-up: 1.770350,  tps after warm-up: 164705.125366, average vaba delay after warm-up: 0.754270 
2022-04-07 14:32:59,766 ng_k_s.py [line:276] catch INFO sid: 6: 0 txs batches need to call help after 50ms in epoch 99, 0 in total, 0.000000  
2022-04-07 14:32:59,816 ng_k_s.py [line:290] catch INFO sid: 6: 0 txs batches need to call help after 100ms in epoch 99, 0 in total, 0.000000  
2022-04-07 14:33:00,532 ng_k_s.py [line:318] _run_VABA_round INFO sid: 6: 0 txs batches need to call help in epoch 100, 0 in total, 0.000000  
2022-04-07 14:33:00,535 ng_k_s.py [line:442] _finalize_output INFO node: 6 epoch: 100 run: 78.356590, total delivered Txs after warm-up: 7558000, average delay after warm-up: 1.770539,  tps after warm-up: 163896.939813, average vaba delay after warm-up: 0.755337 
2022-04-07 14:33:00,585 ng_k_s.py [line:276] catch INFO sid: 6: 0 txs batches need to call help after 50ms in epoch 100, 0 in total, 0.000000  
2022-04-07 14:33:00,636 ng_k_s.py [line:290] catch INFO sid: 6: 0 txs batches need to call help after 100ms in epoch 100, 0 in total, 0.000000  
2022-04-07 14:33:01,292 ng_k_s.py [line:318] _run_VABA_round INFO sid: 6: 0 txs batches need to call help in epoch 101, 0 in total, 0.000000  
2022-04-07 14:33:01,294 ng_k_s.py [line:442] _finalize_output INFO node: 6 epoch: 101 run: 79.115759, total delivered Txs after warm-up: 7706000, average delay after warm-up: 1.770731,  tps after warm-up: 164399.881092, average vaba delay after warm-up: 0.755393 
2022-04-07 14:33:01,345 ng_k_s.py [line:276] catch INFO sid: 6: 0 txs batches need to call help after 50ms in epoch 101, 0 in total, 0.000000  
2022-04-07 14:33:01,396 ng_k_s.py [line:290] catch INFO sid: 6: 0 txs batches need to call help after 100ms in epoch 101, 0 in total, 0.000000  
2022-04-07 14:33:02,001 ng_k_s.py [line:318] _run_VABA_round INFO sid: 6: 0 txs batches need to call help in epoch 102, 0 in total, 0.000000  
2022-04-07 14:33:02,003 ng_k_s.py [line:442] _finalize_output INFO node: 6 epoch: 102 run: 79.824591, total delivered Txs after warm-up: 7836000, average delay after warm-up: 1.769000,  tps after warm-up: 164682.928511, average vaba delay after warm-up: 0.754649 
2022-04-07 14:33:02,055 ng_k_s.py [line:276] catch INFO sid: 6: 0 txs batches need to call help after 50ms in epoch 102, 0 in total, 0.000000  
2022-04-07 14:33:02,106 ng_k_s.py [line:290] catch INFO sid: 6: 0 txs batches need to call help after 100ms in epoch 102, 0 in total, 0.000000  
2022-04-07 14:33:02,688 ng_k_s.py [line:318] _run_VABA_round INFO sid: 6: 0 txs batches need to call help in epoch 103, 0 in total, 0.000000  
2022-04-07 14:33:02,690 ng_k_s.py [line:442] _finalize_output INFO node: 6 epoch: 103 run: 80.512230, total delivered Txs after warm-up: 7946000, average delay after warm-up: 1.767149,  tps after warm-up: 164615.755438, average vaba delay after warm-up: 0.753595 
2022-04-07 14:33:02,741 ng_k_s.py [line:276] catch INFO sid: 6: 0 txs batches need to call help after 50ms in epoch 103, 0 in total, 0.000000  
2022-04-07 14:33:02,792 ng_k_s.py [line:290] catch INFO sid: 6: 0 txs batches need to call help after 100ms in epoch 103, 0 in total, 0.000000  
2022-04-07 14:33:03,436 ng_k_s.py [line:318] _run_VABA_round INFO sid: 6: 0 txs batches need to call help in epoch 104, 0 in total, 0.000000  
2022-04-07 14:33:03,438 ng_k_s.py [line:442] _finalize_output INFO node: 6 epoch: 104 run: 81.259854, total delivered Txs after warm-up: 8058000, average delay after warm-up: 1.766176,  tps after warm-up: 164389.905227, average vaba delay after warm-up: 0.753498 
2022-04-07 14:33:03,489 ng_k_s.py [line:276] catch INFO sid: 6: 0 txs batches need to call help after 50ms in epoch 104, 0 in total, 0.000000  
2022-04-07 14:33:03,540 ng_k_s.py [line:290] catch INFO sid: 6: 0 txs batches need to call help after 100ms in epoch 104, 0 in total, 0.000000  
2022-04-07 14:33:05,120 ng_k_s.py [line:318] _run_VABA_round INFO sid: 6: 0 txs batches need to call help in epoch 105, 0 in total, 0.000000  
2022-04-07 14:33:05,120 ng_k_s.py [line:442] _finalize_output INFO node: 6 epoch: 105 run: 82.942127, total delivered Txs after warm-up: 8180000, average delay after warm-up: 1.780038,  tps after warm-up: 161341.599050, average vaba delay after warm-up: 0.767566 
2022-04-07 14:33:05,172 ng_k_s.py [line:276] catch INFO sid: 6: 0 txs batches need to call help after 50ms in epoch 105, 0 in total, 0.000000  
2022-04-07 14:33:05,223 ng_k_s.py [line:290] catch INFO sid: 6: 0 txs batches need to call help after 100ms in epoch 105, 0 in total, 0.000000  
2022-04-07 14:33:06,643 nwabc.py [line:105] handel_messages INFO sid: sidAnw12, 0 catch up in total 
2022-04-07 14:33:06,722 nwabc.py [line:105] handel_messages INFO sid: sidAnw13, 0 catch up in total 
2022-04-07 14:33:06,768 ng_k_s.py [line:318] _run_VABA_round INFO sid: 6: 0 txs batches need to call help in epoch 106, 0 in total, 0.000000  
2022-04-07 14:33:06,770 ng_k_s.py [line:442] _finalize_output INFO node: 6 epoch: 106 run: 84.592275, total delivered Txs after warm-up: 8456000, average delay after warm-up: 1.824055,  tps after warm-up: 161528.084078, average vaba delay after warm-up: 0.780735 
2022-04-07 14:33:06,822 ng_k_s.py [line:276] catch INFO sid: 6: 0 txs batches need to call help after 50ms in epoch 106, 0 in total, 0.000000  
2022-04-07 14:33:06,873 ng_k_s.py [line:290] catch INFO sid: 6: 0 txs batches need to call help after 100ms in epoch 106, 0 in total, 0.000000  
2022-04-07 14:33:07,426 ng_k_s.py [line:318] _run_VABA_round INFO sid: 6: 0 txs batches need to call help in epoch 107, 0 in total, 0.000000  
2022-04-07 14:33:07,428 ng_k_s.py [line:442] _finalize_output INFO node: 6 epoch: 107 run: 85.249496, total delivered Txs after warm-up: 8744000, average delay after warm-up: 1.833406,  tps after warm-up: 164958.563801, average vaba delay after warm-up: 0.778914 
2022-04-07 14:33:07,479 ng_k_s.py [line:276] catch INFO sid: 6: 0 txs batches need to call help after 50ms in epoch 107, 0 in total, 0.000000  
2022-04-07 14:33:07,530 ng_k_s.py [line:290] catch INFO sid: 6: 0 txs batches need to call help after 100ms in epoch 107, 0 in total, 0.000000  
2022-04-07 14:33:08,108 ng_k_s.py [line:318] _run_VABA_round INFO sid: 6: 0 txs batches need to call help in epoch 108, 0 in total, 0.000000  
2022-04-07 14:33:08,111 ng_k_s.py [line:442] _finalize_output INFO node: 6 epoch: 108 run: 85.932685, total delivered Txs after warm-up: 8842000, average delay after warm-up: 1.831203,  tps after warm-up: 164684.812589, average vaba delay after warm-up: 0.777521 
2022-04-07 14:33:08,161 ng_k_s.py [line:276] catch INFO sid: 6: 0 txs batches need to call help after 50ms in epoch 108, 0 in total, 0.000000  
2022-04-07 14:33:08,212 ng_k_s.py [line:290] catch INFO sid: 6: 0 txs batches need to call help after 100ms in epoch 108, 0 in total, 0.000000  
2022-04-07 14:33:08,768 ng_k_s.py [line:318] _run_VABA_round INFO sid: 6: 0 txs batches need to call help in epoch 109, 0 in total, 0.000000  
2022-04-07 14:33:08,769 ng_k_s.py [line:442] _finalize_output INFO node: 6 epoch: 109 run: 86.591359, total delivered Txs after warm-up: 8962000, average delay after warm-up: 1.828644,  tps after warm-up: 164896.892518, average vaba delay after warm-up: 0.775816 
2022-04-07 14:33:08,820 ng_k_s.py [line:276] catch INFO sid: 6: 0 txs batches need to call help after 50ms in epoch 109, 0 in total, 0.000000  
2022-04-07 14:33:08,871 ng_k_s.py [line:290] catch INFO sid: 6: 0 txs batches need to call help after 100ms in epoch 109, 0 in total, 0.000000  
2022-04-07 14:33:09,483 ng_k_s.py [line:318] _run_VABA_round INFO sid: 6: 0 txs batches need to call help in epoch 110, 0 in total, 0.000000  
2022-04-07 14:33:09,485 ng_k_s.py [line:442] _finalize_output INFO node: 6 epoch: 110 run: 87.307239, total delivered Txs after warm-up: 9064000, average delay after warm-up: 1.826887,  tps after warm-up: 164605.486764, average vaba delay after warm-up: 0.774963 
2022-04-07 14:33:09,537 ng_k_s.py [line:276] catch INFO sid: 6: 0 txs batches need to call help after 50ms in epoch 110, 0 in total, 0.000000  
2022-04-07 14:33:09,588 ng_k_s.py [line:290] catch INFO sid: 6: 0 txs batches need to call help after 100ms in epoch 110, 0 in total, 0.000000  
2022-04-07 14:33:10,020 nwabc.py [line:105] handel_messages INFO sid: sidAnw16, 0 catch up in total 
2022-04-07 14:33:10,314 nwabc.py [line:105] handel_messages INFO sid: sidAnw17, 0 catch up in total 
2022-04-07 14:33:10,352 ng_k_s.py [line:318] _run_VABA_round INFO sid: 6: 0 txs batches need to call help in epoch 111, 0 in total, 0.000000  
2022-04-07 14:33:10,352 ng_k_s.py [line:442] _finalize_output INFO node: 6 epoch: 111 run: 88.174162, total delivered Txs after warm-up: 9192000, average delay after warm-up: 1.827267,  tps after warm-up: 164342.660507, average vaba delay after warm-up: 0.776236 
2022-04-07 14:33:10,403 ng_k_s.py [line:276] catch INFO sid: 6: 0 txs batches need to call help after 50ms in epoch 111, 0 in total, 0.000000  
2022-04-07 14:33:10,455 ng_k_s.py [line:290] catch INFO sid: 6: 0 txs batches need to call help after 100ms in epoch 111, 0 in total, 0.000000  
2022-04-07 14:33:11,212 ng_k_s.py [line:318] _run_VABA_round INFO sid: 6: 0 txs batches need to call help in epoch 112, 0 in total, 0.000000  
2022-04-07 14:33:11,215 ng_k_s.py [line:442] _finalize_output INFO node: 6 epoch: 112 run: 89.036648, total delivered Txs after warm-up: 9354000, average delay after warm-up: 1.827401,  tps after warm-up: 164699.330399, average vaba delay after warm-up: 0.777413 
2022-04-07 14:33:11,266 ng_k_s.py [line:276] catch INFO sid: 6: 0 txs batches need to call help after 50ms in epoch 112, 0 in total, 0.000000  
2022-04-07 14:33:11,316 ng_k_s.py [line:290] catch INFO sid: 6: 0 txs batches need to call help after 100ms in epoch 112, 0 in total, 0.000000  
2022-04-07 14:33:12,831 nwabc.py [line:105] handel_messages INFO sid: sidAnw3, 0 catch up in total 
2022-04-07 14:33:12,834 nwabc.py [line:105] handel_messages INFO sid: sidAnw2, 0 catch up in total 
2022-04-07 14:33:12,865 ng_k_s.py [line:318] _run_VABA_round INFO sid: 6: 0 txs batches need to call help in epoch 113, 0 in total, 0.000000  
2022-04-07 14:33:12,867 ng_k_s.py [line:442] _finalize_output INFO node: 6 epoch: 113 run: 90.688940, total delivered Txs after warm-up: 9464000, average delay after warm-up: 1.837268,  tps after warm-up: 161925.325974, average vaba delay after warm-up: 0.789231 
2022-04-07 14:33:12,918 ng_k_s.py [line:276] catch INFO sid: 6: 0 txs batches need to call help after 50ms in epoch 113, 0 in total, 0.000000  
2022-04-07 14:33:12,969 ng_k_s.py [line:290] catch INFO sid: 6: 0 txs batches need to call help after 100ms in epoch 113, 0 in total, 0.000000  
2022-04-07 14:33:13,597 ng_k_s.py [line:318] _run_VABA_round INFO sid: 6: 0 txs batches need to call help in epoch 114, 0 in total, 0.000000  
2022-04-07 14:33:13,599 ng_k_s.py [line:442] _finalize_output INFO node: 6 epoch: 114 run: 91.420621, total delivered Txs after warm-up: 9756000, average delay after warm-up: 1.848134,  tps after warm-up: 164857.515624, average vaba delay after warm-up: 0.788459 
2022-04-07 14:33:13,650 ng_k_s.py [line:276] catch INFO sid: 6: 0 txs batches need to call help after 50ms in epoch 114, 0 in total, 0.000000  
2022-04-07 14:33:13,701 ng_k_s.py [line:290] catch INFO sid: 6: 0 txs batches need to call help after 100ms in epoch 114, 0 in total, 0.000000  
2022-04-07 14:33:14,423 ng_k_s.py [line:318] _run_VABA_round INFO sid: 6: 0 txs batches need to call help in epoch 115, 0 in total, 0.000000  
2022-04-07 14:33:14,426 ng_k_s.py [line:442] _finalize_output INFO node: 6 epoch: 115 run: 92.247658, total delivered Txs after warm-up: 9890000, average delay after warm-up: 1.846900,  tps after warm-up: 164818.463809, average vaba delay after warm-up: 0.788960 
2022-04-07 14:33:14,477 ng_k_s.py [line:276] catch INFO sid: 6: 0 txs batches need to call help after 50ms in epoch 115, 0 in total, 0.000000  
2022-04-07 14:33:14,529 ng_k_s.py [line:290] catch INFO sid: 6: 0 txs batches need to call help after 100ms in epoch 115, 0 in total, 0.000000  
2022-04-07 14:33:15,135 ng_k_s.py [line:318] _run_VABA_round INFO sid: 6: 0 txs batches need to call help in epoch 116, 0 in total, 0.000000  
2022-04-07 14:33:15,137 ng_k_s.py [line:442] _finalize_output INFO node: 6 epoch: 116 run: 92.959053, total delivered Txs after warm-up: 10030000, average delay after warm-up: 1.844005,  tps after warm-up: 165193.137723, average vaba delay after warm-up: 0.787948 
2022-04-07 14:33:15,188 ng_k_s.py [line:276] catch INFO sid: 6: 0 txs batches need to call help after 50ms in epoch 116, 0 in total, 0.000000  
2022-04-07 14:33:15,239 ng_k_s.py [line:290] catch INFO sid: 6: 0 txs batches need to call help after 100ms in epoch 116, 0 in total, 0.000000  
2022-04-07 14:33:15,875 ng_k_s.py [line:318] _run_VABA_round INFO sid: 6: 0 txs batches need to call help in epoch 117, 0 in total, 0.000000  
2022-04-07 14:33:15,877 ng_k_s.py [line:442] _finalize_output INFO node: 6 epoch: 117 run: 93.698995, total delivered Txs after warm-up: 10124000, average delay after warm-up: 1.842556,  tps after warm-up: 164733.737016, average vaba delay after warm-up: 0.787329 
2022-04-07 14:33:15,928 ng_k_s.py [line:276] catch INFO sid: 6: 0 txs batches need to call help after 50ms in epoch 117, 0 in total, 0.000000  
2022-04-07 14:33:15,979 ng_k_s.py [line:290] catch INFO sid: 6: 0 txs batches need to call help after 100ms in epoch 117, 0 in total, 0.000000  
2022-04-07 14:33:16,171 nwabc.py [line:105] handel_messages INFO sid: sidAnw6, 0 catch up in total 
2022-04-07 14:33:16,704 ng_k_s.py [line:318] _run_VABA_round INFO sid: 6: 0 txs batches need to call help in epoch 118, 0 in total, 0.000000  
2022-04-07 14:33:16,706 ng_k_s.py [line:442] _finalize_output INFO node: 6 epoch: 118 run: 94.527674, total delivered Txs after warm-up: 10284000, average delay after warm-up: 1.841059,  tps after warm-up: 165110.848626, average vaba delay after warm-up: 0.787848 
2022-04-07 14:33:16,757 ng_k_s.py [line:276] catch INFO sid: 6: 0 txs batches need to call help after 50ms in epoch 118, 0 in total, 0.000000  
2022-04-07 14:33:16,759 nwabc.py [line:105] handel_messages INFO sid: sidAnw7, 0 catch up in total 
2022-04-07 14:33:16,808 ng_k_s.py [line:290] catch INFO sid: 6: 0 txs batches need to call help after 100ms in epoch 118, 0 in total, 0.000000  
2022-04-07 14:33:17,420 ng_k_s.py [line:318] _run_VABA_round INFO sid: 6: 0 txs batches need to call help in epoch 119, 0 in total, 0.000000  
2022-04-07 14:33:17,422 ng_k_s.py [line:442] _finalize_output INFO node: 6 epoch: 119 run: 95.244195, total delivered Txs after warm-up: 10398000, average delay after warm-up: 1.838744,  tps after warm-up: 165042.510522, average vaba delay after warm-up: 0.786952 
2022-04-07 14:33:17,473 ng_k_s.py [line:276] catch INFO sid: 6: 0 txs batches need to call help after 50ms in epoch 119, 0 in total, 0.000000  
2022-04-07 14:33:17,525 ng_k_s.py [line:290] catch INFO sid: 6: 0 txs batches need to call help after 100ms in epoch 119, 0 in total, 0.000000  
2022-04-07 14:33:17,580 nwabc.py [line:105] handel_messages INFO sid: sidAnw4, 0 catch up in total 
2022-04-07 14:33:17,813 nwabc.py [line:105] handel_messages INFO sid: sidAnw5, 0 catch up in total 
2022-04-07 14:33:19,166 ng_k_s.py [line:318] _run_VABA_round INFO sid: 6: 0 txs batches need to call help in epoch 120, 0 in total, 0.000000  
2022-04-07 14:33:19,168 ng_k_s.py [line:442] _finalize_output INFO node: 6 epoch: 120 run: 96.990423, total delivered Txs after warm-up: 10520000, average delay after warm-up: 1.848381,  tps after warm-up: 162475.616153, average vaba delay after warm-up: 0.798791 
2022-04-07 14:33:19,195 nwabc.py [line:105] handel_messages INFO sid: sidAnw26, 0 catch up in total 
2022-04-07 14:33:19,221 ng_k_s.py [line:276] catch INFO sid: 6: 0 txs batches need to call help after 50ms in epoch 120, 0 in total, 0.000000  
2022-04-07 14:33:19,272 ng_k_s.py [line:290] catch INFO sid: 6: 0 txs batches need to call help after 100ms in epoch 120, 0 in total, 0.000000  
2022-04-07 14:33:19,690 nwabc.py [line:105] handel_messages INFO sid: sidAnw27, 0 catch up in total 
2022-04-07 14:33:19,834 ng_k_s.py [line:318] _run_VABA_round INFO sid: 6: 0 txs batches need to call help in epoch 121, 0 in total, 0.000000  
2022-04-07 14:33:19,836 ng_k_s.py [line:442] _finalize_output INFO node: 6 epoch: 121 run: 97.658099, total delivered Txs after warm-up: 10800000, average delay after warm-up: 1.855839,  tps after warm-up: 165097.593056, average vaba delay after warm-up: 0.797188 
2022-04-07 14:33:19,888 ng_k_s.py [line:276] catch INFO sid: 6: 0 txs batches need to call help after 50ms in epoch 121, 0 in total, 0.000000  
2022-04-07 14:33:19,938 ng_k_s.py [line:290] catch INFO sid: 6: 0 txs batches need to call help after 100ms in epoch 121, 0 in total, 0.000000  
2022-04-07 14:33:20,217 nwabc.py [line:105] handel_messages INFO sid: sidAnw29, 0 catch up in total 
2022-04-07 14:33:20,269 nwabc.py [line:105] handel_messages INFO sid: sidAnw24, 0 catch up in total 
2022-04-07 14:33:20,335 nwabc.py [line:105] handel_messages INFO sid: sidAnw25, 0 catch up in total 
2022-04-07 14:33:20,569 ng_k_s.py [line:318] _run_VABA_round INFO sid: 6: 0 txs batches need to call help in epoch 122, 0 in total, 0.000000  
2022-04-07 14:33:20,569 ng_k_s.py [line:442] _finalize_output INFO node: 6 epoch: 122 run: 98.391106, total delivered Txs after warm-up: 10930000, average delay after warm-up: 1.853416,  tps after warm-up: 165233.383083, average vaba delay after warm-up: 0.796411 
2022-04-07 14:33:20,622 ng_k_s.py [line:276] catch INFO sid: 6: 0 txs batches need to call help after 50ms in epoch 122, 0 in total, 0.000000  
2022-04-07 14:33:20,672 ng_k_s.py [line:290] catch INFO sid: 6: 0 txs batches need to call help after 100ms in epoch 122, 0 in total, 0.000000  
2022-04-07 14:33:20,697 nwabc.py [line:105] handel_messages INFO sid: sidAnw28, 0 catch up in total 
2022-04-07 14:33:21,262 ng_k_s.py [line:318] _run_VABA_round INFO sid: 6: 0 txs batches need to call help in epoch 123, 0 in total, 0.000000  
2022-04-07 14:33:21,263 ng_k_s.py [line:442] _finalize_output INFO node: 6 epoch: 123 run: 99.085400, total delivered Txs after warm-up: 11036000, average delay after warm-up: 1.851538,  tps after warm-up: 165102.920911, average vaba delay after warm-up: 0.795169 
2022-04-07 14:33:21,315 ng_k_s.py [line:276] catch INFO sid: 6: 0 txs batches need to call help after 50ms in epoch 123, 0 in total, 0.000000  
2022-04-07 14:33:21,366 ng_k_s.py [line:290] catch INFO sid: 6: 0 txs batches need to call help after 100ms in epoch 123, 0 in total, 0.000000  
2022-04-07 14:33:22,012 ng_k_s.py [line:318] _run_VABA_round INFO sid: 6: 0 txs batches need to call help in epoch 124, 0 in total, 0.000000  
2022-04-07 14:33:22,012 ng_k_s.py [line:442] _finalize_output INFO node: 6 epoch: 124 run: 99.834067, total delivered Txs after warm-up: 11140000, average delay after warm-up: 1.850497,  tps after warm-up: 164812.839245, average vaba delay after warm-up: 0.794618 
2022-04-07 14:33:22,065 ng_k_s.py [line:276] catch INFO sid: 6: 0 txs batches need to call help after 50ms in epoch 124, 0 in total, 0.000000  
2022-04-07 14:33:22,102 nwabc.py [line:105] handel_messages INFO sid: sidAnw20, 0 catch up in total 
2022-04-07 14:33:22,116 ng_k_s.py [line:290] catch INFO sid: 6: 0 txs batches need to call help after 100ms in epoch 124, 0 in total, 0.000000  
2022-04-07 14:33:22,135 nwabc.py [line:105] handel_messages INFO sid: sidAnw21, 0 catch up in total 
2022-04-07 14:33:22,720 ng_k_s.py [line:318] _run_VABA_round INFO sid: 6: 0 txs batches need to call help in epoch 125, 0 in total, 0.000000  
2022-04-07 14:33:22,722 ng_k_s.py [line:442] _finalize_output INFO node: 6 epoch: 125 run: 100.543602, total delivered Txs after warm-up: 11278000, average delay after warm-up: 1.848870,  tps after warm-up: 165121.170788, average vaba delay after warm-up: 0.793606 
2022-04-07 14:33:22,773 ng_k_s.py [line:276] catch INFO sid: 6: 0 txs batches need to call help after 50ms in epoch 125, 0 in total, 0.000000  
2022-04-07 14:33:22,792 nwabc.py [line:105] handel_messages INFO sid: sidAnw22, 0 catch up in total 
2022-04-07 14:33:22,824 ng_k_s.py [line:290] catch INFO sid: 6: 0 txs batches need to call help after 100ms in epoch 125, 0 in total, 0.000000  
2022-04-07 14:33:23,063 nwabc.py [line:105] handel_messages INFO sid: sidAnw23, 0 catch up in total 
2022-04-07 14:33:23,412 ng_k_s.py [line:318] _run_VABA_round INFO sid: 6: 0 txs batches need to call help in epoch 126, 0 in total, 0.000000  
2022-04-07 14:33:23,415 ng_k_s.py [line:442] _finalize_output INFO node: 6 epoch: 126 run: 101.236654, total delivered Txs after warm-up: 11394000, average delay after warm-up: 1.847034,  tps after warm-up: 165143.818299, average vaba delay after warm-up: 0.792446 
2022-04-07 14:33:23,466 ng_k_s.py [line:276] catch INFO sid: 6: 0 txs batches need to call help after 50ms in epoch 126, 0 in total, 0.000000  
2022-04-07 14:33:23,517 ng_k_s.py [line:290] catch INFO sid: 6: 0 txs batches need to call help after 100ms in epoch 126, 0 in total, 0.000000  
2022-04-07 14:33:24,171 ng_k_s.py [line:318] _run_VABA_round INFO sid: 6: 0 txs batches need to call help in epoch 127, 0 in total, 0.000000  
2022-04-07 14:33:24,173 ng_k_s.py [line:442] _finalize_output INFO node: 6 epoch: 127 run: 101.995314, total delivered Txs after warm-up: 11522000, average delay after warm-up: 1.845032,  tps after warm-up: 165182.696864, average vaba delay after warm-up: 0.792057 
2022-04-07 14:33:24,225 ng_k_s.py [line:276] catch INFO sid: 6: 0 txs batches need to call help after 50ms in epoch 127, 0 in total, 0.000000  
2022-04-07 14:33:24,275 ng_k_s.py [line:290] catch INFO sid: 6: 0 txs batches need to call help after 100ms in epoch 127, 0 in total, 0.000000  
2022-04-07 14:33:24,902 ng_k_s.py [line:318] _run_VABA_round INFO sid: 6: 0 txs batches need to call help in epoch 128, 0 in total, 0.000000  
2022-04-07 14:33:24,902 ng_k_s.py [line:442] _finalize_output INFO node: 6 epoch: 128 run: 102.723939, total delivered Txs after warm-up: 11622000, average delay after warm-up: 1.843810,  tps after warm-up: 164893.880702, average vaba delay after warm-up: 0.791341 
2022-04-07 14:33:24,954 ng_k_s.py [line:276] catch INFO sid: 6: 0 txs batches need to call help after 50ms in epoch 128, 0 in total, 0.000000  
2022-04-07 14:33:25,006 ng_k_s.py [line:290] catch INFO sid: 6: 0 txs batches need to call help after 100ms in epoch 128, 0 in total, 0.000000  
2022-04-07 14:33:25,608 ng_k_s.py [line:318] _run_VABA_round INFO sid: 6: 0 txs batches need to call help in epoch 129, 0 in total, 0.000000  
2022-04-07 14:33:25,610 ng_k_s.py [line:442] _finalize_output INFO node: 6 epoch: 129 run: 103.431587, total delivered Txs after warm-up: 11756000, average delay after warm-up: 1.842205,  tps after warm-up: 165137.079036, average vaba delay after warm-up: 0.790391 
2022-04-07 14:33:25,661 ng_k_s.py [line:276] catch INFO sid: 6: 0 txs batches need to call help after 50ms in epoch 129, 0 in total, 0.000000  
2022-04-07 14:33:25,711 ng_k_s.py [line:290] catch INFO sid: 6: 0 txs batches need to call help after 100ms in epoch 129, 0 in total, 0.000000  
2022-04-07 14:33:26,352 ng_k_s.py [line:318] _run_VABA_round INFO sid: 6: 0 txs batches need to call help in epoch 130, 0 in total, 0.000000  
2022-04-07 14:33:26,355 ng_k_s.py [line:442] _finalize_output INFO node: 6 epoch: 130 run: 104.176509, total delivered Txs after warm-up: 11882000, average delay after warm-up: 1.840140,  tps after warm-up: 165178.587596, average vaba delay after warm-up: 0.789888 
2022-04-07 14:33:26,405 ng_k_s.py [line:276] catch INFO sid: 6: 0 txs batches need to call help after 50ms in epoch 130, 0 in total, 0.000000  
2022-04-07 14:33:26,456 ng_k_s.py [line:290] catch INFO sid: 6: 0 txs batches need to call help after 100ms in epoch 130, 0 in total, 0.000000  
2022-04-07 14:33:27,104 ng_k_s.py [line:318] _run_VABA_round INFO sid: 6: 0 txs batches need to call help in epoch 131, 0 in total, 0.000000  
2022-04-07 14:33:27,104 ng_k_s.py [line:442] _finalize_output INFO node: 6 epoch: 131 run: 104.925853, total delivered Txs after warm-up: 11992000, average delay after warm-up: 1.838890,  tps after warm-up: 164989.058738, average vaba delay after warm-up: 0.789444 
2022-04-07 14:33:27,157 ng_k_s.py [line:276] catch INFO sid: 6: 0 txs batches need to call help after 50ms in epoch 131, 0 in total, 0.000000  
2022-04-07 14:33:27,209 ng_k_s.py [line:290] catch INFO sid: 6: 0 txs batches need to call help after 100ms in epoch 131, 0 in total, 0.000000  
2022-04-07 14:33:27,809 ng_k_s.py [line:318] _run_VABA_round INFO sid: 6: 0 txs batches need to call help in epoch 132, 0 in total, 0.000000  
2022-04-07 14:33:27,809 ng_k_s.py [line:442] _finalize_output INFO node: 6 epoch: 132 run: 105.631061, total delivered Txs after warm-up: 12098000, average delay after warm-up: 1.838087,  tps after warm-up: 164848.007609, average vaba delay after warm-up: 0.788534 
2022-04-07 14:33:27,863 ng_k_s.py [line:276] catch INFO sid: 6: 0 txs batches need to call help after 50ms in epoch 132, 0 in total, 0.000000  
2022-04-07 14:33:27,913 ng_k_s.py [line:290] catch INFO sid: 6: 0 txs batches need to call help after 100ms in epoch 132, 0 in total, 0.000000  
2022-04-07 14:33:28,462 ng_k_s.py [line:318] _run_VABA_round INFO sid: 6: 0 txs batches need to call help in epoch 133, 0 in total, 0.000000  
2022-04-07 14:33:28,462 ng_k_s.py [line:442] _finalize_output INFO node: 6 epoch: 133 run: 106.284420, total delivered Txs after warm-up: 12230000, average delay after warm-up: 1.836464,  tps after warm-up: 165176.131978, average vaba delay after warm-up: 0.787073 
2022-04-07 14:33:28,514 ng_k_s.py [line:276] catch INFO sid: 6: 0 txs batches need to call help after 50ms in epoch 133, 0 in total, 0.000000  
2022-04-07 14:33:28,565 ng_k_s.py [line:290] catch INFO sid: 6: 0 txs batches need to call help after 100ms in epoch 133, 0 in total, 0.000000  
2022-04-07 14:33:29,141 ng_k_s.py [line:318] _run_VABA_round INFO sid: 6: 0 txs batches need to call help in epoch 134, 0 in total, 0.000000  
2022-04-07 14:33:29,141 ng_k_s.py [line:442] _finalize_output INFO node: 6 epoch: 134 run: 106.963112, total delivered Txs after warm-up: 12340000, average delay after warm-up: 1.834766,  tps after warm-up: 165147.976849, average vaba delay after warm-up: 0.785926 
2022-04-07 14:33:29,161 nwabc.py [line:105] handel_messages INFO sid: sidAnw8, 0 catch up in total 
2022-04-07 14:33:29,192 ng_k_s.py [line:276] catch INFO sid: 6: 0 txs batches need to call help after 50ms in epoch 134, 0 in total, 0.000000  
2022-04-07 14:33:29,243 ng_k_s.py [line:290] catch INFO sid: 6: 0 txs batches need to call help after 100ms in epoch 134, 0 in total, 0.000000  
2022-04-07 14:33:29,253 nwabc.py [line:105] handel_messages INFO sid: sidAnw9, 0 catch up in total 
2022-04-07 14:33:29,884 ng_k_s.py [line:318] _run_VABA_round INFO sid: 6: 0 txs batches need to call help in epoch 135, 0 in total, 0.000000  
2022-04-07 14:33:29,884 ng_k_s.py [line:442] _finalize_output INFO node: 6 epoch: 135 run: 107.705783, total delivered Txs after warm-up: 12462000, average delay after warm-up: 1.833209,  tps after warm-up: 165139.355787, average vaba delay after warm-up: 0.785472 
2022-04-07 14:33:29,937 ng_k_s.py [line:276] catch INFO sid: 6: 0 txs batches need to call help after 50ms in epoch 135, 0 in total, 0.000000  
2022-04-07 14:33:29,988 ng_k_s.py [line:290] catch INFO sid: 6: 0 txs batches need to call help after 100ms in epoch 135, 0 in total, 0.000000  
2022-04-07 14:33:30,625 ng_k_s.py [line:318] _run_VABA_round INFO sid: 6: 0 txs batches need to call help in epoch 136, 0 in total, 0.000000  
2022-04-07 14:33:30,627 ng_k_s.py [line:442] _finalize_output INFO node: 6 epoch: 136 run: 108.448705, total delivered Txs after warm-up: 12582000, average delay after warm-up: 1.831802,  tps after warm-up: 165104.114256, average vaba delay after warm-up: 0.785013 
2022-04-07 14:33:30,678 ng_k_s.py [line:276] catch INFO sid: 6: 0 txs batches need to call help after 50ms in epoch 136, 0 in total, 0.000000  
2022-04-07 14:33:30,728 ng_k_s.py [line:290] catch INFO sid: 6: 0 txs batches need to call help after 100ms in epoch 136, 0 in total, 0.000000  
2022-04-07 14:33:31,129 nwabc.py [line:105] handel_messages INFO sid: sidAnw31, 0 catch up in total 
2022-04-07 14:33:31,309 ng_k_s.py [line:318] _run_VABA_round INFO sid: 6: 0 txs batches need to call help in epoch 137, 0 in total, 0.000000  
2022-04-07 14:33:31,311 ng_k_s.py [line:442] _finalize_output INFO node: 6 epoch: 137 run: 109.132910, total delivered Txs after warm-up: 12694000, average delay after warm-up: 1.830564,  tps after warm-up: 165091.563574, average vaba delay after warm-up: 0.783981 
2022-04-07 14:33:31,362 ng_k_s.py [line:276] catch INFO sid: 6: 0 txs batches need to call help after 50ms in epoch 137, 0 in total, 0.000000  
2022-04-07 14:33:31,412 ng_k_s.py [line:290] catch INFO sid: 6: 0 txs batches need to call help after 100ms in epoch 137, 0 in total, 0.000000  
2022-04-07 14:33:31,723 nwabc.py [line:105] handel_messages INFO sid: sidAnw30, 0 catch up in total 
2022-04-07 14:33:32,017 ng_k_s.py [line:318] _run_VABA_round INFO sid: 6: 0 txs batches need to call help in epoch 138, 0 in total, 0.000000  
2022-04-07 14:33:32,017 ng_k_s.py [line:442] _finalize_output INFO node: 6 epoch: 138 run: 109.838876, total delivered Txs after warm-up: 12818000, average delay after warm-up: 1.828868,  tps after warm-up: 165187.584382, average vaba delay after warm-up: 0.783187 
2022-04-07 14:33:32,068 ng_k_s.py [line:276] catch INFO sid: 6: 0 txs batches need to call help after 50ms in epoch 138, 0 in total, 0.000000  
2022-04-07 14:33:32,118 ng_k_s.py [line:290] catch INFO sid: 6: 0 txs batches need to call help after 100ms in epoch 138, 0 in total, 0.000000  
2022-04-07 14:33:32,834 ng_k_s.py [line:318] _run_VABA_round INFO sid: 6: 0 txs batches need to call help in epoch 139, 0 in total, 0.000000  
2022-04-07 14:33:32,837 ng_k_s.py [line:442] _finalize_output INFO node: 6 epoch: 139 run: 110.658531, total delivered Txs after warm-up: 12950000, average delay after warm-up: 1.827518,  tps after warm-up: 165144.266597, average vaba delay after warm-up: 0.783549 
2022-04-07 14:33:32,887 ng_k_s.py [line:276] catch INFO sid: 6: 0 txs batches need to call help after 50ms in epoch 139, 0 in total, 0.000000  
2022-04-07 14:33:32,938 ng_k_s.py [line:290] catch INFO sid: 6: 0 txs batches need to call help after 100ms in epoch 139, 0 in total, 0.000000  
2022-04-07 14:33:33,535 ng_k_s.py [line:318] _run_VABA_round INFO sid: 6: 0 txs batches need to call help in epoch 140, 0 in total, 0.000000  
2022-04-07 14:33:33,537 ng_k_s.py [line:442] _finalize_output INFO node: 6 epoch: 140 run: 111.359024, total delivered Txs after warm-up: 13054000, average delay after warm-up: 1.826362,  tps after warm-up: 164996.607643, average vaba delay after warm-up: 0.782724 
2022-04-07 14:33:33,588 ng_k_s.py [line:276] catch INFO sid: 6: 0 txs batches need to call help after 50ms in epoch 140, 0 in total, 0.000000  
2022-04-07 14:33:33,639 ng_k_s.py [line:290] catch INFO sid: 6: 0 txs batches need to call help after 100ms in epoch 140, 0 in total, 0.000000  
2022-04-07 14:33:34,170 nwabc.py [line:105] handel_messages INFO sid: sidAnw10, 0 catch up in total 
2022-04-07 14:33:34,170 ng_k_s.py [line:318] _run_VABA_round INFO sid: 6: 0 txs batches need to call help in epoch 141, 0 in total, 0.000000  
2022-04-07 14:33:34,172 ng_k_s.py [line:442] _finalize_output INFO node: 6 epoch: 141 run: 111.993872, total delivered Txs after warm-up: 13188000, average delay after warm-up: 1.824242,  tps after warm-up: 165363.397605, average vaba delay after warm-up: 0.781271 
2022-04-07 14:33:34,223 ng_k_s.py [line:276] catch INFO sid: 6: 0 txs batches need to call help after 50ms in epoch 141, 0 in total, 0.000000  
2022-04-07 14:33:34,274 ng_k_s.py [line:290] catch INFO sid: 6: 0 txs batches need to call help after 100ms in epoch 141, 0 in total, 0.000000  
2022-04-07 14:33:34,891 nwabc.py [line:105] handel_messages INFO sid: sidAnw11, 0 catch up in total 
2022-04-07 14:33:34,962 ng_k_s.py [line:318] _run_VABA_round INFO sid: 6: 0 txs batches need to call help in epoch 142, 0 in total, 0.000000  
2022-04-07 14:33:34,962 ng_k_s.py [line:442] _finalize_output INFO node: 6 epoch: 142 run: 112.784012, total delivered Txs after warm-up: 13292000, average delay after warm-up: 1.823065,  tps after warm-up: 165032.387948, average vaba delay after warm-up: 0.781353 
2022-04-07 14:33:35,015 ng_k_s.py [line:276] catch INFO sid: 6: 0 txs batches need to call help after 50ms in epoch 142, 0 in total, 0.000000  
2022-04-07 14:33:35,067 ng_k_s.py [line:290] catch INFO sid: 6: 0 txs batches need to call help after 100ms in epoch 142, 0 in total, 0.000000  
2022-04-07 14:33:35,663 ng_k_s.py [line:318] _run_VABA_round INFO sid: 6: 0 txs batches need to call help in epoch 143, 0 in total, 0.000000  
2022-04-07 14:33:35,664 ng_k_s.py [line:442] _finalize_output INFO node: 6 epoch: 143 run: 113.485664, total delivered Txs after warm-up: 13418000, average delay after warm-up: 1.821814,  tps after warm-up: 165157.994266, average vaba delay after warm-up: 0.780566 
2022-04-07 14:33:35,715 ng_k_s.py [line:276] catch INFO sid: 6: 0 txs batches need to call help after 50ms in epoch 143, 0 in total, 0.000000  
2022-04-07 14:33:35,765 ng_k_s.py [line:290] catch INFO sid: 6: 0 txs batches need to call help after 100ms in epoch 143, 0 in total, 0.000000  
2022-04-07 14:33:35,805 nwabc.py [line:105] handel_messages INFO sid: sidAnw14, 0 catch up in total 
2022-04-07 14:33:36,246 nwabc.py [line:105] handel_messages INFO sid: sidAnw15, 0 catch up in total 
2022-04-07 14:33:36,342 ng_k_s.py [line:318] _run_VABA_round INFO sid: 6: 0 txs batches need to call help in epoch 144, 0 in total, 0.000000  
2022-04-07 14:33:36,342 ng_k_s.py [line:442] _finalize_output INFO node: 6 epoch: 144 run: 114.164015, total delivered Txs after warm-up: 13530000, average delay after warm-up: 1.820336,  tps after warm-up: 165157.565113, average vaba delay after warm-up: 0.779589 
2022-04-07 14:33:36,393 ng_k_s.py [line:276] catch INFO sid: 6: 0 txs batches need to call help after 50ms in epoch 144, 0 in total, 0.000000  
2022-04-07 14:33:36,445 ng_k_s.py [line:290] catch INFO sid: 6: 0 txs batches need to call help after 100ms in epoch 144, 0 in total, 0.000000  
2022-04-07 14:33:37,121 ng_k_s.py [line:318] _run_VABA_round INFO sid: 6: 0 txs batches need to call help in epoch 145, 0 in total, 0.000000  
2022-04-07 14:33:37,123 ng_k_s.py [line:442] _finalize_output INFO node: 6 epoch: 145 run: 114.945071, total delivered Txs after warm-up: 13654000, average delay after warm-up: 1.819300,  tps after warm-up: 165097.139440, average vaba delay after warm-up: 0.779600 
2022-04-07 14:33:37,175 ng_k_s.py [line:276] catch INFO sid: 6: 0 txs batches need to call help after 50ms in epoch 145, 0 in total, 0.000000  
2022-04-07 14:33:37,226 ng_k_s.py [line:290] catch INFO sid: 6: 0 txs batches need to call help after 100ms in epoch 145, 0 in total, 0.000000  
2022-04-07 14:33:37,345 nwabc.py [line:105] handel_messages INFO sid: sidAnw18, 0 catch up in total 
2022-04-07 14:33:37,851 ng_k_s.py [line:318] _run_VABA_round INFO sid: 6: 0 txs batches need to call help in epoch 146, 0 in total, 0.000000  
2022-04-07 14:33:37,852 ng_k_s.py [line:442] _finalize_output INFO node: 6 epoch: 146 run: 115.673615, total delivered Txs after warm-up: 13780000, average delay after warm-up: 1.818047,  tps after warm-up: 165165.692905, average vaba delay after warm-up: 0.779120 
2022-04-07 14:33:37,904 ng_k_s.py [line:276] catch INFO sid: 6: 0 txs batches need to call help after 50ms in epoch 146, 0 in total, 0.000000  
2022-04-07 14:33:37,955 ng_k_s.py [line:290] catch INFO sid: 6: 0 txs batches need to call help after 100ms in epoch 146, 0 in total, 0.000000  
2022-04-07 14:33:37,997 nwabc.py [line:105] handel_messages INFO sid: sidAnw19, 0 catch up in total 
2022-04-07 14:33:38,535 ng_k_s.py [line:318] _run_VABA_round INFO sid: 6: 0 txs batches need to call help in epoch 147, 0 in total, 0.000000  
2022-04-07 14:33:38,536 ng_k_s.py [line:442] _finalize_output INFO node: 6 epoch: 147 run: 116.357537, total delivered Txs after warm-up: 13886000, average delay after warm-up: 1.817058,  tps after warm-up: 165082.943865, average vaba delay after warm-up: 0.778235 
2022-04-07 14:33:38,589 ng_k_s.py [line:276] catch INFO sid: 6: 0 txs batches need to call help after 50ms in epoch 147, 0 in total, 0.000000  
2022-04-07 14:33:38,639 ng_k_s.py [line:290] catch INFO sid: 6: 0 txs batches need to call help after 100ms in epoch 147, 0 in total, 0.000000  
2022-04-07 14:33:38,691 nwabc.py [line:105] handel_messages INFO sid: sidAnw0, 0 catch up in total 
2022-04-07 14:33:38,889 nwabc.py [line:105] handel_messages INFO sid: sidAnw1, 0 catch up in total 
2022-04-07 14:33:39,229 ng_k_s.py [line:318] _run_VABA_round INFO sid: 6: 0 txs batches need to call help in epoch 148, 0 in total, 0.000000  
2022-04-07 14:33:39,229 ng_k_s.py [line:442] _finalize_output INFO node: 6 epoch: 148 run: 117.050813, total delivered Txs after warm-up: 14006000, average delay after warm-up: 1.815884,  tps after warm-up: 165148.409510, average vaba delay after warm-up: 0.777434 
2022-04-07 14:33:39,282 ng_k_s.py [line:276] catch INFO sid: 6: 0 txs batches need to call help after 50ms in epoch 148, 0 in total, 0.000000  
2022-04-07 14:33:39,332 ng_k_s.py [line:290] catch INFO sid: 6: 0 txs batches need to call help after 100ms in epoch 148, 0 in total, 0.000000  
2022-04-07 14:33:39,954 ng_k_s.py [line:318] _run_VABA_round INFO sid: 6: 0 txs batches need to call help in epoch 149, 0 in total, 0.000000  
2022-04-07 14:33:39,957 ng_k_s.py [line:442] _finalize_output INFO node: 6 epoch: 149 run: 117.778848, total delivered Txs after warm-up: 14120000, average delay after warm-up: 1.814927,  tps after warm-up: 165075.529178, average vaba delay after warm-up: 0.776968 
2022-04-07 14:33:40,008 ng_k_s.py [line:276] catch INFO sid: 6: 0 txs batches need to call help after 50ms in epoch 149, 0 in total, 0.000000  
2022-04-07 14:33:40,059 ng_k_s.py [line:290] catch INFO sid: 6: 0 txs batches need to call help after 100ms in epoch 149, 0 in total, 0.000000  
2022-04-07 14:33:41,614 ng_k_s.py [line:318] _run_VABA_round INFO sid: 6: 0 txs batches need to call help in epoch 150, 0 in total, 0.000000  
2022-04-07 14:33:41,615 ng_k_s.py [line:442] _finalize_output INFO node: 6 epoch: 150 run: 119.436750, total delivered Txs after warm-up: 14238000, average delay after warm-up: 1.821883,  tps after warm-up: 163290.107350, average vaba delay after warm-up: 0.784902 
2022-04-07 14:33:41,669 ng_k_s.py [line:276] catch INFO sid: 6: 0 txs batches need to call help after 50ms in epoch 150, 0 in total, 0.000000  
2022-04-07 14:33:41,720 ng_k_s.py [line:290] catch INFO sid: 6: 0 txs batches need to call help after 100ms in epoch 150, 0 in total, 0.000000  
2022-04-07 14:33:42,452 ng_k_s.py [line:318] _run_VABA_round INFO sid: 6: 0 txs batches need to call help in epoch 151, 0 in total, 0.000000  
2022-04-07 14:33:42,454 ng_k_s.py [line:442] _finalize_output INFO node: 6 epoch: 151 run: 120.276381, total delivered Txs after warm-up: 14522000, average delay after warm-up: 1.830855,  tps after warm-up: 164958.739512, average vaba delay after warm-up: 0.785364 
2022-04-07 14:33:42,505 ng_k_s.py [line:276] catch INFO sid: 6: 0 txs batches need to call help after 50ms in epoch 151, 0 in total, 0.000000  
2022-04-07 14:33:42,556 ng_k_s.py [line:290] catch INFO sid: 6: 0 txs batches need to call help after 100ms in epoch 151, 0 in total, 0.000000  
2022-04-07 14:33:43,290 ng_k_s.py [line:318] _run_VABA_round INFO sid: 6: 0 txs batches need to call help in epoch 152, 0 in total, 0.000000  
2022-04-07 14:33:43,292 ng_k_s.py [line:442] _finalize_output INFO node: 6 epoch: 152 run: 121.113849, total delivered Txs after warm-up: 14680000, average delay after warm-up: 1.830581,  tps after warm-up: 165182.120553, average vaba delay after warm-up: 0.785822 
2022-04-07 14:33:43,343 ng_k_s.py [line:276] catch INFO sid: 6: 0 txs batches need to call help after 50ms in epoch 152, 0 in total, 0.000000  
2022-04-07 14:33:43,394 ng_k_s.py [line:290] catch INFO sid: 6: 0 txs batches need to call help after 100ms in epoch 152, 0 in total, 0.000000  
2022-04-07 14:33:43,962 ng_k_s.py [line:318] _run_VABA_round INFO sid: 6: 0 txs batches need to call help in epoch 153, 0 in total, 0.000000  
2022-04-07 14:33:43,963 ng_k_s.py [line:442] _finalize_output INFO node: 6 epoch: 153 run: 121.784679, total delivered Txs after warm-up: 14800000, average delay after warm-up: 1.829030,  tps after warm-up: 165284.763682, average vaba delay after warm-up: 0.784811 
2022-04-07 14:33:44,016 ng_k_s.py [line:276] catch INFO sid: 6: 0 txs batches need to call help after 50ms in epoch 153, 0 in total, 0.000000  
2022-04-07 14:33:44,067 ng_k_s.py [line:290] catch INFO sid: 6: 0 txs batches need to call help after 100ms in epoch 153, 0 in total, 0.000000  
2022-04-07 14:33:44,638 ng_k_s.py [line:318] _run_VABA_round INFO sid: 6: 0 txs batches need to call help in epoch 154, 0 in total, 0.000000  
2022-04-07 14:33:44,640 ng_k_s.py [line:442] _finalize_output INFO node: 6 epoch: 154 run: 122.461924, total delivered Txs after warm-up: 14920000, average delay after warm-up: 1.827157,  tps after warm-up: 165374.121297, average vaba delay after warm-up: 0.783856 
2022-04-07 14:33:44,692 ng_k_s.py [line:276] catch INFO sid: 6: 0 txs batches need to call help after 50ms in epoch 154, 0 in total, 0.000000  
2022-04-07 14:33:44,743 ng_k_s.py [line:290] catch INFO sid: 6: 0 txs batches need to call help after 100ms in epoch 154, 0 in total, 0.000000  
2022-04-07 14:33:45,382 ng_k_s.py [line:318] _run_VABA_round INFO sid: 6: 0 txs batches need to call help in epoch 155, 0 in total, 0.000000  
2022-04-07 14:33:45,384 ng_k_s.py [line:442] _finalize_output INFO node: 6 epoch: 155 run: 123.206047, total delivered Txs after warm-up: 15032000, average delay after warm-up: 1.825824,  tps after warm-up: 165252.547634, average vaba delay after warm-up: 0.783511 
2022-04-07 14:33:45,436 ng_k_s.py [line:276] catch INFO sid: 6: 0 txs batches need to call help after 50ms in epoch 155, 0 in total, 0.000000  
2022-04-07 14:33:45,487 ng_k_s.py [line:290] catch INFO sid: 6: 0 txs batches need to call help after 100ms in epoch 155, 0 in total, 0.000000  
2022-04-07 14:33:46,193 ng_k_s.py [line:318] _run_VABA_round INFO sid: 6: 0 txs batches need to call help in epoch 156, 0 in total, 0.000000  
2022-04-07 14:33:46,193 ng_k_s.py [line:442] _finalize_output INFO node: 6 epoch: 156 run: 124.015319, total delivered Txs after warm-up: 15146000, average delay after warm-up: 1.825393,  tps after warm-up: 165037.514750, average vaba delay after warm-up: 0.783728 
2022-04-07 14:33:46,245 ng_k_s.py [line:276] catch INFO sid: 6: 0 txs batches need to call help after 50ms in epoch 156, 0 in total, 0.000000  
2022-04-07 14:33:46,295 ng_k_s.py [line:290] catch INFO sid: 6: 0 txs batches need to call help after 100ms in epoch 156, 0 in total, 0.000000  
2022-04-07 14:33:47,840 ng_k_s.py [line:318] _run_VABA_round INFO sid: 6: 0 txs batches need to call help in epoch 157, 0 in total, 0.000000  
2022-04-07 14:33:47,842 ng_k_s.py [line:442] _finalize_output INFO node: 6 epoch: 157 run: 125.664218, total delivered Txs after warm-up: 15294000, average delay after warm-up: 1.833149,  tps after warm-up: 163708.809721, average vaba delay after warm-up: 0.791057 
2022-04-07 14:33:47,895 ng_k_s.py [line:276] catch INFO sid: 6: 0 txs batches need to call help after 50ms in epoch 157, 0 in total, 0.000000  
2022-04-07 14:33:47,946 ng_k_s.py [line:290] catch INFO sid: 6: 0 txs batches need to call help after 100ms in epoch 157, 0 in total, 0.000000  
2022-04-07 14:33:49,045 nwabc.py [line:105] handel_messages INFO sid: sidAnw12, 0 catch up in total 
2022-04-07 14:33:49,207 nwabc.py [line:105] handel_messages INFO sid: sidAnw13, 0 catch up in total 
2022-04-07 14:33:49,478 nwabc.py [line:105] handel_messages INFO sid: sidAnw5, 0 catch up in total 
2022-04-07 14:33:49,518 ng_k_s.py [line:318] _run_VABA_round INFO sid: 6: 0 txs batches need to call help in epoch 158, 0 in total, 0.000000  
2022-04-07 14:33:49,519 ng_k_s.py [line:442] _finalize_output INFO node: 6 epoch: 158 run: 127.340640, total delivered Txs after warm-up: 15556000, average delay after warm-up: 1.854134,  tps after warm-up: 163577.945760, average vaba delay after warm-up: 0.798494 
2022-04-07 14:33:49,572 ng_k_s.py [line:276] catch INFO sid: 6: 0 txs batches need to call help after 50ms in epoch 158, 0 in total, 0.000000  
2022-04-07 14:33:49,623 ng_k_s.py [line:290] catch INFO sid: 6: 0 txs batches need to call help after 100ms in epoch 158, 0 in total, 0.000000  
2022-04-07 14:33:49,627 nwabc.py [line:105] handel_messages INFO sid: sidAnw4, 0 catch up in total 
2022-04-07 14:33:50,271 ng_k_s.py [line:318] _run_VABA_round INFO sid: 6: 0 txs batches need to call help in epoch 159, 0 in total, 0.000000  
2022-04-07 14:33:50,271 ng_k_s.py [line:442] _finalize_output INFO node: 6 epoch: 159 run: 128.092914, total delivered Txs after warm-up: 15842000, average delay after warm-up: 1.860213,  tps after warm-up: 165277.929298, average vaba delay after warm-up: 0.798090 
2022-04-07 14:33:50,324 ng_k_s.py [line:276] catch INFO sid: 6: 0 txs batches need to call help after 50ms in epoch 159, 0 in total, 0.000000  
2022-04-07 14:33:50,375 ng_k_s.py [line:290] catch INFO sid: 6: 0 txs batches need to call help after 100ms in epoch 159, 0 in total, 0.000000  
2022-04-07 14:33:50,961 ng_k_s.py [line:318] _run_VABA_round INFO sid: 6: 0 txs batches need to call help in epoch 160, 0 in total, 0.000000  
2022-04-07 14:33:50,963 ng_k_s.py [line:442] _finalize_output INFO node: 6 epoch: 160 run: 128.785134, total delivered Txs after warm-up: 15962000, average delay after warm-up: 1.859035,  tps after warm-up: 165335.843843, average vaba delay after warm-up: 0.797197 
2022-04-07 14:33:50,986 nwabc.py [line:105] handel_messages INFO sid: sidAnw26, 0 catch up in total 
2022-04-07 14:33:51,015 ng_k_s.py [line:276] catch INFO sid: 6: 0 txs batches need to call help after 50ms in epoch 160, 0 in total, 0.000000  
2022-04-07 14:33:51,066 ng_k_s.py [line:290] catch INFO sid: 6: 0 txs batches need to call help after 100ms in epoch 160, 0 in total, 0.000000  
2022-04-07 14:33:51,431 nwabc.py [line:105] handel_messages INFO sid: sidAnw27, 0 catch up in total 
2022-04-07 14:33:51,736 ng_k_s.py [line:318] _run_VABA_round INFO sid: 6: 0 txs batches need to call help in epoch 161, 0 in total, 0.000000  
2022-04-07 14:33:51,736 ng_k_s.py [line:442] _finalize_output INFO node: 6 epoch: 161 run: 129.558068, total delivered Txs after warm-up: 16102000, average delay after warm-up: 1.857324,  tps after warm-up: 165461.274934, average vaba delay after warm-up: 0.796996 
2022-04-07 14:33:51,789 ng_k_s.py [line:276] catch INFO sid: 6: 0 txs batches need to call help after 50ms in epoch 161, 0 in total, 0.000000  
2022-04-07 14:33:51,840 ng_k_s.py [line:290] catch INFO sid: 6: 0 txs batches need to call help after 100ms in epoch 161, 0 in total, 0.000000  
2022-04-07 14:33:52,435 ng_k_s.py [line:318] _run_VABA_round INFO sid: 6: 0 txs batches need to call help in epoch 162, 0 in total, 0.000000  
2022-04-07 14:33:52,437 ng_k_s.py [line:442] _finalize_output INFO node: 6 epoch: 162 run: 130.258656, total delivered Txs after warm-up: 16210000, average delay after warm-up: 1.855733,  tps after warm-up: 165380.470285, average vaba delay after warm-up: 0.796194 
2022-04-07 14:33:52,489 ng_k_s.py [line:276] catch INFO sid: 6: 0 txs batches need to call help after 50ms in epoch 162, 0 in total, 0.000000  
2022-04-07 14:33:52,540 ng_k_s.py [line:290] catch INFO sid: 6: 0 txs batches need to call help after 100ms in epoch 162, 0 in total, 0.000000  
2022-04-07 14:33:53,309 nwabc.py [line:105] handel_messages INFO sid: sidAnw29, 0 catch up in total 
2022-04-07 14:33:53,452 nwabc.py [line:105] handel_messages INFO sid: sidAnw16, 0 catch up in total 
2022-04-07 14:33:53,533 nwabc.py [line:105] handel_messages INFO sid: sidAnw28, 0 catch up in total 
2022-04-07 14:33:53,933 nwabc.py [line:105] handel_messages INFO sid: sidAnw21, 0 catch up in total 
2022-04-07 14:33:54,129 ng_k_s.py [line:318] _run_VABA_round INFO sid: 6: 0 txs batches need to call help in epoch 163, 0 in total, 0.000000  
2022-04-07 14:33:54,130 ng_k_s.py [line:442] _finalize_output INFO node: 6 epoch: 163 run: 131.951513, total delivered Txs after warm-up: 16308000, average delay after warm-up: 1.860890,  tps after warm-up: 163555.509612, average vaba delay after warm-up: 0.803423 
2022-04-07 14:33:54,141 nwabc.py [line:105] handel_messages INFO sid: sidAnw20, 0 catch up in total 
2022-04-07 14:33:54,182 ng_k_s.py [line:276] catch INFO sid: 6: 0 txs batches need to call help after 50ms in epoch 163, 0 in total, 0.000000  
2022-04-07 14:33:54,232 ng_k_s.py [line:290] catch INFO sid: 6: 0 txs batches need to call help after 100ms in epoch 163, 0 in total, 0.000000  
2022-04-07 14:33:54,604 nwabc.py [line:105] handel_messages INFO sid: sidAnw17, 0 catch up in total 
2022-04-07 14:33:54,942 ng_k_s.py [line:318] _run_VABA_round INFO sid: 6: 0 txs batches need to call help in epoch 164, 0 in total, 0.000000  
2022-04-07 14:33:54,943 ng_k_s.py [line:442] _finalize_output INFO node: 6 epoch: 164 run: 132.764606, total delivered Txs after warm-up: 16624000, average delay after warm-up: 1.868478,  tps after warm-up: 165376.140262, average vaba delay after warm-up: 0.803483 
2022-04-07 14:33:54,994 ng_k_s.py [line:276] catch INFO sid: 6: 0 txs batches need to call help after 50ms in epoch 164, 0 in total, 0.000000  
2022-04-07 14:33:55,045 ng_k_s.py [line:290] catch INFO sid: 6: 0 txs batches need to call help after 100ms in epoch 164, 0 in total, 0.000000  
2022-04-07 14:33:55,640 ng_k_s.py [line:318] _run_VABA_round INFO sid: 6: 0 txs batches need to call help in epoch 165, 0 in total, 0.000000  
2022-04-07 14:33:55,642 ng_k_s.py [line:442] _finalize_output INFO node: 6 epoch: 165 run: 133.464102, total delivered Txs after warm-up: 16736000, average delay after warm-up: 1.867189,  tps after warm-up: 165339.784935, average vaba delay after warm-up: 0.802654 
2022-04-07 14:33:55,693 ng_k_s.py [line:276] catch INFO sid: 6: 0 txs batches need to call help after 50ms in epoch 165, 0 in total, 0.000000  
2022-04-07 14:33:55,743 ng_k_s.py [line:290] catch INFO sid: 6: 0 txs batches need to call help after 100ms in epoch 165, 0 in total, 0.000000  
