2022-04-07 14:31:41,977 ng_k_s.py [line:459] run_bft INFO Node 2 starts to run at time:1649341901.9775007 
2022-04-07 14:31:41,980 ng_k_s.py [line:371] _finalize_output INFO ************************************************************* 
2022-04-07 14:31:41,980 ng_k_s.py [line:372] _finalize_output INFO                          warm-up start                        
2022-04-07 14:31:41,980 ng_k_s.py [line:373] _finalize_output INFO ************************************************************* 
2022-04-07 14:32:14,473 nwabc.py [line:105] handel_messages INFO sid: sidAnw4, 0 catch up in total 
2022-04-07 14:32:14,495 ng_k_s.py [line:379] _finalize_output INFO warm-up time: 32.517796 
2022-04-07 14:32:14,495 ng_k_s.py [line:380] _finalize_output INFO ************************************************************* 
2022-04-07 14:32:14,495 ng_k_s.py [line:381] _finalize_output INFO                        warm-up finished                       
2022-04-07 14:32:14,497 ng_k_s.py [line:382] _finalize_output INFO ************************************************************* 
2022-04-07 14:32:14,679 nwabc.py [line:105] handel_messages INFO sid: sidAnw5, 0 catch up in total 
2022-04-07 14:32:15,152 ng_k_s.py [line:442] _finalize_output INFO node: 2 epoch: 41 run: 33.174657, total delivered Txs after warm-up: 116000, average delay after warm-up: 1.766234,  tps after warm-up: 176597.337933, average vaba delay after warm-up: 0.327223 
2022-04-07 14:32:15,346 nwabc.py [line:105] handel_messages INFO sid: sidAnw29, 0 catch up in total 
2022-04-07 14:32:15,900 ng_k_s.py [line:318] _run_VABA_round INFO sid: 2: 0 txs batches need to call help in epoch 42, 0 in total, 0.000000  
2022-04-07 14:32:15,902 ng_k_s.py [line:442] _finalize_output INFO node: 2 epoch: 42 run: 33.924810, total delivered Txs after warm-up: 250000, average delay after warm-up: 1.738511,  tps after warm-up: 177681.228919, average vaba delay after warm-up: 0.467517 
2022-04-07 14:32:15,953 ng_k_s.py [line:276] catch INFO sid: 2: 0 txs batches need to call help after 50ms in epoch 42, 0 in total, 0.000000  
2022-04-07 14:32:16,003 ng_k_s.py [line:290] catch INFO sid: 2: 0 txs batches need to call help after 100ms in epoch 42, 0 in total, 0.000000  
2022-04-07 14:32:16,176 nwabc.py [line:105] handel_messages INFO sid: sidAnw28, 0 catch up in total 
2022-04-07 14:32:16,573 ng_k_s.py [line:318] _run_VABA_round INFO sid: 2: 0 txs batches need to call help in epoch 43, 0 in total, 0.000000  
2022-04-07 14:32:16,574 ng_k_s.py [line:442] _finalize_output INFO node: 2 epoch: 43 run: 34.596563, total delivered Txs after warm-up: 368000, average delay after warm-up: 1.690392,  tps after warm-up: 177027.950963, average vaba delay after warm-up: 0.518501 
2022-04-07 14:32:16,577 nwabc.py [line:105] handel_messages INFO sid: sidAnw26, 0 catch up in total 
2022-04-07 14:32:16,627 ng_k_s.py [line:276] catch INFO sid: 2: 0 txs batches need to call help after 50ms in epoch 43, 0 in total, 0.000000  
2022-04-07 14:32:16,678 ng_k_s.py [line:290] catch INFO sid: 2: 0 txs batches need to call help after 100ms in epoch 43, 0 in total, 0.000000  
2022-04-07 14:32:16,740 nwabc.py [line:105] handel_messages INFO sid: sidAnw27, 0 catch up in total 
2022-04-07 14:32:16,837 nwabc.py [line:105] handel_messages INFO sid: sidAnw22, 0 catch up in total 
2022-04-07 14:32:16,942 nwabc.py [line:105] handel_messages INFO sid: sidAnw23, 0 catch up in total 
2022-04-07 14:32:17,331 ng_k_s.py [line:318] _run_VABA_round INFO sid: 2: 0 txs batches need to call help in epoch 44, 0 in total, 0.000000  
2022-04-07 14:32:17,331 ng_k_s.py [line:442] _finalize_output INFO node: 2 epoch: 44 run: 35.353860, total delivered Txs after warm-up: 466000, average delay after warm-up: 1.688615,  tps after warm-up: 164312.182659, average vaba delay after warm-up: 0.565761 
2022-04-07 14:32:17,384 ng_k_s.py [line:276] catch INFO sid: 2: 0 txs batches need to call help after 50ms in epoch 44, 0 in total, 0.000000  
2022-04-07 14:32:17,434 ng_k_s.py [line:290] catch INFO sid: 2: 0 txs batches need to call help after 100ms in epoch 44, 0 in total, 0.000000  
2022-04-07 14:32:18,061 ng_k_s.py [line:318] _run_VABA_round INFO sid: 2: 0 txs batches need to call help in epoch 45, 0 in total, 0.000000  
2022-04-07 14:32:18,063 ng_k_s.py [line:442] _finalize_output INFO node: 2 epoch: 45 run: 36.085683, total delivered Txs after warm-up: 592000, average delay after warm-up: 1.691081,  tps after warm-up: 165924.534255, average vaba delay after warm-up: 0.593104 
2022-04-07 14:32:18,113 ng_k_s.py [line:276] catch INFO sid: 2: 0 txs batches need to call help after 50ms in epoch 45, 0 in total, 0.000000  
2022-04-07 14:32:18,164 ng_k_s.py [line:290] catch INFO sid: 2: 0 txs batches need to call help after 100ms in epoch 45, 0 in total, 0.000000  
2022-04-07 14:32:18,392 nwabc.py [line:105] handel_messages INFO sid: sidAnw20, 0 catch up in total 
2022-04-07 14:32:18,477 nwabc.py [line:105] handel_messages INFO sid: sidAnw21, 0 catch up in total 
2022-04-07 14:32:18,738 ng_k_s.py [line:318] _run_VABA_round INFO sid: 2: 0 txs batches need to call help in epoch 46, 0 in total, 0.000000  
2022-04-07 14:32:18,740 ng_k_s.py [line:442] _finalize_output INFO node: 2 epoch: 46 run: 36.762707, total delivered Txs after warm-up: 716000, average delay after warm-up: 1.677820,  tps after warm-up: 168672.522618, average vaba delay after warm-up: 0.605052 
2022-04-07 14:32:18,790 ng_k_s.py [line:276] catch INFO sid: 2: 0 txs batches need to call help after 50ms in epoch 46, 0 in total, 0.000000  
2022-04-07 14:32:18,841 ng_k_s.py [line:290] catch INFO sid: 2: 0 txs batches need to call help after 100ms in epoch 46, 0 in total, 0.000000  
2022-04-07 14:32:19,593 ng_k_s.py [line:318] _run_VABA_round INFO sid: 2: 0 txs batches need to call help in epoch 47, 0 in total, 0.000000  
2022-04-07 14:32:19,595 ng_k_s.py [line:442] _finalize_output INFO node: 2 epoch: 47 run: 37.618300, total delivered Txs after warm-up: 822000, average delay after warm-up: 1.684341,  tps after warm-up: 161160.516481, average vaba delay after warm-up: 0.636316 
2022-04-07 14:32:19,648 ng_k_s.py [line:276] catch INFO sid: 2: 0 txs batches need to call help after 50ms in epoch 47, 0 in total, 0.000000  
2022-04-07 14:32:19,652 nwabc.py [line:105] handel_messages INFO sid: sidAnw8, 0 catch up in total 
2022-04-07 14:32:19,699 ng_k_s.py [line:290] catch INFO sid: 2: 0 txs batches need to call help after 100ms in epoch 47, 0 in total, 0.000000  
2022-04-07 14:32:19,766 nwabc.py [line:105] handel_messages INFO sid: sidAnw9, 0 catch up in total 
2022-04-07 14:32:19,976 nwabc.py [line:105] handel_messages INFO sid: sidAnw10, 0 catch up in total 
2022-04-07 14:32:20,217 nwabc.py [line:105] handel_messages INFO sid: sidAnw11, 0 catch up in total 
2022-04-07 14:32:20,244 ng_k_s.py [line:318] _run_VABA_round INFO sid: 2: 0 txs batches need to call help in epoch 48, 0 in total, 0.000000  
2022-04-07 14:32:20,246 ng_k_s.py [line:442] _finalize_output INFO node: 2 epoch: 48 run: 38.268815, total delivered Txs after warm-up: 966000, average delay after warm-up: 1.673672,  tps after warm-up: 167970.225761, average vaba delay after warm-up: 0.637795 
2022-04-07 14:32:20,297 ng_k_s.py [line:276] catch INFO sid: 2: 0 txs batches need to call help after 50ms in epoch 48, 0 in total, 0.000000  
2022-04-07 14:32:20,348 ng_k_s.py [line:290] catch INFO sid: 2: 0 txs batches need to call help after 100ms in epoch 48, 0 in total, 0.000000  
2022-04-07 14:32:20,948 nwabc.py [line:105] handel_messages INFO sid: sidAnw30, 0 catch up in total 
2022-04-07 14:32:21,293 nwabc.py [line:105] handel_messages INFO sid: sidAnw18, 0 catch up in total 
2022-04-07 14:32:21,337 nwabc.py [line:105] handel_messages INFO sid: sidAnw31, 0 catch up in total 
2022-04-07 14:32:21,609 nwabc.py [line:105] handel_messages INFO sid: sidAnw19, 0 catch up in total 
2022-04-07 14:32:21,992 ng_k_s.py [line:318] _run_VABA_round INFO sid: 2: 0 txs batches need to call help in epoch 49, 0 in total, 0.000000  
2022-04-07 14:32:21,994 ng_k_s.py [line:442] _finalize_output INFO node: 2 epoch: 49 run: 40.017211, total delivered Txs after warm-up: 1058000, average delay after warm-up: 1.756555,  tps after warm-up: 141077.667730, average vaba delay after warm-up: 0.748792 
2022-04-07 14:32:22,046 ng_k_s.py [line:276] catch INFO sid: 2: 0 txs batches need to call help after 50ms in epoch 49, 0 in total, 0.000000  
2022-04-07 14:32:22,096 ng_k_s.py [line:290] catch INFO sid: 2: 0 txs batches need to call help after 100ms in epoch 49, 0 in total, 0.000000  
2022-04-07 14:32:22,687 ng_k_s.py [line:318] _run_VABA_round INFO sid: 2: 0 txs batches need to call help in epoch 50, 0 in total, 0.000000  
2022-04-07 14:32:22,690 ng_k_s.py [line:442] _finalize_output INFO node: 2 epoch: 50 run: 40.712614, total delivered Txs after warm-up: 1350000, average delay after warm-up: 1.839265,  tps after warm-up: 164738.252482, average vaba delay after warm-up: 0.743911 
2022-04-07 14:32:22,741 ng_k_s.py [line:276] catch INFO sid: 2: 0 txs batches need to call help after 50ms in epoch 50, 0 in total, 0.000000  
2022-04-07 14:32:22,791 ng_k_s.py [line:290] catch INFO sid: 2: 0 txs batches need to call help after 100ms in epoch 50, 0 in total, 0.000000  
2022-04-07 14:32:23,385 ng_k_s.py [line:318] _run_VABA_round INFO sid: 2: 0 txs batches need to call help in epoch 51, 0 in total, 0.000000  
2022-04-07 14:32:23,385 ng_k_s.py [line:442] _finalize_output INFO node: 2 epoch: 51 run: 41.407960, total delivered Txs after warm-up: 1458000, average delay after warm-up: 1.823014,  tps after warm-up: 164001.471463, average vaba delay after warm-up: 0.739821 
2022-04-07 14:32:23,437 ng_k_s.py [line:276] catch INFO sid: 2: 0 txs batches need to call help after 50ms in epoch 51, 0 in total, 0.000000  
2022-04-07 14:32:23,488 ng_k_s.py [line:290] catch INFO sid: 2: 0 txs batches need to call help after 100ms in epoch 51, 0 in total, 0.000000  
2022-04-07 14:32:24,133 ng_k_s.py [line:318] _run_VABA_round INFO sid: 2: 0 txs batches need to call help in epoch 52, 0 in total, 0.000000  
2022-04-07 14:32:24,136 ng_k_s.py [line:442] _finalize_output INFO node: 2 epoch: 52 run: 42.158485, total delivered Txs after warm-up: 1564000, average delay after warm-up: 1.815991,  tps after warm-up: 162229.054597, average vaba delay after warm-up: 0.740618 
2022-04-07 14:32:24,187 ng_k_s.py [line:276] catch INFO sid: 2: 0 txs batches need to call help after 50ms in epoch 52, 0 in total, 0.000000  
2022-04-07 14:32:24,237 ng_k_s.py [line:290] catch INFO sid: 2: 0 txs batches need to call help after 100ms in epoch 52, 0 in total, 0.000000  
2022-04-07 14:32:24,815 nwabc.py [line:105] handel_messages INFO sid: sidAnw12, 0 catch up in total 
2022-04-07 14:32:24,919 ng_k_s.py [line:318] _run_VABA_round INFO sid: 2: 0 txs batches need to call help in epoch 53, 0 in total, 0.000000  
2022-04-07 14:32:24,921 ng_k_s.py [line:442] _finalize_output INFO node: 2 epoch: 53 run: 42.944159, total delivered Txs after warm-up: 1678000, average delay after warm-up: 1.816026,  tps after warm-up: 160938.187460, average vaba delay after warm-up: 0.743803 
2022-04-07 14:32:24,971 nwabc.py [line:105] handel_messages INFO sid: sidAnw13, 0 catch up in total 
2022-04-07 14:32:24,972 ng_k_s.py [line:276] catch INFO sid: 2: 0 txs batches need to call help after 50ms in epoch 53, 0 in total, 0.000000  
2022-04-07 14:32:25,023 ng_k_s.py [line:290] catch INFO sid: 2: 0 txs batches need to call help after 100ms in epoch 53, 0 in total, 0.000000  
2022-04-07 14:32:25,592 ng_k_s.py [line:318] _run_VABA_round INFO sid: 2: 0 txs batches need to call help in epoch 54, 0 in total, 0.000000  
2022-04-07 14:32:25,593 ng_k_s.py [line:442] _finalize_output INFO node: 2 epoch: 54 run: 43.615483, total delivered Txs after warm-up: 1822000, average delay after warm-up: 1.805534,  tps after warm-up: 164178.348221, average vaba delay after warm-up: 0.738935 
2022-04-07 14:32:25,644 ng_k_s.py [line:276] catch INFO sid: 2: 0 txs batches need to call help after 50ms in epoch 54, 0 in total, 0.000000  
2022-04-07 14:32:25,695 ng_k_s.py [line:290] catch INFO sid: 2: 0 txs batches need to call help after 100ms in epoch 54, 0 in total, 0.000000  
2022-04-07 14:32:26,348 ng_k_s.py [line:318] _run_VABA_round INFO sid: 2: 0 txs batches need to call help in epoch 55, 0 in total, 0.000000  
2022-04-07 14:32:26,350 ng_k_s.py [line:442] _finalize_output INFO node: 2 epoch: 55 run: 44.372655, total delivered Txs after warm-up: 1926000, average delay after warm-up: 1.799969,  tps after warm-up: 162465.016693, average vaba delay after warm-up: 0.740044 
2022-04-07 14:32:26,401 ng_k_s.py [line:276] catch INFO sid: 2: 0 txs batches need to call help after 50ms in epoch 55, 0 in total, 0.000000  
2022-04-07 14:32:26,452 ng_k_s.py [line:290] catch INFO sid: 2: 0 txs batches need to call help after 100ms in epoch 55, 0 in total, 0.000000  
2022-04-07 14:32:26,477 nwabc.py [line:105] handel_messages INFO sid: sidAnw16, 0 catch up in total 
2022-04-07 14:32:26,983 nwabc.py [line:105] handel_messages INFO sid: sidAnw17, 0 catch up in total 
2022-04-07 14:32:27,074 ng_k_s.py [line:318] _run_VABA_round INFO sid: 2: 0 txs batches need to call help in epoch 56, 0 in total, 0.000000  
2022-04-07 14:32:27,077 ng_k_s.py [line:442] _finalize_output INFO node: 2 epoch: 56 run: 45.099523, total delivered Txs after warm-up: 2052000, average delay after warm-up: 1.794008,  tps after warm-up: 163093.667145, average vaba delay after warm-up: 0.739215 
2022-04-07 14:32:27,128 ng_k_s.py [line:276] catch INFO sid: 2: 0 txs batches need to call help after 50ms in epoch 56, 0 in total, 0.000000  
2022-04-07 14:32:27,179 ng_k_s.py [line:290] catch INFO sid: 2: 0 txs batches need to call help after 100ms in epoch 56, 0 in total, 0.000000  
2022-04-07 14:32:27,520 nwabc.py [line:105] handel_messages INFO sid: sidAnw2, 0 catch up in total 
2022-04-07 14:32:27,655 nwabc.py [line:105] handel_messages INFO sid: sidAnw3, 0 catch up in total 
2022-04-07 14:32:27,839 ng_k_s.py [line:318] _run_VABA_round INFO sid: 2: 0 txs batches need to call help in epoch 57, 0 in total, 0.000000  
2022-04-07 14:32:27,839 ng_k_s.py [line:442] _finalize_output INFO node: 2 epoch: 57 run: 45.862175, total delivered Txs after warm-up: 2166000, average delay after warm-up: 1.790395,  tps after warm-up: 162315.528584, average vaba delay after warm-up: 0.740499 
2022-04-07 14:32:27,892 ng_k_s.py [line:276] catch INFO sid: 2: 0 txs batches need to call help after 50ms in epoch 57, 0 in total, 0.000000  
2022-04-07 14:32:27,942 ng_k_s.py [line:290] catch INFO sid: 2: 0 txs batches need to call help after 100ms in epoch 57, 0 in total, 0.000000  
2022-04-07 14:32:28,543 ng_k_s.py [line:318] _run_VABA_round INFO sid: 2: 0 txs batches need to call help in epoch 58, 0 in total, 0.000000  
2022-04-07 14:32:28,546 ng_k_s.py [line:442] _finalize_output INFO node: 2 epoch: 58 run: 46.568700, total delivered Txs after warm-up: 2282000, average delay after warm-up: 1.787409,  tps after warm-up: 162409.470455, average vaba delay after warm-up: 0.738593 
2022-04-07 14:32:28,597 ng_k_s.py [line:276] catch INFO sid: 2: 0 txs batches need to call help after 50ms in epoch 58, 0 in total, 0.000000  
2022-04-07 14:32:28,648 ng_k_s.py [line:290] catch INFO sid: 2: 0 txs batches need to call help after 100ms in epoch 58, 0 in total, 0.000000  
2022-04-07 14:32:29,352 ng_k_s.py [line:318] _run_VABA_round INFO sid: 2: 0 txs batches need to call help in epoch 59, 0 in total, 0.000000  
2022-04-07 14:32:29,353 ng_k_s.py [line:442] _finalize_output INFO node: 2 epoch: 59 run: 47.375618, total delivered Txs after warm-up: 2402000, average delay after warm-up: 1.788853,  tps after warm-up: 161665.677197, average vaba delay after warm-up: 0.741965 
2022-04-07 14:32:29,404 ng_k_s.py [line:276] catch INFO sid: 2: 0 txs batches need to call help after 50ms in epoch 59, 0 in total, 0.000000  
2022-04-07 14:32:29,454 ng_k_s.py [line:290] catch INFO sid: 2: 0 txs batches need to call help after 100ms in epoch 59, 0 in total, 0.000000  
2022-04-07 14:32:30,023 ng_k_s.py [line:318] _run_VABA_round INFO sid: 2: 0 txs batches need to call help in epoch 60, 0 in total, 0.000000  
2022-04-07 14:32:30,023 ng_k_s.py [line:442] _finalize_output INFO node: 2 epoch: 60 run: 48.046404, total delivered Txs after warm-up: 2550000, average delay after warm-up: 1.781983,  tps after warm-up: 164213.043838, average vaba delay after warm-up: 0.738560 
2022-04-07 14:32:30,074 ng_k_s.py [line:276] catch INFO sid: 2: 0 txs batches need to call help after 50ms in epoch 60, 0 in total, 0.000000  
2022-04-07 14:32:30,125 ng_k_s.py [line:290] catch INFO sid: 2: 0 txs batches need to call help after 100ms in epoch 60, 0 in total, 0.000000  
2022-04-07 14:32:30,820 ng_k_s.py [line:318] _run_VABA_round INFO sid: 2: 0 txs batches need to call help in epoch 61, 0 in total, 0.000000  
2022-04-07 14:32:30,822 ng_k_s.py [line:442] _finalize_output INFO node: 2 epoch: 61 run: 48.844971, total delivered Txs after warm-up: 2658000, average delay after warm-up: 1.778448,  tps after warm-up: 162796.068488, average vaba delay after warm-up: 0.741274 
2022-04-07 14:32:30,874 ng_k_s.py [line:276] catch INFO sid: 2: 0 txs batches need to call help after 50ms in epoch 61, 0 in total, 0.000000  
2022-04-07 14:32:30,924 ng_k_s.py [line:290] catch INFO sid: 2: 0 txs batches need to call help after 100ms in epoch 61, 0 in total, 0.000000  
2022-04-07 14:32:31,533 ng_k_s.py [line:318] _run_VABA_round INFO sid: 2: 0 txs batches need to call help in epoch 62, 0 in total, 0.000000  
2022-04-07 14:32:31,536 ng_k_s.py [line:442] _finalize_output INFO node: 2 epoch: 62 run: 49.558606, total delivered Txs after warm-up: 2792000, average delay after warm-up: 1.772448,  tps after warm-up: 163841.973663, average vaba delay after warm-up: 0.740057 
2022-04-07 14:32:31,587 ng_k_s.py [line:276] catch INFO sid: 2: 0 txs batches need to call help after 50ms in epoch 62, 0 in total, 0.000000  
2022-04-07 14:32:31,638 ng_k_s.py [line:290] catch INFO sid: 2: 0 txs batches need to call help after 100ms in epoch 62, 0 in total, 0.000000  
2022-04-07 14:32:32,393 ng_k_s.py [line:318] _run_VABA_round INFO sid: 2: 0 txs batches need to call help in epoch 63, 0 in total, 0.000000  
2022-04-07 14:32:32,396 ng_k_s.py [line:442] _finalize_output INFO node: 2 epoch: 63 run: 50.418582, total delivered Txs after warm-up: 2902000, average delay after warm-up: 1.772630,  tps after warm-up: 162115.778485, average vaba delay after warm-up: 0.745040 
2022-04-07 14:32:32,448 ng_k_s.py [line:276] catch INFO sid: 2: 0 txs batches need to call help after 50ms in epoch 63, 0 in total, 0.000000  
2022-04-07 14:32:32,499 ng_k_s.py [line:290] catch INFO sid: 2: 0 txs batches need to call help after 100ms in epoch 63, 0 in total, 0.000000  
2022-04-07 14:32:32,524 nwabc.py [line:105] handel_messages INFO sid: sidAnw6, 0 catch up in total 
2022-04-07 14:32:33,045 nwabc.py [line:105] handel_messages INFO sid: sidAnw7, 0 catch up in total 
2022-04-07 14:32:33,124 ng_k_s.py [line:318] _run_VABA_round INFO sid: 2: 0 txs batches need to call help in epoch 64, 0 in total, 0.000000  
2022-04-07 14:32:33,126 ng_k_s.py [line:442] _finalize_output INFO node: 2 epoch: 64 run: 51.149118, total delivered Txs after warm-up: 3038000, average delay after warm-up: 1.771743,  tps after warm-up: 163058.744639, average vaba delay after warm-up: 0.744440 
2022-04-07 14:32:33,177 ng_k_s.py [line:276] catch INFO sid: 2: 0 txs batches need to call help after 50ms in epoch 64, 0 in total, 0.000000  
2022-04-07 14:32:33,228 ng_k_s.py [line:290] catch INFO sid: 2: 0 txs batches need to call help after 100ms in epoch 64, 0 in total, 0.000000  
2022-04-07 14:32:33,828 ng_k_s.py [line:318] _run_VABA_round INFO sid: 2: 0 txs batches need to call help in epoch 65, 0 in total, 0.000000  
2022-04-07 14:32:33,831 ng_k_s.py [line:442] _finalize_output INFO node: 2 epoch: 65 run: 51.853482, total delivered Txs after warm-up: 3170000, average delay after warm-up: 1.766411,  tps after warm-up: 163945.567030, average vaba delay after warm-up: 0.742882 
2022-04-07 14:32:33,883 ng_k_s.py [line:276] catch INFO sid: 2: 0 txs batches need to call help after 50ms in epoch 65, 0 in total, 0.000000  
2022-04-07 14:32:33,934 ng_k_s.py [line:290] catch INFO sid: 2: 0 txs batches need to call help after 100ms in epoch 65, 0 in total, 0.000000  
2022-04-07 14:32:34,582 ng_k_s.py [line:318] _run_VABA_round INFO sid: 2: 0 txs batches need to call help in epoch 66, 0 in total, 0.000000  
2022-04-07 14:32:34,585 ng_k_s.py [line:442] _finalize_output INFO node: 2 epoch: 66 run: 52.607916, total delivered Txs after warm-up: 3284000, average delay after warm-up: 1.763181,  tps after warm-up: 163463.431200, average vaba delay after warm-up: 0.743285 
2022-04-07 14:32:34,636 ng_k_s.py [line:276] catch INFO sid: 2: 0 txs batches need to call help after 50ms in epoch 66, 0 in total, 0.000000  
2022-04-07 14:32:34,686 ng_k_s.py [line:290] catch INFO sid: 2: 0 txs batches need to call help after 100ms in epoch 66, 0 in total, 0.000000  
2022-04-07 14:32:35,432 ng_k_s.py [line:318] _run_VABA_round INFO sid: 2: 0 txs batches need to call help in epoch 67, 0 in total, 0.000000  
2022-04-07 14:32:35,432 ng_k_s.py [line:442] _finalize_output INFO node: 2 epoch: 67 run: 53.455461, total delivered Txs after warm-up: 3402000, average delay after warm-up: 1.764738,  tps after warm-up: 162482.296193, average vaba delay after warm-up: 0.746996 
2022-04-07 14:32:35,485 ng_k_s.py [line:276] catch INFO sid: 2: 0 txs batches need to call help after 50ms in epoch 67, 0 in total, 0.000000  
2022-04-07 14:32:35,536 ng_k_s.py [line:290] catch INFO sid: 2: 0 txs batches need to call help after 100ms in epoch 67, 0 in total, 0.000000  
2022-04-07 14:32:36,101 ng_k_s.py [line:318] _run_VABA_round INFO sid: 2: 0 txs batches need to call help in epoch 68, 0 in total, 0.000000  
2022-04-07 14:32:36,101 ng_k_s.py [line:442] _finalize_output INFO node: 2 epoch: 68 run: 54.124229, total delivered Txs after warm-up: 3538000, average delay after warm-up: 1.761771,  tps after warm-up: 163747.525373, average vaba delay after warm-up: 0.744221 
2022-04-07 14:32:36,154 ng_k_s.py [line:276] catch INFO sid: 2: 0 txs batches need to call help after 50ms in epoch 68, 0 in total, 0.000000  
2022-04-07 14:32:36,204 ng_k_s.py [line:290] catch INFO sid: 2: 0 txs batches need to call help after 100ms in epoch 68, 0 in total, 0.000000  
2022-04-07 14:32:36,405 nwabc.py [line:105] handel_messages INFO sid: sidAnw24, 0 catch up in total 
2022-04-07 14:32:36,599 nwabc.py [line:105] handel_messages INFO sid: sidAnw25, 0 catch up in total 
2022-04-07 14:32:36,808 ng_k_s.py [line:318] _run_VABA_round INFO sid: 2: 0 txs batches need to call help in epoch 69, 0 in total, 0.000000  
2022-04-07 14:32:36,810 ng_k_s.py [line:442] _finalize_output INFO node: 2 epoch: 69 run: 54.832768, total delivered Txs after warm-up: 3658000, average delay after warm-up: 1.758007,  tps after warm-up: 163925.813320, average vaba delay after warm-up: 0.742971 
2022-04-07 14:32:36,860 ng_k_s.py [line:276] catch INFO sid: 2: 0 txs batches need to call help after 50ms in epoch 69, 0 in total, 0.000000  
2022-04-07 14:32:36,911 ng_k_s.py [line:290] catch INFO sid: 2: 0 txs batches need to call help after 100ms in epoch 69, 0 in total, 0.000000  
2022-04-07 14:32:37,550 ng_k_s.py [line:318] _run_VABA_round INFO sid: 2: 0 txs batches need to call help in epoch 70, 0 in total, 0.000000  
2022-04-07 14:32:37,552 ng_k_s.py [line:442] _finalize_output INFO node: 2 epoch: 70 run: 55.574964, total delivered Txs after warm-up: 3778000, average delay after warm-up: 1.755024,  tps after warm-up: 163853.600705, average vaba delay after warm-up: 0.742936 
2022-04-07 14:32:37,603 ng_k_s.py [line:276] catch INFO sid: 2: 0 txs batches need to call help after 50ms in epoch 70, 0 in total, 0.000000  
2022-04-07 14:32:37,654 ng_k_s.py [line:290] catch INFO sid: 2: 0 txs batches need to call help after 100ms in epoch 70, 0 in total, 0.000000  
2022-04-07 14:32:38,261 ng_k_s.py [line:318] _run_VABA_round INFO sid: 2: 0 txs batches need to call help in epoch 71, 0 in total, 0.000000  
2022-04-07 14:32:38,263 ng_k_s.py [line:442] _finalize_output INFO node: 2 epoch: 71 run: 56.286298, total delivered Txs after warm-up: 3900000, average delay after warm-up: 1.751199,  tps after warm-up: 164082.697439, average vaba delay after warm-up: 0.741934 
2022-04-07 14:32:38,314 ng_k_s.py [line:276] catch INFO sid: 2: 0 txs batches need to call help after 50ms in epoch 71, 0 in total, 0.000000  
2022-04-07 14:32:38,365 ng_k_s.py [line:290] catch INFO sid: 2: 0 txs batches need to call help after 100ms in epoch 71, 0 in total, 0.000000  
2022-04-07 14:32:38,985 ng_k_s.py [line:318] _run_VABA_round INFO sid: 2: 0 txs batches need to call help in epoch 72, 0 in total, 0.000000  
2022-04-07 14:32:38,988 ng_k_s.py [line:442] _finalize_output INFO node: 2 epoch: 72 run: 57.010588, total delivered Txs after warm-up: 4002000, average delay after warm-up: 1.749405,  tps after warm-up: 163395.009390, average vaba delay after warm-up: 0.741390 
2022-04-07 14:32:39,038 ng_k_s.py [line:276] catch INFO sid: 2: 0 txs batches need to call help after 50ms in epoch 72, 0 in total, 0.000000  
2022-04-07 14:32:39,089 ng_k_s.py [line:290] catch INFO sid: 2: 0 txs batches need to call help after 100ms in epoch 72, 0 in total, 0.000000  
2022-04-07 14:32:39,680 ng_k_s.py [line:318] _run_VABA_round INFO sid: 2: 0 txs batches need to call help in epoch 73, 0 in total, 0.000000  
2022-04-07 14:32:39,682 ng_k_s.py [line:442] _finalize_output INFO node: 2 epoch: 73 run: 57.705355, total delivered Txs after warm-up: 4142000, average delay after warm-up: 1.745236,  tps after warm-up: 164446.259416, average vaba delay after warm-up: 0.740005 
2022-04-07 14:32:39,734 ng_k_s.py [line:276] catch INFO sid: 2: 0 txs batches need to call help after 50ms in epoch 73, 0 in total, 0.000000  
2022-04-07 14:32:39,785 ng_k_s.py [line:290] catch INFO sid: 2: 0 txs batches need to call help after 100ms in epoch 73, 0 in total, 0.000000  
2022-04-07 14:32:40,386 ng_k_s.py [line:318] _run_VABA_round INFO sid: 2: 0 txs batches need to call help in epoch 74, 0 in total, 0.000000  
2022-04-07 14:32:40,388 ng_k_s.py [line:442] _finalize_output INFO node: 2 epoch: 74 run: 58.410920, total delivered Txs after warm-up: 4256000, average delay after warm-up: 1.740691,  tps after warm-up: 164367.957478, average vaba delay after warm-up: 0.739011 
2022-04-07 14:32:40,439 ng_k_s.py [line:276] catch INFO sid: 2: 0 txs batches need to call help after 50ms in epoch 74, 0 in total, 0.000000  
2022-04-07 14:32:40,491 ng_k_s.py [line:290] catch INFO sid: 2: 0 txs batches need to call help after 100ms in epoch 74, 0 in total, 0.000000  
2022-04-07 14:32:41,151 ng_k_s.py [line:318] _run_VABA_round INFO sid: 2: 0 txs batches need to call help in epoch 75, 0 in total, 0.000000  
2022-04-07 14:32:41,153 ng_k_s.py [line:442] _finalize_output INFO node: 2 epoch: 75 run: 59.175972, total delivered Txs after warm-up: 4370000, average delay after warm-up: 1.738034,  tps after warm-up: 163927.194755, average vaba delay after warm-up: 0.739725 
2022-04-07 14:32:41,204 ng_k_s.py [line:276] catch INFO sid: 2: 0 txs batches need to call help after 50ms in epoch 75, 0 in total, 0.000000  
2022-04-07 14:32:41,255 ng_k_s.py [line:290] catch INFO sid: 2: 0 txs batches need to call help after 100ms in epoch 75, 0 in total, 0.000000  
2022-04-07 14:32:41,850 ng_k_s.py [line:318] _run_VABA_round INFO sid: 2: 0 txs batches need to call help in epoch 76, 0 in total, 0.000000  
2022-04-07 14:32:41,852 ng_k_s.py [line:442] _finalize_output INFO node: 2 epoch: 76 run: 59.874924, total delivered Txs after warm-up: 4484000, average delay after warm-up: 1.735686,  tps after warm-up: 163906.093378, average vaba delay after warm-up: 0.738614 
2022-04-07 14:32:41,903 ng_k_s.py [line:276] catch INFO sid: 2: 0 txs batches need to call help after 50ms in epoch 76, 0 in total, 0.000000  
2022-04-07 14:32:41,955 ng_k_s.py [line:290] catch INFO sid: 2: 0 txs batches need to call help after 100ms in epoch 76, 0 in total, 0.000000  
2022-04-07 14:32:42,211 nwabc.py [line:105] handel_messages INFO sid: sidAnw0, 0 catch up in total 
2022-04-07 14:32:42,459 nwabc.py [line:105] handel_messages INFO sid: sidAnw1, 0 catch up in total 
2022-04-07 14:32:42,570 ng_k_s.py [line:318] _run_VABA_round INFO sid: 2: 0 txs batches need to call help in epoch 77, 0 in total, 0.000000  
2022-04-07 14:32:42,572 ng_k_s.py [line:442] _finalize_output INFO node: 2 epoch: 77 run: 60.595393, total delivered Txs after warm-up: 4598000, average delay after warm-up: 1.734290,  tps after warm-up: 163760.447867, average vaba delay after warm-up: 0.738129 
2022-04-07 14:32:42,624 ng_k_s.py [line:276] catch INFO sid: 2: 0 txs batches need to call help after 50ms in epoch 77, 0 in total, 0.000000  
2022-04-07 14:32:42,675 ng_k_s.py [line:290] catch INFO sid: 2: 0 txs batches need to call help after 100ms in epoch 77, 0 in total, 0.000000  
2022-04-07 14:32:43,261 ng_k_s.py [line:318] _run_VABA_round INFO sid: 2: 0 txs batches need to call help in epoch 78, 0 in total, 0.000000  
2022-04-07 14:32:43,263 ng_k_s.py [line:442] _finalize_output INFO node: 2 epoch: 78 run: 61.286397, total delivered Txs after warm-up: 4738000, average delay after warm-up: 1.730430,  tps after warm-up: 164693.441018, average vaba delay after warm-up: 0.736912 
2022-04-07 14:32:43,314 ng_k_s.py [line:276] catch INFO sid: 2: 0 txs batches need to call help after 50ms in epoch 78, 0 in total, 0.000000  
2022-04-07 14:32:43,365 ng_k_s.py [line:290] catch INFO sid: 2: 0 txs batches need to call help after 100ms in epoch 78, 0 in total, 0.000000  
2022-04-07 14:32:43,977 ng_k_s.py [line:318] _run_VABA_round INFO sid: 2: 0 txs batches need to call help in epoch 79, 0 in total, 0.000000  
2022-04-07 14:32:43,980 ng_k_s.py [line:442] _finalize_output INFO node: 2 epoch: 79 run: 62.002538, total delivered Txs after warm-up: 4836000, average delay after warm-up: 1.727714,  tps after warm-up: 164017.034095, average vaba delay after warm-up: 0.736377 
2022-04-07 14:32:44,032 ng_k_s.py [line:276] catch INFO sid: 2: 0 txs batches need to call help after 50ms in epoch 79, 0 in total, 0.000000  
2022-04-07 14:32:44,082 ng_k_s.py [line:290] catch INFO sid: 2: 0 txs batches need to call help after 100ms in epoch 79, 0 in total, 0.000000  
2022-04-07 14:32:44,653 ng_k_s.py [line:318] _run_VABA_round INFO sid: 2: 0 txs batches need to call help in epoch 80, 0 in total, 0.000000  
2022-04-07 14:32:44,654 ng_k_s.py [line:442] _finalize_output INFO node: 2 epoch: 80 run: 62.676669, total delivered Txs after warm-up: 4960000, average delay after warm-up: 1.724164,  tps after warm-up: 164462.375906, average vaba delay after warm-up: 0.734851 
2022-04-07 14:32:44,707 ng_k_s.py [line:276] catch INFO sid: 2: 0 txs batches need to call help after 50ms in epoch 80, 0 in total, 0.000000  
2022-04-07 14:32:44,758 ng_k_s.py [line:290] catch INFO sid: 2: 0 txs batches need to call help after 100ms in epoch 80, 0 in total, 0.000000  
2022-04-07 14:32:45,352 ng_k_s.py [line:318] _run_VABA_round INFO sid: 2: 0 txs batches need to call help in epoch 81, 0 in total, 0.000000  
2022-04-07 14:32:45,354 ng_k_s.py [line:442] _finalize_output INFO node: 2 epoch: 81 run: 63.377098, total delivered Txs after warm-up: 5074000, average delay after warm-up: 1.720664,  tps after warm-up: 164423.676050, average vaba delay after warm-up: 0.733978 
2022-04-07 14:32:45,405 ng_k_s.py [line:276] catch INFO sid: 2: 0 txs batches need to call help after 50ms in epoch 81, 0 in total, 0.000000  
2022-04-07 14:32:45,456 ng_k_s.py [line:290] catch INFO sid: 2: 0 txs batches need to call help after 100ms in epoch 81, 0 in total, 0.000000  
2022-04-07 14:32:45,860 nwabc.py [line:105] handel_messages INFO sid: sidAnw4, 0 catch up in total 
2022-04-07 14:32:45,974 nwabc.py [line:105] handel_messages INFO sid: sidAnw5, 0 catch up in total 
2022-04-07 14:32:46,180 ng_k_s.py [line:318] _run_VABA_round INFO sid: 2: 0 txs batches need to call help in epoch 82, 0 in total, 0.000000  
2022-04-07 14:32:46,182 ng_k_s.py [line:442] _finalize_output INFO node: 2 epoch: 82 run: 64.205062, total delivered Txs after warm-up: 5188000, average delay after warm-up: 1.720612,  tps after warm-up: 163725.073117, average vaba delay after warm-up: 0.736156 
2022-04-07 14:32:46,233 ng_k_s.py [line:276] catch INFO sid: 2: 0 txs batches need to call help after 50ms in epoch 82, 0 in total, 0.000000  
2022-04-07 14:32:46,284 ng_k_s.py [line:290] catch INFO sid: 2: 0 txs batches need to call help after 100ms in epoch 82, 0 in total, 0.000000  
2022-04-07 14:32:46,826 ng_k_s.py [line:318] _run_VABA_round INFO sid: 2: 0 txs batches need to call help in epoch 83, 0 in total, 0.000000  
2022-04-07 14:32:46,829 ng_k_s.py [line:442] _finalize_output INFO node: 2 epoch: 83 run: 64.851536, total delivered Txs after warm-up: 5324000, average delay after warm-up: 1.717280,  tps after warm-up: 164657.721668, average vaba delay after warm-up: 0.734101 
2022-04-07 14:32:46,880 ng_k_s.py [line:276] catch INFO sid: 2: 0 txs batches need to call help after 50ms in epoch 83, 0 in total, 0.000000  
2022-04-07 14:32:46,931 ng_k_s.py [line:290] catch INFO sid: 2: 0 txs batches need to call help after 100ms in epoch 83, 0 in total, 0.000000  
2022-04-07 14:32:47,116 nwabc.py [line:105] handel_messages INFO sid: sidAnw14, 0 catch up in total 
2022-04-07 14:32:47,291 nwabc.py [line:105] handel_messages INFO sid: sidAnw29, 0 catch up in total 
2022-04-07 14:32:47,532 nwabc.py [line:105] handel_messages INFO sid: sidAnw15, 0 catch up in total 
2022-04-07 14:32:47,565 ng_k_s.py [line:318] _run_VABA_round INFO sid: 2: 0 txs batches need to call help in epoch 84, 0 in total, 0.000000  
2022-04-07 14:32:47,567 ng_k_s.py [line:442] _finalize_output INFO node: 2 epoch: 84 run: 65.590271, total delivered Txs after warm-up: 5418000, average delay after warm-up: 1.716290,  tps after warm-up: 163822.028107, average vaba delay after warm-up: 0.734197 
2022-04-07 14:32:47,618 ng_k_s.py [line:276] catch INFO sid: 2: 0 txs batches need to call help after 50ms in epoch 84, 0 in total, 0.000000  
2022-04-07 14:32:47,668 ng_k_s.py [line:290] catch INFO sid: 2: 0 txs batches need to call help after 100ms in epoch 84, 0 in total, 0.000000  
2022-04-07 14:32:47,672 nwabc.py [line:105] handel_messages INFO sid: sidAnw26, 0 catch up in total 
2022-04-07 14:32:47,860 nwabc.py [line:105] handel_messages INFO sid: sidAnw28, 0 catch up in total 
2022-04-07 14:32:48,191 nwabc.py [line:105] handel_messages INFO sid: sidAnw27, 0 catch up in total 
2022-04-07 14:32:48,248 ng_k_s.py [line:318] _run_VABA_round INFO sid: 2: 0 txs batches need to call help in epoch 85, 0 in total, 0.000000  
2022-04-07 14:32:48,251 ng_k_s.py [line:442] _finalize_output INFO node: 2 epoch: 85 run: 66.273594, total delivered Txs after warm-up: 5550000, average delay after warm-up: 1.714539,  tps after warm-up: 164416.196143, average vaba delay after warm-up: 0.733084 
2022-04-07 14:32:48,302 ng_k_s.py [line:276] catch INFO sid: 2: 0 txs batches need to call help after 50ms in epoch 85, 0 in total, 0.000000  
2022-04-07 14:32:48,353 ng_k_s.py [line:290] catch INFO sid: 2: 0 txs batches need to call help after 100ms in epoch 85, 0 in total, 0.000000  
2022-04-07 14:32:48,878 nwabc.py [line:105] handel_messages INFO sid: sidAnw22, 0 catch up in total 
2022-04-07 14:32:49,027 nwabc.py [line:105] handel_messages INFO sid: sidAnw23, 0 catch up in total 
2022-04-07 14:32:49,138 ng_k_s.py [line:318] _run_VABA_round INFO sid: 2: 0 txs batches need to call help in epoch 86, 0 in total, 0.000000  
2022-04-07 14:32:49,141 ng_k_s.py [line:442] _finalize_output INFO node: 2 epoch: 86 run: 67.163610, total delivered Txs after warm-up: 5660000, average delay after warm-up: 1.716264,  tps after warm-up: 163367.495239, average vaba delay after warm-up: 0.736417 
2022-04-07 14:32:49,192 ng_k_s.py [line:276] catch INFO sid: 2: 0 txs batches need to call help after 50ms in epoch 86, 0 in total, 0.000000  
2022-04-07 14:32:49,243 ng_k_s.py [line:290] catch INFO sid: 2: 0 txs batches need to call help after 100ms in epoch 86, 0 in total, 0.000000  
2022-04-07 14:32:49,861 ng_k_s.py [line:318] _run_VABA_round INFO sid: 2: 0 txs batches need to call help in epoch 87, 0 in total, 0.000000  
2022-04-07 14:32:49,863 ng_k_s.py [line:442] _finalize_output INFO node: 2 epoch: 87 run: 67.885595, total delivered Txs after warm-up: 5796000, average delay after warm-up: 1.717866,  tps after warm-up: 163877.880944, average vaba delay after warm-up: 0.736109 
2022-04-07 14:32:49,914 ng_k_s.py [line:276] catch INFO sid: 2: 0 txs batches need to call help after 50ms in epoch 87, 0 in total, 0.000000  
2022-04-07 14:32:49,965 ng_k_s.py [line:290] catch INFO sid: 2: 0 txs batches need to call help after 100ms in epoch 87, 0 in total, 0.000000  
2022-04-07 14:32:49,978 nwabc.py [line:105] handel_messages INFO sid: sidAnw20, 0 catch up in total 
2022-04-07 14:32:50,049 nwabc.py [line:105] handel_messages INFO sid: sidAnw21, 0 catch up in total 
2022-04-07 14:32:50,569 ng_k_s.py [line:318] _run_VABA_round INFO sid: 2: 0 txs batches need to call help in epoch 88, 0 in total, 0.000000  
2022-04-07 14:32:50,571 ng_k_s.py [line:442] _finalize_output INFO node: 2 epoch: 88 run: 68.594320, total delivered Txs after warm-up: 5930000, average delay after warm-up: 1.717068,  tps after warm-up: 164372.817050, average vaba delay after warm-up: 0.735537 
2022-04-07 14:32:50,623 ng_k_s.py [line:276] catch INFO sid: 2: 0 txs batches need to call help after 50ms in epoch 88, 0 in total, 0.000000  
2022-04-07 14:32:50,674 ng_k_s.py [line:290] catch INFO sid: 2: 0 txs batches need to call help after 100ms in epoch 88, 0 in total, 0.000000  
2022-04-07 14:32:51,312 ng_k_s.py [line:318] _run_VABA_round INFO sid: 2: 0 txs batches need to call help in epoch 89, 0 in total, 0.000000  
2022-04-07 14:32:51,314 ng_k_s.py [line:442] _finalize_output INFO node: 2 epoch: 89 run: 69.337330, total delivered Txs after warm-up: 6044000, average delay after warm-up: 1.716716,  tps after warm-up: 164151.994712, average vaba delay after warm-up: 0.735674 
2022-04-07 14:32:51,365 ng_k_s.py [line:276] catch INFO sid: 2: 0 txs batches need to call help after 50ms in epoch 89, 0 in total, 0.000000  
2022-04-07 14:32:51,416 ng_k_s.py [line:290] catch INFO sid: 2: 0 txs batches need to call help after 100ms in epoch 89, 0 in total, 0.000000  
2022-04-07 14:32:51,993 ng_k_s.py [line:318] _run_VABA_round INFO sid: 2: 0 txs batches need to call help in epoch 90, 0 in total, 0.000000  
2022-04-07 14:32:51,995 ng_k_s.py [line:442] _finalize_output INFO node: 2 epoch: 90 run: 70.017681, total delivered Txs after warm-up: 6182000, average delay after warm-up: 1.714235,  tps after warm-up: 164853.835379, average vaba delay after warm-up: 0.734583 
2022-04-07 14:32:52,045 ng_k_s.py [line:276] catch INFO sid: 2: 0 txs batches need to call help after 50ms in epoch 90, 0 in total, 0.000000  
2022-04-07 14:32:52,096 ng_k_s.py [line:290] catch INFO sid: 2: 0 txs batches need to call help after 100ms in epoch 90, 0 in total, 0.000000  
2022-04-07 14:32:53,733 ng_k_s.py [line:318] _run_VABA_round INFO sid: 2: 0 txs batches need to call help in epoch 91, 0 in total, 0.000000  
2022-04-07 14:32:53,735 ng_k_s.py [line:442] _finalize_output INFO node: 2 epoch: 91 run: 71.757852, total delivered Txs after warm-up: 6284000, average delay after warm-up: 1.729224,  tps after warm-up: 160142.480876, average vaba delay after warm-up: 0.753914 
2022-04-07 14:32:53,788 ng_k_s.py [line:276] catch INFO sid: 2: 0 txs batches need to call help after 50ms in epoch 91, 0 in total, 0.000000  
2022-04-07 14:32:53,838 ng_k_s.py [line:290] catch INFO sid: 2: 0 txs batches need to call help after 100ms in epoch 91, 0 in total, 0.000000  
2022-04-07 14:32:54,280 nwabc.py [line:105] handel_messages INFO sid: sidAnw8, 0 catch up in total 
2022-04-07 14:32:54,356 nwabc.py [line:105] handel_messages INFO sid: sidAnw9, 0 catch up in total 
2022-04-07 14:32:54,432 ng_k_s.py [line:318] _run_VABA_round INFO sid: 2: 0 txs batches need to call help in epoch 92, 0 in total, 0.000000  
2022-04-07 14:32:54,434 ng_k_s.py [line:442] _finalize_output INFO node: 2 epoch: 92 run: 72.456826, total delivered Txs after warm-up: 6574000, average delay after warm-up: 1.747846,  tps after warm-up: 164600.892209, average vaba delay after warm-up: 0.752872 
2022-04-07 14:32:54,486 ng_k_s.py [line:276] catch INFO sid: 2: 0 txs batches need to call help after 50ms in epoch 92, 0 in total, 0.000000  
2022-04-07 14:32:54,537 ng_k_s.py [line:290] catch INFO sid: 2: 0 txs batches need to call help after 100ms in epoch 92, 0 in total, 0.000000  
2022-04-07 14:32:55,155 ng_k_s.py [line:318] _run_VABA_round INFO sid: 2: 0 txs batches need to call help in epoch 93, 0 in total, 0.000000  
2022-04-07 14:32:55,157 ng_k_s.py [line:442] _finalize_output INFO node: 2 epoch: 93 run: 73.179997, total delivered Txs after warm-up: 6696000, average delay after warm-up: 1.746191,  tps after warm-up: 164673.819142, average vaba delay after warm-up: 0.752316 
2022-04-07 14:32:55,208 ng_k_s.py [line:276] catch INFO sid: 2: 0 txs batches need to call help after 50ms in epoch 93, 0 in total, 0.000000  
2022-04-07 14:32:55,258 ng_k_s.py [line:290] catch INFO sid: 2: 0 txs batches need to call help after 100ms in epoch 93, 0 in total, 0.000000  
2022-04-07 14:32:56,071 ng_k_s.py [line:318] _run_VABA_round INFO sid: 2: 0 txs batches need to call help in epoch 94, 0 in total, 0.000000  
2022-04-07 14:32:56,071 ng_k_s.py [line:442] _finalize_output INFO node: 2 epoch: 94 run: 74.093931, total delivered Txs after warm-up: 6804000, average delay after warm-up: 1.748373,  tps after warm-up: 163651.574973, average vaba delay after warm-up: 0.755248 
2022-04-07 14:32:56,125 ng_k_s.py [line:276] catch INFO sid: 2: 0 txs batches need to call help after 50ms in epoch 94, 0 in total, 0.000000  
2022-04-07 14:32:56,176 ng_k_s.py [line:290] catch INFO sid: 2: 0 txs batches need to call help after 100ms in epoch 94, 0 in total, 0.000000  
2022-04-07 14:32:56,206 nwabc.py [line:105] handel_messages INFO sid: sidAnw31, 0 catch up in total 
2022-04-07 14:32:56,279 nwabc.py [line:105] handel_messages INFO sid: sidAnw30, 0 catch up in total 
2022-04-07 14:32:56,703 nwabc.py [line:105] handel_messages INFO sid: sidAnw10, 0 catch up in total 
2022-04-07 14:32:56,812 ng_k_s.py [line:318] _run_VABA_round INFO sid: 2: 0 txs batches need to call help in epoch 95, 0 in total, 0.000000  
2022-04-07 14:32:56,813 ng_k_s.py [line:442] _finalize_output INFO node: 2 epoch: 95 run: 74.835580, total delivered Txs after warm-up: 6948000, average delay after warm-up: 1.750581,  tps after warm-up: 164186.287990, average vaba delay after warm-up: 0.754965 
2022-04-07 14:32:56,866 ng_k_s.py [line:276] catch INFO sid: 2: 0 txs batches need to call help after 50ms in epoch 95, 0 in total, 0.000000  
2022-04-07 14:32:56,916 ng_k_s.py [line:290] catch INFO sid: 2: 0 txs batches need to call help after 100ms in epoch 95, 0 in total, 0.000000  
2022-04-07 14:32:57,244 nwabc.py [line:105] handel_messages INFO sid: sidAnw11, 0 catch up in total 
2022-04-07 14:32:57,541 ng_k_s.py [line:318] _run_VABA_round INFO sid: 2: 0 txs batches need to call help in epoch 96, 0 in total, 0.000000  
2022-04-07 14:32:57,544 ng_k_s.py [line:442] _finalize_output INFO node: 2 epoch: 96 run: 75.567125, total delivered Txs after warm-up: 7082000, average delay after warm-up: 1.750709,  tps after warm-up: 164508.949149, average vaba delay after warm-up: 0.754511 
2022-04-07 14:32:57,595 ng_k_s.py [line:276] catch INFO sid: 2: 0 txs batches need to call help after 50ms in epoch 96, 0 in total, 0.000000  
2022-04-07 14:32:57,647 ng_k_s.py [line:290] catch INFO sid: 2: 0 txs batches need to call help after 100ms in epoch 96, 0 in total, 0.000000  
2022-04-07 14:32:58,252 ng_k_s.py [line:318] _run_VABA_round INFO sid: 2: 0 txs batches need to call help in epoch 97, 0 in total, 0.000000  
2022-04-07 14:32:58,254 ng_k_s.py [line:442] _finalize_output INFO node: 2 epoch: 97 run: 76.277011, total delivered Txs after warm-up: 7212000, average delay after warm-up: 1.749261,  tps after warm-up: 164810.997247, average vaba delay after warm-up: 0.753733 
2022-04-07 14:32:58,305 ng_k_s.py [line:276] catch INFO sid: 2: 0 txs batches need to call help after 50ms in epoch 97, 0 in total, 0.000000  
2022-04-07 14:32:58,356 ng_k_s.py [line:290] catch INFO sid: 2: 0 txs batches need to call help after 100ms in epoch 97, 0 in total, 0.000000  
2022-04-07 14:32:58,964 ng_k_s.py [line:318] _run_VABA_round INFO sid: 2: 0 txs batches need to call help in epoch 98, 0 in total, 0.000000  
2022-04-07 14:32:58,966 ng_k_s.py [line:442] _finalize_output INFO node: 2 epoch: 98 run: 76.989271, total delivered Txs after warm-up: 7316000, average delay after warm-up: 1.748635,  tps after warm-up: 164509.944001, average vaba delay after warm-up: 0.753025 
2022-04-07 14:32:59,007 nwabc.py [line:105] handel_messages INFO sid: sidAnw18, 0 catch up in total 
2022-04-07 14:32:59,018 ng_k_s.py [line:276] catch INFO sid: 2: 0 txs batches need to call help after 50ms in epoch 98, 0 in total, 0.000000  
2022-04-07 14:32:59,068 ng_k_s.py [line:290] catch INFO sid: 2: 0 txs batches need to call help after 100ms in epoch 98, 0 in total, 0.000000  
2022-04-07 14:32:59,670 ng_k_s.py [line:318] _run_VABA_round INFO sid: 2: 0 txs batches need to call help in epoch 99, 0 in total, 0.000000  
2022-04-07 14:32:59,672 ng_k_s.py [line:442] _finalize_output INFO node: 2 epoch: 99 run: 77.694758, total delivered Txs after warm-up: 7460000, average delay after warm-up: 1.746370,  tps after warm-up: 165128.409016, average vaba delay after warm-up: 0.752226 
2022-04-07 14:32:59,678 nwabc.py [line:105] handel_messages INFO sid: sidAnw19, 0 catch up in total 
2022-04-07 14:32:59,724 ng_k_s.py [line:276] catch INFO sid: 2: 0 txs batches need to call help after 50ms in epoch 99, 0 in total, 0.000000  
2022-04-07 14:32:59,775 ng_k_s.py [line:290] catch INFO sid: 2: 0 txs batches need to call help after 100ms in epoch 99, 0 in total, 0.000000  
2022-04-07 14:33:00,555 ng_k_s.py [line:318] _run_VABA_round INFO sid: 2: 0 txs batches need to call help in epoch 100, 0 in total, 0.000000  
2022-04-07 14:33:00,557 ng_k_s.py [line:442] _finalize_output INFO node: 2 epoch: 100 run: 78.579670, total delivered Txs after warm-up: 7558000, average delay after warm-up: 1.747156,  tps after warm-up: 164083.638823, average vaba delay after warm-up: 0.754391 
2022-04-07 14:33:00,609 ng_k_s.py [line:276] catch INFO sid: 2: 0 txs batches need to call help after 50ms in epoch 100, 0 in total, 0.000000  
2022-04-07 14:33:00,660 ng_k_s.py [line:290] catch INFO sid: 2: 0 txs batches need to call help after 100ms in epoch 100, 0 in total, 0.000000  
2022-04-07 14:33:01,287 ng_k_s.py [line:318] _run_VABA_round INFO sid: 2: 0 txs batches need to call help in epoch 101, 0 in total, 0.000000  
2022-04-07 14:33:01,290 ng_k_s.py [line:442] _finalize_output INFO node: 2 epoch: 101 run: 79.312581, total delivered Txs after warm-up: 7706000, average delay after warm-up: 1.747717,  tps after warm-up: 164676.468906, average vaba delay after warm-up: 0.754032 
2022-04-07 14:33:01,341 ng_k_s.py [line:276] catch INFO sid: 2: 0 txs batches need to call help after 50ms in epoch 101, 0 in total, 0.000000  
2022-04-07 14:33:01,392 ng_k_s.py [line:290] catch INFO sid: 2: 0 txs batches need to call help after 100ms in epoch 101, 0 in total, 0.000000  
2022-04-07 14:33:01,929 ng_k_s.py [line:318] _run_VABA_round INFO sid: 2: 0 txs batches need to call help in epoch 102, 0 in total, 0.000000  
2022-04-07 14:33:01,932 ng_k_s.py [line:442] _finalize_output INFO node: 2 epoch: 102 run: 79.954542, total delivered Txs after warm-up: 7836000, average delay after warm-up: 1.745189,  tps after warm-up: 165188.393444, average vaba delay after warm-up: 0.752248 
2022-04-07 14:33:01,982 ng_k_s.py [line:276] catch INFO sid: 2: 0 txs batches need to call help after 50ms in epoch 102, 0 in total, 0.000000  
2022-04-07 14:33:02,033 ng_k_s.py [line:290] catch INFO sid: 2: 0 txs batches need to call help after 100ms in epoch 102, 0 in total, 0.000000  
2022-04-07 14:33:02,701 ng_k_s.py [line:318] _run_VABA_round INFO sid: 2: 0 txs batches need to call help in epoch 103, 0 in total, 0.000000  
2022-04-07 14:33:02,704 ng_k_s.py [line:442] _finalize_output INFO node: 2 epoch: 103 run: 80.726734, total delivered Txs after warm-up: 7946000, average delay after warm-up: 1.743856,  tps after warm-up: 164824.206263, average vaba delay after warm-up: 0.752554 
2022-04-07 14:33:02,755 ng_k_s.py [line:276] catch INFO sid: 2: 0 txs batches need to call help after 50ms in epoch 103, 0 in total, 0.000000  
2022-04-07 14:33:02,806 ng_k_s.py [line:290] catch INFO sid: 2: 0 txs batches need to call help after 100ms in epoch 103, 0 in total, 0.000000  
2022-04-07 14:33:03,331 ng_k_s.py [line:318] _run_VABA_round INFO sid: 2: 0 txs batches need to call help in epoch 104, 0 in total, 0.000000  
2022-04-07 14:33:03,333 ng_k_s.py [line:442] _finalize_output INFO node: 2 epoch: 104 run: 81.355747, total delivered Txs after warm-up: 8058000, average delay after warm-up: 1.741745,  tps after warm-up: 164994.634024, average vaba delay after warm-up: 0.750648 
2022-04-07 14:33:03,384 ng_k_s.py [line:276] catch INFO sid: 2: 0 txs batches need to call help after 50ms in epoch 104, 0 in total, 0.000000  
2022-04-07 14:33:03,435 ng_k_s.py [line:290] catch INFO sid: 2: 0 txs batches need to call help after 100ms in epoch 104, 0 in total, 0.000000  
2022-04-07 14:33:05,021 ng_k_s.py [line:318] _run_VABA_round INFO sid: 2: 0 txs batches need to call help in epoch 105, 0 in total, 0.000000  
2022-04-07 14:33:05,023 ng_k_s.py [line:442] _finalize_output INFO node: 2 epoch: 105 run: 83.046271, total delivered Txs after warm-up: 8180000, average delay after warm-up: 1.754528,  tps after warm-up: 161888.912672, average vaba delay after warm-up: 0.764884 
2022-04-07 14:33:05,074 ng_k_s.py [line:276] catch INFO sid: 2: 0 txs batches need to call help after 50ms in epoch 105, 0 in total, 0.000000  
2022-04-07 14:33:05,125 ng_k_s.py [line:290] catch INFO sid: 2: 0 txs batches need to call help after 100ms in epoch 105, 0 in total, 0.000000  
2022-04-07 14:33:06,676 ng_k_s.py [line:318] _run_VABA_round INFO sid: 2: 0 txs batches need to call help in epoch 106, 0 in total, 0.000000  
2022-04-07 14:33:06,678 ng_k_s.py [line:442] _finalize_output INFO node: 2 epoch: 106 run: 84.700786, total delivered Txs after warm-up: 8456000, average delay after warm-up: 1.796359,  tps after warm-up: 162045.141300, average vaba delay after warm-up: 0.778157 
2022-04-07 14:33:06,729 ng_k_s.py [line:276] catch INFO sid: 2: 0 txs batches need to call help after 50ms in epoch 106, 0 in total, 0.000000  
2022-04-07 14:33:06,780 ng_k_s.py [line:290] catch INFO sid: 2: 0 txs batches need to call help after 100ms in epoch 106, 0 in total, 0.000000  
2022-04-07 14:33:06,809 nwabc.py [line:105] handel_messages INFO sid: sidAnw13, 0 catch up in total 
2022-04-07 14:33:06,810 nwabc.py [line:105] handel_messages INFO sid: sidAnw12, 0 catch up in total 
2022-04-07 14:33:07,320 ng_k_s.py [line:318] _run_VABA_round INFO sid: 2: 0 txs batches need to call help in epoch 107, 0 in total, 0.000000  
2022-04-07 14:33:07,320 ng_k_s.py [line:442] _finalize_output INFO node: 2 epoch: 107 run: 85.342782, total delivered Txs after warm-up: 8744000, average delay after warm-up: 1.803074,  tps after warm-up: 165527.728189, average vaba delay after warm-up: 0.776150 
2022-04-07 14:33:07,371 ng_k_s.py [line:276] catch INFO sid: 2: 0 txs batches need to call help after 50ms in epoch 107, 0 in total, 0.000000  
2022-04-07 14:33:07,423 ng_k_s.py [line:290] catch INFO sid: 2: 0 txs batches need to call help after 100ms in epoch 107, 0 in total, 0.000000  
2022-04-07 14:33:08,065 ng_k_s.py [line:318] _run_VABA_round INFO sid: 2: 0 txs batches need to call help in epoch 108, 0 in total, 0.000000  
2022-04-07 14:33:08,067 ng_k_s.py [line:442] _finalize_output INFO node: 2 epoch: 108 run: 86.089880, total delivered Txs after warm-up: 8842000, average delay after warm-up: 1.800722,  tps after warm-up: 165048.646036, average vaba delay after warm-up: 0.775725 
2022-04-07 14:33:08,119 ng_k_s.py [line:276] catch INFO sid: 2: 0 txs batches need to call help after 50ms in epoch 108, 0 in total, 0.000000  
2022-04-07 14:33:08,169 ng_k_s.py [line:290] catch INFO sid: 2: 0 txs batches need to call help after 100ms in epoch 108, 0 in total, 0.000000  
2022-04-07 14:33:08,712 ng_k_s.py [line:318] _run_VABA_round INFO sid: 2: 0 txs batches need to call help in epoch 109, 0 in total, 0.000000  
2022-04-07 14:33:08,715 ng_k_s.py [line:442] _finalize_output INFO node: 2 epoch: 109 run: 86.737627, total delivered Txs after warm-up: 8962000, average delay after warm-up: 1.797839,  tps after warm-up: 165290.075550, average vaba delay after warm-up: 0.773892 
2022-04-07 14:33:08,766 ng_k_s.py [line:276] catch INFO sid: 2: 0 txs batches need to call help after 50ms in epoch 109, 0 in total, 0.000000  
2022-04-07 14:33:08,816 ng_k_s.py [line:290] catch INFO sid: 2: 0 txs batches need to call help after 100ms in epoch 109, 0 in total, 0.000000  
2022-04-07 14:33:09,560 ng_k_s.py [line:318] _run_VABA_round INFO sid: 2: 0 txs batches need to call help in epoch 110, 0 in total, 0.000000  
2022-04-07 14:33:09,563 ng_k_s.py [line:442] _finalize_output INFO node: 2 epoch: 110 run: 87.585573, total delivered Txs after warm-up: 9064000, average delay after warm-up: 1.797299,  tps after warm-up: 164597.162810, average vaba delay after warm-up: 0.774929 
2022-04-07 14:33:09,613 ng_k_s.py [line:276] catch INFO sid: 2: 0 txs batches need to call help after 50ms in epoch 110, 0 in total, 0.000000  
2022-04-07 14:33:09,664 ng_k_s.py [line:290] catch INFO sid: 2: 0 txs batches need to call help after 100ms in epoch 110, 0 in total, 0.000000  
2022-04-07 14:33:10,034 nwabc.py [line:105] handel_messages INFO sid: sidAnw16, 0 catch up in total 
2022-04-07 14:33:10,357 nwabc.py [line:105] handel_messages INFO sid: sidAnw17, 0 catch up in total 
2022-04-07 14:33:10,415 ng_k_s.py [line:318] _run_VABA_round INFO sid: 2: 0 txs batches need to call help in epoch 111, 0 in total, 0.000000  
2022-04-07 14:33:10,418 ng_k_s.py [line:442] _finalize_output INFO node: 2 epoch: 111 run: 88.440744, total delivered Txs after warm-up: 9192000, average delay after warm-up: 1.799005,  tps after warm-up: 164369.016811, average vaba delay after warm-up: 0.776038 
2022-04-07 14:33:10,469 ng_k_s.py [line:276] catch INFO sid: 2: 0 txs batches need to call help after 50ms in epoch 111, 0 in total, 0.000000  
2022-04-07 14:33:10,521 ng_k_s.py [line:290] catch INFO sid: 2: 0 txs batches need to call help after 100ms in epoch 111, 0 in total, 0.000000  
2022-04-07 14:33:11,125 ng_k_s.py [line:318] _run_VABA_round INFO sid: 2: 0 txs batches need to call help in epoch 112, 0 in total, 0.000000  
2022-04-07 14:33:11,127 ng_k_s.py [line:442] _finalize_output INFO node: 2 epoch: 112 run: 89.149769, total delivered Txs after warm-up: 9354000, average delay after warm-up: 1.798107,  tps after warm-up: 165171.713077, average vaba delay after warm-up: 0.775116 
2022-04-07 14:33:11,178 ng_k_s.py [line:276] catch INFO sid: 2: 0 txs batches need to call help after 50ms in epoch 112, 0 in total, 0.000000  
2022-04-07 14:33:11,228 ng_k_s.py [line:290] catch INFO sid: 2: 0 txs batches need to call help after 100ms in epoch 112, 0 in total, 0.000000  
2022-04-07 14:33:12,691 nwabc.py [line:105] handel_messages INFO sid: sidAnw2, 0 catch up in total 
2022-04-07 14:33:12,732 nwabc.py [line:105] handel_messages INFO sid: sidAnw3, 0 catch up in total 
2022-04-07 14:33:12,811 ng_k_s.py [line:318] _run_VABA_round INFO sid: 2: 0 txs batches need to call help in epoch 113, 0 in total, 0.000000  
2022-04-07 14:33:12,814 ng_k_s.py [line:442] _finalize_output INFO node: 2 epoch: 113 run: 90.836673, total delivered Txs after warm-up: 9464000, average delay after warm-up: 1.807695,  tps after warm-up: 162280.215471, average vaba delay after warm-up: 0.787433 
2022-04-07 14:33:12,865 ng_k_s.py [line:276] catch INFO sid: 2: 0 txs batches need to call help after 50ms in epoch 113, 0 in total, 0.000000  
2022-04-07 14:33:12,916 ng_k_s.py [line:290] catch INFO sid: 2: 0 txs batches need to call help after 100ms in epoch 113, 0 in total, 0.000000  
2022-04-07 14:33:13,666 ng_k_s.py [line:318] _run_VABA_round INFO sid: 2: 0 txs batches need to call help in epoch 114, 0 in total, 0.000000  
2022-04-07 14:33:13,668 ng_k_s.py [line:442] _finalize_output INFO node: 2 epoch: 114 run: 91.691308, total delivered Txs after warm-up: 9756000, average delay after warm-up: 1.821532,  tps after warm-up: 164871.065345, average vaba delay after warm-up: 0.788325 
2022-04-07 14:33:13,719 ng_k_s.py [line:276] catch INFO sid: 2: 0 txs batches need to call help after 50ms in epoch 114, 0 in total, 0.000000  
2022-04-07 14:33:13,770 ng_k_s.py [line:290] catch INFO sid: 2: 0 txs batches need to call help after 100ms in epoch 114, 0 in total, 0.000000  
2022-04-07 14:33:14,409 ng_k_s.py [line:318] _run_VABA_round INFO sid: 2: 0 txs batches need to call help in epoch 115, 0 in total, 0.000000  
2022-04-07 14:33:14,412 ng_k_s.py [line:442] _finalize_output INFO node: 2 epoch: 115 run: 92.434665, total delivered Txs after warm-up: 9890000, average delay after warm-up: 1.820470,  tps after warm-up: 165062.027105, average vaba delay after warm-up: 0.787729 
2022-04-07 14:33:14,463 ng_k_s.py [line:276] catch INFO sid: 2: 0 txs batches need to call help after 50ms in epoch 115, 0 in total, 0.000000  
2022-04-07 14:33:14,515 ng_k_s.py [line:290] catch INFO sid: 2: 0 txs batches need to call help after 100ms in epoch 115, 0 in total, 0.000000  
2022-04-07 14:33:15,101 ng_k_s.py [line:318] _run_VABA_round INFO sid: 2: 0 txs batches need to call help in epoch 116, 0 in total, 0.000000  
2022-04-07 14:33:15,104 ng_k_s.py [line:442] _finalize_output INFO node: 2 epoch: 116 run: 93.126677, total delivered Txs after warm-up: 10030000, average delay after warm-up: 1.817478,  tps after warm-up: 165487.298158, average vaba delay after warm-up: 0.786474 
2022-04-07 14:33:15,155 ng_k_s.py [line:276] catch INFO sid: 2: 0 txs batches need to call help after 50ms in epoch 116, 0 in total, 0.000000  
2022-04-07 14:33:15,205 ng_k_s.py [line:290] catch INFO sid: 2: 0 txs batches need to call help after 100ms in epoch 116, 0 in total, 0.000000  
2022-04-07 14:33:15,962 ng_k_s.py [line:318] _run_VABA_round INFO sid: 2: 0 txs batches need to call help in epoch 117, 0 in total, 0.000000  
2022-04-07 14:33:15,964 ng_k_s.py [line:442] _finalize_output INFO node: 2 epoch: 117 run: 93.987125, total delivered Txs after warm-up: 10124000, average delay after warm-up: 1.817084,  tps after warm-up: 164700.022391, average vaba delay after warm-up: 0.787419 
2022-04-07 14:33:16,015 ng_k_s.py [line:276] catch INFO sid: 2: 0 txs batches need to call help after 50ms in epoch 117, 0 in total, 0.000000  
2022-04-07 14:33:16,066 nwabc.py [line:105] handel_messages INFO sid: sidAnw6, 0 catch up in total 
2022-04-07 14:33:16,066 ng_k_s.py [line:290] catch INFO sid: 2: 0 txs batches need to call help after 100ms in epoch 117, 0 in total, 0.000000  
2022-04-07 14:33:16,663 ng_k_s.py [line:318] _run_VABA_round INFO sid: 2: 0 txs batches need to call help in epoch 118, 0 in total, 0.000000  
2022-04-07 14:33:16,666 ng_k_s.py [line:442] _finalize_output INFO node: 2 epoch: 118 run: 94.688703, total delivered Txs after warm-up: 10284000, average delay after warm-up: 1.815361,  tps after warm-up: 165414.989325, average vaba delay after warm-up: 0.786327 
2022-04-07 14:33:16,669 nwabc.py [line:105] handel_messages INFO sid: sidAnw7, 0 catch up in total 
2022-04-07 14:33:16,716 ng_k_s.py [line:276] catch INFO sid: 2: 0 txs batches need to call help after 50ms in epoch 118, 0 in total, 0.000000  
2022-04-07 14:33:16,767 ng_k_s.py [line:290] catch INFO sid: 2: 0 txs batches need to call help after 100ms in epoch 118, 0 in total, 0.000000  
2022-04-07 14:33:17,406 ng_k_s.py [line:318] _run_VABA_round INFO sid: 2: 0 txs batches need to call help in epoch 119, 0 in total, 0.000000  
2022-04-07 14:33:17,408 ng_k_s.py [line:442] _finalize_output INFO node: 2 epoch: 119 run: 95.431109, total delivered Txs after warm-up: 10398000, average delay after warm-up: 1.813174,  tps after warm-up: 165275.032598, average vaba delay after warm-up: 0.785774 
2022-04-07 14:33:17,460 ng_k_s.py [line:276] catch INFO sid: 2: 0 txs batches need to call help after 50ms in epoch 119, 0 in total, 0.000000  
2022-04-07 14:33:17,464 nwabc.py [line:105] handel_messages INFO sid: sidAnw4, 0 catch up in total 
2022-04-07 14:33:17,511 ng_k_s.py [line:290] catch INFO sid: 2: 0 txs batches need to call help after 100ms in epoch 119, 0 in total, 0.000000  
2022-04-07 14:33:17,697 nwabc.py [line:105] handel_messages INFO sid: sidAnw5, 0 catch up in total 
2022-04-07 14:33:19,101 ng_k_s.py [line:318] _run_VABA_round INFO sid: 2: 0 txs batches need to call help in epoch 120, 0 in total, 0.000000  
2022-04-07 14:33:19,103 ng_k_s.py [line:442] _finalize_output INFO node: 2 epoch: 120 run: 97.126243, total delivered Txs after warm-up: 10520000, average delay after warm-up: 1.822352,  tps after warm-up: 162827.005407, average vaba delay after warm-up: 0.796996 
2022-04-07 14:33:19,107 nwabc.py [line:105] handel_messages INFO sid: sidAnw26, 0 catch up in total 
2022-04-07 14:33:19,154 ng_k_s.py [line:276] catch INFO sid: 2: 0 txs batches need to call help after 50ms in epoch 120, 0 in total, 0.000000  
2022-04-07 14:33:19,205 ng_k_s.py [line:290] catch INFO sid: 2: 0 txs batches need to call help after 100ms in epoch 120, 0 in total, 0.000000  
2022-04-07 14:33:19,578 nwabc.py [line:105] handel_messages INFO sid: sidAnw27, 0 catch up in total 
2022-04-07 14:33:19,810 ng_k_s.py [line:318] _run_VABA_round INFO sid: 2: 0 txs batches need to call help in epoch 121, 0 in total, 0.000000  
2022-04-07 14:33:19,810 ng_k_s.py [line:442] _finalize_output INFO node: 2 epoch: 121 run: 97.833232, total delivered Txs after warm-up: 10800000, average delay after warm-up: 1.829815,  tps after warm-up: 165351.418298, average vaba delay after warm-up: 0.795894 
2022-04-07 14:33:19,864 ng_k_s.py [line:276] catch INFO sid: 2: 0 txs batches need to call help after 50ms in epoch 121, 0 in total, 0.000000  
2022-04-07 14:33:19,915 ng_k_s.py [line:290] catch INFO sid: 2: 0 txs batches need to call help after 100ms in epoch 121, 0 in total, 0.000000  
2022-04-07 14:33:20,106 nwabc.py [line:105] handel_messages INFO sid: sidAnw29, 0 catch up in total 
2022-04-07 14:33:20,167 nwabc.py [line:105] handel_messages INFO sid: sidAnw24, 0 catch up in total 
2022-04-07 14:33:20,241 nwabc.py [line:105] handel_messages INFO sid: sidAnw25, 0 catch up in total 
2022-04-07 14:33:20,523 ng_k_s.py [line:318] _run_VABA_round INFO sid: 2: 0 txs batches need to call help in epoch 122, 0 in total, 0.000000  
2022-04-07 14:33:20,525 ng_k_s.py [line:442] _finalize_output INFO node: 2 epoch: 122 run: 98.548216, total delivered Txs after warm-up: 10930000, average delay after warm-up: 1.827179,  tps after warm-up: 165529.765671, average vaba delay after warm-up: 0.794887 
2022-04-07 14:33:20,576 ng_k_s.py [line:276] catch INFO sid: 2: 0 txs batches need to call help after 50ms in epoch 122, 0 in total, 0.000000  
2022-04-07 14:33:20,595 nwabc.py [line:105] handel_messages INFO sid: sidAnw28, 0 catch up in total 
2022-04-07 14:33:20,626 ng_k_s.py [line:290] catch INFO sid: 2: 0 txs batches need to call help after 100ms in epoch 122, 0 in total, 0.000000  
2022-04-07 14:33:21,195 ng_k_s.py [line:318] _run_VABA_round INFO sid: 2: 0 txs batches need to call help in epoch 123, 0 in total, 0.000000  
2022-04-07 14:33:21,197 ng_k_s.py [line:442] _finalize_output INFO node: 2 epoch: 123 run: 99.219825, total delivered Txs after warm-up: 11036000, average delay after warm-up: 1.824914,  tps after warm-up: 165452.237776, average vaba delay after warm-up: 0.793416 
2022-04-07 14:33:21,248 ng_k_s.py [line:276] catch INFO sid: 2: 0 txs batches need to call help after 50ms in epoch 123, 0 in total, 0.000000  
2022-04-07 14:33:21,299 ng_k_s.py [line:290] catch INFO sid: 2: 0 txs batches need to call help after 100ms in epoch 123, 0 in total, 0.000000  
2022-04-07 14:33:22,008 nwabc.py [line:105] handel_messages INFO sid: sidAnw20, 0 catch up in total 
2022-04-07 14:33:22,013 ng_k_s.py [line:318] _run_VABA_round INFO sid: 2: 0 txs batches need to call help in epoch 124, 0 in total, 0.000000  
2022-04-07 14:33:22,013 ng_k_s.py [line:442] _finalize_output INFO node: 2 epoch: 124 run: 100.036061, total delivered Txs after warm-up: 11140000, average delay after warm-up: 1.824130,  tps after warm-up: 164992.391296, average vaba delay after warm-up: 0.793680 
2022-04-07 14:33:22,056 nwabc.py [line:105] handel_messages INFO sid: sidAnw21, 0 catch up in total 
2022-04-07 14:33:22,066 ng_k_s.py [line:276] catch INFO sid: 2: 0 txs batches need to call help after 50ms in epoch 124, 0 in total, 0.000000  
2022-04-07 14:33:22,117 ng_k_s.py [line:290] catch INFO sid: 2: 0 txs batches need to call help after 100ms in epoch 124, 0 in total, 0.000000  
2022-04-07 14:33:22,642 ng_k_s.py [line:318] _run_VABA_round INFO sid: 2: 0 txs batches need to call help in epoch 125, 0 in total, 0.000000  
2022-04-07 14:33:22,645 ng_k_s.py [line:442] _finalize_output INFO node: 2 epoch: 125 run: 100.667598, total delivered Txs after warm-up: 11278000, average delay after warm-up: 1.821884,  tps after warm-up: 165488.372911, average vaba delay after warm-up: 0.791765 
2022-04-07 14:33:22,696 ng_k_s.py [line:276] catch INFO sid: 2: 0 txs batches need to call help after 50ms in epoch 125, 0 in total, 0.000000  
2022-04-07 14:33:22,731 nwabc.py [line:105] handel_messages INFO sid: sidAnw22, 0 catch up in total 
2022-04-07 14:33:22,747 ng_k_s.py [line:290] catch INFO sid: 2: 0 txs batches need to call help after 100ms in epoch 125, 0 in total, 0.000000  
2022-04-07 14:33:22,898 nwabc.py [line:105] handel_messages INFO sid: sidAnw23, 0 catch up in total 
2022-04-07 14:33:23,430 ng_k_s.py [line:318] _run_VABA_round INFO sid: 2: 0 txs batches need to call help in epoch 126, 0 in total, 0.000000  
2022-04-07 14:33:23,433 ng_k_s.py [line:442] _finalize_output INFO node: 2 epoch: 126 run: 101.455616, total delivered Txs after warm-up: 11394000, average delay after warm-up: 1.820506,  tps after warm-up: 165279.375666, average vaba delay after warm-up: 0.791717 
2022-04-07 14:33:23,484 ng_k_s.py [line:276] catch INFO sid: 2: 0 txs batches need to call help after 50ms in epoch 126, 0 in total, 0.000000  
2022-04-07 14:33:23,535 ng_k_s.py [line:290] catch INFO sid: 2: 0 txs batches need to call help after 100ms in epoch 126, 0 in total, 0.000000  
2022-04-07 14:33:24,113 ng_k_s.py [line:318] _run_VABA_round INFO sid: 2: 0 txs batches need to call help in epoch 127, 0 in total, 0.000000  
2022-04-07 14:33:24,115 ng_k_s.py [line:442] _finalize_output INFO node: 2 epoch: 127 run: 102.137634, total delivered Txs after warm-up: 11522000, average delay after warm-up: 1.818147,  tps after warm-up: 165498.804531, average vaba delay after warm-up: 0.790467 
2022-04-07 14:33:24,167 ng_k_s.py [line:276] catch INFO sid: 2: 0 txs batches need to call help after 50ms in epoch 127, 0 in total, 0.000000  
2022-04-07 14:33:24,217 ng_k_s.py [line:290] catch INFO sid: 2: 0 txs batches need to call help after 100ms in epoch 127, 0 in total, 0.000000  
2022-04-07 14:33:24,882 ng_k_s.py [line:318] _run_VABA_round INFO sid: 2: 0 txs batches need to call help in epoch 128, 0 in total, 0.000000  
2022-04-07 14:33:24,884 ng_k_s.py [line:442] _finalize_output INFO node: 2 epoch: 128 run: 102.907398, total delivered Txs after warm-up: 11622000, average delay after warm-up: 1.817006,  tps after warm-up: 165109.611665, average vaba delay after warm-up: 0.790230 
2022-04-07 14:33:24,936 ng_k_s.py [line:276] catch INFO sid: 2: 0 txs batches need to call help after 50ms in epoch 128, 0 in total, 0.000000  
2022-04-07 14:33:24,987 ng_k_s.py [line:290] catch INFO sid: 2: 0 txs batches need to call help after 100ms in epoch 128, 0 in total, 0.000000  
2022-04-07 14:33:25,613 ng_k_s.py [line:318] _run_VABA_round INFO sid: 2: 0 txs batches need to call help in epoch 129, 0 in total, 0.000000  
2022-04-07 14:33:25,613 ng_k_s.py [line:442] _finalize_output INFO node: 2 epoch: 129 run: 103.636256, total delivered Txs after warm-up: 11756000, average delay after warm-up: 1.815748,  tps after warm-up: 165301.665029, average vaba delay after warm-up: 0.789545 
2022-04-07 14:33:25,667 ng_k_s.py [line:276] catch INFO sid: 2: 0 txs batches need to call help after 50ms in epoch 129, 0 in total, 0.000000  
2022-04-07 14:33:25,718 ng_k_s.py [line:290] catch INFO sid: 2: 0 txs batches need to call help after 100ms in epoch 129, 0 in total, 0.000000  
2022-04-07 14:33:26,313 ng_k_s.py [line:318] _run_VABA_round INFO sid: 2: 0 txs batches need to call help in epoch 130, 0 in total, 0.000000  
2022-04-07 14:33:26,315 ng_k_s.py [line:442] _finalize_output INFO node: 2 epoch: 130 run: 104.338409, total delivered Txs after warm-up: 11882000, average delay after warm-up: 1.813549,  tps after warm-up: 165439.968278, average vaba delay after warm-up: 0.788558 
2022-04-07 14:33:26,366 ng_k_s.py [line:276] catch INFO sid: 2: 0 txs batches need to call help after 50ms in epoch 130, 0 in total, 0.000000  
2022-04-07 14:33:26,417 ng_k_s.py [line:290] catch INFO sid: 2: 0 txs batches need to call help after 100ms in epoch 130, 0 in total, 0.000000  
2022-04-07 14:33:27,012 ng_k_s.py [line:318] _run_VABA_round INFO sid: 2: 0 txs batches need to call help in epoch 131, 0 in total, 0.000000  
2022-04-07 14:33:27,015 ng_k_s.py [line:442] _finalize_output INFO node: 2 epoch: 131 run: 105.037964, total delivered Txs after warm-up: 11992000, average delay after warm-up: 1.811728,  tps after warm-up: 165360.896421, average vaba delay after warm-up: 0.787587 
2022-04-07 14:33:27,067 ng_k_s.py [line:276] catch INFO sid: 2: 0 txs batches need to call help after 50ms in epoch 131, 0 in total, 0.000000  
2022-04-07 14:33:27,117 ng_k_s.py [line:290] catch INFO sid: 2: 0 txs batches need to call help after 100ms in epoch 131, 0 in total, 0.000000  
2022-04-07 14:33:27,718 ng_k_s.py [line:318] _run_VABA_round INFO sid: 2: 0 txs batches need to call help in epoch 132, 0 in total, 0.000000  
2022-04-07 14:33:27,721 ng_k_s.py [line:442] _finalize_output INFO node: 2 epoch: 132 run: 105.743788, total delivered Txs after warm-up: 12098000, average delay after warm-up: 1.810389,  tps after warm-up: 165214.557262, average vaba delay after warm-up: 0.786701 
2022-04-07 14:33:27,773 ng_k_s.py [line:276] catch INFO sid: 2: 0 txs batches need to call help after 50ms in epoch 132, 0 in total, 0.000000  
2022-04-07 14:33:27,824 ng_k_s.py [line:290] catch INFO sid: 2: 0 txs batches need to call help after 100ms in epoch 132, 0 in total, 0.000000  
2022-04-07 14:33:28,378 ng_k_s.py [line:318] _run_VABA_round INFO sid: 2: 0 txs batches need to call help in epoch 133, 0 in total, 0.000000  
2022-04-07 14:33:28,380 ng_k_s.py [line:442] _finalize_output INFO node: 2 epoch: 133 run: 106.402953, total delivered Txs after warm-up: 12230000, average delay after warm-up: 1.808176,  tps after warm-up: 165527.156457, average vaba delay after warm-up: 0.785341 
2022-04-07 14:33:28,431 ng_k_s.py [line:276] catch INFO sid: 2: 0 txs batches need to call help after 50ms in epoch 133, 0 in total, 0.000000  
2022-04-07 14:33:28,482 ng_k_s.py [line:290] catch INFO sid: 2: 0 txs batches need to call help after 100ms in epoch 133, 0 in total, 0.000000  
2022-04-07 14:33:29,075 nwabc.py [line:105] handel_messages INFO sid: sidAnw8, 0 catch up in total 
2022-04-07 14:33:29,136 nwabc.py [line:105] handel_messages INFO sid: sidAnw9, 0 catch up in total 
2022-04-07 14:33:29,167 ng_k_s.py [line:318] _run_VABA_round INFO sid: 2: 0 txs batches need to call help in epoch 134, 0 in total, 0.000000  
2022-04-07 14:33:29,170 ng_k_s.py [line:442] _finalize_output INFO node: 2 epoch: 134 run: 107.192628, total delivered Txs after warm-up: 12340000, average delay after warm-up: 1.806984,  tps after warm-up: 165249.784609, average vaba delay after warm-up: 0.785383 
2022-04-07 14:33:29,220 ng_k_s.py [line:276] catch INFO sid: 2: 0 txs batches need to call help after 50ms in epoch 134, 0 in total, 0.000000  
2022-04-07 14:33:29,271 ng_k_s.py [line:290] catch INFO sid: 2: 0 txs batches need to call help after 100ms in epoch 134, 0 in total, 0.000000  
2022-04-07 14:33:29,879 ng_k_s.py [line:318] _run_VABA_round INFO sid: 2: 0 txs batches need to call help in epoch 135, 0 in total, 0.000000  
2022-04-07 14:33:29,881 ng_k_s.py [line:442] _finalize_output INFO node: 2 epoch: 135 run: 107.904000, total delivered Txs after warm-up: 12462000, average delay after warm-up: 1.805672,  tps after warm-up: 165308.759691, average vaba delay after warm-up: 0.784608 
2022-04-07 14:33:29,932 ng_k_s.py [line:276] catch INFO sid: 2: 0 txs batches need to call help after 50ms in epoch 135, 0 in total, 0.000000  
2022-04-07 14:33:29,982 ng_k_s.py [line:290] catch INFO sid: 2: 0 txs batches need to call help after 100ms in epoch 135, 0 in total, 0.000000  
2022-04-07 14:33:30,545 ng_k_s.py [line:318] _run_VABA_round INFO sid: 2: 0 txs batches need to call help in epoch 136, 0 in total, 0.000000  
2022-04-07 14:33:30,545 ng_k_s.py [line:442] _finalize_output INFO node: 2 epoch: 136 run: 108.568309, total delivered Txs after warm-up: 12582000, average delay after warm-up: 1.803752,  tps after warm-up: 165442.670396, average vaba delay after warm-up: 0.783365 
2022-04-07 14:33:30,597 ng_k_s.py [line:276] catch INFO sid: 2: 0 txs batches need to call help after 50ms in epoch 136, 0 in total, 0.000000  
2022-04-07 14:33:30,647 ng_k_s.py [line:290] catch INFO sid: 2: 0 txs batches need to call help after 100ms in epoch 136, 0 in total, 0.000000  
2022-04-07 14:33:31,065 nwabc.py [line:105] handel_messages INFO sid: sidAnw31, 0 catch up in total 
2022-04-07 14:33:31,291 ng_k_s.py [line:318] _run_VABA_round INFO sid: 2: 0 txs batches need to call help in epoch 137, 0 in total, 0.000000  
2022-04-07 14:33:31,293 ng_k_s.py [line:442] _finalize_output INFO node: 2 epoch: 137 run: 109.315890, total delivered Txs after warm-up: 12694000, average delay after warm-up: 1.802602,  tps after warm-up: 165290.558853, average vaba delay after warm-up: 0.782996 
2022-04-07 14:33:31,344 ng_k_s.py [line:276] catch INFO sid: 2: 0 txs batches need to call help after 50ms in epoch 137, 0 in total, 0.000000  
2022-04-07 14:33:31,395 ng_k_s.py [line:290] catch INFO sid: 2: 0 txs batches need to call help after 100ms in epoch 137, 0 in total, 0.000000  
2022-04-07 14:33:31,617 nwabc.py [line:105] handel_messages INFO sid: sidAnw30, 0 catch up in total 
2022-04-07 14:33:32,075 ng_k_s.py [line:318] _run_VABA_round INFO sid: 2: 0 txs batches need to call help in epoch 138, 0 in total, 0.000000  
2022-04-07 14:33:32,077 ng_k_s.py [line:442] _finalize_output INFO node: 2 epoch: 138 run: 110.100445, total delivered Txs after warm-up: 12818000, average delay after warm-up: 1.801763,  tps after warm-up: 165217.352698, average vaba delay after warm-up: 0.783000 
2022-04-07 14:33:32,128 ng_k_s.py [line:276] catch INFO sid: 2: 0 txs batches need to call help after 50ms in epoch 138, 0 in total, 0.000000  
2022-04-07 14:33:32,180 ng_k_s.py [line:290] catch INFO sid: 2: 0 txs batches need to call help after 100ms in epoch 138, 0 in total, 0.000000  
2022-04-07 14:33:32,770 ng_k_s.py [line:318] _run_VABA_round INFO sid: 2: 0 txs batches need to call help in epoch 139, 0 in total, 0.000000  
2022-04-07 14:33:32,772 ng_k_s.py [line:442] _finalize_output INFO node: 2 epoch: 139 run: 110.795173, total delivered Txs after warm-up: 12950000, average delay after warm-up: 1.800033,  tps after warm-up: 165437.326531, average vaba delay after warm-up: 0.782114 
2022-04-07 14:33:32,823 ng_k_s.py [line:276] catch INFO sid: 2: 0 txs batches need to call help after 50ms in epoch 139, 0 in total, 0.000000  
2022-04-07 14:33:32,874 ng_k_s.py [line:290] catch INFO sid: 2: 0 txs batches need to call help after 100ms in epoch 139, 0 in total, 0.000000  
2022-04-07 14:33:33,478 ng_k_s.py [line:318] _run_VABA_round INFO sid: 2: 0 txs batches need to call help in epoch 140, 0 in total, 0.000000  
2022-04-07 14:33:33,480 ng_k_s.py [line:442] _finalize_output INFO node: 2 epoch: 140 run: 111.503191, total delivered Txs after warm-up: 13054000, average delay after warm-up: 1.798643,  tps after warm-up: 165271.058654, average vaba delay after warm-up: 0.781377 
2022-04-07 14:33:33,531 ng_k_s.py [line:276] catch INFO sid: 2: 0 txs batches need to call help after 50ms in epoch 140, 0 in total, 0.000000  
2022-04-07 14:33:33,582 ng_k_s.py [line:290] catch INFO sid: 2: 0 txs batches need to call help after 100ms in epoch 140, 0 in total, 0.000000  
2022-04-07 14:33:34,170 nwabc.py [line:105] handel_messages INFO sid: sidAnw10, 0 catch up in total 
2022-04-07 14:33:34,176 ng_k_s.py [line:318] _run_VABA_round INFO sid: 2: 0 txs batches need to call help in epoch 141, 0 in total, 0.000000  
2022-04-07 14:33:34,178 ng_k_s.py [line:442] _finalize_output INFO node: 2 epoch: 141 run: 112.201000, total delivered Txs after warm-up: 13188000, average delay after warm-up: 1.796867,  tps after warm-up: 165505.392225, average vaba delay after warm-up: 0.780555 
2022-04-07 14:33:34,230 ng_k_s.py [line:276] catch INFO sid: 2: 0 txs batches need to call help after 50ms in epoch 141, 0 in total, 0.000000  
2022-04-07 14:33:34,280 ng_k_s.py [line:290] catch INFO sid: 2: 0 txs batches need to call help after 100ms in epoch 141, 0 in total, 0.000000  
2022-04-07 14:33:34,903 ng_k_s.py [line:318] _run_VABA_round INFO sid: 2: 0 txs batches need to call help in epoch 142, 0 in total, 0.000000  
2022-04-07 14:33:34,905 ng_k_s.py [line:442] _finalize_output INFO node: 2 epoch: 142 run: 112.927575, total delivered Txs after warm-up: 13292000, average delay after warm-up: 1.795455,  tps after warm-up: 165303.276226, average vaba delay after warm-up: 0.780027 
2022-04-07 14:33:34,953 nwabc.py [line:105] handel_messages INFO sid: sidAnw11, 0 catch up in total 
2022-04-07 14:33:34,956 ng_k_s.py [line:276] catch INFO sid: 2: 0 txs batches need to call help after 50ms in epoch 142, 0 in total, 0.000000  
2022-04-07 14:33:35,007 ng_k_s.py [line:290] catch INFO sid: 2: 0 txs batches need to call help after 100ms in epoch 142, 0 in total, 0.000000  
2022-04-07 14:33:35,610 ng_k_s.py [line:318] _run_VABA_round INFO sid: 2: 0 txs batches need to call help in epoch 143, 0 in total, 0.000000  
2022-04-07 14:33:35,612 ng_k_s.py [line:442] _finalize_output INFO node: 2 epoch: 143 run: 113.635394, total delivered Txs after warm-up: 13418000, average delay after warm-up: 1.793982,  tps after warm-up: 165414.168090, average vaba delay after warm-up: 0.779329 
2022-04-07 14:33:35,663 ng_k_s.py [line:276] catch INFO sid: 2: 0 txs batches need to call help after 50ms in epoch 143, 0 in total, 0.000000  
2022-04-07 14:33:35,714 ng_k_s.py [line:290] catch INFO sid: 2: 0 txs batches need to call help after 100ms in epoch 143, 0 in total, 0.000000  
2022-04-07 14:33:35,853 nwabc.py [line:105] handel_messages INFO sid: sidAnw14, 0 catch up in total 
2022-04-07 14:33:36,298 nwabc.py [line:105] handel_messages INFO sid: sidAnw15, 0 catch up in total 
2022-04-07 14:33:36,407 ng_k_s.py [line:318] _run_VABA_round INFO sid: 2: 0 txs batches need to call help in epoch 144, 0 in total, 0.000000  
2022-04-07 14:33:36,409 ng_k_s.py [line:442] _finalize_output INFO node: 2 epoch: 144 run: 114.432388, total delivered Txs after warm-up: 13530000, average delay after warm-up: 1.793293,  tps after warm-up: 165172.036692, average vaba delay after warm-up: 0.779494 
2022-04-07 14:33:36,461 ng_k_s.py [line:276] catch INFO sid: 2: 0 txs batches need to call help after 50ms in epoch 144, 0 in total, 0.000000  
2022-04-07 14:33:36,511 ng_k_s.py [line:290] catch INFO sid: 2: 0 txs batches need to call help after 100ms in epoch 144, 0 in total, 0.000000  
2022-04-07 14:33:37,063 ng_k_s.py [line:318] _run_VABA_round INFO sid: 2: 0 txs batches need to call help in epoch 145, 0 in total, 0.000000  
2022-04-07 14:33:37,065 ng_k_s.py [line:442] _finalize_output INFO node: 2 epoch: 145 run: 115.087997, total delivered Txs after warm-up: 13654000, average delay after warm-up: 1.791975,  tps after warm-up: 165362.318725, average vaba delay after warm-up: 0.778322 
2022-04-07 14:33:37,117 ng_k_s.py [line:276] catch INFO sid: 2: 0 txs batches need to call help after 50ms in epoch 145, 0 in total, 0.000000  
2022-04-07 14:33:37,170 ng_k_s.py [line:290] catch INFO sid: 2: 0 txs batches need to call help after 100ms in epoch 145, 0 in total, 0.000000  
2022-04-07 14:33:37,489 nwabc.py [line:105] handel_messages INFO sid: sidAnw18, 0 catch up in total 
2022-04-07 14:33:37,788 ng_k_s.py [line:318] _run_VABA_round INFO sid: 2: 0 txs batches need to call help in epoch 146, 0 in total, 0.000000  
2022-04-07 14:33:37,791 ng_k_s.py [line:442] _finalize_output INFO node: 2 epoch: 146 run: 115.813744, total delivered Txs after warm-up: 13780000, average delay after warm-up: 1.790415,  tps after warm-up: 165434.216757, average vaba delay after warm-up: 0.777827 
2022-04-07 14:33:37,848 ng_k_s.py [line:276] catch INFO sid: 2: 0 txs batches need to call help after 50ms in epoch 146, 0 in total, 0.000000  
2022-04-07 14:33:37,899 ng_k_s.py [line:290] catch INFO sid: 2: 0 txs batches need to call help after 100ms in epoch 146, 0 in total, 0.000000  
2022-04-07 14:33:38,150 nwabc.py [line:105] handel_messages INFO sid: sidAnw19, 0 catch up in total 
2022-04-07 14:33:38,444 ng_k_s.py [line:318] _run_VABA_round INFO sid: 2: 0 txs batches need to call help in epoch 147, 0 in total, 0.000000  
2022-04-07 14:33:38,446 ng_k_s.py [line:442] _finalize_output INFO node: 2 epoch: 147 run: 116.469141, total delivered Txs after warm-up: 13886000, average delay after warm-up: 1.788955,  tps after warm-up: 165405.330035, average vaba delay after warm-up: 0.776690 
2022-04-07 14:33:38,498 ng_k_s.py [line:276] catch INFO sid: 2: 0 txs batches need to call help after 50ms in epoch 147, 0 in total, 0.000000  
2022-04-07 14:33:38,549 ng_k_s.py [line:290] catch INFO sid: 2: 0 txs batches need to call help after 100ms in epoch 147, 0 in total, 0.000000  
2022-04-07 14:33:38,562 nwabc.py [line:105] handel_messages INFO sid: sidAnw0, 0 catch up in total 
2022-04-07 14:33:38,772 nwabc.py [line:105] handel_messages INFO sid: sidAnw1, 0 catch up in total 
2022-04-07 14:33:39,208 ng_k_s.py [line:318] _run_VABA_round INFO sid: 2: 0 txs batches need to call help in epoch 148, 0 in total, 0.000000  
2022-04-07 14:33:39,211 ng_k_s.py [line:442] _finalize_output INFO node: 2 epoch: 148 run: 117.233694, total delivered Txs after warm-up: 14006000, average delay after warm-up: 1.787866,  tps after warm-up: 165329.062485, average vaba delay after warm-up: 0.776575 
2022-04-07 14:33:39,262 ng_k_s.py [line:276] catch INFO sid: 2: 0 txs batches need to call help after 50ms in epoch 148, 0 in total, 0.000000  
2022-04-07 14:33:39,313 ng_k_s.py [line:290] catch INFO sid: 2: 0 txs batches need to call help after 100ms in epoch 148, 0 in total, 0.000000  
2022-04-07 14:33:39,866 ng_k_s.py [line:318] _run_VABA_round INFO sid: 2: 0 txs batches need to call help in epoch 149, 0 in total, 0.000000  
2022-04-07 14:33:39,868 ng_k_s.py [line:442] _finalize_output INFO node: 2 epoch: 149 run: 117.891067, total delivered Txs after warm-up: 14120000, average delay after warm-up: 1.786419,  tps after warm-up: 165391.342719, average vaba delay after warm-up: 0.775488 
2022-04-07 14:33:39,920 ng_k_s.py [line:276] catch INFO sid: 2: 0 txs batches need to call help after 50ms in epoch 149, 0 in total, 0.000000  
2022-04-07 14:33:39,971 ng_k_s.py [line:290] catch INFO sid: 2: 0 txs batches need to call help after 100ms in epoch 149, 0 in total, 0.000000  
2022-04-07 14:33:41,621 ng_k_s.py [line:318] _run_VABA_round INFO sid: 2: 0 txs batches need to call help in epoch 150, 0 in total, 0.000000  
2022-04-07 14:33:41,624 ng_k_s.py [line:442] _finalize_output INFO node: 2 epoch: 150 run: 119.646854, total delivered Txs after warm-up: 14238000, average delay after warm-up: 1.793687,  tps after warm-up: 163412.760666, average vaba delay after warm-up: 0.784317 
2022-04-07 14:33:41,675 ng_k_s.py [line:276] catch INFO sid: 2: 0 txs batches need to call help after 50ms in epoch 150, 0 in total, 0.000000  
2022-04-07 14:33:41,725 ng_k_s.py [line:290] catch INFO sid: 2: 0 txs batches need to call help after 100ms in epoch 150, 0 in total, 0.000000  
2022-04-07 14:33:42,473 ng_k_s.py [line:318] _run_VABA_round INFO sid: 2: 0 txs batches need to call help in epoch 151, 0 in total, 0.000000  
2022-04-07 14:33:42,474 ng_k_s.py [line:442] _finalize_output INFO node: 2 epoch: 151 run: 120.497379, total delivered Txs after warm-up: 14522000, average delay after warm-up: 1.803602,  tps after warm-up: 165061.023259, average vaba delay after warm-up: 0.784905 
2022-04-07 14:33:42,525 ng_k_s.py [line:276] catch INFO sid: 2: 0 txs batches need to call help after 50ms in epoch 151, 0 in total, 0.000000  
2022-04-07 14:33:42,577 ng_k_s.py [line:290] catch INFO sid: 2: 0 txs batches need to call help after 100ms in epoch 151, 0 in total, 0.000000  
2022-04-07 14:33:43,192 ng_k_s.py [line:318] _run_VABA_round INFO sid: 2: 0 txs batches need to call help in epoch 152, 0 in total, 0.000000  
2022-04-07 14:33:43,195 ng_k_s.py [line:442] _finalize_output INFO node: 2 epoch: 152 run: 121.217721, total delivered Txs after warm-up: 14680000, average delay after warm-up: 1.802576,  tps after warm-up: 165501.830244, average vaba delay after warm-up: 0.784331 
2022-04-07 14:33:43,246 ng_k_s.py [line:276] catch INFO sid: 2: 0 txs batches need to call help after 50ms in epoch 152, 0 in total, 0.000000  
2022-04-07 14:33:43,297 ng_k_s.py [line:290] catch INFO sid: 2: 0 txs batches need to call help after 100ms in epoch 152, 0 in total, 0.000000  
2022-04-07 14:33:43,901 ng_k_s.py [line:318] _run_VABA_round INFO sid: 2: 0 txs batches need to call help in epoch 153, 0 in total, 0.000000  
2022-04-07 14:33:43,903 ng_k_s.py [line:442] _finalize_output INFO node: 2 epoch: 153 run: 121.926323, total delivered Txs after warm-up: 14800000, average delay after warm-up: 1.800771,  tps after warm-up: 165532.308776, average vaba delay after warm-up: 0.783663 
2022-04-07 14:33:43,954 ng_k_s.py [line:276] catch INFO sid: 2: 0 txs batches need to call help after 50ms in epoch 153, 0 in total, 0.000000  
2022-04-07 14:33:44,005 ng_k_s.py [line:290] catch INFO sid: 2: 0 txs batches need to call help after 100ms in epoch 153, 0 in total, 0.000000  
2022-04-07 14:33:44,628 ng_k_s.py [line:318] _run_VABA_round INFO sid: 2: 0 txs batches need to call help in epoch 154, 0 in total, 0.000000  
2022-04-07 14:33:44,630 ng_k_s.py [line:442] _finalize_output INFO node: 2 epoch: 154 run: 122.652838, total delivered Txs after warm-up: 14920000, average delay after warm-up: 1.799044,  tps after warm-up: 165529.406509, average vaba delay after warm-up: 0.783163 
2022-04-07 14:33:44,681 ng_k_s.py [line:276] catch INFO sid: 2: 0 txs batches need to call help after 50ms in epoch 154, 0 in total, 0.000000  
2022-04-07 14:33:44,732 ng_k_s.py [line:290] catch INFO sid: 2: 0 txs batches need to call help after 100ms in epoch 154, 0 in total, 0.000000  
2022-04-07 14:33:45,451 ng_k_s.py [line:318] _run_VABA_round INFO sid: 2: 0 txs batches need to call help in epoch 155, 0 in total, 0.000000  
2022-04-07 14:33:45,455 ng_k_s.py [line:442] _finalize_output INFO node: 2 epoch: 155 run: 123.477589, total delivered Txs after warm-up: 15032000, average delay after warm-up: 1.798446,  tps after warm-up: 165259.830626, average vaba delay after warm-up: 0.783519 
2022-04-07 14:33:45,507 ng_k_s.py [line:276] catch INFO sid: 2: 0 txs batches need to call help after 50ms in epoch 155, 0 in total, 0.000000  
2022-04-07 14:33:45,558 ng_k_s.py [line:290] catch INFO sid: 2: 0 txs batches need to call help after 100ms in epoch 155, 0 in total, 0.000000  
2022-04-07 14:33:46,142 ng_k_s.py [line:318] _run_VABA_round INFO sid: 2: 0 txs batches need to call help in epoch 156, 0 in total, 0.000000  
2022-04-07 14:33:46,144 ng_k_s.py [line:442] _finalize_output INFO node: 2 epoch: 156 run: 124.166903, total delivered Txs after warm-up: 15146000, average delay after warm-up: 1.797850,  tps after warm-up: 165260.747005, average vaba delay after warm-up: 0.782708 
2022-04-07 14:33:46,195 ng_k_s.py [line:276] catch INFO sid: 2: 0 txs batches need to call help after 50ms in epoch 156, 0 in total, 0.000000  
2022-04-07 14:33:46,247 ng_k_s.py [line:290] catch INFO sid: 2: 0 txs batches need to call help after 100ms in epoch 156, 0 in total, 0.000000  
2022-04-07 14:33:47,773 ng_k_s.py [line:318] _run_VABA_round INFO sid: 2: 0 txs batches need to call help in epoch 157, 0 in total, 0.000000  
2022-04-07 14:33:47,775 ng_k_s.py [line:442] _finalize_output INFO node: 2 epoch: 157 run: 125.797905, total delivered Txs after warm-up: 15294000, average delay after warm-up: 1.805221,  tps after warm-up: 163957.784104, average vaba delay after warm-up: 0.789894 
2022-04-07 14:33:47,826 ng_k_s.py [line:276] catch INFO sid: 2: 0 txs batches need to call help after 50ms in epoch 157, 0 in total, 0.000000  
2022-04-07 14:33:47,879 ng_k_s.py [line:290] catch INFO sid: 2: 0 txs batches need to call help after 100ms in epoch 157, 0 in total, 0.000000  
2022-04-07 14:33:49,155 nwabc.py [line:105] handel_messages INFO sid: sidAnw12, 0 catch up in total 
2022-04-07 14:33:49,316 nwabc.py [line:105] handel_messages INFO sid: sidAnw13, 0 catch up in total 
2022-04-07 14:33:49,383 nwabc.py [line:105] handel_messages INFO sid: sidAnw5, 0 catch up in total 
2022-04-07 14:33:49,397 nwabc.py [line:105] handel_messages INFO sid: sidAnw4, 0 catch up in total 
2022-04-07 14:33:49,513 ng_k_s.py [line:318] _run_VABA_round INFO sid: 2: 0 txs batches need to call help in epoch 158, 0 in total, 0.000000  
2022-04-07 14:33:49,515 ng_k_s.py [line:442] _finalize_output INFO node: 2 epoch: 158 run: 127.538379, total delivered Txs after warm-up: 15556000, average delay after warm-up: 1.826621,  tps after warm-up: 163711.896999, average vaba delay after warm-up: 0.797879 
2022-04-07 14:33:49,568 ng_k_s.py [line:276] catch INFO sid: 2: 0 txs batches need to call help after 50ms in epoch 158, 0 in total, 0.000000  
2022-04-07 14:33:49,618 ng_k_s.py [line:290] catch INFO sid: 2: 0 txs batches need to call help after 100ms in epoch 158, 0 in total, 0.000000  
2022-04-07 14:33:50,191 ng_k_s.py [line:318] _run_VABA_round INFO sid: 2: 0 txs batches need to call help in epoch 159, 0 in total, 0.000000  
2022-04-07 14:33:50,193 ng_k_s.py [line:442] _finalize_output INFO node: 2 epoch: 159 run: 128.216337, total delivered Txs after warm-up: 15842000, average delay after warm-up: 1.831797,  tps after warm-up: 165540.662672, average vaba delay after warm-up: 0.796877 
2022-04-07 14:33:50,247 ng_k_s.py [line:276] catch INFO sid: 2: 0 txs batches need to call help after 50ms in epoch 159, 0 in total, 0.000000  
2022-04-07 14:33:50,297 ng_k_s.py [line:290] catch INFO sid: 2: 0 txs batches need to call help after 100ms in epoch 159, 0 in total, 0.000000  
2022-04-07 14:33:50,893 nwabc.py [line:105] handel_messages INFO sid: sidAnw26, 0 catch up in total 
2022-04-07 14:33:51,014 ng_k_s.py [line:318] _run_VABA_round INFO sid: 2: 0 txs batches need to call help in epoch 160, 0 in total, 0.000000  
2022-04-07 14:33:51,016 ng_k_s.py [line:442] _finalize_output INFO node: 2 epoch: 160 run: 129.039011, total delivered Txs after warm-up: 15962000, average delay after warm-up: 1.831230,  tps after warm-up: 165372.968917, average vaba delay after warm-up: 0.797087 
2022-04-07 14:33:51,067 ng_k_s.py [line:276] catch INFO sid: 2: 0 txs batches need to call help after 50ms in epoch 160, 0 in total, 0.000000  
2022-04-07 14:33:51,117 ng_k_s.py [line:290] catch INFO sid: 2: 0 txs batches need to call help after 100ms in epoch 160, 0 in total, 0.000000  
2022-04-07 14:33:51,329 nwabc.py [line:105] handel_messages INFO sid: sidAnw27, 0 catch up in total 
2022-04-07 14:33:51,664 ng_k_s.py [line:318] _run_VABA_round INFO sid: 2: 0 txs batches need to call help in epoch 161, 0 in total, 0.000000  
2022-04-07 14:33:51,666 ng_k_s.py [line:442] _finalize_output INFO node: 2 epoch: 161 run: 129.688555, total delivered Txs after warm-up: 16102000, average delay after warm-up: 1.829148,  tps after warm-up: 165708.286041, average vaba delay after warm-up: 0.795875 
2022-04-07 14:33:51,717 ng_k_s.py [line:276] catch INFO sid: 2: 0 txs batches need to call help after 50ms in epoch 161, 0 in total, 0.000000  
2022-04-07 14:33:51,767 ng_k_s.py [line:290] catch INFO sid: 2: 0 txs batches need to call help after 100ms in epoch 161, 0 in total, 0.000000  
2022-04-07 14:33:52,354 ng_k_s.py [line:318] _run_VABA_round INFO sid: 2: 0 txs batches need to call help in epoch 162, 0 in total, 0.000000  
2022-04-07 14:33:52,356 ng_k_s.py [line:442] _finalize_output INFO node: 2 epoch: 162 run: 130.379212, total delivered Txs after warm-up: 16210000, average delay after warm-up: 1.827209,  tps after warm-up: 165642.401733, average vaba delay after warm-up: 0.795012 
2022-04-07 14:33:52,407 ng_k_s.py [line:276] catch INFO sid: 2: 0 txs batches need to call help after 50ms in epoch 162, 0 in total, 0.000000  
2022-04-07 14:33:52,461 ng_k_s.py [line:290] catch INFO sid: 2: 0 txs batches need to call help after 100ms in epoch 162, 0 in total, 0.000000  
2022-04-07 14:33:53,183 nwabc.py [line:105] handel_messages INFO sid: sidAnw29, 0 catch up in total 
2022-04-07 14:33:53,426 nwabc.py [line:105] handel_messages INFO sid: sidAnw28, 0 catch up in total 
2022-04-07 14:33:53,530 nwabc.py [line:105] handel_messages INFO sid: sidAnw16, 0 catch up in total 
2022-04-07 14:33:53,842 nwabc.py [line:105] handel_messages INFO sid: sidAnw21, 0 catch up in total 
2022-04-07 14:33:53,962 nwabc.py [line:105] handel_messages INFO sid: sidAnw20, 0 catch up in total 
2022-04-07 14:33:54,194 ng_k_s.py [line:318] _run_VABA_round INFO sid: 2: 0 txs batches need to call help in epoch 163, 0 in total, 0.000000  
2022-04-07 14:33:54,196 ng_k_s.py [line:442] _finalize_output INFO node: 2 epoch: 163 run: 132.219430, total delivered Txs after warm-up: 16308000, average delay after warm-up: 1.832939,  tps after warm-up: 163568.031116, average vaba delay after warm-up: 0.803438 
2022-04-07 14:33:54,247 ng_k_s.py [line:276] catch INFO sid: 2: 0 txs batches need to call help after 50ms in epoch 163, 0 in total, 0.000000  
2022-04-07 14:33:54,299 ng_k_s.py [line:290] catch INFO sid: 2: 0 txs batches need to call help after 100ms in epoch 163, 0 in total, 0.000000  
2022-04-07 14:33:54,642 nwabc.py [line:105] handel_messages INFO sid: sidAnw17, 0 catch up in total 
2022-04-07 14:33:54,867 ng_k_s.py [line:318] _run_VABA_round INFO sid: 2: 0 txs batches need to call help in epoch 164, 0 in total, 0.000000  
2022-04-07 14:33:54,869 ng_k_s.py [line:442] _finalize_output INFO node: 2 epoch: 164 run: 132.892313, total delivered Txs after warm-up: 16624000, average delay after warm-up: 1.839666,  tps after warm-up: 165619.724457, average vaba delay after warm-up: 0.802391 
2022-04-07 14:33:54,921 ng_k_s.py [line:276] catch INFO sid: 2: 0 txs batches need to call help after 50ms in epoch 164, 0 in total, 0.000000  
2022-04-07 14:33:54,972 ng_k_s.py [line:290] catch INFO sid: 2: 0 txs batches need to call help after 100ms in epoch 164, 0 in total, 0.000000  
2022-04-07 14:33:55,563 ng_k_s.py [line:318] _run_VABA_round INFO sid: 2: 0 txs batches need to call help in epoch 165, 0 in total, 0.000000  
2022-04-07 14:33:55,564 ng_k_s.py [line:442] _finalize_output INFO node: 2 epoch: 165 run: 133.586507, total delivered Txs after warm-up: 16736000, average delay after warm-up: 1.838044,  tps after warm-up: 165590.317205, average vaba delay after warm-up: 0.801530 
2022-04-07 14:33:55,614 ng_k_s.py [line:276] catch INFO sid: 2: 0 txs batches need to call help after 50ms in epoch 165, 0 in total, 0.000000  
2022-04-07 14:33:55,665 ng_k_s.py [line:290] catch INFO sid: 2: 0 txs batches need to call help after 100ms in epoch 165, 0 in total, 0.000000  
