2022-04-07 14:31:42,792 ng_k_s.py [line:459] run_bft INFO Node 13 starts to run at time:1649341902.7920103 
2022-04-07 14:31:42,794 ng_k_s.py [line:371] _finalize_output INFO ************************************************************* 
2022-04-07 14:31:42,795 ng_k_s.py [line:372] _finalize_output INFO                          warm-up start                        
2022-04-07 14:31:42,795 ng_k_s.py [line:373] _finalize_output INFO ************************************************************* 
2022-04-07 14:32:14,455 ng_k_s.py [line:379] _finalize_output INFO warm-up time: 31.663868 
2022-04-07 14:32:14,458 ng_k_s.py [line:380] _finalize_output INFO ************************************************************* 
2022-04-07 14:32:14,458 ng_k_s.py [line:381] _finalize_output INFO                        warm-up finished                       
2022-04-07 14:32:14,458 ng_k_s.py [line:382] _finalize_output INFO ************************************************************* 
2022-04-07 14:32:14,534 nwabc.py [line:105] handel_messages INFO sid: sidAnw4, 0 catch up in total 
2022-04-07 14:32:14,707 nwabc.py [line:105] handel_messages INFO sid: sidAnw5, 0 catch up in total 
2022-04-07 14:32:15,165 ng_k_s.py [line:442] _finalize_output INFO node: 13 epoch: 41 run: 32.373263, total delivered Txs after warm-up: 116000, average delay after warm-up: 1.779349,  tps after warm-up: 163519.689509, average vaba delay after warm-up: 0.353217 
2022-04-07 14:32:15,284 nwabc.py [line:105] handel_messages INFO sid: sidAnw29, 0 catch up in total 
2022-04-07 14:32:15,894 ng_k_s.py [line:318] _run_VABA_round INFO sid: 13: 0 txs batches need to call help in epoch 42, 0 in total, 0.000000  
2022-04-07 14:32:15,894 ng_k_s.py [line:442] _finalize_output INFO node: 13 epoch: 42 run: 33.102701, total delivered Txs after warm-up: 250000, average delay after warm-up: 1.740524,  tps after warm-up: 173751.951564, average vaba delay after warm-up: 0.478467 
2022-04-07 14:32:15,947 ng_k_s.py [line:276] catch INFO sid: 13: 0 txs batches need to call help after 50ms in epoch 42, 0 in total, 0.000000  
2022-04-07 14:32:15,999 ng_k_s.py [line:290] catch INFO sid: 13: 0 txs batches need to call help after 100ms in epoch 42, 0 in total, 0.000000  
2022-04-07 14:32:16,069 nwabc.py [line:105] handel_messages INFO sid: sidAnw28, 0 catch up in total 
2022-04-07 14:32:16,471 nwabc.py [line:105] handel_messages INFO sid: sidAnw26, 0 catch up in total 
2022-04-07 14:32:16,535 ng_k_s.py [line:318] _run_VABA_round INFO sid: 13: 0 txs batches need to call help in epoch 43, 0 in total, 0.000000  
2022-04-07 14:32:16,535 ng_k_s.py [line:442] _finalize_output INFO node: 13 epoch: 43 run: 33.743731, total delivered Txs after warm-up: 368000, average delay after warm-up: 1.679471,  tps after warm-up: 176934.684155, average vaba delay after warm-up: 0.518554 
2022-04-07 14:32:16,592 ng_k_s.py [line:276] catch INFO sid: 13: 0 txs batches need to call help after 50ms in epoch 43, 0 in total, 0.000000  
2022-04-07 14:32:16,643 ng_k_s.py [line:290] catch INFO sid: 13: 0 txs batches need to call help after 100ms in epoch 43, 0 in total, 0.000000  
2022-04-07 14:32:16,710 nwabc.py [line:105] handel_messages INFO sid: sidAnw22, 0 catch up in total 
2022-04-07 14:32:16,724 nwabc.py [line:105] handel_messages INFO sid: sidAnw27, 0 catch up in total 
2022-04-07 14:32:16,879 nwabc.py [line:105] handel_messages INFO sid: sidAnw23, 0 catch up in total 
2022-04-07 14:32:17,287 ng_k_s.py [line:318] _run_VABA_round INFO sid: 13: 0 txs batches need to call help in epoch 44, 0 in total, 0.000000  
2022-04-07 14:32:17,288 ng_k_s.py [line:442] _finalize_output INFO node: 13 epoch: 44 run: 34.496006, total delivered Txs after warm-up: 466000, average delay after warm-up: 1.670876,  tps after warm-up: 164539.973482, average vaba delay after warm-up: 0.564127 
2022-04-07 14:32:17,339 ng_k_s.py [line:276] catch INFO sid: 13: 0 txs batches need to call help after 50ms in epoch 44, 0 in total, 0.000000  
2022-04-07 14:32:17,391 ng_k_s.py [line:290] catch INFO sid: 13: 0 txs batches need to call help after 100ms in epoch 44, 0 in total, 0.000000  
2022-04-07 14:32:18,060 ng_k_s.py [line:318] _run_VABA_round INFO sid: 13: 0 txs batches need to call help in epoch 45, 0 in total, 0.000000  
2022-04-07 14:32:18,060 ng_k_s.py [line:442] _finalize_output INFO node: 13 epoch: 45 run: 35.268948, total delivered Txs after warm-up: 592000, average delay after warm-up: 1.676644,  tps after warm-up: 164212.737950, average vaba delay after warm-up: 0.598834 
2022-04-07 14:32:18,114 ng_k_s.py [line:276] catch INFO sid: 13: 0 txs batches need to call help after 50ms in epoch 45, 0 in total, 0.000000  
2022-04-07 14:32:18,164 ng_k_s.py [line:290] catch INFO sid: 13: 0 txs batches need to call help after 100ms in epoch 45, 0 in total, 0.000000  
2022-04-07 14:32:18,476 nwabc.py [line:105] handel_messages INFO sid: sidAnw20, 0 catch up in total 
2022-04-07 14:32:18,516 nwabc.py [line:105] handel_messages INFO sid: sidAnw21, 0 catch up in total 
2022-04-07 14:32:18,739 ng_k_s.py [line:318] _run_VABA_round INFO sid: 13: 0 txs batches need to call help in epoch 46, 0 in total, 0.000000  
2022-04-07 14:32:18,741 ng_k_s.py [line:442] _finalize_output INFO node: 13 epoch: 46 run: 35.949756, total delivered Txs after warm-up: 716000, average delay after warm-up: 1.666153,  tps after warm-up: 167059.906157, average vaba delay after warm-up: 0.610183 
2022-04-07 14:32:18,793 ng_k_s.py [line:276] catch INFO sid: 13: 0 txs batches need to call help after 50ms in epoch 46, 0 in total, 0.000000  
2022-04-07 14:32:18,844 ng_k_s.py [line:290] catch INFO sid: 13: 0 txs batches need to call help after 100ms in epoch 46, 0 in total, 0.000000  
2022-04-07 14:32:19,587 ng_k_s.py [line:318] _run_VABA_round INFO sid: 13: 0 txs batches need to call help in epoch 47, 0 in total, 0.000000  
2022-04-07 14:32:19,587 ng_k_s.py [line:442] _finalize_output INFO node: 13 epoch: 47 run: 36.795894, total delivered Txs after warm-up: 822000, average delay after warm-up: 1.673159,  tps after warm-up: 160170.670425, average vaba delay after warm-up: 0.639636 
2022-04-07 14:32:19,639 ng_k_s.py [line:276] catch INFO sid: 13: 0 txs batches need to call help after 50ms in epoch 47, 0 in total, 0.000000  
2022-04-07 14:32:19,690 ng_k_s.py [line:290] catch INFO sid: 13: 0 txs batches need to call help after 100ms in epoch 47, 0 in total, 0.000000  
2022-04-07 14:32:19,724 nwabc.py [line:105] handel_messages INFO sid: sidAnw8, 0 catch up in total 
2022-04-07 14:32:19,831 nwabc.py [line:105] handel_messages INFO sid: sidAnw10, 0 catch up in total 
2022-04-07 14:32:19,882 nwabc.py [line:105] handel_messages INFO sid: sidAnw9, 0 catch up in total 
2022-04-07 14:32:20,165 nwabc.py [line:105] handel_messages INFO sid: sidAnw11, 0 catch up in total 
2022-04-07 14:32:20,266 ng_k_s.py [line:318] _run_VABA_round INFO sid: 13: 0 txs batches need to call help in epoch 48, 0 in total, 0.000000  
2022-04-07 14:32:20,268 ng_k_s.py [line:442] _finalize_output INFO node: 13 epoch: 48 run: 37.476128, total delivered Txs after warm-up: 966000, average delay after warm-up: 1.667411,  tps after warm-up: 166200.413358, average vaba delay after warm-up: 0.644097 
2022-04-07 14:32:20,319 ng_k_s.py [line:276] catch INFO sid: 13: 0 txs batches need to call help after 50ms in epoch 48, 0 in total, 0.000000  
2022-04-07 14:32:20,370 ng_k_s.py [line:290] catch INFO sid: 13: 0 txs batches need to call help after 100ms in epoch 48, 0 in total, 0.000000  
2022-04-07 14:32:20,885 nwabc.py [line:105] handel_messages INFO sid: sidAnw30, 0 catch up in total 
2022-04-07 14:32:21,292 nwabc.py [line:105] handel_messages INFO sid: sidAnw31, 0 catch up in total 
2022-04-07 14:32:21,360 nwabc.py [line:105] handel_messages INFO sid: sidAnw18, 0 catch up in total 
2022-04-07 14:32:21,668 nwabc.py [line:105] handel_messages INFO sid: sidAnw19, 0 catch up in total 
2022-04-07 14:32:21,972 ng_k_s.py [line:318] _run_VABA_round INFO sid: 13: 0 txs batches need to call help in epoch 49, 0 in total, 0.000000  
2022-04-07 14:32:21,974 ng_k_s.py [line:442] _finalize_output INFO node: 13 epoch: 49 run: 39.182508, total delivered Txs after warm-up: 1058000, average delay after warm-up: 1.749083,  tps after warm-up: 140716.941858, average vaba delay after warm-up: 0.750290 
2022-04-07 14:32:22,025 ng_k_s.py [line:276] catch INFO sid: 13: 0 txs batches need to call help after 50ms in epoch 49, 0 in total, 0.000000  
2022-04-07 14:32:22,076 ng_k_s.py [line:290] catch INFO sid: 13: 0 txs batches need to call help after 100ms in epoch 49, 0 in total, 0.000000  
2022-04-07 14:32:22,665 ng_k_s.py [line:318] _run_VABA_round INFO sid: 13: 0 txs batches need to call help in epoch 50, 0 in total, 0.000000  
2022-04-07 14:32:22,665 ng_k_s.py [line:442] _finalize_output INFO node: 13 epoch: 50 run: 39.873619, total delivered Txs after warm-up: 1350000, average delay after warm-up: 1.828112,  tps after warm-up: 164438.602189, average vaba delay after warm-up: 0.744881 
2022-04-07 14:32:22,718 ng_k_s.py [line:276] catch INFO sid: 13: 0 txs batches need to call help after 50ms in epoch 50, 0 in total, 0.000000  
2022-04-07 14:32:22,768 ng_k_s.py [line:290] catch INFO sid: 13: 0 txs batches need to call help after 100ms in epoch 50, 0 in total, 0.000000  
2022-04-07 14:32:23,342 ng_k_s.py [line:318] _run_VABA_round INFO sid: 13: 0 txs batches need to call help in epoch 51, 0 in total, 0.000000  
2022-04-07 14:32:23,343 ng_k_s.py [line:442] _finalize_output INFO node: 13 epoch: 51 run: 40.551152, total delivered Txs after warm-up: 1458000, average delay after warm-up: 1.809554,  tps after warm-up: 164054.623716, average vaba delay after warm-up: 0.739092 
2022-04-07 14:32:23,394 ng_k_s.py [line:276] catch INFO sid: 13: 0 txs batches need to call help after 50ms in epoch 51, 0 in total, 0.000000  
2022-04-07 14:32:23,444 ng_k_s.py [line:290] catch INFO sid: 13: 0 txs batches need to call help after 100ms in epoch 51, 0 in total, 0.000000  
2022-04-07 14:32:24,112 ng_k_s.py [line:318] _run_VABA_round INFO sid: 13: 0 txs batches need to call help in epoch 52, 0 in total, 0.000000  
2022-04-07 14:32:24,114 ng_k_s.py [line:442] _finalize_output INFO node: 13 epoch: 52 run: 41.322012, total delivered Txs after warm-up: 1564000, average delay after warm-up: 1.801955,  tps after warm-up: 161935.867102, average vaba delay after warm-up: 0.741502 
2022-04-07 14:32:24,165 ng_k_s.py [line:276] catch INFO sid: 13: 0 txs batches need to call help after 50ms in epoch 52, 0 in total, 0.000000  
2022-04-07 14:32:24,216 ng_k_s.py [line:290] catch INFO sid: 13: 0 txs batches need to call help after 100ms in epoch 52, 0 in total, 0.000000  
2022-04-07 14:32:24,895 ng_k_s.py [line:318] _run_VABA_round INFO sid: 13: 0 txs batches need to call help in epoch 53, 0 in total, 0.000000  
2022-04-07 14:32:24,895 ng_k_s.py [line:442] _finalize_output INFO node: 13 epoch: 53 run: 42.103223, total delivered Txs after warm-up: 1678000, average delay after warm-up: 1.801149,  tps after warm-up: 160737.894246, average vaba delay after warm-up: 0.744316 
2022-04-07 14:32:24,940 nwabc.py [line:105] handel_messages INFO sid: sidAnw12, 0 catch up in total 
2022-04-07 14:32:24,946 ng_k_s.py [line:276] catch INFO sid: 13: 0 txs batches need to call help after 50ms in epoch 53, 0 in total, 0.000000  
2022-04-07 14:32:24,996 ng_k_s.py [line:290] catch INFO sid: 13: 0 txs batches need to call help after 100ms in epoch 53, 0 in total, 0.000000  
2022-04-07 14:32:25,012 nwabc.py [line:105] handel_messages INFO sid: sidAnw13, 0 catch up in total 
2022-04-07 14:32:25,590 ng_k_s.py [line:318] _run_VABA_round INFO sid: 13: 0 txs batches need to call help in epoch 54, 0 in total, 0.000000  
2022-04-07 14:32:25,592 ng_k_s.py [line:442] _finalize_output INFO node: 13 epoch: 54 run: 42.800701, total delivered Txs after warm-up: 1822000, average delay after warm-up: 1.791810,  tps after warm-up: 163601.261666, average vaba delay after warm-up: 0.741172 
2022-04-07 14:32:25,643 ng_k_s.py [line:276] catch INFO sid: 13: 0 txs batches need to call help after 50ms in epoch 54, 0 in total, 0.000000  
2022-04-07 14:32:25,693 ng_k_s.py [line:290] catch INFO sid: 13: 0 txs batches need to call help after 100ms in epoch 54, 0 in total, 0.000000  
2022-04-07 14:32:26,316 ng_k_s.py [line:318] _run_VABA_round INFO sid: 13: 0 txs batches need to call help in epoch 55, 0 in total, 0.000000  
2022-04-07 14:32:26,316 ng_k_s.py [line:442] _finalize_output INFO node: 13 epoch: 55 run: 43.524319, total delivered Txs after warm-up: 1926000, average delay after warm-up: 1.785160,  tps after warm-up: 162388.425536, average vaba delay after warm-up: 0.740055 
2022-04-07 14:32:26,368 ng_k_s.py [line:276] catch INFO sid: 13: 0 txs batches need to call help after 50ms in epoch 55, 0 in total, 0.000000  
2022-04-07 14:32:26,420 ng_k_s.py [line:290] catch INFO sid: 13: 0 txs batches need to call help after 100ms in epoch 55, 0 in total, 0.000000  
2022-04-07 14:32:26,510 nwabc.py [line:105] handel_messages INFO sid: sidAnw16, 0 catch up in total 
2022-04-07 14:32:27,028 nwabc.py [line:105] handel_messages INFO sid: sidAnw17, 0 catch up in total 
2022-04-07 14:32:27,072 ng_k_s.py [line:318] _run_VABA_round INFO sid: 13: 0 txs batches need to call help in epoch 56, 0 in total, 0.000000  
2022-04-07 14:32:27,072 ng_k_s.py [line:442] _finalize_output INFO node: 13 epoch: 56 run: 44.280842, total delivered Txs after warm-up: 2052000, average delay after warm-up: 1.779852,  tps after warm-up: 162638.050834, average vaba delay after warm-up: 0.740904 
2022-04-07 14:32:27,124 ng_k_s.py [line:276] catch INFO sid: 13: 0 txs batches need to call help after 50ms in epoch 56, 0 in total, 0.000000  
2022-04-07 14:32:27,174 ng_k_s.py [line:290] catch INFO sid: 13: 0 txs batches need to call help after 100ms in epoch 56, 0 in total, 0.000000  
2022-04-07 14:32:27,568 nwabc.py [line:105] handel_messages INFO sid: sidAnw2, 0 catch up in total 
2022-04-07 14:32:27,686 nwabc.py [line:105] handel_messages INFO sid: sidAnw3, 0 catch up in total 
2022-04-07 14:32:27,786 ng_k_s.py [line:318] _run_VABA_round INFO sid: 13: 0 txs batches need to call help in epoch 57, 0 in total, 0.000000  
2022-04-07 14:32:27,788 ng_k_s.py [line:442] _finalize_output INFO node: 13 epoch: 57 run: 44.996747, total delivered Txs after warm-up: 2166000, average delay after warm-up: 1.774304,  tps after warm-up: 162455.537768, average vaba delay after warm-up: 0.739497 
2022-04-07 14:32:27,840 ng_k_s.py [line:276] catch INFO sid: 13: 0 txs batches need to call help after 50ms in epoch 57, 0 in total, 0.000000  
2022-04-07 14:32:27,890 ng_k_s.py [line:290] catch INFO sid: 13: 0 txs batches need to call help after 100ms in epoch 57, 0 in total, 0.000000  
2022-04-07 14:32:28,517 ng_k_s.py [line:318] _run_VABA_round INFO sid: 13: 0 txs batches need to call help in epoch 58, 0 in total, 0.000000  
2022-04-07 14:32:28,517 ng_k_s.py [line:442] _finalize_output INFO node: 13 epoch: 58 run: 45.725889, total delivered Txs after warm-up: 2282000, average delay after warm-up: 1.770698,  tps after warm-up: 162281.077510, average vaba delay after warm-up: 0.738936 
2022-04-07 14:32:28,571 ng_k_s.py [line:276] catch INFO sid: 13: 0 txs batches need to call help after 50ms in epoch 58, 0 in total, 0.000000  
2022-04-07 14:32:28,622 ng_k_s.py [line:290] catch INFO sid: 13: 0 txs batches need to call help after 100ms in epoch 58, 0 in total, 0.000000  
2022-04-07 14:32:29,391 ng_k_s.py [line:318] _run_VABA_round INFO sid: 13: 0 txs batches need to call help in epoch 59, 0 in total, 0.000000  
2022-04-07 14:32:29,392 ng_k_s.py [line:442] _finalize_output INFO node: 13 epoch: 59 run: 46.600135, total delivered Txs after warm-up: 2402000, average delay after warm-up: 1.774927,  tps after warm-up: 160816.620236, average vaba delay after warm-up: 0.745592 
2022-04-07 14:32:29,444 ng_k_s.py [line:276] catch INFO sid: 13: 0 txs batches need to call help after 50ms in epoch 59, 0 in total, 0.000000  
2022-04-07 14:32:29,495 ng_k_s.py [line:290] catch INFO sid: 13: 0 txs batches need to call help after 100ms in epoch 59, 0 in total, 0.000000  
2022-04-07 14:32:30,059 ng_k_s.py [line:318] _run_VABA_round INFO sid: 13: 0 txs batches need to call help in epoch 60, 0 in total, 0.000000  
2022-04-07 14:32:30,059 ng_k_s.py [line:442] _finalize_output INFO node: 13 epoch: 60 run: 47.267673, total delivered Txs after warm-up: 2550000, average delay after warm-up: 1.770941,  tps after warm-up: 163421.675059, average vaba delay after warm-up: 0.741782 
2022-04-07 14:32:30,112 ng_k_s.py [line:276] catch INFO sid: 13: 0 txs batches need to call help after 50ms in epoch 60, 0 in total, 0.000000  
2022-04-07 14:32:30,163 ng_k_s.py [line:290] catch INFO sid: 13: 0 txs batches need to call help after 100ms in epoch 60, 0 in total, 0.000000  
2022-04-07 14:32:30,773 ng_k_s.py [line:318] _run_VABA_round INFO sid: 13: 0 txs batches need to call help in epoch 61, 0 in total, 0.000000  
2022-04-07 14:32:30,775 ng_k_s.py [line:442] _finalize_output INFO node: 13 epoch: 61 run: 47.983772, total delivered Txs after warm-up: 2658000, average delay after warm-up: 1.765957,  tps after warm-up: 162868.608980, average vaba delay after warm-up: 0.740514 
2022-04-07 14:32:30,827 ng_k_s.py [line:276] catch INFO sid: 13: 0 txs batches need to call help after 50ms in epoch 61, 0 in total, 0.000000  
2022-04-07 14:32:30,878 ng_k_s.py [line:290] catch INFO sid: 13: 0 txs batches need to call help after 100ms in epoch 61, 0 in total, 0.000000  
2022-04-07 14:32:31,483 ng_k_s.py [line:318] _run_VABA_round INFO sid: 13: 0 txs batches need to call help in epoch 62, 0 in total, 0.000000  
2022-04-07 14:32:31,483 ng_k_s.py [line:442] _finalize_output INFO node: 13 epoch: 62 run: 48.691359, total delivered Txs after warm-up: 2792000, average delay after warm-up: 1.758026,  tps after warm-up: 163970.131930, average vaba delay after warm-up: 0.739068 
2022-04-07 14:32:31,534 ng_k_s.py [line:276] catch INFO sid: 13: 0 txs batches need to call help after 50ms in epoch 62, 0 in total, 0.000000  
2022-04-07 14:32:31,585 ng_k_s.py [line:290] catch INFO sid: 13: 0 txs batches need to call help after 100ms in epoch 62, 0 in total, 0.000000  
2022-04-07 14:32:32,433 ng_k_s.py [line:318] _run_VABA_round INFO sid: 13: 0 txs batches need to call help in epoch 63, 0 in total, 0.000000  
2022-04-07 14:32:32,435 ng_k_s.py [line:442] _finalize_output INFO node: 13 epoch: 63 run: 49.643909, total delivered Txs after warm-up: 2902000, average delay after warm-up: 1.760265,  tps after warm-up: 161401.186858, average vaba delay after warm-up: 0.747934 
2022-04-07 14:32:32,486 ng_k_s.py [line:276] catch INFO sid: 13: 0 txs batches need to call help after 50ms in epoch 63, 0 in total, 0.000000  
2022-04-07 14:32:32,537 ng_k_s.py [line:290] catch INFO sid: 13: 0 txs batches need to call help after 100ms in epoch 63, 0 in total, 0.000000  
2022-04-07 14:32:32,625 nwabc.py [line:105] handel_messages INFO sid: sidAnw6, 0 catch up in total 
2022-04-07 14:32:33,115 ng_k_s.py [line:318] _run_VABA_round INFO sid: 13: 0 txs batches need to call help in epoch 64, 0 in total, 0.000000  
2022-04-07 14:32:33,115 ng_k_s.py [line:442] _finalize_output INFO node: 13 epoch: 64 run: 50.323742, total delivered Txs after warm-up: 3038000, average delay after warm-up: 1.759445,  tps after warm-up: 162809.245449, average vaba delay after warm-up: 0.745196 
2022-04-07 14:32:33,142 nwabc.py [line:105] handel_messages INFO sid: sidAnw7, 0 catch up in total 
2022-04-07 14:32:33,169 ng_k_s.py [line:276] catch INFO sid: 13: 0 txs batches need to call help after 50ms in epoch 64, 0 in total, 0.000000  
2022-04-07 14:32:33,220 ng_k_s.py [line:290] catch INFO sid: 13: 0 txs batches need to call help after 100ms in epoch 64, 0 in total, 0.000000  
2022-04-07 14:32:33,802 ng_k_s.py [line:318] _run_VABA_round INFO sid: 13: 0 txs batches need to call help in epoch 65, 0 in total, 0.000000  
2022-04-07 14:32:33,804 ng_k_s.py [line:442] _finalize_output INFO node: 13 epoch: 65 run: 51.012590, total delivered Txs after warm-up: 3170000, average delay after warm-up: 1.753526,  tps after warm-up: 163835.112322, average vaba delay after warm-up: 0.742937 
2022-04-07 14:32:33,855 ng_k_s.py [line:276] catch INFO sid: 13: 0 txs batches need to call help after 50ms in epoch 65, 0 in total, 0.000000  
2022-04-07 14:32:33,905 ng_k_s.py [line:290] catch INFO sid: 13: 0 txs batches need to call help after 100ms in epoch 65, 0 in total, 0.000000  
2022-04-07 14:32:34,561 ng_k_s.py [line:318] _run_VABA_round INFO sid: 13: 0 txs batches need to call help in epoch 66, 0 in total, 0.000000  
2022-04-07 14:32:34,563 ng_k_s.py [line:442] _finalize_output INFO node: 13 epoch: 66 run: 51.771664, total delivered Txs after warm-up: 3284000, average delay after warm-up: 1.749989,  tps after warm-up: 163319.737708, average vaba delay after warm-up: 0.743523 
2022-04-07 14:32:34,615 ng_k_s.py [line:276] catch INFO sid: 13: 0 txs batches need to call help after 50ms in epoch 66, 0 in total, 0.000000  
2022-04-07 14:32:34,666 ng_k_s.py [line:290] catch INFO sid: 13: 0 txs batches need to call help after 100ms in epoch 66, 0 in total, 0.000000  
2022-04-07 14:32:35,417 ng_k_s.py [line:318] _run_VABA_round INFO sid: 13: 0 txs batches need to call help in epoch 67, 0 in total, 0.000000  
2022-04-07 14:32:35,417 ng_k_s.py [line:442] _finalize_output INFO node: 13 epoch: 67 run: 52.625701, total delivered Txs after warm-up: 3402000, average delay after warm-up: 1.751474,  tps after warm-up: 162294.967237, average vaba delay after warm-up: 0.747450 
2022-04-07 14:32:35,470 ng_k_s.py [line:276] catch INFO sid: 13: 0 txs batches need to call help after 50ms in epoch 67, 0 in total, 0.000000  
2022-04-07 14:32:35,522 ng_k_s.py [line:290] catch INFO sid: 13: 0 txs batches need to call help after 100ms in epoch 67, 0 in total, 0.000000  
2022-04-07 14:32:36,122 ng_k_s.py [line:318] _run_VABA_round INFO sid: 13: 0 txs batches need to call help in epoch 68, 0 in total, 0.000000  
2022-04-07 14:32:36,125 ng_k_s.py [line:442] _finalize_output INFO node: 13 epoch: 68 run: 53.332971, total delivered Txs after warm-up: 3538000, average delay after warm-up: 1.749911,  tps after warm-up: 163273.948864, average vaba delay after warm-up: 0.745991 
2022-04-07 14:32:36,176 ng_k_s.py [line:276] catch INFO sid: 13: 0 txs batches need to call help after 50ms in epoch 68, 0 in total, 0.000000  
2022-04-07 14:32:36,227 ng_k_s.py [line:290] catch INFO sid: 13: 0 txs batches need to call help after 100ms in epoch 68, 0 in total, 0.000000  
2022-04-07 14:32:36,292 nwabc.py [line:105] handel_messages INFO sid: sidAnw24, 0 catch up in total 
2022-04-07 14:32:36,533 nwabc.py [line:105] handel_messages INFO sid: sidAnw25, 0 catch up in total 
2022-04-07 14:32:36,799 ng_k_s.py [line:318] _run_VABA_round INFO sid: 13: 0 txs batches need to call help in epoch 69, 0 in total, 0.000000  
2022-04-07 14:32:36,799 ng_k_s.py [line:442] _finalize_output INFO node: 13 epoch: 69 run: 54.007787, total delivered Txs after warm-up: 3658000, average delay after warm-up: 1.746193,  tps after warm-up: 163713.445015, average vaba delay after warm-up: 0.743608 
2022-04-07 14:32:36,851 ng_k_s.py [line:276] catch INFO sid: 13: 0 txs batches need to call help after 50ms in epoch 69, 0 in total, 0.000000  
2022-04-07 14:32:36,901 ng_k_s.py [line:290] catch INFO sid: 13: 0 txs batches need to call help after 100ms in epoch 69, 0 in total, 0.000000  
2022-04-07 14:32:37,529 ng_k_s.py [line:318] _run_VABA_round INFO sid: 13: 0 txs batches need to call help in epoch 70, 0 in total, 0.000000  
2022-04-07 14:32:37,529 ng_k_s.py [line:442] _finalize_output INFO node: 13 epoch: 70 run: 54.737779, total delivered Txs after warm-up: 3778000, average delay after warm-up: 1.742864,  tps after warm-up: 163734.703184, average vaba delay after warm-up: 0.743158 
2022-04-07 14:32:37,582 ng_k_s.py [line:276] catch INFO sid: 13: 0 txs batches need to call help after 50ms in epoch 70, 0 in total, 0.000000  
2022-04-07 14:32:37,633 ng_k_s.py [line:290] catch INFO sid: 13: 0 txs batches need to call help after 100ms in epoch 70, 0 in total, 0.000000  
2022-04-07 14:32:38,223 ng_k_s.py [line:318] _run_VABA_round INFO sid: 13: 0 txs batches need to call help in epoch 71, 0 in total, 0.000000  
2022-04-07 14:32:38,226 ng_k_s.py [line:442] _finalize_output INFO node: 13 epoch: 71 run: 55.434039, total delivered Txs after warm-up: 3900000, average delay after warm-up: 1.738240,  tps after warm-up: 164071.180303, average vaba delay after warm-up: 0.741627 
2022-04-07 14:32:38,276 ng_k_s.py [line:276] catch INFO sid: 13: 0 txs batches need to call help after 50ms in epoch 71, 0 in total, 0.000000  
2022-04-07 14:32:38,327 ng_k_s.py [line:290] catch INFO sid: 13: 0 txs batches need to call help after 100ms in epoch 71, 0 in total, 0.000000  
2022-04-07 14:32:38,990 ng_k_s.py [line:318] _run_VABA_round INFO sid: 13: 0 txs batches need to call help in epoch 72, 0 in total, 0.000000  
2022-04-07 14:32:38,992 ng_k_s.py [line:442] _finalize_output INFO node: 13 epoch: 72 run: 56.200632, total delivered Txs after warm-up: 4002000, average delay after warm-up: 1.736891,  tps after warm-up: 163102.192907, average vaba delay after warm-up: 0.742373 
2022-04-07 14:32:39,043 ng_k_s.py [line:276] catch INFO sid: 13: 0 txs batches need to call help after 50ms in epoch 72, 0 in total, 0.000000  
2022-04-07 14:32:39,093 ng_k_s.py [line:290] catch INFO sid: 13: 0 txs batches need to call help after 100ms in epoch 72, 0 in total, 0.000000  
2022-04-07 14:32:39,703 ng_k_s.py [line:318] _run_VABA_round INFO sid: 13: 0 txs batches need to call help in epoch 73, 0 in total, 0.000000  
2022-04-07 14:32:39,705 ng_k_s.py [line:442] _finalize_output INFO node: 13 epoch: 73 run: 56.913700, total delivered Txs after warm-up: 4142000, average delay after warm-up: 1.733918,  tps after warm-up: 164040.697501, average vaba delay after warm-up: 0.741502 
2022-04-07 14:32:39,757 ng_k_s.py [line:276] catch INFO sid: 13: 0 txs batches need to call help after 50ms in epoch 73, 0 in total, 0.000000  
2022-04-07 14:32:39,808 ng_k_s.py [line:290] catch INFO sid: 13: 0 txs batches need to call help after 100ms in epoch 73, 0 in total, 0.000000  
2022-04-07 14:32:40,383 ng_k_s.py [line:318] _run_VABA_round INFO sid: 13: 0 txs batches need to call help in epoch 74, 0 in total, 0.000000  
2022-04-07 14:32:40,383 ng_k_s.py [line:442] _finalize_output INFO node: 13 epoch: 74 run: 57.591898, total delivered Txs after warm-up: 4256000, average delay after warm-up: 1.729556,  tps after warm-up: 164146.675217, average vaba delay after warm-up: 0.739684 
2022-04-07 14:32:40,435 ng_k_s.py [line:276] catch INFO sid: 13: 0 txs batches need to call help after 50ms in epoch 74, 0 in total, 0.000000  
2022-04-07 14:32:40,485 ng_k_s.py [line:290] catch INFO sid: 13: 0 txs batches need to call help after 100ms in epoch 74, 0 in total, 0.000000  
2022-04-07 14:32:41,126 ng_k_s.py [line:318] _run_VABA_round INFO sid: 13: 0 txs batches need to call help in epoch 75, 0 in total, 0.000000  
2022-04-07 14:32:41,128 ng_k_s.py [line:442] _finalize_output INFO node: 13 epoch: 75 run: 58.336090, total delivered Txs after warm-up: 4370000, average delay after warm-up: 1.726527,  tps after warm-up: 163840.865542, average vaba delay after warm-up: 0.739799 
2022-04-07 14:32:41,179 ng_k_s.py [line:276] catch INFO sid: 13: 0 txs batches need to call help after 50ms in epoch 75, 0 in total, 0.000000  
2022-04-07 14:32:41,229 ng_k_s.py [line:290] catch INFO sid: 13: 0 txs batches need to call help after 100ms in epoch 75, 0 in total, 0.000000  
2022-04-07 14:32:41,808 ng_k_s.py [line:318] _run_VABA_round INFO sid: 13: 0 txs batches need to call help in epoch 76, 0 in total, 0.000000  
2022-04-07 14:32:41,811 ng_k_s.py [line:442] _finalize_output INFO node: 13 epoch: 76 run: 59.019105, total delivered Txs after warm-up: 4484000, average delay after warm-up: 1.723421,  tps after warm-up: 163917.421760, average vaba delay after warm-up: 0.738255 
2022-04-07 14:32:41,862 ng_k_s.py [line:276] catch INFO sid: 13: 0 txs batches need to call help after 50ms in epoch 76, 0 in total, 0.000000  
2022-04-07 14:32:41,912 ng_k_s.py [line:290] catch INFO sid: 13: 0 txs batches need to call help after 100ms in epoch 76, 0 in total, 0.000000  
2022-04-07 14:32:42,296 nwabc.py [line:105] handel_messages INFO sid: sidAnw0, 0 catch up in total 
2022-04-07 14:32:42,516 nwabc.py [line:105] handel_messages INFO sid: sidAnw1, 0 catch up in total 
2022-04-07 14:32:42,597 ng_k_s.py [line:318] _run_VABA_round INFO sid: 13: 0 txs batches need to call help in epoch 77, 0 in total, 0.000000  
2022-04-07 14:32:42,598 ng_k_s.py [line:442] _finalize_output INFO node: 13 epoch: 77 run: 59.806208, total delivered Txs after warm-up: 4598000, average delay after warm-up: 1.722957,  tps after warm-up: 163383.711875, average vaba delay after warm-up: 0.739526 
2022-04-07 14:32:42,651 ng_k_s.py [line:276] catch INFO sid: 13: 0 txs batches need to call help after 50ms in epoch 77, 0 in total, 0.000000  
2022-04-07 14:32:42,702 ng_k_s.py [line:290] catch INFO sid: 13: 0 txs batches need to call help after 100ms in epoch 77, 0 in total, 0.000000  
2022-04-07 14:32:43,208 ng_k_s.py [line:318] _run_VABA_round INFO sid: 13: 0 txs batches need to call help in epoch 78, 0 in total, 0.000000  
2022-04-07 14:32:43,210 ng_k_s.py [line:442] _finalize_output INFO node: 13 epoch: 78 run: 60.418350, total delivered Txs after warm-up: 4738000, average delay after warm-up: 1.717850,  tps after warm-up: 164774.313590, average vaba delay after warm-up: 0.736205 
2022-04-07 14:32:43,261 ng_k_s.py [line:276] catch INFO sid: 13: 0 txs batches need to call help after 50ms in epoch 78, 0 in total, 0.000000  
2022-04-07 14:32:43,312 ng_k_s.py [line:290] catch INFO sid: 13: 0 txs batches need to call help after 100ms in epoch 78, 0 in total, 0.000000  
2022-04-07 14:32:43,970 ng_k_s.py [line:318] _run_VABA_round INFO sid: 13: 0 txs batches need to call help in epoch 79, 0 in total, 0.000000  
2022-04-07 14:32:43,973 ng_k_s.py [line:442] _finalize_output INFO node: 13 epoch: 79 run: 61.181072, total delivered Txs after warm-up: 4836000, average delay after warm-up: 1.715248,  tps after warm-up: 163836.653170, average vaba delay after warm-up: 0.736860 
2022-04-07 14:32:44,024 ng_k_s.py [line:276] catch INFO sid: 13: 0 txs batches need to call help after 50ms in epoch 79, 0 in total, 0.000000  
2022-04-07 14:32:44,075 ng_k_s.py [line:290] catch INFO sid: 13: 0 txs batches need to call help after 100ms in epoch 79, 0 in total, 0.000000  
2022-04-07 14:32:44,694 ng_k_s.py [line:318] _run_VABA_round INFO sid: 13: 0 txs batches need to call help in epoch 80, 0 in total, 0.000000  
2022-04-07 14:32:44,697 ng_k_s.py [line:442] _finalize_output INFO node: 13 epoch: 80 run: 61.905130, total delivered Txs after warm-up: 4960000, average delay after warm-up: 1.713085,  tps after warm-up: 164014.316880, average vaba delay after warm-up: 0.736539 
2022-04-07 14:32:44,747 ng_k_s.py [line:276] catch INFO sid: 13: 0 txs batches need to call help after 50ms in epoch 80, 0 in total, 0.000000  
2022-04-07 14:32:44,799 ng_k_s.py [line:290] catch INFO sid: 13: 0 txs batches need to call help after 100ms in epoch 80, 0 in total, 0.000000  
2022-04-07 14:32:45,392 ng_k_s.py [line:318] _run_VABA_round INFO sid: 13: 0 txs batches need to call help in epoch 81, 0 in total, 0.000000  
2022-04-07 14:32:45,394 ng_k_s.py [line:442] _finalize_output INFO node: 13 epoch: 81 run: 62.602235, total delivered Txs after warm-up: 5074000, average delay after warm-up: 1.710723,  tps after warm-up: 164003.484054, average vaba delay after warm-up: 0.735591 
2022-04-07 14:32:45,445 ng_k_s.py [line:276] catch INFO sid: 13: 0 txs batches need to call help after 50ms in epoch 81, 0 in total, 0.000000  
2022-04-07 14:32:45,496 ng_k_s.py [line:290] catch INFO sid: 13: 0 txs batches need to call help after 100ms in epoch 81, 0 in total, 0.000000  
2022-04-07 14:32:45,906 nwabc.py [line:105] handel_messages INFO sid: sidAnw4, 0 catch up in total 
2022-04-07 14:32:46,076 nwabc.py [line:105] handel_messages INFO sid: sidAnw5, 0 catch up in total 
2022-04-07 14:32:46,128 ng_k_s.py [line:318] _run_VABA_round INFO sid: 13: 0 txs batches need to call help in epoch 82, 0 in total, 0.000000  
2022-04-07 14:32:46,129 ng_k_s.py [line:442] _finalize_output INFO node: 13 epoch: 82 run: 63.337196, total delivered Txs after warm-up: 5188000, average delay after warm-up: 1.709717,  tps after warm-up: 163797.122096, average vaba delay after warm-up: 0.735569 
2022-04-07 14:32:46,182 ng_k_s.py [line:276] catch INFO sid: 13: 0 txs batches need to call help after 50ms in epoch 82, 0 in total, 0.000000  
2022-04-07 14:32:46,233 ng_k_s.py [line:290] catch INFO sid: 13: 0 txs batches need to call help after 100ms in epoch 82, 0 in total, 0.000000  
2022-04-07 14:32:46,858 ng_k_s.py [line:318] _run_VABA_round INFO sid: 13: 0 txs batches need to call help in epoch 83, 0 in total, 0.000000  
2022-04-07 14:32:46,861 ng_k_s.py [line:442] _finalize_output INFO node: 13 epoch: 83 run: 64.069103, total delivered Txs after warm-up: 5324000, average delay after warm-up: 1.707483,  tps after warm-up: 164294.442877, average vaba delay after warm-up: 0.735440 
2022-04-07 14:32:46,911 ng_k_s.py [line:276] catch INFO sid: 13: 0 txs batches need to call help after 50ms in epoch 83, 0 in total, 0.000000  
2022-04-07 14:32:46,962 ng_k_s.py [line:290] catch INFO sid: 13: 0 txs batches need to call help after 100ms in epoch 83, 0 in total, 0.000000  
2022-04-07 14:32:47,084 nwabc.py [line:105] handel_messages INFO sid: sidAnw14, 0 catch up in total 
2022-04-07 14:32:47,177 nwabc.py [line:105] handel_messages INFO sid: sidAnw29, 0 catch up in total 
2022-04-07 14:32:47,426 nwabc.py [line:105] handel_messages INFO sid: sidAnw15, 0 catch up in total 
2022-04-07 14:32:47,570 ng_k_s.py [line:318] _run_VABA_round INFO sid: 13: 0 txs batches need to call help in epoch 84, 0 in total, 0.000000  
2022-04-07 14:32:47,572 ng_k_s.py [line:442] _finalize_output INFO node: 13 epoch: 84 run: 64.780466, total delivered Txs after warm-up: 5418000, average delay after warm-up: 1.706745,  tps after warm-up: 163603.760835, average vaba delay after warm-up: 0.734897 
2022-04-07 14:32:47,622 ng_k_s.py [line:276] catch INFO sid: 13: 0 txs batches need to call help after 50ms in epoch 84, 0 in total, 0.000000  
2022-04-07 14:32:47,652 nwabc.py [line:105] handel_messages INFO sid: sidAnw26, 0 catch up in total 
2022-04-07 14:32:47,674 ng_k_s.py [line:290] catch INFO sid: 13: 0 txs batches need to call help after 100ms in epoch 84, 0 in total, 0.000000  
2022-04-07 14:32:47,795 nwabc.py [line:105] handel_messages INFO sid: sidAnw28, 0 catch up in total 
2022-04-07 14:32:48,115 nwabc.py [line:105] handel_messages INFO sid: sidAnw27, 0 catch up in total 
2022-04-07 14:32:48,265 ng_k_s.py [line:318] _run_VABA_round INFO sid: 13: 0 txs batches need to call help in epoch 85, 0 in total, 0.000000  
2022-04-07 14:32:48,267 ng_k_s.py [line:442] _finalize_output INFO node: 13 epoch: 85 run: 65.475131, total delivered Txs after warm-up: 5550000, average delay after warm-up: 1.705603,  tps after warm-up: 164146.487649, average vaba delay after warm-up: 0.734015 
2022-04-07 14:32:48,318 ng_k_s.py [line:276] catch INFO sid: 13: 0 txs batches need to call help after 50ms in epoch 85, 0 in total, 0.000000  
2022-04-07 14:32:48,370 ng_k_s.py [line:290] catch INFO sid: 13: 0 txs batches need to call help after 100ms in epoch 85, 0 in total, 0.000000  
2022-04-07 14:32:48,800 nwabc.py [line:105] handel_messages INFO sid: sidAnw22, 0 catch up in total 
2022-04-07 14:32:48,947 nwabc.py [line:105] handel_messages INFO sid: sidAnw23, 0 catch up in total 
2022-04-07 14:32:49,119 ng_k_s.py [line:318] _run_VABA_round INFO sid: 13: 0 txs batches need to call help in epoch 86, 0 in total, 0.000000  
2022-04-07 14:32:49,121 ng_k_s.py [line:442] _finalize_output INFO node: 13 epoch: 86 run: 66.329502, total delivered Txs after warm-up: 5660000, average delay after warm-up: 1.707120,  tps after warm-up: 163274.092599, average vaba delay after warm-up: 0.736569 
2022-04-07 14:32:49,172 ng_k_s.py [line:276] catch INFO sid: 13: 0 txs batches need to call help after 50ms in epoch 86, 0 in total, 0.000000  
2022-04-07 14:32:49,222 ng_k_s.py [line:290] catch INFO sid: 13: 0 txs batches need to call help after 100ms in epoch 86, 0 in total, 0.000000  
2022-04-07 14:32:49,809 ng_k_s.py [line:318] _run_VABA_round INFO sid: 13: 0 txs batches need to call help in epoch 87, 0 in total, 0.000000  
2022-04-07 14:32:49,811 ng_k_s.py [line:442] _finalize_output INFO node: 13 epoch: 87 run: 67.019842, total delivered Txs after warm-up: 5796000, average delay after warm-up: 1.707735,  tps after warm-up: 163932.691195, average vaba delay after warm-up: 0.735595 
2022-04-07 14:32:49,863 ng_k_s.py [line:276] catch INFO sid: 13: 0 txs batches need to call help after 50ms in epoch 87, 0 in total, 0.000000  
2022-04-07 14:32:49,913 ng_k_s.py [line:290] catch INFO sid: 13: 0 txs batches need to call help after 100ms in epoch 87, 0 in total, 0.000000  
2022-04-07 14:32:50,015 nwabc.py [line:105] handel_messages INFO sid: sidAnw20, 0 catch up in total 
2022-04-07 14:32:50,082 nwabc.py [line:105] handel_messages INFO sid: sidAnw21, 0 catch up in total 
2022-04-07 14:32:50,554 ng_k_s.py [line:318] _run_VABA_round INFO sid: 13: 0 txs batches need to call help in epoch 88, 0 in total, 0.000000  
2022-04-07 14:32:50,554 ng_k_s.py [line:442] _finalize_output INFO node: 13 epoch: 88 run: 67.762444, total delivered Txs after warm-up: 5930000, average delay after warm-up: 1.706773,  tps after warm-up: 164272.406466, average vaba delay after warm-up: 0.735729 
2022-04-07 14:32:50,607 ng_k_s.py [line:276] catch INFO sid: 13: 0 txs batches need to call help after 50ms in epoch 88, 0 in total, 0.000000  
2022-04-07 14:32:50,658 ng_k_s.py [line:290] catch INFO sid: 13: 0 txs batches need to call help after 100ms in epoch 88, 0 in total, 0.000000  
2022-04-07 14:32:51,293 ng_k_s.py [line:318] _run_VABA_round INFO sid: 13: 0 txs batches need to call help in epoch 89, 0 in total, 0.000000  
2022-04-07 14:32:51,293 ng_k_s.py [line:442] _finalize_output INFO node: 13 epoch: 89 run: 68.501436, total delivered Txs after warm-up: 6044000, average delay after warm-up: 1.706212,  tps after warm-up: 164071.635559, average vaba delay after warm-up: 0.735754 
2022-04-07 14:32:51,344 ng_k_s.py [line:276] catch INFO sid: 13: 0 txs batches need to call help after 50ms in epoch 89, 0 in total, 0.000000  
2022-04-07 14:32:51,395 ng_k_s.py [line:290] catch INFO sid: 13: 0 txs batches need to call help after 100ms in epoch 89, 0 in total, 0.000000  
2022-04-07 14:32:52,034 ng_k_s.py [line:318] _run_VABA_round INFO sid: 13: 0 txs batches need to call help in epoch 90, 0 in total, 0.000000  
2022-04-07 14:32:52,036 ng_k_s.py [line:442] _finalize_output INFO node: 13 epoch: 90 run: 69.244786, total delivered Txs after warm-up: 6182000, average delay after warm-up: 1.704895,  tps after warm-up: 164498.378308, average vaba delay after warm-up: 0.735895 
2022-04-07 14:32:52,088 ng_k_s.py [line:276] catch INFO sid: 13: 0 txs batches need to call help after 50ms in epoch 90, 0 in total, 0.000000  
2022-04-07 14:32:52,139 ng_k_s.py [line:290] catch INFO sid: 13: 0 txs batches need to call help after 100ms in epoch 90, 0 in total, 0.000000  
2022-04-07 14:32:53,682 ng_k_s.py [line:318] _run_VABA_round INFO sid: 13: 0 txs batches need to call help in epoch 91, 0 in total, 0.000000  
2022-04-07 14:32:53,684 ng_k_s.py [line:442] _finalize_output INFO node: 13 epoch: 91 run: 70.892375, total delivered Txs after warm-up: 6284000, average delay after warm-up: 1.719208,  tps after warm-up: 160189.627326, average vaba delay after warm-up: 0.753421 
2022-04-07 14:32:53,736 ng_k_s.py [line:276] catch INFO sid: 13: 0 txs batches need to call help after 50ms in epoch 91, 0 in total, 0.000000  
2022-04-07 14:32:53,786 ng_k_s.py [line:290] catch INFO sid: 13: 0 txs batches need to call help after 100ms in epoch 91, 0 in total, 0.000000  
2022-04-07 14:32:54,361 nwabc.py [line:105] handel_messages INFO sid: sidAnw9, 0 catch up in total 
2022-04-07 14:32:54,361 nwabc.py [line:105] handel_messages INFO sid: sidAnw8, 0 catch up in total 
2022-04-07 14:32:54,425 ng_k_s.py [line:318] _run_VABA_round INFO sid: 13: 0 txs batches need to call help in epoch 92, 0 in total, 0.000000  
2022-04-07 14:32:54,427 ng_k_s.py [line:442] _finalize_output INFO node: 13 epoch: 92 run: 71.635250, total delivered Txs after warm-up: 6574000, average delay after warm-up: 1.737960,  tps after warm-up: 164467.667813, average vaba delay after warm-up: 0.753216 
2022-04-07 14:32:54,478 ng_k_s.py [line:276] catch INFO sid: 13: 0 txs batches need to call help after 50ms in epoch 92, 0 in total, 0.000000  
2022-04-07 14:32:54,528 ng_k_s.py [line:290] catch INFO sid: 13: 0 txs batches need to call help after 100ms in epoch 92, 0 in total, 0.000000  
2022-04-07 14:32:55,177 ng_k_s.py [line:318] _run_VABA_round INFO sid: 13: 0 txs batches need to call help in epoch 93, 0 in total, 0.000000  
2022-04-07 14:32:55,178 ng_k_s.py [line:442] _finalize_output INFO node: 13 epoch: 93 run: 72.386748, total delivered Txs after warm-up: 6696000, average delay after warm-up: 1.736872,  tps after warm-up: 164428.450489, average vaba delay after warm-up: 0.753179 
2022-04-07 14:32:55,230 ng_k_s.py [line:276] catch INFO sid: 13: 0 txs batches need to call help after 50ms in epoch 93, 0 in total, 0.000000  
2022-04-07 14:32:55,281 ng_k_s.py [line:290] catch INFO sid: 13: 0 txs batches need to call help after 100ms in epoch 93, 0 in total, 0.000000  
2022-04-07 14:32:56,114 ng_k_s.py [line:318] _run_VABA_round INFO sid: 13: 0 txs batches need to call help in epoch 94, 0 in total, 0.000000  
2022-04-07 14:32:56,114 ng_k_s.py [line:442] _finalize_output INFO node: 13 epoch: 94 run: 73.322198, total delivered Txs after warm-up: 6804000, average delay after warm-up: 1.739881,  tps after warm-up: 163328.677075, average vaba delay after warm-up: 0.756483 
2022-04-07 14:32:56,148 nwabc.py [line:105] handel_messages INFO sid: sidAnw31, 0 catch up in total 
2022-04-07 14:32:56,165 ng_k_s.py [line:276] catch INFO sid: 13: 0 txs batches need to call help after 50ms in epoch 94, 0 in total, 0.000000  
2022-04-07 14:32:56,215 nwabc.py [line:105] handel_messages INFO sid: sidAnw30, 0 catch up in total 
2022-04-07 14:32:56,216 ng_k_s.py [line:290] catch INFO sid: 13: 0 txs batches need to call help after 100ms in epoch 94, 0 in total, 0.000000  
2022-04-07 14:32:56,728 nwabc.py [line:105] handel_messages INFO sid: sidAnw10, 0 catch up in total 
2022-04-07 14:32:56,790 ng_k_s.py [line:318] _run_VABA_round INFO sid: 13: 0 txs batches need to call help in epoch 95, 0 in total, 0.000000  
2022-04-07 14:32:56,792 ng_k_s.py [line:442] _finalize_output INFO node: 13 epoch: 95 run: 74.000632, total delivered Txs after warm-up: 6948000, average delay after warm-up: 1.741842,  tps after warm-up: 164112.684287, average vaba delay after warm-up: 0.755075 
2022-04-07 14:32:56,843 ng_k_s.py [line:276] catch INFO sid: 13: 0 txs batches need to call help after 50ms in epoch 95, 0 in total, 0.000000  
2022-04-07 14:32:56,893 ng_k_s.py [line:290] catch INFO sid: 13: 0 txs batches need to call help after 100ms in epoch 95, 0 in total, 0.000000  
2022-04-07 14:32:57,184 nwabc.py [line:105] handel_messages INFO sid: sidAnw11, 0 catch up in total 
2022-04-07 14:32:57,549 ng_k_s.py [line:318] _run_VABA_round INFO sid: 13: 0 txs batches need to call help in epoch 96, 0 in total, 0.000000  
2022-04-07 14:32:57,551 ng_k_s.py [line:442] _finalize_output INFO node: 13 epoch: 96 run: 74.758982, total delivered Txs after warm-up: 7082000, average delay after warm-up: 1.742255,  tps after warm-up: 164334.173986, average vaba delay after warm-up: 0.755127 
2022-04-07 14:32:57,601 ng_k_s.py [line:276] catch INFO sid: 13: 0 txs batches need to call help after 50ms in epoch 96, 0 in total, 0.000000  
2022-04-07 14:32:57,652 ng_k_s.py [line:290] catch INFO sid: 13: 0 txs batches need to call help after 100ms in epoch 96, 0 in total, 0.000000  
2022-04-07 14:32:58,220 ng_k_s.py [line:318] _run_VABA_round INFO sid: 13: 0 txs batches need to call help in epoch 97, 0 in total, 0.000000  
2022-04-07 14:32:58,223 ng_k_s.py [line:442] _finalize_output INFO node: 13 epoch: 97 run: 75.431059, total delivered Txs after warm-up: 7212000, average delay after warm-up: 1.740393,  tps after warm-up: 164780.965078, average vaba delay after warm-up: 0.753690 
2022-04-07 14:32:58,274 ng_k_s.py [line:276] catch INFO sid: 13: 0 txs batches need to call help after 50ms in epoch 97, 0 in total, 0.000000  
2022-04-07 14:32:58,325 ng_k_s.py [line:290] catch INFO sid: 13: 0 txs batches need to call help after 100ms in epoch 97, 0 in total, 0.000000  
2022-04-07 14:32:58,981 ng_k_s.py [line:318] _run_VABA_round INFO sid: 13: 0 txs batches need to call help in epoch 98, 0 in total, 0.000000  
2022-04-07 14:32:58,981 ng_k_s.py [line:442] _finalize_output INFO node: 13 epoch: 98 run: 76.189898, total delivered Txs after warm-up: 7316000, average delay after warm-up: 1.740108,  tps after warm-up: 164308.382974, average vaba delay after warm-up: 0.753772 
2022-04-07 14:32:59,035 ng_k_s.py [line:276] catch INFO sid: 13: 0 txs batches need to call help after 50ms in epoch 98, 0 in total, 0.000000  
2022-04-07 14:32:59,054 nwabc.py [line:105] handel_messages INFO sid: sidAnw18, 0 catch up in total 
2022-04-07 14:32:59,086 ng_k_s.py [line:290] catch INFO sid: 13: 0 txs batches need to call help after 100ms in epoch 98, 0 in total, 0.000000  
2022-04-07 14:32:59,661 ng_k_s.py [line:318] _run_VABA_round INFO sid: 13: 0 txs batches need to call help in epoch 99, 0 in total, 0.000000  
2022-04-07 14:32:59,663 ng_k_s.py [line:442] _finalize_output INFO node: 13 epoch: 99 run: 76.871075, total delivered Txs after warm-up: 7460000, average delay after warm-up: 1.737831,  tps after warm-up: 165017.937189, average vaba delay after warm-up: 0.752525 
2022-04-07 14:32:59,715 ng_k_s.py [line:276] catch INFO sid: 13: 0 txs batches need to call help after 50ms in epoch 99, 0 in total, 0.000000  
2022-04-07 14:32:59,730 nwabc.py [line:105] handel_messages INFO sid: sidAnw19, 0 catch up in total 
2022-04-07 14:32:59,765 ng_k_s.py [line:290] catch INFO sid: 13: 0 txs batches need to call help after 100ms in epoch 99, 0 in total, 0.000000  
2022-04-07 14:33:00,598 ng_k_s.py [line:318] _run_VABA_round INFO sid: 13: 0 txs batches need to call help in epoch 100, 0 in total, 0.000000  
2022-04-07 14:33:00,598 ng_k_s.py [line:442] _finalize_output INFO node: 13 epoch: 100 run: 77.806710, total delivered Txs after warm-up: 7558000, average delay after warm-up: 1.739267,  tps after warm-up: 163795.720041, average vaba delay after warm-up: 0.755520 
2022-04-07 14:33:00,651 ng_k_s.py [line:276] catch INFO sid: 13: 0 txs batches need to call help after 50ms in epoch 100, 0 in total, 0.000000  
2022-04-07 14:33:00,701 ng_k_s.py [line:290] catch INFO sid: 13: 0 txs batches need to call help after 100ms in epoch 100, 0 in total, 0.000000  
2022-04-07 14:33:01,258 ng_k_s.py [line:318] _run_VABA_round INFO sid: 13: 0 txs batches need to call help in epoch 101, 0 in total, 0.000000  
2022-04-07 14:33:01,259 ng_k_s.py [line:442] _finalize_output INFO node: 13 epoch: 101 run: 78.467851, total delivered Txs after warm-up: 7706000, average delay after warm-up: 1.739398,  tps after warm-up: 164644.107413, average vaba delay after warm-up: 0.753963 
2022-04-07 14:33:01,310 ng_k_s.py [line:276] catch INFO sid: 13: 0 txs batches need to call help after 50ms in epoch 101, 0 in total, 0.000000  
2022-04-07 14:33:01,360 ng_k_s.py [line:290] catch INFO sid: 13: 0 txs batches need to call help after 100ms in epoch 101, 0 in total, 0.000000  
2022-04-07 14:33:01,978 ng_k_s.py [line:318] _run_VABA_round INFO sid: 13: 0 txs batches need to call help in epoch 102, 0 in total, 0.000000  
2022-04-07 14:33:01,978 ng_k_s.py [line:442] _finalize_output INFO node: 13 epoch: 102 run: 79.186573, total delivered Txs after warm-up: 7836000, average delay after warm-up: 1.737781,  tps after warm-up: 164889.604378, average vaba delay after warm-up: 0.753398 
2022-04-07 14:33:02,030 ng_k_s.py [line:276] catch INFO sid: 13: 0 txs batches need to call help after 50ms in epoch 102, 0 in total, 0.000000  
2022-04-07 14:33:02,081 ng_k_s.py [line:290] catch INFO sid: 13: 0 txs batches need to call help after 100ms in epoch 102, 0 in total, 0.000000  
2022-04-07 14:33:02,677 ng_k_s.py [line:318] _run_VABA_round INFO sid: 13: 0 txs batches need to call help in epoch 103, 0 in total, 0.000000  
2022-04-07 14:33:02,679 ng_k_s.py [line:442] _finalize_output INFO node: 13 epoch: 103 run: 79.887682, total delivered Txs after warm-up: 7946000, average delay after warm-up: 1.736210,  tps after warm-up: 164773.361953, average vaba delay after warm-up: 0.752548 
2022-04-07 14:33:02,730 ng_k_s.py [line:276] catch INFO sid: 13: 0 txs batches need to call help after 50ms in epoch 103, 0 in total, 0.000000  
2022-04-07 14:33:02,781 ng_k_s.py [line:290] catch INFO sid: 13: 0 txs batches need to call help after 100ms in epoch 103, 0 in total, 0.000000  
2022-04-07 14:33:03,348 ng_k_s.py [line:318] _run_VABA_round INFO sid: 13: 0 txs batches need to call help in epoch 104, 0 in total, 0.000000  
2022-04-07 14:33:03,348 ng_k_s.py [line:442] _finalize_output INFO node: 13 epoch: 104 run: 80.556908, total delivered Txs after warm-up: 8058000, average delay after warm-up: 1.734423,  tps after warm-up: 164808.734513, average vaba delay after warm-up: 0.751261 
2022-04-07 14:33:03,401 ng_k_s.py [line:276] catch INFO sid: 13: 0 txs batches need to call help after 50ms in epoch 104, 0 in total, 0.000000  
2022-04-07 14:33:03,452 ng_k_s.py [line:290] catch INFO sid: 13: 0 txs batches need to call help after 100ms in epoch 104, 0 in total, 0.000000  
2022-04-07 14:33:05,027 ng_k_s.py [line:318] _run_VABA_round INFO sid: 13: 0 txs batches need to call help in epoch 105, 0 in total, 0.000000  
2022-04-07 14:33:05,030 ng_k_s.py [line:442] _finalize_output INFO node: 13 epoch: 105 run: 82.238046, total delivered Txs after warm-up: 8180000, average delay after warm-up: 1.747409,  tps after warm-up: 161742.618994, average vaba delay after warm-up: 0.765317 
2022-04-07 14:33:05,081 ng_k_s.py [line:276] catch INFO sid: 13: 0 txs batches need to call help after 50ms in epoch 105, 0 in total, 0.000000  
2022-04-07 14:33:05,132 ng_k_s.py [line:290] catch INFO sid: 13: 0 txs batches need to call help after 100ms in epoch 105, 0 in total, 0.000000  
2022-04-07 14:33:06,654 ng_k_s.py [line:318] _run_VABA_round INFO sid: 13: 0 txs batches need to call help in epoch 106, 0 in total, 0.000000  
2022-04-07 14:33:06,656 ng_k_s.py [line:442] _finalize_output INFO node: 13 epoch: 106 run: 83.864402, total delivered Txs after warm-up: 8456000, average delay after warm-up: 1.788759,  tps after warm-up: 161990.679692, average vaba delay after warm-up: 0.778163 
2022-04-07 14:33:06,707 ng_k_s.py [line:276] catch INFO sid: 13: 0 txs batches need to call help after 50ms in epoch 106, 0 in total, 0.000000  
2022-04-07 14:33:06,758 ng_k_s.py [line:290] catch INFO sid: 13: 0 txs batches need to call help after 100ms in epoch 106, 0 in total, 0.000000  
2022-04-07 14:33:06,851 nwabc.py [line:105] handel_messages INFO sid: sidAnw12, 0 catch up in total 
2022-04-07 14:33:06,901 nwabc.py [line:105] handel_messages INFO sid: sidAnw13, 0 catch up in total 
2022-04-07 14:33:07,345 ng_k_s.py [line:318] _run_VABA_round INFO sid: 13: 0 txs batches need to call help in epoch 107, 0 in total, 0.000000  
2022-04-07 14:33:07,346 ng_k_s.py [line:442] _finalize_output INFO node: 13 epoch: 107 run: 84.554917, total delivered Txs after warm-up: 8744000, average delay after warm-up: 1.796602,  tps after warm-up: 165320.978522, average vaba delay after warm-up: 0.776867 
2022-04-07 14:33:07,397 ng_k_s.py [line:276] catch INFO sid: 13: 0 txs batches need to call help after 50ms in epoch 107, 0 in total, 0.000000  
2022-04-07 14:33:07,448 ng_k_s.py [line:290] catch INFO sid: 13: 0 txs batches need to call help after 100ms in epoch 107, 0 in total, 0.000000  
2022-04-07 14:33:08,037 ng_k_s.py [line:318] _run_VABA_round INFO sid: 13: 0 txs batches need to call help in epoch 108, 0 in total, 0.000000  
2022-04-07 14:33:08,039 ng_k_s.py [line:442] _finalize_output INFO node: 13 epoch: 108 run: 85.247549, total delivered Txs after warm-up: 8842000, average delay after warm-up: 1.794013,  tps after warm-up: 165012.925902, average vaba delay after warm-up: 0.775642 
2022-04-07 14:33:08,090 ng_k_s.py [line:276] catch INFO sid: 13: 0 txs batches need to call help after 50ms in epoch 108, 0 in total, 0.000000  
2022-04-07 14:33:08,141 ng_k_s.py [line:290] catch INFO sid: 13: 0 txs batches need to call help after 100ms in epoch 108, 0 in total, 0.000000  
2022-04-07 14:33:08,698 ng_k_s.py [line:318] _run_VABA_round INFO sid: 13: 0 txs batches need to call help in epoch 109, 0 in total, 0.000000  
2022-04-07 14:33:08,700 ng_k_s.py [line:442] _finalize_output INFO node: 13 epoch: 109 run: 85.908716, total delivered Txs after warm-up: 8962000, average delay after warm-up: 1.791027,  tps after warm-up: 165213.845176, average vaba delay after warm-up: 0.774001 
2022-04-07 14:33:08,751 ng_k_s.py [line:276] catch INFO sid: 13: 0 txs batches need to call help after 50ms in epoch 109, 0 in total, 0.000000  
2022-04-07 14:33:08,802 ng_k_s.py [line:290] catch INFO sid: 13: 0 txs batches need to call help after 100ms in epoch 109, 0 in total, 0.000000  
2022-04-07 14:33:09,598 ng_k_s.py [line:318] _run_VABA_round INFO sid: 13: 0 txs batches need to call help in epoch 110, 0 in total, 0.000000  
2022-04-07 14:33:09,601 ng_k_s.py [line:442] _finalize_output INFO node: 13 epoch: 110 run: 86.809043, total delivered Txs after warm-up: 9064000, average delay after warm-up: 1.790991,  tps after warm-up: 164366.147429, average vaba delay after warm-up: 0.775776 
2022-04-07 14:33:09,652 ng_k_s.py [line:276] catch INFO sid: 13: 0 txs batches need to call help after 50ms in epoch 110, 0 in total, 0.000000  
2022-04-07 14:33:09,703 ng_k_s.py [line:290] catch INFO sid: 13: 0 txs batches need to call help after 100ms in epoch 110, 0 in total, 0.000000  
2022-04-07 14:33:10,080 nwabc.py [line:105] handel_messages INFO sid: sidAnw16, 0 catch up in total 
2022-04-07 14:33:10,395 nwabc.py [line:105] handel_messages INFO sid: sidAnw17, 0 catch up in total 
2022-04-07 14:33:10,456 ng_k_s.py [line:318] _run_VABA_round INFO sid: 13: 0 txs batches need to call help in epoch 111, 0 in total, 0.000000  
2022-04-07 14:33:10,458 ng_k_s.py [line:442] _finalize_output INFO node: 13 epoch: 111 run: 87.666699, total delivered Txs after warm-up: 9192000, average delay after warm-up: 1.793348,  tps after warm-up: 164134.558908, average vaba delay after warm-up: 0.776908 
2022-04-07 14:33:10,509 ng_k_s.py [line:276] catch INFO sid: 13: 0 txs batches need to call help after 50ms in epoch 111, 0 in total, 0.000000  
2022-04-07 14:33:10,560 ng_k_s.py [line:290] catch INFO sid: 13: 0 txs batches need to call help after 100ms in epoch 111, 0 in total, 0.000000  
2022-04-07 14:33:11,071 ng_k_s.py [line:318] _run_VABA_round INFO sid: 13: 0 txs batches need to call help in epoch 112, 0 in total, 0.000000  
2022-04-07 14:33:11,073 ng_k_s.py [line:442] _finalize_output INFO node: 13 epoch: 112 run: 88.281020, total delivered Txs after warm-up: 9354000, average delay after warm-up: 1.791609,  tps after warm-up: 165214.951883, average vaba delay after warm-up: 0.774677 
2022-04-07 14:33:11,124 ng_k_s.py [line:276] catch INFO sid: 13: 0 txs batches need to call help after 50ms in epoch 112, 0 in total, 0.000000  
2022-04-07 14:33:11,174 ng_k_s.py [line:290] catch INFO sid: 13: 0 txs batches need to call help after 100ms in epoch 112, 0 in total, 0.000000  
2022-04-07 14:33:12,773 ng_k_s.py [line:318] _run_VABA_round INFO sid: 13: 0 txs batches need to call help in epoch 113, 0 in total, 0.000000  
2022-04-07 14:33:12,775 ng_k_s.py [line:442] _finalize_output INFO node: 13 epoch: 113 run: 89.983386, total delivered Txs after warm-up: 9464000, average delay after warm-up: 1.800822,  tps after warm-up: 162278.434175, average vaba delay after warm-up: 0.787208 
2022-04-07 14:33:12,795 nwabc.py [line:105] handel_messages INFO sid: sidAnw3, 0 catch up in total 
2022-04-07 14:33:12,795 nwabc.py [line:105] handel_messages INFO sid: sidAnw2, 0 catch up in total 
2022-04-07 14:33:12,826 ng_k_s.py [line:276] catch INFO sid: 13: 0 txs batches need to call help after 50ms in epoch 113, 0 in total, 0.000000  
2022-04-07 14:33:12,877 ng_k_s.py [line:290] catch INFO sid: 13: 0 txs batches need to call help after 100ms in epoch 113, 0 in total, 0.000000  
2022-04-07 14:33:13,715 ng_k_s.py [line:318] _run_VABA_round INFO sid: 13: 0 txs batches need to call help in epoch 114, 0 in total, 0.000000  
2022-04-07 14:33:13,715 ng_k_s.py [line:442] _finalize_output INFO node: 13 epoch: 114 run: 90.923420, total delivered Txs after warm-up: 9756000, average delay after warm-up: 1.816260,  tps after warm-up: 164631.686052, average vaba delay after warm-up: 0.789241 
2022-04-07 14:33:13,768 ng_k_s.py [line:276] catch INFO sid: 13: 0 txs batches need to call help after 50ms in epoch 114, 0 in total, 0.000000  
2022-04-07 14:33:13,818 ng_k_s.py [line:290] catch INFO sid: 13: 0 txs batches need to call help after 100ms in epoch 114, 0 in total, 0.000000  
2022-04-07 14:33:14,379 ng_k_s.py [line:318] _run_VABA_round INFO sid: 13: 0 txs batches need to call help in epoch 115, 0 in total, 0.000000  
2022-04-07 14:33:14,382 ng_k_s.py [line:442] _finalize_output INFO node: 13 epoch: 115 run: 91.590056, total delivered Txs after warm-up: 9890000, average delay after warm-up: 1.814861,  tps after warm-up: 165036.361743, average vaba delay after warm-up: 0.787595 
2022-04-07 14:33:14,433 ng_k_s.py [line:276] catch INFO sid: 13: 0 txs batches need to call help after 50ms in epoch 115, 0 in total, 0.000000  
2022-04-07 14:33:14,484 ng_k_s.py [line:290] catch INFO sid: 13: 0 txs batches need to call help after 100ms in epoch 115, 0 in total, 0.000000  
2022-04-07 14:33:15,120 ng_k_s.py [line:318] _run_VABA_round INFO sid: 13: 0 txs batches need to call help in epoch 116, 0 in total, 0.000000  
2022-04-07 14:33:15,122 ng_k_s.py [line:442] _finalize_output INFO node: 13 epoch: 116 run: 92.330609, total delivered Txs after warm-up: 10030000, average delay after warm-up: 1.812205,  tps after warm-up: 165329.468693, average vaba delay after warm-up: 0.786980 
2022-04-07 14:33:15,173 ng_k_s.py [line:276] catch INFO sid: 13: 0 txs batches need to call help after 50ms in epoch 116, 0 in total, 0.000000  
2022-04-07 14:33:15,223 ng_k_s.py [line:290] catch INFO sid: 13: 0 txs batches need to call help after 100ms in epoch 116, 0 in total, 0.000000  
2022-04-07 14:33:16,001 ng_k_s.py [line:318] _run_VABA_round INFO sid: 13: 0 txs batches need to call help in epoch 117, 0 in total, 0.000000  
2022-04-07 14:33:16,003 ng_k_s.py [line:442] _finalize_output INFO node: 13 epoch: 117 run: 93.211366, total delivered Txs after warm-up: 10124000, average delay after warm-up: 1.812220,  tps after warm-up: 164490.845786, average vaba delay after warm-up: 0.788177 
2022-04-07 14:33:16,054 ng_k_s.py [line:276] catch INFO sid: 13: 0 txs batches need to call help after 50ms in epoch 117, 0 in total, 0.000000  
2022-04-07 14:33:16,104 ng_k_s.py [line:290] catch INFO sid: 13: 0 txs batches need to call help after 100ms in epoch 117, 0 in total, 0.000000  
2022-04-07 14:33:16,160 nwabc.py [line:105] handel_messages INFO sid: sidAnw6, 0 catch up in total 
2022-04-07 14:33:16,662 ng_k_s.py [line:318] _run_VABA_round INFO sid: 13: 0 txs batches need to call help in epoch 118, 0 in total, 0.000000  
2022-04-07 14:33:16,664 ng_k_s.py [line:442] _finalize_output INFO node: 13 epoch: 118 run: 93.872376, total delivered Txs after warm-up: 10284000, average delay after warm-up: 1.810545,  tps after warm-up: 165315.007365, average vaba delay after warm-up: 0.786563 
2022-04-07 14:33:16,716 ng_k_s.py [line:276] catch INFO sid: 13: 0 txs batches need to call help after 50ms in epoch 118, 0 in total, 0.000000  
2022-04-07 14:33:16,766 ng_k_s.py [line:290] catch INFO sid: 13: 0 txs batches need to call help after 100ms in epoch 118, 0 in total, 0.000000  
2022-04-07 14:33:16,773 nwabc.py [line:105] handel_messages INFO sid: sidAnw7, 0 catch up in total 
2022-04-07 14:33:17,389 ng_k_s.py [line:318] _run_VABA_round INFO sid: 13: 0 txs batches need to call help in epoch 119, 0 in total, 0.000000  
2022-04-07 14:33:17,392 ng_k_s.py [line:442] _finalize_output INFO node: 13 epoch: 119 run: 94.599976, total delivered Txs after warm-up: 10398000, average delay after warm-up: 1.808228,  tps after warm-up: 165215.173789, average vaba delay after warm-up: 0.785822 
2022-04-07 14:33:17,442 ng_k_s.py [line:276] catch INFO sid: 13: 0 txs batches need to call help after 50ms in epoch 119, 0 in total, 0.000000  
2022-04-07 14:33:17,492 ng_k_s.py [line:290] catch INFO sid: 13: 0 txs batches need to call help after 100ms in epoch 119, 0 in total, 0.000000  
2022-04-07 14:33:17,507 nwabc.py [line:105] handel_messages INFO sid: sidAnw4, 0 catch up in total 
2022-04-07 14:33:17,785 nwabc.py [line:105] handel_messages INFO sid: sidAnw5, 0 catch up in total 
2022-04-07 14:33:19,081 ng_k_s.py [line:318] _run_VABA_round INFO sid: 13: 0 txs batches need to call help in epoch 120, 0 in total, 0.000000  
2022-04-07 14:33:19,083 ng_k_s.py [line:442] _finalize_output INFO node: 13 epoch: 120 run: 96.291641, total delivered Txs after warm-up: 10520000, average delay after warm-up: 1.817230,  tps after warm-up: 162778.316221, average vaba delay after warm-up: 0.797001 
2022-04-07 14:33:19,084 nwabc.py [line:105] handel_messages INFO sid: sidAnw26, 0 catch up in total 
2022-04-07 14:33:19,134 ng_k_s.py [line:276] catch INFO sid: 13: 0 txs batches need to call help after 50ms in epoch 120, 0 in total, 0.000000  
2022-04-07 14:33:19,184 ng_k_s.py [line:290] catch INFO sid: 13: 0 txs batches need to call help after 100ms in epoch 120, 0 in total, 0.000000  
2022-04-07 14:33:19,549 nwabc.py [line:105] handel_messages INFO sid: sidAnw27, 0 catch up in total 
2022-04-07 14:33:19,837 ng_k_s.py [line:318] _run_VABA_round INFO sid: 13: 0 txs batches need to call help in epoch 121, 0 in total, 0.000000  
2022-04-07 14:33:19,839 ng_k_s.py [line:442] _finalize_output INFO node: 13 epoch: 121 run: 97.047270, total delivered Txs after warm-up: 10800000, average delay after warm-up: 1.825566,  tps after warm-up: 165179.535656, average vaba delay after warm-up: 0.796492 
2022-04-07 14:33:19,890 ng_k_s.py [line:276] catch INFO sid: 13: 0 txs batches need to call help after 50ms in epoch 121, 0 in total, 0.000000  
2022-04-07 14:33:19,941 ng_k_s.py [line:290] catch INFO sid: 13: 0 txs batches need to call help after 100ms in epoch 121, 0 in total, 0.000000  
2022-04-07 14:33:20,060 nwabc.py [line:105] handel_messages INFO sid: sidAnw29, 0 catch up in total 
2022-04-07 14:33:20,060 nwabc.py [line:105] handel_messages INFO sid: sidAnw24, 0 catch up in total 
2022-04-07 14:33:20,226 nwabc.py [line:105] handel_messages INFO sid: sidAnw25, 0 catch up in total 
2022-04-07 14:33:20,515 ng_k_s.py [line:318] _run_VABA_round INFO sid: 13: 0 txs batches need to call help in epoch 122, 0 in total, 0.000000  
2022-04-07 14:33:20,517 ng_k_s.py [line:442] _finalize_output INFO node: 13 epoch: 122 run: 97.725745, total delivered Txs after warm-up: 10930000, average delay after warm-up: 1.822886,  tps after warm-up: 165450.945898, average vaba delay after warm-up: 0.795066 
2022-04-07 14:33:20,554 nwabc.py [line:105] handel_messages INFO sid: sidAnw28, 0 catch up in total 
2022-04-07 14:33:20,569 ng_k_s.py [line:276] catch INFO sid: 13: 0 txs batches need to call help after 50ms in epoch 122, 0 in total, 0.000000  
2022-04-07 14:33:20,620 ng_k_s.py [line:290] catch INFO sid: 13: 0 txs batches need to call help after 100ms in epoch 122, 0 in total, 0.000000  
2022-04-07 14:33:21,179 ng_k_s.py [line:318] _run_VABA_round INFO sid: 13: 0 txs batches need to call help in epoch 123, 0 in total, 0.000000  
2022-04-07 14:33:21,182 ng_k_s.py [line:442] _finalize_output INFO node: 13 epoch: 123 run: 98.389992, total delivered Txs after warm-up: 11036000, average delay after warm-up: 1.820515,  tps after warm-up: 165392.492341, average vaba delay after warm-up: 0.793505 
2022-04-07 14:33:21,233 ng_k_s.py [line:276] catch INFO sid: 13: 0 txs batches need to call help after 50ms in epoch 123, 0 in total, 0.000000  
2022-04-07 14:33:21,284 ng_k_s.py [line:290] catch INFO sid: 13: 0 txs batches need to call help after 100ms in epoch 123, 0 in total, 0.000000  
2022-04-07 14:33:21,962 ng_k_s.py [line:318] _run_VABA_round INFO sid: 13: 0 txs batches need to call help in epoch 124, 0 in total, 0.000000  
2022-04-07 14:33:21,962 ng_k_s.py [line:442] _finalize_output INFO node: 13 epoch: 124 run: 99.170228, total delivered Txs after warm-up: 11140000, average delay after warm-up: 1.819293,  tps after warm-up: 165021.487048, average vaba delay after warm-up: 0.793345 
2022-04-07 14:33:22,014 ng_k_s.py [line:276] catch INFO sid: 13: 0 txs batches need to call help after 50ms in epoch 124, 0 in total, 0.000000  
2022-04-07 14:33:22,049 nwabc.py [line:105] handel_messages INFO sid: sidAnw21, 0 catch up in total 
2022-04-07 14:33:22,050 nwabc.py [line:105] handel_messages INFO sid: sidAnw20, 0 catch up in total 
2022-04-07 14:33:22,064 ng_k_s.py [line:290] catch INFO sid: 13: 0 txs batches need to call help after 100ms in epoch 124, 0 in total, 0.000000  
2022-04-07 14:33:22,638 nwabc.py [line:105] handel_messages INFO sid: sidAnw22, 0 catch up in total 
2022-04-07 14:33:22,664 ng_k_s.py [line:318] _run_VABA_round INFO sid: 13: 0 txs batches need to call help in epoch 125, 0 in total, 0.000000  
2022-04-07 14:33:22,665 ng_k_s.py [line:442] _finalize_output INFO node: 13 epoch: 125 run: 99.873749, total delivered Txs after warm-up: 11278000, average delay after warm-up: 1.817359,  tps after warm-up: 165342.613468, average vaba delay after warm-up: 0.792282 
2022-04-07 14:33:22,717 ng_k_s.py [line:276] catch INFO sid: 13: 0 txs batches need to call help after 50ms in epoch 125, 0 in total, 0.000000  
2022-04-07 14:33:22,762 nwabc.py [line:105] handel_messages INFO sid: sidAnw23, 0 catch up in total 
2022-04-07 14:33:22,767 ng_k_s.py [line:290] catch INFO sid: 13: 0 txs batches need to call help after 100ms in epoch 125, 0 in total, 0.000000  
2022-04-07 14:33:23,468 ng_k_s.py [line:318] _run_VABA_round INFO sid: 13: 0 txs batches need to call help in epoch 126, 0 in total, 0.000000  
2022-04-07 14:33:23,470 ng_k_s.py [line:442] _finalize_output INFO node: 13 epoch: 126 run: 100.678380, total delivered Txs after warm-up: 11394000, average delay after warm-up: 1.816407,  tps after warm-up: 165095.712466, average vaba delay after warm-up: 0.792420 
2022-04-07 14:33:23,520 ng_k_s.py [line:276] catch INFO sid: 13: 0 txs batches need to call help after 50ms in epoch 126, 0 in total, 0.000000  
2022-04-07 14:33:23,571 ng_k_s.py [line:290] catch INFO sid: 13: 0 txs batches need to call help after 100ms in epoch 126, 0 in total, 0.000000  
2022-04-07 14:33:24,113 ng_k_s.py [line:318] _run_VABA_round INFO sid: 13: 0 txs batches need to call help in epoch 127, 0 in total, 0.000000  
2022-04-07 14:33:24,115 ng_k_s.py [line:442] _finalize_output INFO node: 13 epoch: 127 run: 101.323524, total delivered Txs after warm-up: 11522000, average delay after warm-up: 1.814098,  tps after warm-up: 165404.204581, average vaba delay after warm-up: 0.790742 
2022-04-07 14:33:24,166 ng_k_s.py [line:276] catch INFO sid: 13: 0 txs batches need to call help after 50ms in epoch 127, 0 in total, 0.000000  
2022-04-07 14:33:24,217 ng_k_s.py [line:290] catch INFO sid: 13: 0 txs batches need to call help after 100ms in epoch 127, 0 in total, 0.000000  
2022-04-07 14:33:24,837 ng_k_s.py [line:318] _run_VABA_round INFO sid: 13: 0 txs batches need to call help in epoch 128, 0 in total, 0.000000  
2022-04-07 14:33:24,839 ng_k_s.py [line:442] _finalize_output INFO node: 13 epoch: 128 run: 102.047676, total delivered Txs after warm-up: 11622000, average delay after warm-up: 1.812602,  tps after warm-up: 165123.205291, average vaba delay after warm-up: 0.789990 
2022-04-07 14:33:24,891 ng_k_s.py [line:276] catch INFO sid: 13: 0 txs batches need to call help after 50ms in epoch 128, 0 in total, 0.000000  
2022-04-07 14:33:24,942 ng_k_s.py [line:290] catch INFO sid: 13: 0 txs batches need to call help after 100ms in epoch 128, 0 in total, 0.000000  
2022-04-07 14:33:25,586 ng_k_s.py [line:318] _run_VABA_round INFO sid: 13: 0 txs batches need to call help in epoch 129, 0 in total, 0.000000  
2022-04-07 14:33:25,588 ng_k_s.py [line:442] _finalize_output INFO node: 13 epoch: 129 run: 102.796744, total delivered Txs after warm-up: 11756000, average delay after warm-up: 1.811109,  tps after warm-up: 165268.165658, average vaba delay after warm-up: 0.789532 
2022-04-07 14:33:25,640 ng_k_s.py [line:276] catch INFO sid: 13: 0 txs batches need to call help after 50ms in epoch 129, 0 in total, 0.000000  
2022-04-07 14:33:25,690 ng_k_s.py [line:290] catch INFO sid: 13: 0 txs batches need to call help after 100ms in epoch 129, 0 in total, 0.000000  
2022-04-07 14:33:26,314 ng_k_s.py [line:318] _run_VABA_round INFO sid: 13: 0 txs batches need to call help in epoch 130, 0 in total, 0.000000  
2022-04-07 14:33:26,316 ng_k_s.py [line:442] _finalize_output INFO node: 13 epoch: 130 run: 103.524387, total delivered Txs after warm-up: 11882000, average delay after warm-up: 1.808965,  tps after warm-up: 165348.096785, average vaba delay after warm-up: 0.788848 
2022-04-07 14:33:26,367 ng_k_s.py [line:276] catch INFO sid: 13: 0 txs batches need to call help after 50ms in epoch 130, 0 in total, 0.000000  
2022-04-07 14:33:26,419 ng_k_s.py [line:290] catch INFO sid: 13: 0 txs batches need to call help after 100ms in epoch 130, 0 in total, 0.000000  
2022-04-07 14:33:26,989 ng_k_s.py [line:318] _run_VABA_round INFO sid: 13: 0 txs batches need to call help in epoch 131, 0 in total, 0.000000  
2022-04-07 14:33:26,991 ng_k_s.py [line:442] _finalize_output INFO node: 13 epoch: 131 run: 104.199472, total delivered Txs after warm-up: 11992000, average delay after warm-up: 1.806966,  tps after warm-up: 165325.705720, average vaba delay after warm-up: 0.787608 
2022-04-07 14:33:27,043 ng_k_s.py [line:276] catch INFO sid: 13: 0 txs batches need to call help after 50ms in epoch 131, 0 in total, 0.000000  
2022-04-07 14:33:27,093 ng_k_s.py [line:290] catch INFO sid: 13: 0 txs batches need to call help after 100ms in epoch 131, 0 in total, 0.000000  
2022-04-07 14:33:27,699 ng_k_s.py [line:318] _run_VABA_round INFO sid: 13: 0 txs batches need to call help in epoch 132, 0 in total, 0.000000  
2022-04-07 14:33:27,701 ng_k_s.py [line:442] _finalize_output INFO node: 13 epoch: 132 run: 104.909024, total delivered Txs after warm-up: 12098000, average delay after warm-up: 1.805491,  tps after warm-up: 165171.333249, average vaba delay after warm-up: 0.786765 
2022-04-07 14:33:27,752 ng_k_s.py [line:276] catch INFO sid: 13: 0 txs batches need to call help after 50ms in epoch 132, 0 in total, 0.000000  
2022-04-07 14:33:27,804 ng_k_s.py [line:290] catch INFO sid: 13: 0 txs batches need to call help after 100ms in epoch 132, 0 in total, 0.000000  
2022-04-07 14:33:28,381 ng_k_s.py [line:318] _run_VABA_round INFO sid: 13: 0 txs batches need to call help in epoch 133, 0 in total, 0.000000  
2022-04-07 14:33:28,382 ng_k_s.py [line:442] _finalize_output INFO node: 13 epoch: 133 run: 105.590919, total delivered Txs after warm-up: 12230000, average delay after warm-up: 1.803358,  tps after warm-up: 165433.353873, average vaba delay after warm-up: 0.785645 
2022-04-07 14:33:28,434 ng_k_s.py [line:276] catch INFO sid: 13: 0 txs batches need to call help after 50ms in epoch 133, 0 in total, 0.000000  
2022-04-07 14:33:28,485 ng_k_s.py [line:290] catch INFO sid: 13: 0 txs batches need to call help after 100ms in epoch 133, 0 in total, 0.000000  
2022-04-07 14:33:29,158 nwabc.py [line:105] handel_messages INFO sid: sidAnw8, 0 catch up in total 
2022-04-07 14:33:29,194 ng_k_s.py [line:318] _run_VABA_round INFO sid: 13: 0 txs batches need to call help in epoch 134, 0 in total, 0.000000  
2022-04-07 14:33:29,196 ng_k_s.py [line:442] _finalize_output INFO node: 13 epoch: 134 run: 106.404892, total delivered Txs after warm-up: 12340000, average delay after warm-up: 1.802447,  tps after warm-up: 165103.438193, average vaba delay after warm-up: 0.785940 
2022-04-07 14:33:29,235 nwabc.py [line:105] handel_messages INFO sid: sidAnw9, 0 catch up in total 
2022-04-07 14:33:29,248 ng_k_s.py [line:276] catch INFO sid: 13: 0 txs batches need to call help after 50ms in epoch 134, 0 in total, 0.000000  
2022-04-07 14:33:29,300 ng_k_s.py [line:290] catch INFO sid: 13: 0 txs batches need to call help after 100ms in epoch 134, 0 in total, 0.000000  
2022-04-07 14:33:29,849 ng_k_s.py [line:318] _run_VABA_round INFO sid: 13: 0 txs batches need to call help in epoch 135, 0 in total, 0.000000  
2022-04-07 14:33:29,851 ng_k_s.py [line:442] _finalize_output INFO node: 13 epoch: 135 run: 107.059541, total delivered Txs after warm-up: 12462000, average delay after warm-up: 1.800887,  tps after warm-up: 165288.000981, average vaba delay after warm-up: 0.784565 
2022-04-07 14:33:29,906 ng_k_s.py [line:276] catch INFO sid: 13: 0 txs batches need to call help after 50ms in epoch 135, 0 in total, 0.000000  
2022-04-07 14:33:29,972 ng_k_s.py [line:290] catch INFO sid: 13: 0 txs batches need to call help after 100ms in epoch 135, 0 in total, 0.000000  
2022-04-07 14:33:30,565 ng_k_s.py [line:318] _run_VABA_round INFO sid: 13: 0 txs batches need to call help in epoch 136, 0 in total, 0.000000  
2022-04-07 14:33:30,565 ng_k_s.py [line:442] _finalize_output INFO node: 13 epoch: 136 run: 107.773571, total delivered Txs after warm-up: 12582000, average delay after warm-up: 1.799201,  tps after warm-up: 165314.006678, average vaba delay after warm-up: 0.783835 
2022-04-07 14:33:30,618 ng_k_s.py [line:276] catch INFO sid: 13: 0 txs batches need to call help after 50ms in epoch 136, 0 in total, 0.000000  
2022-04-07 14:33:30,668 ng_k_s.py [line:290] catch INFO sid: 13: 0 txs batches need to call help after 100ms in epoch 136, 0 in total, 0.000000  
2022-04-07 14:33:30,989 nwabc.py [line:105] handel_messages INFO sid: sidAnw31, 0 catch up in total 
2022-04-07 14:33:31,238 ng_k_s.py [line:318] _run_VABA_round INFO sid: 13: 0 txs batches need to call help in epoch 137, 0 in total, 0.000000  
2022-04-07 14:33:31,240 ng_k_s.py [line:442] _finalize_output INFO node: 13 epoch: 137 run: 108.448730, total delivered Txs after warm-up: 12694000, average delay after warm-up: 1.797626,  tps after warm-up: 165319.043151, average vaba delay after warm-up: 0.782705 
2022-04-07 14:33:31,291 ng_k_s.py [line:276] catch INFO sid: 13: 0 txs batches need to call help after 50ms in epoch 137, 0 in total, 0.000000  
2022-04-07 14:33:31,342 ng_k_s.py [line:290] catch INFO sid: 13: 0 txs batches need to call help after 100ms in epoch 137, 0 in total, 0.000000  
2022-04-07 14:33:31,553 nwabc.py [line:105] handel_messages INFO sid: sidAnw30, 0 catch up in total 
2022-04-07 14:33:32,115 ng_k_s.py [line:318] _run_VABA_round INFO sid: 13: 0 txs batches need to call help in epoch 138, 0 in total, 0.000000  
2022-04-07 14:33:32,117 ng_k_s.py [line:442] _finalize_output INFO node: 13 epoch: 138 run: 109.325604, total delivered Txs after warm-up: 12818000, average delay after warm-up: 1.797219,  tps after warm-up: 165049.105231, average vaba delay after warm-up: 0.783650 
2022-04-07 14:33:32,168 ng_k_s.py [line:276] catch INFO sid: 13: 0 txs batches need to call help after 50ms in epoch 138, 0 in total, 0.000000  
2022-04-07 14:33:32,219 ng_k_s.py [line:290] catch INFO sid: 13: 0 txs batches need to call help after 100ms in epoch 138, 0 in total, 0.000000  
2022-04-07 14:33:32,769 ng_k_s.py [line:318] _run_VABA_round INFO sid: 13: 0 txs batches need to call help in epoch 139, 0 in total, 0.000000  
2022-04-07 14:33:32,769 ng_k_s.py [line:442] _finalize_output INFO node: 13 epoch: 139 run: 109.977638, total delivered Txs after warm-up: 12950000, average delay after warm-up: 1.795505,  tps after warm-up: 165360.446710, average vaba delay after warm-up: 0.782331 
2022-04-07 14:33:32,822 ng_k_s.py [line:276] catch INFO sid: 13: 0 txs batches need to call help after 50ms in epoch 139, 0 in total, 0.000000  
2022-04-07 14:33:32,873 ng_k_s.py [line:290] catch INFO sid: 13: 0 txs batches need to call help after 100ms in epoch 139, 0 in total, 0.000000  
2022-04-07 14:33:33,466 ng_k_s.py [line:318] _run_VABA_round INFO sid: 13: 0 txs batches need to call help in epoch 140, 0 in total, 0.000000  
2022-04-07 14:33:33,467 ng_k_s.py [line:442] _finalize_output INFO node: 13 epoch: 140 run: 110.675027, total delivered Txs after warm-up: 13054000, average delay after warm-up: 1.794042,  tps after warm-up: 165217.168501, average vaba delay after warm-up: 0.781471 
2022-04-07 14:33:33,518 ng_k_s.py [line:276] catch INFO sid: 13: 0 txs batches need to call help after 50ms in epoch 140, 0 in total, 0.000000  
2022-04-07 14:33:33,569 ng_k_s.py [line:290] catch INFO sid: 13: 0 txs batches need to call help after 100ms in epoch 140, 0 in total, 0.000000  
2022-04-07 14:33:34,145 nwabc.py [line:105] handel_messages INFO sid: sidAnw10, 0 catch up in total 
2022-04-07 14:33:34,152 ng_k_s.py [line:318] _run_VABA_round INFO sid: 13: 0 txs batches need to call help in epoch 141, 0 in total, 0.000000  
2022-04-07 14:33:34,152 ng_k_s.py [line:442] _finalize_output INFO node: 13 epoch: 141 run: 111.360707, total delivered Txs after warm-up: 13188000, average delay after warm-up: 1.792051,  tps after warm-up: 165477.077258, average vaba delay after warm-up: 0.780529 
2022-04-07 14:33:34,204 ng_k_s.py [line:276] catch INFO sid: 13: 0 txs batches need to call help after 50ms in epoch 141, 0 in total, 0.000000  
2022-04-07 14:33:34,255 ng_k_s.py [line:290] catch INFO sid: 13: 0 txs batches need to call help after 100ms in epoch 141, 0 in total, 0.000000  
2022-04-07 14:33:34,893 nwabc.py [line:105] handel_messages INFO sid: sidAnw11, 0 catch up in total 
2022-04-07 14:33:34,898 ng_k_s.py [line:318] _run_VABA_round INFO sid: 13: 0 txs batches need to call help in epoch 142, 0 in total, 0.000000  
2022-04-07 14:33:34,899 ng_k_s.py [line:442] _finalize_output INFO node: 13 epoch: 142 run: 112.107869, total delivered Txs after warm-up: 13292000, average delay after warm-up: 1.790636,  tps after warm-up: 165232.955118, average vaba delay after warm-up: 0.780201 
2022-04-07 14:33:34,952 ng_k_s.py [line:276] catch INFO sid: 13: 0 txs batches need to call help after 50ms in epoch 142, 0 in total, 0.000000  
2022-04-07 14:33:35,003 ng_k_s.py [line:290] catch INFO sid: 13: 0 txs batches need to call help after 100ms in epoch 142, 0 in total, 0.000000  
2022-04-07 14:33:35,590 ng_k_s.py [line:318] _run_VABA_round INFO sid: 13: 0 txs batches need to call help in epoch 143, 0 in total, 0.000000  
2022-04-07 14:33:35,593 ng_k_s.py [line:442] _finalize_output INFO node: 13 epoch: 143 run: 112.801011, total delivered Txs after warm-up: 13418000, average delay after warm-up: 1.789022,  tps after warm-up: 165374.322055, average vaba delay after warm-up: 0.779359 
2022-04-07 14:33:35,643 ng_k_s.py [line:276] catch INFO sid: 13: 0 txs batches need to call help after 50ms in epoch 143, 0 in total, 0.000000  
2022-04-07 14:33:35,694 ng_k_s.py [line:290] catch INFO sid: 13: 0 txs batches need to call help after 100ms in epoch 143, 0 in total, 0.000000  
2022-04-07 14:33:35,950 nwabc.py [line:105] handel_messages INFO sid: sidAnw14, 0 catch up in total 
2022-04-07 14:33:36,287 nwabc.py [line:105] handel_messages INFO sid: sidAnw15, 0 catch up in total 
2022-04-07 14:33:36,385 ng_k_s.py [line:318] _run_VABA_round INFO sid: 13: 0 txs batches need to call help in epoch 144, 0 in total, 0.000000  
2022-04-07 14:33:36,387 ng_k_s.py [line:442] _finalize_output INFO node: 13 epoch: 144 run: 113.595489, total delivered Txs after warm-up: 13530000, average delay after warm-up: 1.788188,  tps after warm-up: 165137.706572, average vaba delay after warm-up: 0.779500 
2022-04-07 14:33:36,439 ng_k_s.py [line:276] catch INFO sid: 13: 0 txs batches need to call help after 50ms in epoch 144, 0 in total, 0.000000  
2022-04-07 14:33:36,489 ng_k_s.py [line:290] catch INFO sid: 13: 0 txs batches need to call help after 100ms in epoch 144, 0 in total, 0.000000  
2022-04-07 14:33:37,109 ng_k_s.py [line:318] _run_VABA_round INFO sid: 13: 0 txs batches need to call help in epoch 145, 0 in total, 0.000000  
2022-04-07 14:33:37,111 ng_k_s.py [line:442] _finalize_output INFO node: 13 epoch: 145 run: 114.319188, total delivered Txs after warm-up: 13654000, average delay after warm-up: 1.787331,  tps after warm-up: 165192.029395, average vaba delay after warm-up: 0.778970 
2022-04-07 14:33:37,162 ng_k_s.py [line:276] catch INFO sid: 13: 0 txs batches need to call help after 50ms in epoch 145, 0 in total, 0.000000  
2022-04-07 14:33:37,213 ng_k_s.py [line:290] catch INFO sid: 13: 0 txs batches need to call help after 100ms in epoch 145, 0 in total, 0.000000  
2022-04-07 14:33:37,555 nwabc.py [line:105] handel_messages INFO sid: sidAnw18, 0 catch up in total 
2022-04-07 14:33:37,761 ng_k_s.py [line:318] _run_VABA_round INFO sid: 13: 0 txs batches need to call help in epoch 146, 0 in total, 0.000000  
2022-04-07 14:33:37,763 ng_k_s.py [line:442] _finalize_output INFO node: 13 epoch: 146 run: 114.971718, total delivered Txs after warm-up: 13780000, average delay after warm-up: 1.785563,  tps after warm-up: 165410.583260, average vaba delay after warm-up: 0.777785 
2022-04-07 14:33:37,814 ng_k_s.py [line:276] catch INFO sid: 13: 0 txs batches need to call help after 50ms in epoch 146, 0 in total, 0.000000  
2022-04-07 14:33:37,866 ng_k_s.py [line:290] catch INFO sid: 13: 0 txs batches need to call help after 100ms in epoch 146, 0 in total, 0.000000  
2022-04-07 14:33:38,190 nwabc.py [line:105] handel_messages INFO sid: sidAnw19, 0 catch up in total 
2022-04-07 14:33:38,487 ng_k_s.py [line:318] _run_VABA_round INFO sid: 13: 0 txs batches need to call help in epoch 147, 0 in total, 0.000000  
2022-04-07 14:33:38,490 ng_k_s.py [line:442] _finalize_output INFO node: 13 epoch: 147 run: 115.698225, total delivered Txs after warm-up: 13886000, average delay after warm-up: 1.784473,  tps after warm-up: 165241.938688, average vaba delay after warm-up: 0.777305 
2022-04-07 14:33:38,540 ng_k_s.py [line:276] catch INFO sid: 13: 0 txs batches need to call help after 50ms in epoch 147, 0 in total, 0.000000  
2022-04-07 14:33:38,591 ng_k_s.py [line:290] catch INFO sid: 13: 0 txs batches need to call help after 100ms in epoch 147, 0 in total, 0.000000  
2022-04-07 14:33:38,620 nwabc.py [line:105] handel_messages INFO sid: sidAnw0, 0 catch up in total 
2022-04-07 14:33:38,862 nwabc.py [line:105] handel_messages INFO sid: sidAnw1, 0 catch up in total 
2022-04-07 14:33:39,183 ng_k_s.py [line:318] _run_VABA_round INFO sid: 13: 0 txs batches need to call help in epoch 148, 0 in total, 0.000000  
2022-04-07 14:33:39,185 ng_k_s.py [line:442] _finalize_output INFO node: 13 epoch: 148 run: 116.393006, total delivered Txs after warm-up: 14006000, average delay after warm-up: 1.783198,  tps after warm-up: 165303.228464, average vaba delay after warm-up: 0.776545 
2022-04-07 14:33:39,236 ng_k_s.py [line:276] catch INFO sid: 13: 0 txs batches need to call help after 50ms in epoch 148, 0 in total, 0.000000  
2022-04-07 14:33:39,287 ng_k_s.py [line:290] catch INFO sid: 13: 0 txs batches need to call help after 100ms in epoch 148, 0 in total, 0.000000  
2022-04-07 14:33:39,905 ng_k_s.py [line:318] _run_VABA_round INFO sid: 13: 0 txs batches need to call help in epoch 149, 0 in total, 0.000000  
2022-04-07 14:33:39,907 ng_k_s.py [line:442] _finalize_output INFO node: 13 epoch: 149 run: 117.115301, total delivered Txs after warm-up: 14120000, average delay after warm-up: 1.782101,  tps after warm-up: 165240.060170, average vaba delay after warm-up: 0.776048 
2022-04-07 14:33:39,959 ng_k_s.py [line:276] catch INFO sid: 13: 0 txs batches need to call help after 50ms in epoch 149, 0 in total, 0.000000  
2022-04-07 14:33:40,010 ng_k_s.py [line:290] catch INFO sid: 13: 0 txs batches need to call help after 100ms in epoch 149, 0 in total, 0.000000  
2022-04-07 14:33:41,575 ng_k_s.py [line:318] _run_VABA_round INFO sid: 13: 0 txs batches need to call help in epoch 150, 0 in total, 0.000000  
2022-04-07 14:33:41,577 ng_k_s.py [line:442] _finalize_output INFO node: 13 epoch: 150 run: 118.785672, total delivered Txs after warm-up: 14238000, average delay after warm-up: 1.789018,  tps after warm-up: 163426.367539, average vaba delay after warm-up: 0.784102 
2022-04-07 14:33:41,628 ng_k_s.py [line:276] catch INFO sid: 13: 0 txs batches need to call help after 50ms in epoch 150, 0 in total, 0.000000  
2022-04-07 14:33:41,679 ng_k_s.py [line:290] catch INFO sid: 13: 0 txs batches need to call help after 100ms in epoch 150, 0 in total, 0.000000  
2022-04-07 14:33:42,515 ng_k_s.py [line:318] _run_VABA_round INFO sid: 13: 0 txs batches need to call help in epoch 151, 0 in total, 0.000000  
2022-04-07 14:33:42,516 ng_k_s.py [line:442] _finalize_output INFO node: 13 epoch: 151 run: 119.724077, total delivered Txs after warm-up: 14522000, average delay after warm-up: 1.799830,  tps after warm-up: 164909.896085, average vaba delay after warm-up: 0.785476 
2022-04-07 14:33:42,569 ng_k_s.py [line:276] catch INFO sid: 13: 0 txs batches need to call help after 50ms in epoch 151, 0 in total, 0.000000  
2022-04-07 14:33:42,620 ng_k_s.py [line:290] catch INFO sid: 13: 0 txs batches need to call help after 100ms in epoch 151, 0 in total, 0.000000  
2022-04-07 14:33:43,208 ng_k_s.py [line:318] _run_VABA_round INFO sid: 13: 0 txs batches need to call help in epoch 152, 0 in total, 0.000000  
2022-04-07 14:33:43,208 ng_k_s.py [line:442] _finalize_output INFO node: 13 epoch: 152 run: 120.416954, total delivered Txs after warm-up: 14680000, average delay after warm-up: 1.798993,  tps after warm-up: 165402.699626, average vaba delay after warm-up: 0.784632 
2022-04-07 14:33:43,261 ng_k_s.py [line:276] catch INFO sid: 13: 0 txs batches need to call help after 50ms in epoch 152, 0 in total, 0.000000  
2022-04-07 14:33:43,312 ng_k_s.py [line:290] catch INFO sid: 13: 0 txs batches need to call help after 100ms in epoch 152, 0 in total, 0.000000  
2022-04-07 14:33:43,900 ng_k_s.py [line:318] _run_VABA_round INFO sid: 13: 0 txs batches need to call help in epoch 153, 0 in total, 0.000000  
2022-04-07 14:33:43,902 ng_k_s.py [line:442] _finalize_output INFO node: 13 epoch: 153 run: 121.110851, total delivered Txs after warm-up: 14800000, average delay after warm-up: 1.797209,  tps after warm-up: 165461.142754, average vaba delay after warm-up: 0.783818 
2022-04-07 14:33:43,954 ng_k_s.py [line:276] catch INFO sid: 13: 0 txs batches need to call help after 50ms in epoch 153, 0 in total, 0.000000  
2022-04-07 14:33:44,004 ng_k_s.py [line:290] catch INFO sid: 13: 0 txs batches need to call help after 100ms in epoch 153, 0 in total, 0.000000  
2022-04-07 14:33:44,597 ng_k_s.py [line:318] _run_VABA_round INFO sid: 13: 0 txs batches need to call help in epoch 154, 0 in total, 0.000000  
2022-04-07 14:33:44,599 ng_k_s.py [line:442] _finalize_output INFO node: 13 epoch: 154 run: 121.807745, total delivered Txs after warm-up: 14920000, average delay after warm-up: 1.795264,  tps after warm-up: 165513.183270, average vaba delay after warm-up: 0.783054 
2022-04-07 14:33:44,650 ng_k_s.py [line:276] catch INFO sid: 13: 0 txs batches need to call help after 50ms in epoch 154, 0 in total, 0.000000  
2022-04-07 14:33:44,701 ng_k_s.py [line:290] catch INFO sid: 13: 0 txs batches need to call help after 100ms in epoch 154, 0 in total, 0.000000  
2022-04-07 14:33:45,489 ng_k_s.py [line:318] _run_VABA_round INFO sid: 13: 0 txs batches need to call help in epoch 155, 0 in total, 0.000000  
2022-04-07 14:33:45,491 ng_k_s.py [line:442] _finalize_output INFO node: 13 epoch: 155 run: 122.699898, total delivered Txs after warm-up: 15032000, average delay after warm-up: 1.794969,  tps after warm-up: 165121.435455, average vaba delay after warm-up: 0.783991 
2022-04-07 14:33:45,542 ng_k_s.py [line:276] catch INFO sid: 13: 0 txs batches need to call help after 50ms in epoch 155, 0 in total, 0.000000  
2022-04-07 14:33:45,593 ng_k_s.py [line:290] catch INFO sid: 13: 0 txs batches need to call help after 100ms in epoch 155, 0 in total, 0.000000  
2022-04-07 14:33:46,177 ng_k_s.py [line:318] _run_VABA_round INFO sid: 13: 0 txs batches need to call help in epoch 156, 0 in total, 0.000000  
2022-04-07 14:33:46,179 ng_k_s.py [line:442] _finalize_output INFO node: 13 epoch: 156 run: 123.387535, total delivered Txs after warm-up: 15146000, average delay after warm-up: 1.794663,  tps after warm-up: 165126.412301, average vaba delay after warm-up: 0.783165 
2022-04-07 14:33:46,231 ng_k_s.py [line:276] catch INFO sid: 13: 0 txs batches need to call help after 50ms in epoch 156, 0 in total, 0.000000  
2022-04-07 14:33:46,281 ng_k_s.py [line:290] catch INFO sid: 13: 0 txs batches need to call help after 100ms in epoch 156, 0 in total, 0.000000  
2022-04-07 14:33:47,793 ng_k_s.py [line:318] _run_VABA_round INFO sid: 13: 0 txs batches need to call help in epoch 157, 0 in total, 0.000000  
2022-04-07 14:33:47,795 ng_k_s.py [line:442] _finalize_output INFO node: 13 epoch: 157 run: 125.003433, total delivered Txs after warm-up: 15294000, average delay after warm-up: 1.802259,  tps after warm-up: 163853.345091, average vaba delay after warm-up: 0.790219 
2022-04-07 14:33:47,846 ng_k_s.py [line:276] catch INFO sid: 13: 0 txs batches need to call help after 50ms in epoch 157, 0 in total, 0.000000  
2022-04-07 14:33:47,896 ng_k_s.py [line:290] catch INFO sid: 13: 0 txs batches need to call help after 100ms in epoch 157, 0 in total, 0.000000  
2022-04-07 14:33:49,316 nwabc.py [line:105] handel_messages INFO sid: sidAnw12, 0 catch up in total 
2022-04-07 14:33:49,358 nwabc.py [line:105] handel_messages INFO sid: sidAnw13, 0 catch up in total 
2022-04-07 14:33:49,395 nwabc.py [line:105] handel_messages INFO sid: sidAnw5, 0 catch up in total 
2022-04-07 14:33:49,487 ng_k_s.py [line:318] _run_VABA_round INFO sid: 13: 0 txs batches need to call help in epoch 158, 0 in total, 0.000000  
2022-04-07 14:33:49,488 ng_k_s.py [line:442] _finalize_output INFO node: 13 epoch: 158 run: 126.696036, total delivered Txs after warm-up: 15556000, average delay after warm-up: 1.823241,  tps after warm-up: 163691.939938, average vaba delay after warm-up: 0.797799 
2022-04-07 14:33:49,508 nwabc.py [line:105] handel_messages INFO sid: sidAnw4, 0 catch up in total 
2022-04-07 14:33:49,541 ng_k_s.py [line:276] catch INFO sid: 13: 0 txs batches need to call help after 50ms in epoch 158, 0 in total, 0.000000  
2022-04-07 14:33:49,592 ng_k_s.py [line:290] catch INFO sid: 13: 0 txs batches need to call help after 100ms in epoch 158, 0 in total, 0.000000  
2022-04-07 14:33:50,172 ng_k_s.py [line:318] _run_VABA_round INFO sid: 13: 0 txs batches need to call help in epoch 159, 0 in total, 0.000000  
2022-04-07 14:33:50,174 ng_k_s.py [line:442] _finalize_output INFO node: 13 epoch: 159 run: 127.382949, total delivered Txs after warm-up: 15842000, average delay after warm-up: 1.828137,  tps after warm-up: 165505.140746, average vaba delay after warm-up: 0.796856 
2022-04-07 14:33:50,226 ng_k_s.py [line:276] catch INFO sid: 13: 0 txs batches need to call help after 50ms in epoch 159, 0 in total, 0.000000  
2022-04-07 14:33:50,277 ng_k_s.py [line:290] catch INFO sid: 13: 0 txs batches need to call help after 100ms in epoch 159, 0 in total, 0.000000  
2022-04-07 14:33:50,847 nwabc.py [line:105] handel_messages INFO sid: sidAnw26, 0 catch up in total 
2022-04-07 14:33:51,058 ng_k_s.py [line:318] _run_VABA_round INFO sid: 13: 0 txs batches need to call help in epoch 160, 0 in total, 0.000000  
2022-04-07 14:33:51,060 ng_k_s.py [line:442] _finalize_output INFO node: 13 epoch: 160 run: 128.268675, total delivered Txs after warm-up: 15962000, average delay after warm-up: 1.827929,  tps after warm-up: 165229.873256, average vaba delay after warm-up: 0.797586 
2022-04-07 14:33:51,111 ng_k_s.py [line:276] catch INFO sid: 13: 0 txs batches need to call help after 50ms in epoch 160, 0 in total, 0.000000  
2022-04-07 14:33:51,163 ng_k_s.py [line:290] catch INFO sid: 13: 0 txs batches need to call help after 100ms in epoch 160, 0 in total, 0.000000  
2022-04-07 14:33:51,260 nwabc.py [line:105] handel_messages INFO sid: sidAnw27, 0 catch up in total 
2022-04-07 14:33:51,681 ng_k_s.py [line:318] _run_VABA_round INFO sid: 13: 0 txs batches need to call help in epoch 161, 0 in total, 0.000000  
2022-04-07 14:33:51,683 ng_k_s.py [line:442] _finalize_output INFO node: 13 epoch: 161 run: 128.891259, total delivered Txs after warm-up: 16102000, average delay after warm-up: 1.826026,  tps after warm-up: 165611.767148, average vaba delay after warm-up: 0.796149 
2022-04-07 14:33:51,735 ng_k_s.py [line:276] catch INFO sid: 13: 0 txs batches need to call help after 50ms in epoch 161, 0 in total, 0.000000  
2022-04-07 14:33:51,786 ng_k_s.py [line:290] catch INFO sid: 13: 0 txs batches need to call help after 100ms in epoch 161, 0 in total, 0.000000  
2022-04-07 14:33:52,391 ng_k_s.py [line:318] _run_VABA_round INFO sid: 13: 0 txs batches need to call help in epoch 162, 0 in total, 0.000000  
2022-04-07 14:33:52,391 ng_k_s.py [line:442] _finalize_output INFO node: 13 epoch: 162 run: 129.599348, total delivered Txs after warm-up: 16210000, average delay after warm-up: 1.824339,  tps after warm-up: 165517.134546, average vaba delay after warm-up: 0.795430 
2022-04-07 14:33:52,443 ng_k_s.py [line:276] catch INFO sid: 13: 0 txs batches need to call help after 50ms in epoch 162, 0 in total, 0.000000  
2022-04-07 14:33:52,494 ng_k_s.py [line:290] catch INFO sid: 13: 0 txs batches need to call help after 100ms in epoch 162, 0 in total, 0.000000  
2022-04-07 14:33:53,131 nwabc.py [line:105] handel_messages INFO sid: sidAnw29, 0 catch up in total 
2022-04-07 14:33:53,345 nwabc.py [line:105] handel_messages INFO sid: sidAnw28, 0 catch up in total 
2022-04-07 14:33:53,493 nwabc.py [line:105] handel_messages INFO sid: sidAnw16, 0 catch up in total 
2022-04-07 14:33:53,880 nwabc.py [line:105] handel_messages INFO sid: sidAnw21, 0 catch up in total 
2022-04-07 14:33:53,995 nwabc.py [line:105] handel_messages INFO sid: sidAnw20, 0 catch up in total 
2022-04-07 14:33:54,237 ng_k_s.py [line:318] _run_VABA_round INFO sid: 13: 0 txs batches need to call help in epoch 163, 0 in total, 0.000000  
2022-04-07 14:33:54,239 ng_k_s.py [line:442] _finalize_output INFO node: 13 epoch: 163 run: 131.447433, total delivered Txs after warm-up: 16308000, average delay after warm-up: 1.830341,  tps after warm-up: 163433.727326, average vaba delay after warm-up: 0.803902 
2022-04-07 14:33:54,291 ng_k_s.py [line:276] catch INFO sid: 13: 0 txs batches need to call help after 50ms in epoch 163, 0 in total, 0.000000  
2022-04-07 14:33:54,341 ng_k_s.py [line:290] catch INFO sid: 13: 0 txs batches need to call help after 100ms in epoch 163, 0 in total, 0.000000  
2022-04-07 14:33:54,667 nwabc.py [line:105] handel_messages INFO sid: sidAnw17, 0 catch up in total 
2022-04-07 14:33:54,866 ng_k_s.py [line:318] _run_VABA_round INFO sid: 13: 0 txs batches need to call help in epoch 164, 0 in total, 0.000000  
2022-04-07 14:33:54,868 ng_k_s.py [line:442] _finalize_output INFO node: 13 epoch: 164 run: 132.076368, total delivered Txs after warm-up: 16624000, average delay after warm-up: 1.837090,  tps after warm-up: 165557.076821, average vaba delay after warm-up: 0.802491 
2022-04-07 14:33:54,919 ng_k_s.py [line:276] catch INFO sid: 13: 0 txs batches need to call help after 50ms in epoch 164, 0 in total, 0.000000  
2022-04-07 14:33:54,970 ng_k_s.py [line:290] catch INFO sid: 13: 0 txs batches need to call help after 100ms in epoch 164, 0 in total, 0.000000  
2022-04-07 14:33:55,549 ng_k_s.py [line:318] _run_VABA_round INFO sid: 13: 0 txs batches need to call help in epoch 165, 0 in total, 0.000000  
2022-04-07 14:33:55,551 ng_k_s.py [line:442] _finalize_output INFO node: 13 epoch: 165 run: 132.759038, total delivered Txs after warm-up: 16736000, average delay after warm-up: 1.835399,  tps after warm-up: 165546.978724, average vaba delay after warm-up: 0.801538 
2022-04-07 14:33:55,602 ng_k_s.py [line:276] catch INFO sid: 13: 0 txs batches need to call help after 50ms in epoch 165, 0 in total, 0.000000  
2022-04-07 14:33:55,653 ng_k_s.py [line:290] catch INFO sid: 13: 0 txs batches need to call help after 100ms in epoch 165, 0 in total, 0.000000  
