2022-04-07 14:31:42,650 ng_k_s.py [line:459] run_bft INFO Node 12 starts to run at time:1649341902.6508017 
2022-04-07 14:31:42,653 ng_k_s.py [line:371] _finalize_output INFO ************************************************************* 
2022-04-07 14:31:42,653 ng_k_s.py [line:372] _finalize_output INFO                          warm-up start                        
2022-04-07 14:31:42,654 ng_k_s.py [line:373] _finalize_output INFO ************************************************************* 
2022-04-07 14:32:14,467 ng_k_s.py [line:379] _finalize_output INFO warm-up time: 31.816851 
2022-04-07 14:32:14,469 ng_k_s.py [line:380] _finalize_output INFO ************************************************************* 
2022-04-07 14:32:14,469 ng_k_s.py [line:381] _finalize_output INFO                        warm-up finished                       
2022-04-07 14:32:14,469 ng_k_s.py [line:382] _finalize_output INFO ************************************************************* 
2022-04-07 14:32:14,553 nwabc.py [line:105] handel_messages INFO sid: sidAnw4, 0 catch up in total 
2022-04-07 14:32:14,713 nwabc.py [line:105] handel_messages INFO sid: sidAnw5, 0 catch up in total 
2022-04-07 14:32:15,169 ng_k_s.py [line:442] _finalize_output INFO node: 12 epoch: 41 run: 32.518973, total delivered Txs after warm-up: 116000, average delay after warm-up: 1.783851,  tps after warm-up: 165213.459277, average vaba delay after warm-up: 0.349791 
2022-04-07 14:32:15,287 nwabc.py [line:105] handel_messages INFO sid: sidAnw29, 0 catch up in total 
2022-04-07 14:32:15,897 ng_k_s.py [line:318] _run_VABA_round INFO sid: 12: 0 txs batches need to call help in epoch 42, 0 in total, 0.000000  
2022-04-07 14:32:15,899 ng_k_s.py [line:442] _finalize_output INFO node: 12 epoch: 42 run: 33.248780, total delivered Txs after warm-up: 250000, average delay after warm-up: 1.745223,  tps after warm-up: 174589.648325, average vaba delay after warm-up: 0.475654 
2022-04-07 14:32:15,951 ng_k_s.py [line:276] catch INFO sid: 12: 0 txs batches need to call help after 50ms in epoch 42, 0 in total, 0.000000  
2022-04-07 14:32:16,002 ng_k_s.py [line:290] catch INFO sid: 12: 0 txs batches need to call help after 100ms in epoch 42, 0 in total, 0.000000  
2022-04-07 14:32:16,088 nwabc.py [line:105] handel_messages INFO sid: sidAnw28, 0 catch up in total 
2022-04-07 14:32:16,483 nwabc.py [line:105] handel_messages INFO sid: sidAnw26, 0 catch up in total 
2022-04-07 14:32:16,542 ng_k_s.py [line:318] _run_VABA_round INFO sid: 12: 0 txs batches need to call help in epoch 43, 0 in total, 0.000000  
2022-04-07 14:32:16,544 ng_k_s.py [line:442] _finalize_output INFO node: 12 epoch: 43 run: 33.893541, total delivered Txs after warm-up: 368000, average delay after warm-up: 1.685421,  tps after warm-up: 177205.054723, average vaba delay after warm-up: 0.517851 
2022-04-07 14:32:16,595 ng_k_s.py [line:276] catch INFO sid: 12: 0 txs batches need to call help after 50ms in epoch 43, 0 in total, 0.000000  
2022-04-07 14:32:16,646 ng_k_s.py [line:290] catch INFO sid: 12: 0 txs batches need to call help after 100ms in epoch 43, 0 in total, 0.000000  
2022-04-07 14:32:16,742 nwabc.py [line:105] handel_messages INFO sid: sidAnw22, 0 catch up in total 
2022-04-07 14:32:16,742 nwabc.py [line:105] handel_messages INFO sid: sidAnw27, 0 catch up in total 
2022-04-07 14:32:16,903 nwabc.py [line:105] handel_messages INFO sid: sidAnw23, 0 catch up in total 
2022-04-07 14:32:17,298 ng_k_s.py [line:318] _run_VABA_round INFO sid: 12: 0 txs batches need to call help in epoch 44, 0 in total, 0.000000  
2022-04-07 14:32:17,299 ng_k_s.py [line:442] _finalize_output INFO node: 12 epoch: 44 run: 34.648239, total delivered Txs after warm-up: 466000, average delay after warm-up: 1.677893,  tps after warm-up: 164583.548008, average vaba delay after warm-up: 0.565134 
2022-04-07 14:32:17,352 ng_k_s.py [line:276] catch INFO sid: 12: 0 txs batches need to call help after 50ms in epoch 44, 0 in total, 0.000000  
2022-04-07 14:32:17,403 ng_k_s.py [line:290] catch INFO sid: 12: 0 txs batches need to call help after 100ms in epoch 44, 0 in total, 0.000000  
2022-04-07 14:32:18,072 ng_k_s.py [line:318] _run_VABA_round INFO sid: 12: 0 txs batches need to call help in epoch 45, 0 in total, 0.000000  
2022-04-07 14:32:18,074 ng_k_s.py [line:442] _finalize_output INFO node: 12 epoch: 45 run: 35.423855, total delivered Txs after warm-up: 592000, average delay after warm-up: 1.685083,  tps after warm-up: 164125.122349, average vaba delay after warm-up: 0.599771 
2022-04-07 14:32:18,125 ng_k_s.py [line:276] catch INFO sid: 12: 0 txs batches need to call help after 50ms in epoch 45, 0 in total, 0.000000  
2022-04-07 14:32:18,176 ng_k_s.py [line:290] catch INFO sid: 12: 0 txs batches need to call help after 100ms in epoch 45, 0 in total, 0.000000  
2022-04-07 14:32:18,444 nwabc.py [line:105] handel_messages INFO sid: sidAnw20, 0 catch up in total 
2022-04-07 14:32:18,512 nwabc.py [line:105] handel_messages INFO sid: sidAnw21, 0 catch up in total 
2022-04-07 14:32:18,755 ng_k_s.py [line:318] _run_VABA_round INFO sid: 12: 0 txs batches need to call help in epoch 46, 0 in total, 0.000000  
2022-04-07 14:32:18,757 ng_k_s.py [line:442] _finalize_output INFO node: 12 epoch: 46 run: 36.106588, total delivered Txs after warm-up: 716000, average delay after warm-up: 1.675836,  tps after warm-up: 166909.990639, average vaba delay after warm-up: 0.611575 
2022-04-07 14:32:18,808 ng_k_s.py [line:276] catch INFO sid: 12: 0 txs batches need to call help after 50ms in epoch 46, 0 in total, 0.000000  
2022-04-07 14:32:18,858 ng_k_s.py [line:290] catch INFO sid: 12: 0 txs batches need to call help after 100ms in epoch 46, 0 in total, 0.000000  
2022-04-07 14:32:19,600 ng_k_s.py [line:318] _run_VABA_round INFO sid: 12: 0 txs batches need to call help in epoch 47, 0 in total, 0.000000  
2022-04-07 14:32:19,602 ng_k_s.py [line:442] _finalize_output INFO node: 12 epoch: 47 run: 36.951559, total delivered Txs after warm-up: 822000, average delay after warm-up: 1.683458,  tps after warm-up: 160086.994899, average vaba delay after warm-up: 0.640710 
2022-04-07 14:32:19,653 ng_k_s.py [line:276] catch INFO sid: 12: 0 txs batches need to call help after 50ms in epoch 47, 0 in total, 0.000000  
2022-04-07 14:32:19,703 ng_k_s.py [line:290] catch INFO sid: 12: 0 txs batches need to call help after 100ms in epoch 47, 0 in total, 0.000000  
2022-04-07 14:32:19,769 nwabc.py [line:105] handel_messages INFO sid: sidAnw9, 0 catch up in total 
2022-04-07 14:32:19,769 nwabc.py [line:105] handel_messages INFO sid: sidAnw8, 0 catch up in total 
2022-04-07 14:32:19,914 nwabc.py [line:105] handel_messages INFO sid: sidAnw10, 0 catch up in total 
2022-04-07 14:32:20,135 nwabc.py [line:105] handel_messages INFO sid: sidAnw11, 0 catch up in total 
2022-04-07 14:32:20,266 ng_k_s.py [line:318] _run_VABA_round INFO sid: 12: 0 txs batches need to call help in epoch 48, 0 in total, 0.000000  
2022-04-07 14:32:20,268 ng_k_s.py [line:442] _finalize_output INFO node: 12 epoch: 48 run: 37.617883, total delivered Txs after warm-up: 966000, average delay after warm-up: 1.676256,  tps after warm-up: 166522.079097, average vaba delay after warm-up: 0.643522 
2022-04-07 14:32:20,319 ng_k_s.py [line:276] catch INFO sid: 12: 0 txs batches need to call help after 50ms in epoch 48, 0 in total, 0.000000  
2022-04-07 14:32:20,370 ng_k_s.py [line:290] catch INFO sid: 12: 0 txs batches need to call help after 100ms in epoch 48, 0 in total, 0.000000  
2022-04-07 14:32:20,896 nwabc.py [line:105] handel_messages INFO sid: sidAnw30, 0 catch up in total 
2022-04-07 14:32:21,297 nwabc.py [line:105] handel_messages INFO sid: sidAnw18, 0 catch up in total 
2022-04-07 14:32:21,298 nwabc.py [line:105] handel_messages INFO sid: sidAnw31, 0 catch up in total 
2022-04-07 14:32:21,670 nwabc.py [line:105] handel_messages INFO sid: sidAnw19, 0 catch up in total 
2022-04-07 14:32:21,977 ng_k_s.py [line:318] _run_VABA_round INFO sid: 12: 0 txs batches need to call help in epoch 49, 0 in total, 0.000000  
2022-04-07 14:32:21,979 ng_k_s.py [line:442] _finalize_output INFO node: 12 epoch: 49 run: 39.328981, total delivered Txs after warm-up: 1058000, average delay after warm-up: 1.757616,  tps after warm-up: 140838.878363, average vaba delay after warm-up: 0.750241 
2022-04-07 14:32:22,030 ng_k_s.py [line:276] catch INFO sid: 12: 0 txs batches need to call help after 50ms in epoch 49, 0 in total, 0.000000  
2022-04-07 14:32:22,081 ng_k_s.py [line:290] catch INFO sid: 12: 0 txs batches need to call help after 100ms in epoch 49, 0 in total, 0.000000  
2022-04-07 14:32:22,656 ng_k_s.py [line:318] _run_VABA_round INFO sid: 12: 0 txs batches need to call help in epoch 50, 0 in total, 0.000000  
2022-04-07 14:32:22,658 ng_k_s.py [line:442] _finalize_output INFO node: 12 epoch: 50 run: 40.007764, total delivered Txs after warm-up: 1350000, average delay after warm-up: 1.833273,  tps after warm-up: 164816.792251, average vaba delay after warm-up: 0.743715 
2022-04-07 14:32:22,710 ng_k_s.py [line:276] catch INFO sid: 12: 0 txs batches need to call help after 50ms in epoch 50, 0 in total, 0.000000  
2022-04-07 14:32:22,761 ng_k_s.py [line:290] catch INFO sid: 12: 0 txs batches need to call help after 100ms in epoch 50, 0 in total, 0.000000  
2022-04-07 14:32:23,340 ng_k_s.py [line:318] _run_VABA_round INFO sid: 12: 0 txs batches need to call help in epoch 51, 0 in total, 0.000000  
2022-04-07 14:32:23,342 ng_k_s.py [line:442] _finalize_output INFO node: 12 epoch: 51 run: 40.691722, total delivered Txs after warm-up: 1458000, average delay after warm-up: 1.814285,  tps after warm-up: 164284.077757, average vaba delay after warm-up: 0.738692 
2022-04-07 14:32:23,393 ng_k_s.py [line:276] catch INFO sid: 12: 0 txs batches need to call help after 50ms in epoch 51, 0 in total, 0.000000  
2022-04-07 14:32:23,444 ng_k_s.py [line:290] catch INFO sid: 12: 0 txs batches need to call help after 100ms in epoch 51, 0 in total, 0.000000  
2022-04-07 14:32:24,117 ng_k_s.py [line:318] _run_VABA_round INFO sid: 12: 0 txs batches need to call help in epoch 52, 0 in total, 0.000000  
2022-04-07 14:32:24,119 ng_k_s.py [line:442] _finalize_output INFO node: 12 epoch: 52 run: 41.468583, total delivered Txs after warm-up: 1564000, average delay after warm-up: 1.806729,  tps after warm-up: 162043.455537, average vaba delay after warm-up: 0.741604 
2022-04-07 14:32:24,170 ng_k_s.py [line:276] catch INFO sid: 12: 0 txs batches need to call help after 50ms in epoch 52, 0 in total, 0.000000  
2022-04-07 14:32:24,221 ng_k_s.py [line:290] catch INFO sid: 12: 0 txs batches need to call help after 100ms in epoch 52, 0 in total, 0.000000  
2022-04-07 14:32:24,902 ng_k_s.py [line:318] _run_VABA_round INFO sid: 12: 0 txs batches need to call help in epoch 53, 0 in total, 0.000000  
2022-04-07 14:32:24,904 ng_k_s.py [line:442] _finalize_output INFO node: 12 epoch: 53 run: 42.254129, total delivered Txs after warm-up: 1678000, average delay after warm-up: 1.806256,  tps after warm-up: 160769.878712, average vaba delay after warm-up: 0.744719 
2022-04-07 14:32:24,946 nwabc.py [line:105] handel_messages INFO sid: sidAnw12, 0 catch up in total 
2022-04-07 14:32:24,955 ng_k_s.py [line:276] catch INFO sid: 12: 0 txs batches need to call help after 50ms in epoch 53, 0 in total, 0.000000  
2022-04-07 14:32:24,986 nwabc.py [line:105] handel_messages INFO sid: sidAnw13, 0 catch up in total 
2022-04-07 14:32:25,006 ng_k_s.py [line:290] catch INFO sid: 12: 0 txs batches need to call help after 100ms in epoch 53, 0 in total, 0.000000  
2022-04-07 14:32:25,596 ng_k_s.py [line:318] _run_VABA_round INFO sid: 12: 0 txs batches need to call help in epoch 54, 0 in total, 0.000000  
2022-04-07 14:32:25,598 ng_k_s.py [line:442] _finalize_output INFO node: 12 epoch: 54 run: 42.947423, total delivered Txs after warm-up: 1822000, average delay after warm-up: 1.796950,  tps after warm-up: 163693.296789, average vaba delay after warm-up: 0.741267 
2022-04-07 14:32:25,649 ng_k_s.py [line:276] catch INFO sid: 12: 0 txs batches need to call help after 50ms in epoch 54, 0 in total, 0.000000  
2022-04-07 14:32:25,700 ng_k_s.py [line:290] catch INFO sid: 12: 0 txs batches need to call help after 100ms in epoch 54, 0 in total, 0.000000  
2022-04-07 14:32:26,306 ng_k_s.py [line:318] _run_VABA_round INFO sid: 12: 0 txs batches need to call help in epoch 55, 0 in total, 0.000000  
2022-04-07 14:32:26,308 ng_k_s.py [line:442] _finalize_output INFO node: 12 epoch: 55 run: 43.658039, total delivered Txs after warm-up: 1926000, average delay after warm-up: 1.789618,  tps after warm-up: 162652.596066, average vaba delay after warm-up: 0.739329 
2022-04-07 14:32:26,359 ng_k_s.py [line:276] catch INFO sid: 12: 0 txs batches need to call help after 50ms in epoch 55, 0 in total, 0.000000  
2022-04-07 14:32:26,411 ng_k_s.py [line:290] catch INFO sid: 12: 0 txs batches need to call help after 100ms in epoch 55, 0 in total, 0.000000  
2022-04-07 14:32:26,503 nwabc.py [line:105] handel_messages INFO sid: sidAnw16, 0 catch up in total 
2022-04-07 14:32:27,028 nwabc.py [line:105] handel_messages INFO sid: sidAnw17, 0 catch up in total 
2022-04-07 14:32:27,075 ng_k_s.py [line:318] _run_VABA_round INFO sid: 12: 0 txs batches need to call help in epoch 56, 0 in total, 0.000000  
2022-04-07 14:32:27,077 ng_k_s.py [line:442] _finalize_output INFO node: 12 epoch: 56 run: 44.426847, total delivered Txs after warm-up: 2052000, average delay after warm-up: 1.784331,  tps after warm-up: 162728.047314, average vaba delay after warm-up: 0.741043 
2022-04-07 14:32:27,129 ng_k_s.py [line:276] catch INFO sid: 12: 0 txs batches need to call help after 50ms in epoch 56, 0 in total, 0.000000  
2022-04-07 14:32:27,182 ng_k_s.py [line:290] catch INFO sid: 12: 0 txs batches need to call help after 100ms in epoch 56, 0 in total, 0.000000  
2022-04-07 14:32:27,579 nwabc.py [line:105] handel_messages INFO sid: sidAnw2, 0 catch up in total 
2022-04-07 14:32:27,719 nwabc.py [line:105] handel_messages INFO sid: sidAnw3, 0 catch up in total 
2022-04-07 14:32:27,797 ng_k_s.py [line:318] _run_VABA_round INFO sid: 12: 0 txs batches need to call help in epoch 57, 0 in total, 0.000000  
2022-04-07 14:32:27,800 ng_k_s.py [line:442] _finalize_output INFO node: 12 epoch: 57 run: 45.149226, total delivered Txs after warm-up: 2166000, average delay after warm-up: 1.779141,  tps after warm-up: 162461.667613, average vaba delay after warm-up: 0.739986 
2022-04-07 14:32:27,851 ng_k_s.py [line:276] catch INFO sid: 12: 0 txs batches need to call help after 50ms in epoch 57, 0 in total, 0.000000  
2022-04-07 14:32:27,901 ng_k_s.py [line:290] catch INFO sid: 12: 0 txs batches need to call help after 100ms in epoch 57, 0 in total, 0.000000  
2022-04-07 14:32:28,508 ng_k_s.py [line:318] _run_VABA_round INFO sid: 12: 0 txs batches need to call help in epoch 58, 0 in total, 0.000000  
2022-04-07 14:32:28,511 ng_k_s.py [line:442] _finalize_output INFO node: 12 epoch: 58 run: 45.860201, total delivered Txs after warm-up: 2282000, average delay after warm-up: 1.774938,  tps after warm-up: 162496.834840, average vaba delay after warm-up: 0.738442 
2022-04-07 14:32:28,562 ng_k_s.py [line:276] catch INFO sid: 12: 0 txs batches need to call help after 50ms in epoch 58, 0 in total, 0.000000  
2022-04-07 14:32:28,612 ng_k_s.py [line:290] catch INFO sid: 12: 0 txs batches need to call help after 100ms in epoch 58, 0 in total, 0.000000  
2022-04-07 14:32:29,391 ng_k_s.py [line:318] _run_VABA_round INFO sid: 12: 0 txs batches need to call help in epoch 59, 0 in total, 0.000000  
2022-04-07 14:32:29,393 ng_k_s.py [line:442] _finalize_output INFO node: 12 epoch: 59 run: 46.743115, total delivered Txs after warm-up: 2402000, average delay after warm-up: 1.779043,  tps after warm-up: 160924.391661, average vaba delay after warm-up: 0.745647 
2022-04-07 14:32:29,445 ng_k_s.py [line:276] catch INFO sid: 12: 0 txs batches need to call help after 50ms in epoch 59, 0 in total, 0.000000  
2022-04-07 14:32:29,496 ng_k_s.py [line:290] catch INFO sid: 12: 0 txs batches need to call help after 100ms in epoch 59, 0 in total, 0.000000  
2022-04-07 14:32:30,052 ng_k_s.py [line:318] _run_VABA_round INFO sid: 12: 0 txs batches need to call help in epoch 60, 0 in total, 0.000000  
2022-04-07 14:32:30,055 ng_k_s.py [line:442] _finalize_output INFO node: 12 epoch: 60 run: 47.404496, total delivered Txs after warm-up: 2550000, average delay after warm-up: 1.774564,  tps after warm-up: 163591.094946, average vaba delay after warm-up: 0.741617 
2022-04-07 14:32:30,106 ng_k_s.py [line:276] catch INFO sid: 12: 0 txs batches need to call help after 50ms in epoch 60, 0 in total, 0.000000  
2022-04-07 14:32:30,156 ng_k_s.py [line:290] catch INFO sid: 12: 0 txs batches need to call help after 100ms in epoch 60, 0 in total, 0.000000  
2022-04-07 14:32:30,773 ng_k_s.py [line:318] _run_VABA_round INFO sid: 12: 0 txs batches need to call help in epoch 61, 0 in total, 0.000000  
2022-04-07 14:32:30,775 ng_k_s.py [line:442] _finalize_output INFO node: 12 epoch: 61 run: 48.124594, total delivered Txs after warm-up: 2658000, average delay after warm-up: 1.769417,  tps after warm-up: 162990.056277, average vaba delay after warm-up: 0.740623 
2022-04-07 14:32:30,827 ng_k_s.py [line:276] catch INFO sid: 12: 0 txs batches need to call help after 50ms in epoch 61, 0 in total, 0.000000  
2022-04-07 14:32:30,878 ng_k_s.py [line:290] catch INFO sid: 12: 0 txs batches need to call help after 100ms in epoch 61, 0 in total, 0.000000  
2022-04-07 14:32:31,495 ng_k_s.py [line:318] _run_VABA_round INFO sid: 12: 0 txs batches need to call help in epoch 62, 0 in total, 0.000000  
2022-04-07 14:32:31,498 ng_k_s.py [line:442] _finalize_output INFO node: 12 epoch: 62 run: 48.847307, total delivered Txs after warm-up: 2792000, average delay after warm-up: 1.762027,  tps after warm-up: 163941.580419, average vaba delay after warm-up: 0.739817 
2022-04-07 14:32:31,549 ng_k_s.py [line:276] catch INFO sid: 12: 0 txs batches need to call help after 50ms in epoch 62, 0 in total, 0.000000  
2022-04-07 14:32:31,599 ng_k_s.py [line:290] catch INFO sid: 12: 0 txs batches need to call help after 100ms in epoch 62, 0 in total, 0.000000  
2022-04-07 14:32:32,434 ng_k_s.py [line:318] _run_VABA_round INFO sid: 12: 0 txs batches need to call help in epoch 63, 0 in total, 0.000000  
2022-04-07 14:32:32,437 ng_k_s.py [line:442] _finalize_output INFO node: 12 epoch: 63 run: 49.786230, total delivered Txs after warm-up: 2902000, average delay after warm-up: 1.764157,  tps after warm-up: 161496.949497, average vaba delay after warm-up: 0.748098 
2022-04-07 14:32:32,487 ng_k_s.py [line:276] catch INFO sid: 12: 0 txs batches need to call help after 50ms in epoch 63, 0 in total, 0.000000  
2022-04-07 14:32:32,539 ng_k_s.py [line:290] catch INFO sid: 12: 0 txs batches need to call help after 100ms in epoch 63, 0 in total, 0.000000  
2022-04-07 14:32:32,579 nwabc.py [line:105] handel_messages INFO sid: sidAnw6, 0 catch up in total 
2022-04-07 14:32:33,115 ng_k_s.py [line:318] _run_VABA_round INFO sid: 12: 0 txs batches need to call help in epoch 64, 0 in total, 0.000000  
2022-04-07 14:32:33,117 ng_k_s.py [line:442] _finalize_output INFO node: 12 epoch: 64 run: 50.466892, total delivered Txs after warm-up: 3038000, average delay after warm-up: 1.763250,  tps after warm-up: 162895.079184, average vaba delay after warm-up: 0.745387 
2022-04-07 14:32:33,133 nwabc.py [line:105] handel_messages INFO sid: sidAnw7, 0 catch up in total 
2022-04-07 14:32:33,168 ng_k_s.py [line:276] catch INFO sid: 12: 0 txs batches need to call help after 50ms in epoch 64, 0 in total, 0.000000  
2022-04-07 14:32:33,220 ng_k_s.py [line:290] catch INFO sid: 12: 0 txs batches need to call help after 100ms in epoch 64, 0 in total, 0.000000  
2022-04-07 14:32:33,807 ng_k_s.py [line:318] _run_VABA_round INFO sid: 12: 0 txs batches need to call help in epoch 65, 0 in total, 0.000000  
2022-04-07 14:32:33,809 ng_k_s.py [line:442] _finalize_output INFO node: 12 epoch: 65 run: 51.158953, total delivered Txs after warm-up: 3170000, average delay after warm-up: 1.757387,  tps after warm-up: 163891.179642, average vaba delay after warm-up: 0.743323 
2022-04-07 14:32:33,860 ng_k_s.py [line:276] catch INFO sid: 12: 0 txs batches need to call help after 50ms in epoch 65, 0 in total, 0.000000  
2022-04-07 14:32:33,911 ng_k_s.py [line:290] catch INFO sid: 12: 0 txs batches need to call help after 100ms in epoch 65, 0 in total, 0.000000  
2022-04-07 14:32:34,564 ng_k_s.py [line:318] _run_VABA_round INFO sid: 12: 0 txs batches need to call help in epoch 66, 0 in total, 0.000000  
2022-04-07 14:32:34,566 ng_k_s.py [line:442] _finalize_output INFO node: 12 epoch: 66 run: 51.915759, total delivered Txs after warm-up: 3284000, average delay after warm-up: 1.753816,  tps after warm-up: 163391.956006, average vaba delay after warm-up: 0.743809 
2022-04-07 14:32:34,617 ng_k_s.py [line:276] catch INFO sid: 12: 0 txs batches need to call help after 50ms in epoch 66, 0 in total, 0.000000  
2022-04-07 14:32:34,667 ng_k_s.py [line:290] catch INFO sid: 12: 0 txs batches need to call help after 100ms in epoch 66, 0 in total, 0.000000  
2022-04-07 14:32:35,428 ng_k_s.py [line:318] _run_VABA_round INFO sid: 12: 0 txs batches need to call help in epoch 67, 0 in total, 0.000000  
2022-04-07 14:32:35,431 ng_k_s.py [line:442] _finalize_output INFO node: 12 epoch: 67 run: 52.780667, total delivered Txs after warm-up: 3402000, average delay after warm-up: 1.755646,  tps after warm-up: 162279.610530, average vaba delay after warm-up: 0.748121 
2022-04-07 14:32:35,482 ng_k_s.py [line:276] catch INFO sid: 12: 0 txs batches need to call help after 50ms in epoch 67, 0 in total, 0.000000  
2022-04-07 14:32:35,535 ng_k_s.py [line:290] catch INFO sid: 12: 0 txs batches need to call help after 100ms in epoch 67, 0 in total, 0.000000  
2022-04-07 14:32:36,117 ng_k_s.py [line:318] _run_VABA_round INFO sid: 12: 0 txs batches need to call help in epoch 68, 0 in total, 0.000000  
2022-04-07 14:32:36,120 ng_k_s.py [line:442] _finalize_output INFO node: 12 epoch: 68 run: 53.469248, total delivered Txs after warm-up: 3538000, average delay after warm-up: 1.753732,  tps after warm-up: 163399.921706, average vaba delay after warm-up: 0.746056 
2022-04-07 14:32:36,171 ng_k_s.py [line:276] catch INFO sid: 12: 0 txs batches need to call help after 50ms in epoch 68, 0 in total, 0.000000  
2022-04-07 14:32:36,222 ng_k_s.py [line:290] catch INFO sid: 12: 0 txs batches need to call help after 100ms in epoch 68, 0 in total, 0.000000  
2022-04-07 14:32:36,307 nwabc.py [line:105] handel_messages INFO sid: sidAnw24, 0 catch up in total 
2022-04-07 14:32:36,566 nwabc.py [line:105] handel_messages INFO sid: sidAnw25, 0 catch up in total 
2022-04-07 14:32:36,794 ng_k_s.py [line:318] _run_VABA_round INFO sid: 12: 0 txs batches need to call help in epoch 69, 0 in total, 0.000000  
2022-04-07 14:32:36,796 ng_k_s.py [line:442] _finalize_output INFO node: 12 epoch: 69 run: 54.145385, total delivered Txs after warm-up: 3658000, average delay after warm-up: 1.749771,  tps after warm-up: 163826.245879, average vaba delay after warm-up: 0.743714 
2022-04-07 14:32:36,848 ng_k_s.py [line:276] catch INFO sid: 12: 0 txs batches need to call help after 50ms in epoch 69, 0 in total, 0.000000  
2022-04-07 14:32:36,898 ng_k_s.py [line:290] catch INFO sid: 12: 0 txs batches need to call help after 100ms in epoch 69, 0 in total, 0.000000  
2022-04-07 14:32:37,527 ng_k_s.py [line:318] _run_VABA_round INFO sid: 12: 0 txs batches need to call help in epoch 70, 0 in total, 0.000000  
2022-04-07 14:32:37,530 ng_k_s.py [line:442] _finalize_output INFO node: 12 epoch: 70 run: 54.879428, total delivered Txs after warm-up: 3778000, average delay after warm-up: 1.746342,  tps after warm-up: 163815.171153, average vaba delay after warm-up: 0.743391 
2022-04-07 14:32:37,581 ng_k_s.py [line:276] catch INFO sid: 12: 0 txs batches need to call help after 50ms in epoch 70, 0 in total, 0.000000  
2022-04-07 14:32:37,633 ng_k_s.py [line:290] catch INFO sid: 12: 0 txs batches need to call help after 100ms in epoch 70, 0 in total, 0.000000  
2022-04-07 14:32:38,215 ng_k_s.py [line:318] _run_VABA_round INFO sid: 12: 0 txs batches need to call help in epoch 71, 0 in total, 0.000000  
2022-04-07 14:32:38,217 ng_k_s.py [line:442] _finalize_output INFO node: 12 epoch: 71 run: 55.566393, total delivered Txs after warm-up: 3900000, average delay after warm-up: 1.741332,  tps after warm-up: 164213.688116, average vaba delay after warm-up: 0.741615 
2022-04-07 14:32:38,268 ng_k_s.py [line:276] catch INFO sid: 12: 0 txs batches need to call help after 50ms in epoch 71, 0 in total, 0.000000  
2022-04-07 14:32:38,318 ng_k_s.py [line:290] catch INFO sid: 12: 0 txs batches need to call help after 100ms in epoch 71, 0 in total, 0.000000  
2022-04-07 14:32:38,980 ng_k_s.py [line:318] _run_VABA_round INFO sid: 12: 0 txs batches need to call help in epoch 72, 0 in total, 0.000000  
2022-04-07 14:32:38,982 ng_k_s.py [line:442] _finalize_output INFO node: 12 epoch: 72 run: 56.331837, total delivered Txs after warm-up: 4002000, average delay after warm-up: 1.739650,  tps after warm-up: 163247.083023, average vaba delay after warm-up: 0.742326 
2022-04-07 14:32:39,034 ng_k_s.py [line:276] catch INFO sid: 12: 0 txs batches need to call help after 50ms in epoch 72, 0 in total, 0.000000  
2022-04-07 14:32:39,085 ng_k_s.py [line:290] catch INFO sid: 12: 0 txs batches need to call help after 100ms in epoch 72, 0 in total, 0.000000  
2022-04-07 14:32:39,694 ng_k_s.py [line:318] _run_VABA_round INFO sid: 12: 0 txs batches need to call help in epoch 73, 0 in total, 0.000000  
2022-04-07 14:32:39,696 ng_k_s.py [line:442] _finalize_output INFO node: 12 epoch: 73 run: 57.046016, total delivered Txs after warm-up: 4142000, average delay after warm-up: 1.736283,  tps after warm-up: 164175.072275, average vaba delay after warm-up: 0.741487 
2022-04-07 14:32:39,748 ng_k_s.py [line:276] catch INFO sid: 12: 0 txs batches need to call help after 50ms in epoch 73, 0 in total, 0.000000  
2022-04-07 14:32:39,799 ng_k_s.py [line:290] catch INFO sid: 12: 0 txs batches need to call help after 100ms in epoch 73, 0 in total, 0.000000  
2022-04-07 14:32:40,383 ng_k_s.py [line:318] _run_VABA_round INFO sid: 12: 0 txs batches need to call help in epoch 74, 0 in total, 0.000000  
2022-04-07 14:32:40,385 ng_k_s.py [line:442] _finalize_output INFO node: 12 epoch: 74 run: 57.734989, total delivered Txs after warm-up: 4256000, average delay after warm-up: 1.731908,  tps after warm-up: 164209.326902, average vaba delay after warm-up: 0.739977 
2022-04-07 14:32:40,437 ng_k_s.py [line:276] catch INFO sid: 12: 0 txs batches need to call help after 50ms in epoch 74, 0 in total, 0.000000  
2022-04-07 14:32:40,487 ng_k_s.py [line:290] catch INFO sid: 12: 0 txs batches need to call help after 100ms in epoch 74, 0 in total, 0.000000  
2022-04-07 14:32:41,140 ng_k_s.py [line:318] _run_VABA_round INFO sid: 12: 0 txs batches need to call help in epoch 75, 0 in total, 0.000000  
2022-04-07 14:32:41,142 ng_k_s.py [line:442] _finalize_output INFO node: 12 epoch: 75 run: 58.491750, total delivered Txs after warm-up: 4370000, average delay after warm-up: 1.729195,  tps after warm-up: 163824.423266, average vaba delay after warm-up: 0.740433 
2022-04-07 14:32:41,193 ng_k_s.py [line:276] catch INFO sid: 12: 0 txs batches need to call help after 50ms in epoch 75, 0 in total, 0.000000  
2022-04-07 14:32:41,244 ng_k_s.py [line:290] catch INFO sid: 12: 0 txs batches need to call help after 100ms in epoch 75, 0 in total, 0.000000  
2022-04-07 14:32:41,820 ng_k_s.py [line:318] _run_VABA_round INFO sid: 12: 0 txs batches need to call help in epoch 76, 0 in total, 0.000000  
2022-04-07 14:32:41,822 ng_k_s.py [line:442] _finalize_output INFO node: 12 epoch: 76 run: 59.171731, total delivered Txs after warm-up: 4484000, average delay after warm-up: 1.726311,  tps after warm-up: 163919.559043, average vaba delay after warm-up: 0.738790 
2022-04-07 14:32:41,874 ng_k_s.py [line:276] catch INFO sid: 12: 0 txs batches need to call help after 50ms in epoch 76, 0 in total, 0.000000  
2022-04-07 14:32:41,926 ng_k_s.py [line:290] catch INFO sid: 12: 0 txs batches need to call help after 100ms in epoch 76, 0 in total, 0.000000  
2022-04-07 14:32:42,333 nwabc.py [line:105] handel_messages INFO sid: sidAnw0, 0 catch up in total 
2022-04-07 14:32:42,489 nwabc.py [line:105] handel_messages INFO sid: sidAnw1, 0 catch up in total 
2022-04-07 14:32:42,598 ng_k_s.py [line:318] _run_VABA_round INFO sid: 12: 0 txs batches need to call help in epoch 77, 0 in total, 0.000000  
2022-04-07 14:32:42,600 ng_k_s.py [line:442] _finalize_output INFO node: 12 epoch: 77 run: 59.950020, total delivered Txs after warm-up: 4598000, average delay after warm-up: 1.725840,  tps after warm-up: 163436.969849, average vaba delay after warm-up: 0.739821 
2022-04-07 14:32:42,652 ng_k_s.py [line:276] catch INFO sid: 12: 0 txs batches need to call help after 50ms in epoch 77, 0 in total, 0.000000  
2022-04-07 14:32:42,703 ng_k_s.py [line:290] catch INFO sid: 12: 0 txs batches need to call help after 100ms in epoch 77, 0 in total, 0.000000  
2022-04-07 14:32:43,219 ng_k_s.py [line:318] _run_VABA_round INFO sid: 12: 0 txs batches need to call help in epoch 78, 0 in total, 0.000000  
2022-04-07 14:32:43,222 ng_k_s.py [line:442] _finalize_output INFO node: 12 epoch: 78 run: 60.571376, total delivered Txs after warm-up: 4738000, average delay after warm-up: 1.720997,  tps after warm-up: 164774.062204, average vaba delay after warm-up: 0.736772 
2022-04-07 14:32:43,273 ng_k_s.py [line:276] catch INFO sid: 12: 0 txs batches need to call help after 50ms in epoch 78, 0 in total, 0.000000  
2022-04-07 14:32:43,323 ng_k_s.py [line:290] catch INFO sid: 12: 0 txs batches need to call help after 100ms in epoch 78, 0 in total, 0.000000  
2022-04-07 14:32:43,962 ng_k_s.py [line:318] _run_VABA_round INFO sid: 12: 0 txs batches need to call help in epoch 79, 0 in total, 0.000000  
2022-04-07 14:32:43,964 ng_k_s.py [line:442] _finalize_output INFO node: 12 epoch: 79 run: 61.313193, total delivered Txs after warm-up: 4836000, average delay after warm-up: 1.718146,  tps after warm-up: 163952.531166, average vaba delay after warm-up: 0.736889 
2022-04-07 14:32:44,014 ng_k_s.py [line:276] catch INFO sid: 12: 0 txs batches need to call help after 50ms in epoch 79, 0 in total, 0.000000  
2022-04-07 14:32:44,066 ng_k_s.py [line:290] catch INFO sid: 12: 0 txs batches need to call help after 100ms in epoch 79, 0 in total, 0.000000  
2022-04-07 14:32:44,685 ng_k_s.py [line:318] _run_VABA_round INFO sid: 12: 0 txs batches need to call help in epoch 80, 0 in total, 0.000000  
2022-04-07 14:32:44,687 ng_k_s.py [line:442] _finalize_output INFO node: 12 epoch: 80 run: 62.036815, total delivered Txs after warm-up: 4960000, average delay after warm-up: 1.715673,  tps after warm-up: 164129.906909, average vaba delay after warm-up: 0.736558 
2022-04-07 14:32:44,738 ng_k_s.py [line:276] catch INFO sid: 12: 0 txs batches need to call help after 50ms in epoch 80, 0 in total, 0.000000  
2022-04-07 14:32:44,788 ng_k_s.py [line:290] catch INFO sid: 12: 0 txs batches need to call help after 100ms in epoch 80, 0 in total, 0.000000  
2022-04-07 14:32:45,389 ng_k_s.py [line:318] _run_VABA_round INFO sid: 12: 0 txs batches need to call help in epoch 81, 0 in total, 0.000000  
2022-04-07 14:32:45,392 ng_k_s.py [line:442] _finalize_output INFO node: 12 epoch: 81 run: 62.741254, total delivered Txs after warm-up: 5074000, average delay after warm-up: 1.713204,  tps after warm-up: 164077.537422, average vaba delay after warm-up: 0.735785 
2022-04-07 14:32:45,444 ng_k_s.py [line:276] catch INFO sid: 12: 0 txs batches need to call help after 50ms in epoch 81, 0 in total, 0.000000  
2022-04-07 14:32:45,495 ng_k_s.py [line:290] catch INFO sid: 12: 0 txs batches need to call help after 100ms in epoch 81, 0 in total, 0.000000  
2022-04-07 14:32:45,867 nwabc.py [line:105] handel_messages INFO sid: sidAnw4, 0 catch up in total 
2022-04-07 14:32:46,052 nwabc.py [line:105] handel_messages INFO sid: sidAnw5, 0 catch up in total 
2022-04-07 14:32:46,142 ng_k_s.py [line:318] _run_VABA_round INFO sid: 12: 0 txs batches need to call help in epoch 82, 0 in total, 0.000000  
2022-04-07 14:32:46,144 ng_k_s.py [line:442] _finalize_output INFO node: 12 epoch: 82 run: 63.494098, total delivered Txs after warm-up: 5188000, average delay after warm-up: 1.712489,  tps after warm-up: 163776.855802, average vaba delay after warm-up: 0.736174 
2022-04-07 14:32:46,196 ng_k_s.py [line:276] catch INFO sid: 12: 0 txs batches need to call help after 50ms in epoch 82, 0 in total, 0.000000  
2022-04-07 14:32:46,247 ng_k_s.py [line:290] catch INFO sid: 12: 0 txs batches need to call help after 100ms in epoch 82, 0 in total, 0.000000  
2022-04-07 14:32:46,865 ng_k_s.py [line:318] _run_VABA_round INFO sid: 12: 0 txs batches need to call help in epoch 83, 0 in total, 0.000000  
2022-04-07 14:32:46,867 ng_k_s.py [line:442] _finalize_output INFO node: 12 epoch: 83 run: 64.216906, total delivered Txs after warm-up: 5324000, average delay after warm-up: 1.710352,  tps after warm-up: 164320.709062, average vaba delay after warm-up: 0.735861 
2022-04-07 14:32:46,920 ng_k_s.py [line:276] catch INFO sid: 12: 0 txs batches need to call help after 50ms in epoch 83, 0 in total, 0.000000  
2022-04-07 14:32:46,971 ng_k_s.py [line:290] catch INFO sid: 12: 0 txs batches need to call help after 100ms in epoch 83, 0 in total, 0.000000  
2022-04-07 14:32:47,172 nwabc.py [line:105] handel_messages INFO sid: sidAnw29, 0 catch up in total 
2022-04-07 14:32:47,224 nwabc.py [line:105] handel_messages INFO sid: sidAnw14, 0 catch up in total 
2022-04-07 14:32:47,378 nwabc.py [line:105] handel_messages INFO sid: sidAnw15, 0 catch up in total 
2022-04-07 14:32:47,567 ng_k_s.py [line:318] _run_VABA_round INFO sid: 12: 0 txs batches need to call help in epoch 84, 0 in total, 0.000000  
2022-04-07 14:32:47,569 ng_k_s.py [line:442] _finalize_output INFO node: 12 epoch: 84 run: 64.919063, total delivered Txs after warm-up: 5418000, average delay after warm-up: 1.709518,  tps after warm-up: 163674.862810, average vaba delay after warm-up: 0.735098 
2022-04-07 14:32:47,620 ng_k_s.py [line:276] catch INFO sid: 12: 0 txs batches need to call help after 50ms in epoch 84, 0 in total, 0.000000  
2022-04-07 14:32:47,648 nwabc.py [line:105] handel_messages INFO sid: sidAnw26, 0 catch up in total 
2022-04-07 14:32:47,671 ng_k_s.py [line:290] catch INFO sid: 12: 0 txs batches need to call help after 100ms in epoch 84, 0 in total, 0.000000  
2022-04-07 14:32:47,792 nwabc.py [line:105] handel_messages INFO sid: sidAnw28, 0 catch up in total 
2022-04-07 14:32:48,109 nwabc.py [line:105] handel_messages INFO sid: sidAnw27, 0 catch up in total 
2022-04-07 14:32:48,276 ng_k_s.py [line:318] _run_VABA_round INFO sid: 12: 0 txs batches need to call help in epoch 85, 0 in total, 0.000000  
2022-04-07 14:32:48,278 ng_k_s.py [line:442] _finalize_output INFO node: 12 epoch: 85 run: 65.627758, total delivered Txs after warm-up: 5550000, average delay after warm-up: 1.708582,  tps after warm-up: 164148.212299, average vaba delay after warm-up: 0.734516 
2022-04-07 14:32:48,329 ng_k_s.py [line:276] catch INFO sid: 12: 0 txs batches need to call help after 50ms in epoch 85, 0 in total, 0.000000  
2022-04-07 14:32:48,380 ng_k_s.py [line:290] catch INFO sid: 12: 0 txs batches need to call help after 100ms in epoch 85, 0 in total, 0.000000  
2022-04-07 14:32:48,842 nwabc.py [line:105] handel_messages INFO sid: sidAnw22, 0 catch up in total 
2022-04-07 14:32:48,959 nwabc.py [line:105] handel_messages INFO sid: sidAnw23, 0 catch up in total 
2022-04-07 14:32:49,131 ng_k_s.py [line:318] _run_VABA_round INFO sid: 12: 0 txs batches need to call help in epoch 86, 0 in total, 0.000000  
2022-04-07 14:32:49,133 ng_k_s.py [line:442] _finalize_output INFO node: 12 epoch: 86 run: 66.482354, total delivered Txs after warm-up: 5660000, average delay after warm-up: 1.710268,  tps after warm-up: 163274.711344, average vaba delay after warm-up: 0.737064 
2022-04-07 14:32:49,183 ng_k_s.py [line:276] catch INFO sid: 12: 0 txs batches need to call help after 50ms in epoch 86, 0 in total, 0.000000  
2022-04-07 14:32:49,235 ng_k_s.py [line:290] catch INFO sid: 12: 0 txs batches need to call help after 100ms in epoch 86, 0 in total, 0.000000  
2022-04-07 14:32:49,821 ng_k_s.py [line:318] _run_VABA_round INFO sid: 12: 0 txs batches need to call help in epoch 87, 0 in total, 0.000000  
2022-04-07 14:32:49,824 ng_k_s.py [line:442] _finalize_output INFO node: 12 epoch: 87 run: 67.173321, total delivered Txs after warm-up: 5796000, average delay after warm-up: 1.711097,  tps after warm-up: 163930.392977, average vaba delay after warm-up: 0.736096 
2022-04-07 14:32:49,876 ng_k_s.py [line:276] catch INFO sid: 12: 0 txs batches need to call help after 50ms in epoch 87, 0 in total, 0.000000  
2022-04-07 14:32:49,927 ng_k_s.py [line:290] catch INFO sid: 12: 0 txs batches need to call help after 100ms in epoch 87, 0 in total, 0.000000  
2022-04-07 14:32:50,044 nwabc.py [line:105] handel_messages INFO sid: sidAnw20, 0 catch up in total 
2022-04-07 14:32:50,089 nwabc.py [line:105] handel_messages INFO sid: sidAnw21, 0 catch up in total 
2022-04-07 14:32:50,565 ng_k_s.py [line:318] _run_VABA_round INFO sid: 12: 0 txs batches need to call help in epoch 88, 0 in total, 0.000000  
2022-04-07 14:32:50,568 ng_k_s.py [line:442] _finalize_output INFO node: 12 epoch: 88 run: 67.917476, total delivered Txs after warm-up: 5930000, average delay after warm-up: 1.710372,  tps after warm-up: 164263.082829, average vaba delay after warm-up: 0.736254 
2022-04-07 14:32:50,619 ng_k_s.py [line:276] catch INFO sid: 12: 0 txs batches need to call help after 50ms in epoch 88, 0 in total, 0.000000  
2022-04-07 14:32:50,669 ng_k_s.py [line:290] catch INFO sid: 12: 0 txs batches need to call help after 100ms in epoch 88, 0 in total, 0.000000  
2022-04-07 14:32:51,305 ng_k_s.py [line:318] _run_VABA_round INFO sid: 12: 0 txs batches need to call help in epoch 89, 0 in total, 0.000000  
2022-04-07 14:32:51,308 ng_k_s.py [line:442] _finalize_output INFO node: 12 epoch: 89 run: 68.657320, total delivered Txs after warm-up: 6044000, average delay after warm-up: 1.710019,  tps after warm-up: 164058.711160, average vaba delay after warm-up: 0.736318 
2022-04-07 14:32:51,358 ng_k_s.py [line:276] catch INFO sid: 12: 0 txs batches need to call help after 50ms in epoch 89, 0 in total, 0.000000  
2022-04-07 14:32:51,409 ng_k_s.py [line:290] catch INFO sid: 12: 0 txs batches need to call help after 100ms in epoch 89, 0 in total, 0.000000  
2022-04-07 14:32:52,030 ng_k_s.py [line:318] _run_VABA_round INFO sid: 12: 0 txs batches need to call help in epoch 90, 0 in total, 0.000000  
2022-04-07 14:32:52,032 ng_k_s.py [line:442] _finalize_output INFO node: 12 epoch: 90 run: 69.381364, total delivered Txs after warm-up: 6182000, average delay after warm-up: 1.708513,  tps after warm-up: 164570.215652, average vaba delay after warm-up: 0.736070 
2022-04-07 14:32:52,083 ng_k_s.py [line:276] catch INFO sid: 12: 0 txs batches need to call help after 50ms in epoch 90, 0 in total, 0.000000  
2022-04-07 14:32:52,133 ng_k_s.py [line:290] catch INFO sid: 12: 0 txs batches need to call help after 100ms in epoch 90, 0 in total, 0.000000  
2022-04-07 14:32:53,685 ng_k_s.py [line:318] _run_VABA_round INFO sid: 12: 0 txs batches need to call help in epoch 91, 0 in total, 0.000000  
2022-04-07 14:32:53,688 ng_k_s.py [line:442] _finalize_output INFO node: 12 epoch: 91 run: 71.037416, total delivered Txs after warm-up: 6284000, average delay after warm-up: 1.722830,  tps after warm-up: 160222.065870, average vaba delay after warm-up: 0.753756 
2022-04-07 14:32:53,739 ng_k_s.py [line:276] catch INFO sid: 12: 0 txs batches need to call help after 50ms in epoch 91, 0 in total, 0.000000  
2022-04-07 14:32:53,789 ng_k_s.py [line:290] catch INFO sid: 12: 0 txs batches need to call help after 100ms in epoch 91, 0 in total, 0.000000  
2022-04-07 14:32:54,326 nwabc.py [line:105] handel_messages INFO sid: sidAnw8, 0 catch up in total 
2022-04-07 14:32:54,361 nwabc.py [line:105] handel_messages INFO sid: sidAnw9, 0 catch up in total 
2022-04-07 14:32:54,437 ng_k_s.py [line:318] _run_VABA_round INFO sid: 12: 0 txs batches need to call help in epoch 92, 0 in total, 0.000000  
2022-04-07 14:32:54,439 ng_k_s.py [line:442] _finalize_output INFO node: 12 epoch: 92 run: 71.788682, total delivered Txs after warm-up: 6574000, average delay after warm-up: 1.741961,  tps after warm-up: 164465.821581, average vaba delay after warm-up: 0.753702 
2022-04-07 14:32:54,490 ng_k_s.py [line:276] catch INFO sid: 12: 0 txs batches need to call help after 50ms in epoch 92, 0 in total, 0.000000  
2022-04-07 14:32:54,542 ng_k_s.py [line:290] catch INFO sid: 12: 0 txs batches need to call help after 100ms in epoch 92, 0 in total, 0.000000  
2022-04-07 14:32:55,174 ng_k_s.py [line:318] _run_VABA_round INFO sid: 12: 0 txs batches need to call help in epoch 93, 0 in total, 0.000000  
2022-04-07 14:32:55,176 ng_k_s.py [line:442] _finalize_output INFO node: 12 epoch: 93 run: 72.526071, total delivered Txs after warm-up: 6696000, average delay after warm-up: 1.740766,  tps after warm-up: 164483.623393, average vaba delay after warm-up: 0.753393 
2022-04-07 14:32:55,228 ng_k_s.py [line:276] catch INFO sid: 12: 0 txs batches need to call help after 50ms in epoch 93, 0 in total, 0.000000  
2022-04-07 14:32:55,278 ng_k_s.py [line:290] catch INFO sid: 12: 0 txs batches need to call help after 100ms in epoch 93, 0 in total, 0.000000  
2022-04-07 14:32:56,109 ng_k_s.py [line:318] _run_VABA_round INFO sid: 12: 0 txs batches need to call help in epoch 94, 0 in total, 0.000000  
2022-04-07 14:32:56,112 ng_k_s.py [line:442] _finalize_output INFO node: 12 epoch: 94 run: 73.461598, total delivered Txs after warm-up: 6804000, average delay after warm-up: 1.743685,  tps after warm-up: 163381.949660, average vaba delay after warm-up: 0.756697 
2022-04-07 14:32:56,164 ng_k_s.py [line:276] catch INFO sid: 12: 0 txs batches need to call help after 50ms in epoch 94, 0 in total, 0.000000  
2022-04-07 14:32:56,185 nwabc.py [line:105] handel_messages INFO sid: sidAnw31, 0 catch up in total 
2022-04-07 14:32:56,215 ng_k_s.py [line:290] catch INFO sid: 12: 0 txs batches need to call help after 100ms in epoch 94, 0 in total, 0.000000  
2022-04-07 14:32:56,248 nwabc.py [line:105] handel_messages INFO sid: sidAnw30, 0 catch up in total 
2022-04-07 14:32:56,687 nwabc.py [line:105] handel_messages INFO sid: sidAnw10, 0 catch up in total 
2022-04-07 14:32:56,781 ng_k_s.py [line:318] _run_VABA_round INFO sid: 12: 0 txs batches need to call help in epoch 95, 0 in total, 0.000000  
2022-04-07 14:32:56,784 ng_k_s.py [line:442] _finalize_output INFO node: 12 epoch: 95 run: 74.133201, total delivered Txs after warm-up: 6948000, average delay after warm-up: 1.745388,  tps after warm-up: 164191.854061, average vaba delay after warm-up: 0.755162 
2022-04-07 14:32:56,835 ng_k_s.py [line:276] catch INFO sid: 12: 0 txs batches need to call help after 50ms in epoch 95, 0 in total, 0.000000  
2022-04-07 14:32:56,886 ng_k_s.py [line:290] catch INFO sid: 12: 0 txs batches need to call help after 100ms in epoch 95, 0 in total, 0.000000  
2022-04-07 14:32:57,190 nwabc.py [line:105] handel_messages INFO sid: sidAnw11, 0 catch up in total 
2022-04-07 14:32:57,540 ng_k_s.py [line:318] _run_VABA_round INFO sid: 12: 0 txs batches need to call help in epoch 96, 0 in total, 0.000000  
2022-04-07 14:32:57,542 ng_k_s.py [line:442] _finalize_output INFO node: 12 epoch: 96 run: 74.891483, total delivered Txs after warm-up: 7082000, average delay after warm-up: 1.745570,  tps after warm-up: 164412.314264, average vaba delay after warm-up: 0.755211 
2022-04-07 14:32:57,593 ng_k_s.py [line:276] catch INFO sid: 12: 0 txs batches need to call help after 50ms in epoch 96, 0 in total, 0.000000  
2022-04-07 14:32:57,644 ng_k_s.py [line:290] catch INFO sid: 12: 0 txs batches need to call help after 100ms in epoch 96, 0 in total, 0.000000  
2022-04-07 14:32:58,235 ng_k_s.py [line:318] _run_VABA_round INFO sid: 12: 0 txs batches need to call help in epoch 97, 0 in total, 0.000000  
2022-04-07 14:32:58,237 ng_k_s.py [line:442] _finalize_output INFO node: 12 epoch: 97 run: 75.586731, total delivered Txs after warm-up: 7212000, average delay after warm-up: 1.743908,  tps after warm-up: 164770.840408, average vaba delay after warm-up: 0.754171 
2022-04-07 14:32:58,289 ng_k_s.py [line:276] catch INFO sid: 12: 0 txs batches need to call help after 50ms in epoch 97, 0 in total, 0.000000  
2022-04-07 14:32:58,340 ng_k_s.py [line:290] catch INFO sid: 12: 0 txs batches need to call help after 100ms in epoch 97, 0 in total, 0.000000  
2022-04-07 14:32:58,987 ng_k_s.py [line:318] _run_VABA_round INFO sid: 12: 0 txs batches need to call help in epoch 98, 0 in total, 0.000000  
2022-04-07 14:32:58,990 ng_k_s.py [line:442] _finalize_output INFO node: 12 epoch: 98 run: 76.339311, total delivered Txs after warm-up: 7316000, average delay after warm-up: 1.743690,  tps after warm-up: 164321.556453, average vaba delay after warm-up: 0.754138 
2022-04-07 14:32:59,041 ng_k_s.py [line:276] catch INFO sid: 12: 0 txs batches need to call help after 50ms in epoch 98, 0 in total, 0.000000  
2022-04-07 14:32:59,060 nwabc.py [line:105] handel_messages INFO sid: sidAnw18, 0 catch up in total 
2022-04-07 14:32:59,092 ng_k_s.py [line:290] catch INFO sid: 12: 0 txs batches need to call help after 100ms in epoch 98, 0 in total, 0.000000  
2022-04-07 14:32:59,672 ng_k_s.py [line:318] _run_VABA_round INFO sid: 12: 0 txs batches need to call help in epoch 99, 0 in total, 0.000000  
2022-04-07 14:32:59,674 ng_k_s.py [line:442] _finalize_output INFO node: 12 epoch: 99 run: 77.023868, total delivered Txs after warm-up: 7460000, average delay after warm-up: 1.741567,  tps after warm-up: 165018.628201, average vaba delay after warm-up: 0.752959 
2022-04-07 14:32:59,709 nwabc.py [line:105] handel_messages INFO sid: sidAnw19, 0 catch up in total 
2022-04-07 14:32:59,725 ng_k_s.py [line:276] catch INFO sid: 12: 0 txs batches need to call help after 50ms in epoch 99, 0 in total, 0.000000  
2022-04-07 14:32:59,775 ng_k_s.py [line:290] catch INFO sid: 12: 0 txs batches need to call help after 100ms in epoch 99, 0 in total, 0.000000  
2022-04-07 14:33:00,589 ng_k_s.py [line:318] _run_VABA_round INFO sid: 12: 0 txs batches need to call help in epoch 100, 0 in total, 0.000000  
2022-04-07 14:33:00,591 ng_k_s.py [line:442] _finalize_output INFO node: 12 epoch: 100 run: 77.940643, total delivered Txs after warm-up: 7558000, average delay after warm-up: 1.742860,  tps after warm-up: 163863.368667, average vaba delay after warm-up: 0.755639 
2022-04-07 14:33:00,642 ng_k_s.py [line:276] catch INFO sid: 12: 0 txs batches need to call help after 50ms in epoch 100, 0 in total, 0.000000  
2022-04-07 14:33:00,693 ng_k_s.py [line:290] catch INFO sid: 12: 0 txs batches need to call help after 100ms in epoch 100, 0 in total, 0.000000  
2022-04-07 14:33:01,269 ng_k_s.py [line:318] _run_VABA_round INFO sid: 12: 0 txs batches need to call help in epoch 101, 0 in total, 0.000000  
2022-04-07 14:33:01,271 ng_k_s.py [line:442] _finalize_output INFO node: 12 epoch: 101 run: 78.621119, total delivered Txs after warm-up: 7706000, average delay after warm-up: 1.743154,  tps after warm-up: 164643.103503, average vaba delay after warm-up: 0.754413 
2022-04-07 14:33:01,324 ng_k_s.py [line:276] catch INFO sid: 12: 0 txs batches need to call help after 50ms in epoch 101, 0 in total, 0.000000  
2022-04-07 14:33:01,376 ng_k_s.py [line:290] catch INFO sid: 12: 0 txs batches need to call help after 100ms in epoch 101, 0 in total, 0.000000  
2022-04-07 14:33:01,973 ng_k_s.py [line:318] _run_VABA_round INFO sid: 12: 0 txs batches need to call help in epoch 102, 0 in total, 0.000000  
2022-04-07 14:33:01,976 ng_k_s.py [line:442] _finalize_output INFO node: 12 epoch: 102 run: 79.325276, total delivered Txs after warm-up: 7836000, average delay after warm-up: 1.741433,  tps after warm-up: 164939.166062, average vaba delay after warm-up: 0.753609 
2022-04-07 14:33:02,027 ng_k_s.py [line:276] catch INFO sid: 12: 0 txs batches need to call help after 50ms in epoch 102, 0 in total, 0.000000  
2022-04-07 14:33:02,077 ng_k_s.py [line:290] catch INFO sid: 12: 0 txs batches need to call help after 100ms in epoch 102, 0 in total, 0.000000  
2022-04-07 14:33:02,682 ng_k_s.py [line:318] _run_VABA_round INFO sid: 12: 0 txs batches need to call help in epoch 103, 0 in total, 0.000000  
2022-04-07 14:33:02,684 ng_k_s.py [line:442] _finalize_output INFO node: 12 epoch: 103 run: 80.033833, total delivered Txs after warm-up: 7946000, average delay after warm-up: 1.739880,  tps after warm-up: 164796.708759, average vaba delay after warm-up: 0.752900 
2022-04-07 14:33:02,736 ng_k_s.py [line:276] catch INFO sid: 12: 0 txs batches need to call help after 50ms in epoch 103, 0 in total, 0.000000  
2022-04-07 14:33:02,787 ng_k_s.py [line:290] catch INFO sid: 12: 0 txs batches need to call help after 100ms in epoch 103, 0 in total, 0.000000  
2022-04-07 14:33:03,361 ng_k_s.py [line:318] _run_VABA_round INFO sid: 12: 0 txs batches need to call help in epoch 104, 0 in total, 0.000000  
2022-04-07 14:33:03,363 ng_k_s.py [line:442] _finalize_output INFO node: 12 epoch: 104 run: 80.713106, total delivered Txs after warm-up: 8058000, average delay after warm-up: 1.738251,  tps after warm-up: 164797.894633, average vaba delay after warm-up: 0.751762 
2022-04-07 14:33:03,414 ng_k_s.py [line:276] catch INFO sid: 12: 0 txs batches need to call help after 50ms in epoch 104, 0 in total, 0.000000  
2022-04-07 14:33:03,465 ng_k_s.py [line:290] catch INFO sid: 12: 0 txs batches need to call help after 100ms in epoch 104, 0 in total, 0.000000  
2022-04-07 14:33:05,032 ng_k_s.py [line:318] _run_VABA_round INFO sid: 12: 0 txs batches need to call help in epoch 105, 0 in total, 0.000000  
2022-04-07 14:33:05,034 ng_k_s.py [line:442] _finalize_output INFO node: 12 epoch: 105 run: 82.384079, total delivered Txs after warm-up: 8180000, average delay after warm-up: 1.751251,  tps after warm-up: 161764.847187, average vaba delay after warm-up: 0.765684 
2022-04-07 14:33:05,086 ng_k_s.py [line:276] catch INFO sid: 12: 0 txs batches need to call help after 50ms in epoch 105, 0 in total, 0.000000  
2022-04-07 14:33:05,137 ng_k_s.py [line:290] catch INFO sid: 12: 0 txs batches need to call help after 100ms in epoch 105, 0 in total, 0.000000  
2022-04-07 14:33:06,666 ng_k_s.py [line:318] _run_VABA_round INFO sid: 12: 0 txs batches need to call help in epoch 106, 0 in total, 0.000000  
2022-04-07 14:33:06,669 ng_k_s.py [line:442] _finalize_output INFO node: 12 epoch: 106 run: 84.018397, total delivered Txs after warm-up: 8456000, average delay after warm-up: 1.792893,  tps after warm-up: 161987.539746, average vaba delay after warm-up: 0.778643 
2022-04-07 14:33:06,720 ng_k_s.py [line:276] catch INFO sid: 12: 0 txs batches need to call help after 50ms in epoch 106, 0 in total, 0.000000  
2022-04-07 14:33:06,771 ng_k_s.py [line:290] catch INFO sid: 12: 0 txs batches need to call help after 100ms in epoch 106, 0 in total, 0.000000  
2022-04-07 14:33:06,844 nwabc.py [line:105] handel_messages INFO sid: sidAnw12, 0 catch up in total 
2022-04-07 14:33:06,913 nwabc.py [line:105] handel_messages INFO sid: sidAnw13, 0 catch up in total 
2022-04-07 14:33:07,348 ng_k_s.py [line:318] _run_VABA_round INFO sid: 12: 0 txs batches need to call help in epoch 107, 0 in total, 0.000000  
2022-04-07 14:33:07,350 ng_k_s.py [line:442] _finalize_output INFO node: 12 epoch: 107 run: 84.700030, total delivered Txs after warm-up: 8744000, average delay after warm-up: 1.800729,  tps after warm-up: 165345.579737, average vaba delay after warm-up: 0.777211 
2022-04-07 14:33:07,402 ng_k_s.py [line:276] catch INFO sid: 12: 0 txs batches need to call help after 50ms in epoch 107, 0 in total, 0.000000  
2022-04-07 14:33:07,453 ng_k_s.py [line:290] catch INFO sid: 12: 0 txs batches need to call help after 100ms in epoch 107, 0 in total, 0.000000  
2022-04-07 14:33:08,019 ng_k_s.py [line:318] _run_VABA_round INFO sid: 12: 0 txs batches need to call help in epoch 108, 0 in total, 0.000000  
2022-04-07 14:33:08,019 ng_k_s.py [line:442] _finalize_output INFO node: 12 epoch: 108 run: 85.369125, total delivered Txs after warm-up: 8842000, average delay after warm-up: 1.797876,  tps after warm-up: 165109.699800, average vaba delay after warm-up: 0.775636 
2022-04-07 14:33:08,070 ng_k_s.py [line:276] catch INFO sid: 12: 0 txs batches need to call help after 50ms in epoch 108, 0 in total, 0.000000  
2022-04-07 14:33:08,121 ng_k_s.py [line:290] catch INFO sid: 12: 0 txs batches need to call help after 100ms in epoch 108, 0 in total, 0.000000  
2022-04-07 14:33:08,701 ng_k_s.py [line:318] _run_VABA_round INFO sid: 12: 0 txs batches need to call help in epoch 109, 0 in total, 0.000000  
2022-04-07 14:33:08,704 ng_k_s.py [line:442] _finalize_output INFO node: 12 epoch: 109 run: 86.053424, total delivered Txs after warm-up: 8962000, average delay after warm-up: 1.794885,  tps after warm-up: 165239.052334, average vaba delay after warm-up: 0.774326 
2022-04-07 14:33:08,756 ng_k_s.py [line:276] catch INFO sid: 12: 0 txs batches need to call help after 50ms in epoch 109, 0 in total, 0.000000  
2022-04-07 14:33:08,806 ng_k_s.py [line:290] catch INFO sid: 12: 0 txs batches need to call help after 100ms in epoch 109, 0 in total, 0.000000  
2022-04-07 14:33:09,597 ng_k_s.py [line:318] _run_VABA_round INFO sid: 12: 0 txs batches need to call help in epoch 110, 0 in total, 0.000000  
2022-04-07 14:33:09,599 ng_k_s.py [line:442] _finalize_output INFO node: 12 epoch: 110 run: 86.948648, total delivered Txs after warm-up: 9064000, average delay after warm-up: 1.794788,  tps after warm-up: 164406.031395, average vaba delay after warm-up: 0.776024 
2022-04-07 14:33:09,650 ng_k_s.py [line:276] catch INFO sid: 12: 0 txs batches need to call help after 50ms in epoch 110, 0 in total, 0.000000  
2022-04-07 14:33:09,701 ng_k_s.py [line:290] catch INFO sid: 12: 0 txs batches need to call help after 100ms in epoch 110, 0 in total, 0.000000  
2022-04-07 14:33:10,082 nwabc.py [line:105] handel_messages INFO sid: sidAnw16, 0 catch up in total 
2022-04-07 14:33:10,401 nwabc.py [line:105] handel_messages INFO sid: sidAnw17, 0 catch up in total 
2022-04-07 14:33:10,454 ng_k_s.py [line:318] _run_VABA_round INFO sid: 12: 0 txs batches need to call help in epoch 111, 0 in total, 0.000000  
2022-04-07 14:33:10,458 ng_k_s.py [line:442] _finalize_output INFO node: 12 epoch: 111 run: 87.807168, total delivered Txs after warm-up: 9192000, average delay after warm-up: 1.797082,  tps after warm-up: 164171.244497, average vaba delay after warm-up: 0.777164 
2022-04-07 14:33:10,508 ng_k_s.py [line:276] catch INFO sid: 12: 0 txs batches need to call help after 50ms in epoch 111, 0 in total, 0.000000  
2022-04-07 14:33:10,560 ng_k_s.py [line:290] catch INFO sid: 12: 0 txs batches need to call help after 100ms in epoch 111, 0 in total, 0.000000  
2022-04-07 14:33:11,084 ng_k_s.py [line:318] _run_VABA_round INFO sid: 12: 0 txs batches need to call help in epoch 112, 0 in total, 0.000000  
2022-04-07 14:33:11,086 ng_k_s.py [line:442] _finalize_output INFO node: 12 epoch: 112 run: 88.435613, total delivered Txs after warm-up: 9354000, average delay after warm-up: 1.795510,  tps after warm-up: 165210.253048, average vaba delay after warm-up: 0.775122 
2022-04-07 14:33:11,137 ng_k_s.py [line:276] catch INFO sid: 12: 0 txs batches need to call help after 50ms in epoch 112, 0 in total, 0.000000  
2022-04-07 14:33:11,188 ng_k_s.py [line:290] catch INFO sid: 12: 0 txs batches need to call help after 100ms in epoch 112, 0 in total, 0.000000  
2022-04-07 14:33:12,711 nwabc.py [line:105] handel_messages INFO sid: sidAnw2, 0 catch up in total 
2022-04-07 14:33:12,764 ng_k_s.py [line:318] _run_VABA_round INFO sid: 12: 0 txs batches need to call help in epoch 113, 0 in total, 0.000000  
2022-04-07 14:33:12,766 ng_k_s.py [line:442] _finalize_output INFO node: 12 epoch: 113 run: 90.115582, total delivered Txs after warm-up: 9464000, average delay after warm-up: 1.804573,  tps after warm-up: 162336.294861, average vaba delay after warm-up: 0.787344 
2022-04-07 14:33:12,786 nwabc.py [line:105] handel_messages INFO sid: sidAnw3, 0 catch up in total 
2022-04-07 14:33:12,818 ng_k_s.py [line:276] catch INFO sid: 12: 0 txs batches need to call help after 50ms in epoch 113, 0 in total, 0.000000  
2022-04-07 14:33:12,869 ng_k_s.py [line:290] catch INFO sid: 12: 0 txs batches need to call help after 100ms in epoch 113, 0 in total, 0.000000  
2022-04-07 14:33:13,714 ng_k_s.py [line:318] _run_VABA_round INFO sid: 12: 0 txs batches need to call help in epoch 114, 0 in total, 0.000000  
2022-04-07 14:33:13,716 ng_k_s.py [line:442] _finalize_output INFO node: 12 epoch: 114 run: 91.065547, total delivered Txs after warm-up: 9756000, average delay after warm-up: 1.819926,  tps after warm-up: 164661.850226, average vaba delay after warm-up: 0.789508 
2022-04-07 14:33:13,768 ng_k_s.py [line:276] catch INFO sid: 12: 0 txs batches need to call help after 50ms in epoch 114, 0 in total, 0.000000  
2022-04-07 14:33:13,819 ng_k_s.py [line:290] catch INFO sid: 12: 0 txs batches need to call help after 100ms in epoch 114, 0 in total, 0.000000  
2022-04-07 14:33:14,369 ng_k_s.py [line:318] _run_VABA_round INFO sid: 12: 0 txs batches need to call help in epoch 115, 0 in total, 0.000000  
2022-04-07 14:33:14,371 ng_k_s.py [line:442] _finalize_output INFO node: 12 epoch: 115 run: 91.720604, total delivered Txs after warm-up: 9890000, average delay after warm-up: 1.818333,  tps after warm-up: 165098.169943, average vaba delay after warm-up: 0.787734 
2022-04-07 14:33:14,422 ng_k_s.py [line:276] catch INFO sid: 12: 0 txs batches need to call help after 50ms in epoch 115, 0 in total, 0.000000  
2022-04-07 14:33:14,473 ng_k_s.py [line:290] catch INFO sid: 12: 0 txs batches need to call help after 100ms in epoch 115, 0 in total, 0.000000  
2022-04-07 14:33:15,119 ng_k_s.py [line:318] _run_VABA_round INFO sid: 12: 0 txs batches need to call help in epoch 116, 0 in total, 0.000000  
2022-04-07 14:33:15,122 ng_k_s.py [line:442] _finalize_output INFO node: 12 epoch: 116 run: 92.471186, total delivered Txs after warm-up: 10030000, average delay after warm-up: 1.815620,  tps after warm-up: 165363.282887, average vaba delay after warm-up: 0.787247 
2022-04-07 14:33:15,173 ng_k_s.py [line:276] catch INFO sid: 12: 0 txs batches need to call help after 50ms in epoch 116, 0 in total, 0.000000  
2022-04-07 14:33:15,224 ng_k_s.py [line:290] catch INFO sid: 12: 0 txs batches need to call help after 100ms in epoch 116, 0 in total, 0.000000  
2022-04-07 14:33:16,004 ng_k_s.py [line:318] _run_VABA_round INFO sid: 12: 0 txs batches need to call help in epoch 117, 0 in total, 0.000000  
2022-04-07 14:33:16,006 ng_k_s.py [line:442] _finalize_output INFO node: 12 epoch: 117 run: 93.355874, total delivered Txs after warm-up: 10124000, average delay after warm-up: 1.815634,  tps after warm-up: 164513.497952, average vaba delay after warm-up: 0.788492 
2022-04-07 14:33:16,058 ng_k_s.py [line:276] catch INFO sid: 12: 0 txs batches need to call help after 50ms in epoch 117, 0 in total, 0.000000  
2022-04-07 14:33:16,109 ng_k_s.py [line:290] catch INFO sid: 12: 0 txs batches need to call help after 100ms in epoch 117, 0 in total, 0.000000  
2022-04-07 14:33:16,152 nwabc.py [line:105] handel_messages INFO sid: sidAnw6, 0 catch up in total 
2022-04-07 14:33:16,673 ng_k_s.py [line:318] _run_VABA_round INFO sid: 12: 0 txs batches need to call help in epoch 118, 0 in total, 0.000000  
2022-04-07 14:33:16,675 ng_k_s.py [line:442] _finalize_output INFO node: 12 epoch: 118 run: 94.025148, total delivered Txs after warm-up: 10284000, average delay after warm-up: 1.814085,  tps after warm-up: 165315.567453, average vaba delay after warm-up: 0.786968 
2022-04-07 14:33:16,716 nwabc.py [line:105] handel_messages INFO sid: sidAnw7, 0 catch up in total 
2022-04-07 14:33:16,727 ng_k_s.py [line:276] catch INFO sid: 12: 0 txs batches need to call help after 50ms in epoch 118, 0 in total, 0.000000  
2022-04-07 14:33:16,777 ng_k_s.py [line:290] catch INFO sid: 12: 0 txs batches need to call help after 100ms in epoch 118, 0 in total, 0.000000  
2022-04-07 14:33:17,394 ng_k_s.py [line:318] _run_VABA_round INFO sid: 12: 0 txs batches need to call help in epoch 119, 0 in total, 0.000000  
2022-04-07 14:33:17,396 ng_k_s.py [line:442] _finalize_output INFO node: 12 epoch: 119 run: 94.745972, total delivered Txs after warm-up: 10398000, average delay after warm-up: 1.811782,  tps after warm-up: 165233.515322, average vaba delay after warm-up: 0.786136 
2022-04-07 14:33:17,447 ng_k_s.py [line:276] catch INFO sid: 12: 0 txs batches need to call help after 50ms in epoch 119, 0 in total, 0.000000  
2022-04-07 14:33:17,500 ng_k_s.py [line:290] catch INFO sid: 12: 0 txs batches need to call help after 100ms in epoch 119, 0 in total, 0.000000  
2022-04-07 14:33:17,513 nwabc.py [line:105] handel_messages INFO sid: sidAnw4, 0 catch up in total 
2022-04-07 14:33:17,775 nwabc.py [line:105] handel_messages INFO sid: sidAnw5, 0 catch up in total 
2022-04-07 14:33:19,047 nwabc.py [line:105] handel_messages INFO sid: sidAnw26, 0 catch up in total 
2022-04-07 14:33:19,088 ng_k_s.py [line:318] _run_VABA_round INFO sid: 12: 0 txs batches need to call help in epoch 120, 0 in total, 0.000000  
2022-04-07 14:33:19,091 ng_k_s.py [line:442] _finalize_output INFO node: 12 epoch: 120 run: 96.440267, total delivered Txs after warm-up: 10520000, average delay after warm-up: 1.820829,  tps after warm-up: 162789.289409, average vaba delay after warm-up: 0.797342 
2022-04-07 14:33:19,142 ng_k_s.py [line:276] catch INFO sid: 12: 0 txs batches need to call help after 50ms in epoch 120, 0 in total, 0.000000  
2022-04-07 14:33:19,194 ng_k_s.py [line:290] catch INFO sid: 12: 0 txs batches need to call help after 100ms in epoch 120, 0 in total, 0.000000  
2022-04-07 14:33:19,544 nwabc.py [line:105] handel_messages INFO sid: sidAnw27, 0 catch up in total 
2022-04-07 14:33:19,827 ng_k_s.py [line:318] _run_VABA_round INFO sid: 12: 0 txs batches need to call help in epoch 121, 0 in total, 0.000000  
2022-04-07 14:33:19,829 ng_k_s.py [line:442] _finalize_output INFO node: 12 epoch: 121 run: 97.178375, total delivered Txs after warm-up: 10800000, average delay after warm-up: 1.828809,  tps after warm-up: 165234.823234, average vaba delay after warm-up: 0.796611 
2022-04-07 14:33:19,880 ng_k_s.py [line:276] catch INFO sid: 12: 0 txs batches need to call help after 50ms in epoch 121, 0 in total, 0.000000  
2022-04-07 14:33:19,931 ng_k_s.py [line:290] catch INFO sid: 12: 0 txs batches need to call help after 100ms in epoch 121, 0 in total, 0.000000  
2022-04-07 14:33:20,071 nwabc.py [line:105] handel_messages INFO sid: sidAnw29, 0 catch up in total 
2022-04-07 14:33:20,194 nwabc.py [line:105] handel_messages INFO sid: sidAnw24, 0 catch up in total 
2022-04-07 14:33:20,320 nwabc.py [line:105] handel_messages INFO sid: sidAnw25, 0 catch up in total 
2022-04-07 14:33:20,506 ng_k_s.py [line:318] _run_VABA_round INFO sid: 12: 0 txs batches need to call help in epoch 122, 0 in total, 0.000000  
2022-04-07 14:33:20,508 ng_k_s.py [line:442] _finalize_output INFO node: 12 epoch: 122 run: 97.857931, total delivered Txs after warm-up: 10930000, average delay after warm-up: 1.825984,  tps after warm-up: 165503.047502, average vaba delay after warm-up: 0.795196 
2022-04-07 14:33:20,560 ng_k_s.py [line:276] catch INFO sid: 12: 0 txs batches need to call help after 50ms in epoch 122, 0 in total, 0.000000  
2022-04-07 14:33:20,568 nwabc.py [line:105] handel_messages INFO sid: sidAnw28, 0 catch up in total 
2022-04-07 14:33:20,610 ng_k_s.py [line:290] catch INFO sid: 12: 0 txs batches need to call help after 100ms in epoch 122, 0 in total, 0.000000  
2022-04-07 14:33:21,185 ng_k_s.py [line:318] _run_VABA_round INFO sid: 12: 0 txs batches need to call help in epoch 123, 0 in total, 0.000000  
2022-04-07 14:33:21,186 ng_k_s.py [line:442] _finalize_output INFO node: 12 epoch: 123 run: 98.535449, total delivered Txs after warm-up: 11036000, average delay after warm-up: 1.823623,  tps after warm-up: 165411.149952, average vaba delay after warm-up: 0.793791 
2022-04-07 14:33:21,239 ng_k_s.py [line:276] catch INFO sid: 12: 0 txs batches need to call help after 50ms in epoch 123, 0 in total, 0.000000  
2022-04-07 14:33:21,291 ng_k_s.py [line:290] catch INFO sid: 12: 0 txs batches need to call help after 100ms in epoch 123, 0 in total, 0.000000  
2022-04-07 14:33:21,981 ng_k_s.py [line:318] _run_VABA_round INFO sid: 12: 0 txs batches need to call help in epoch 124, 0 in total, 0.000000  
2022-04-07 14:33:21,983 ng_k_s.py [line:442] _finalize_output INFO node: 12 epoch: 124 run: 99.332474, total delivered Txs after warm-up: 11140000, average delay after warm-up: 1.822570,  tps after warm-up: 164998.845774, average vaba delay after warm-up: 0.793799 
2022-04-07 14:33:22,034 ng_k_s.py [line:276] catch INFO sid: 12: 0 txs batches need to call help after 50ms in epoch 124, 0 in total, 0.000000  
2022-04-07 14:33:22,046 nwabc.py [line:105] handel_messages INFO sid: sidAnw20, 0 catch up in total 
2022-04-07 14:33:22,082 nwabc.py [line:105] handel_messages INFO sid: sidAnw21, 0 catch up in total 
2022-04-07 14:33:22,085 ng_k_s.py [line:290] catch INFO sid: 12: 0 txs batches need to call help after 100ms in epoch 124, 0 in total, 0.000000  
2022-04-07 14:33:22,640 nwabc.py [line:105] handel_messages INFO sid: sidAnw22, 0 catch up in total 
2022-04-07 14:33:22,672 ng_k_s.py [line:318] _run_VABA_round INFO sid: 12: 0 txs batches need to call help in epoch 125, 0 in total, 0.000000  
2022-04-07 14:33:22,674 ng_k_s.py [line:442] _finalize_output INFO node: 12 epoch: 125 run: 100.023960, total delivered Txs after warm-up: 11278000, average delay after warm-up: 1.820705,  tps after warm-up: 165349.331636, average vaba delay after warm-up: 0.792605 
2022-04-07 14:33:22,725 ng_k_s.py [line:276] catch INFO sid: 12: 0 txs batches need to call help after 50ms in epoch 125, 0 in total, 0.000000  
2022-04-07 14:33:22,776 ng_k_s.py [line:290] catch INFO sid: 12: 0 txs batches need to call help after 100ms in epoch 125, 0 in total, 0.000000  
2022-04-07 14:33:22,813 nwabc.py [line:105] handel_messages INFO sid: sidAnw23, 0 catch up in total 
2022-04-07 14:33:23,468 ng_k_s.py [line:318] _run_VABA_round INFO sid: 12: 0 txs batches need to call help in epoch 126, 0 in total, 0.000000  
2022-04-07 14:33:23,470 ng_k_s.py [line:442] _finalize_output INFO node: 12 epoch: 126 run: 100.820061, total delivered Txs after warm-up: 11394000, average delay after warm-up: 1.819724,  tps after warm-up: 165122.752252, average vaba delay after warm-up: 0.792641 
2022-04-07 14:33:23,523 ng_k_s.py [line:276] catch INFO sid: 12: 0 txs batches need to call help after 50ms in epoch 126, 0 in total, 0.000000  
2022-04-07 14:33:23,574 ng_k_s.py [line:290] catch INFO sid: 12: 0 txs batches need to call help after 100ms in epoch 126, 0 in total, 0.000000  
2022-04-07 14:33:24,124 ng_k_s.py [line:318] _run_VABA_round INFO sid: 12: 0 txs batches need to call help in epoch 127, 0 in total, 0.000000  
2022-04-07 14:33:24,126 ng_k_s.py [line:442] _finalize_output INFO node: 12 epoch: 127 run: 101.475760, total delivered Txs after warm-up: 11522000, average delay after warm-up: 1.817501,  tps after warm-up: 165405.978807, average vaba delay after warm-up: 0.791080 
2022-04-07 14:33:24,177 ng_k_s.py [line:276] catch INFO sid: 12: 0 txs batches need to call help after 50ms in epoch 127, 0 in total, 0.000000  
2022-04-07 14:33:24,228 ng_k_s.py [line:290] catch INFO sid: 12: 0 txs batches need to call help after 100ms in epoch 127, 0 in total, 0.000000  
2022-04-07 14:33:24,833 ng_k_s.py [line:318] _run_VABA_round INFO sid: 12: 0 txs batches need to call help in epoch 128, 0 in total, 0.000000  
2022-04-07 14:33:24,836 ng_k_s.py [line:442] _finalize_output INFO node: 12 epoch: 128 run: 102.185298, total delivered Txs after warm-up: 11622000, average delay after warm-up: 1.815944,  tps after warm-up: 165159.250839, average vaba delay after warm-up: 0.790160 
2022-04-07 14:33:24,887 ng_k_s.py [line:276] catch INFO sid: 12: 0 txs batches need to call help after 50ms in epoch 128, 0 in total, 0.000000  
2022-04-07 14:33:24,938 ng_k_s.py [line:290] catch INFO sid: 12: 0 txs batches need to call help after 100ms in epoch 128, 0 in total, 0.000000  
2022-04-07 14:33:25,596 ng_k_s.py [line:318] _run_VABA_round INFO sid: 12: 0 txs batches need to call help in epoch 129, 0 in total, 0.000000  
2022-04-07 14:33:25,599 ng_k_s.py [line:442] _finalize_output INFO node: 12 epoch: 129 run: 102.948187, total delivered Txs after warm-up: 11756000, average delay after warm-up: 1.814530,  tps after warm-up: 165271.744157, average vaba delay after warm-up: 0.789852 
2022-04-07 14:33:25,649 ng_k_s.py [line:276] catch INFO sid: 12: 0 txs batches need to call help after 50ms in epoch 129, 0 in total, 0.000000  
2022-04-07 14:33:25,700 ng_k_s.py [line:290] catch INFO sid: 12: 0 txs batches need to call help after 100ms in epoch 129, 0 in total, 0.000000  
2022-04-07 14:33:26,304 ng_k_s.py [line:318] _run_VABA_round INFO sid: 12: 0 txs batches need to call help in epoch 130, 0 in total, 0.000000  
2022-04-07 14:33:26,307 ng_k_s.py [line:442] _finalize_output INFO node: 12 epoch: 130 run: 103.656270, total delivered Txs after warm-up: 11882000, average delay after warm-up: 1.812251,  tps after warm-up: 165396.659731, average vaba delay after warm-up: 0.788950 
2022-04-07 14:33:26,359 ng_k_s.py [line:276] catch INFO sid: 12: 0 txs batches need to call help after 50ms in epoch 130, 0 in total, 0.000000  
2022-04-07 14:33:26,411 ng_k_s.py [line:290] catch INFO sid: 12: 0 txs batches need to call help after 100ms in epoch 130, 0 in total, 0.000000  
2022-04-07 14:33:26,988 ng_k_s.py [line:318] _run_VABA_round INFO sid: 12: 0 txs batches need to call help in epoch 131, 0 in total, 0.000000  
2022-04-07 14:33:26,990 ng_k_s.py [line:442] _finalize_output INFO node: 12 epoch: 131 run: 104.339648, total delivered Txs after warm-up: 11992000, average delay after warm-up: 1.810212,  tps after warm-up: 165354.901883, average vaba delay after warm-up: 0.787797 
2022-04-07 14:33:27,042 ng_k_s.py [line:276] catch INFO sid: 12: 0 txs batches need to call help after 50ms in epoch 131, 0 in total, 0.000000  
2022-04-07 14:33:27,092 ng_k_s.py [line:290] catch INFO sid: 12: 0 txs batches need to call help after 100ms in epoch 131, 0 in total, 0.000000  
2022-04-07 14:33:27,710 ng_k_s.py [line:318] _run_VABA_round INFO sid: 12: 0 txs batches need to call help in epoch 132, 0 in total, 0.000000  
2022-04-07 14:33:27,712 ng_k_s.py [line:442] _finalize_output INFO node: 12 epoch: 132 run: 105.061605, total delivered Txs after warm-up: 12098000, average delay after warm-up: 1.808809,  tps after warm-up: 165172.238111, average vaba delay after warm-up: 0.787085 
2022-04-07 14:33:27,763 ng_k_s.py [line:276] catch INFO sid: 12: 0 txs batches need to call help after 50ms in epoch 132, 0 in total, 0.000000  
2022-04-07 14:33:27,813 ng_k_s.py [line:290] catch INFO sid: 12: 0 txs batches need to call help after 100ms in epoch 132, 0 in total, 0.000000  
2022-04-07 14:33:28,371 ng_k_s.py [line:318] _run_VABA_round INFO sid: 12: 0 txs batches need to call help in epoch 133, 0 in total, 0.000000  
2022-04-07 14:33:28,374 ng_k_s.py [line:442] _finalize_output INFO node: 12 epoch: 133 run: 105.723227, total delivered Txs after warm-up: 12230000, average delay after warm-up: 1.806543,  tps after warm-up: 165479.632503, average vaba delay after warm-up: 0.785746 
2022-04-07 14:33:28,425 ng_k_s.py [line:276] catch INFO sid: 12: 0 txs batches need to call help after 50ms in epoch 133, 0 in total, 0.000000  
2022-04-07 14:33:28,476 ng_k_s.py [line:290] catch INFO sid: 12: 0 txs batches need to call help after 100ms in epoch 133, 0 in total, 0.000000  
2022-04-07 14:33:29,140 nwabc.py [line:105] handel_messages INFO sid: sidAnw8, 0 catch up in total 
2022-04-07 14:33:29,200 ng_k_s.py [line:318] _run_VABA_round INFO sid: 12: 0 txs batches need to call help in epoch 134, 0 in total, 0.000000  
2022-04-07 14:33:29,202 ng_k_s.py [line:442] _finalize_output INFO node: 12 epoch: 134 run: 106.551760, total delivered Txs after warm-up: 12340000, average delay after warm-up: 1.805655,  tps after warm-up: 165116.946234, average vaba delay after warm-up: 0.786193 
2022-04-07 14:33:29,253 ng_k_s.py [line:276] catch INFO sid: 12: 0 txs batches need to call help after 50ms in epoch 134, 0 in total, 0.000000  
2022-04-07 14:33:29,304 ng_k_s.py [line:290] catch INFO sid: 12: 0 txs batches need to call help after 100ms in epoch 134, 0 in total, 0.000000  
2022-04-07 14:33:29,305 nwabc.py [line:105] handel_messages INFO sid: sidAnw9, 0 catch up in total 
2022-04-07 14:33:29,857 ng_k_s.py [line:318] _run_VABA_round INFO sid: 12: 0 txs batches need to call help in epoch 135, 0 in total, 0.000000  
2022-04-07 14:33:29,860 ng_k_s.py [line:442] _finalize_output INFO node: 12 epoch: 135 run: 107.209366, total delivered Txs after warm-up: 12462000, average delay after warm-up: 1.804147,  tps after warm-up: 165294.922585, average vaba delay after warm-up: 0.784849 
2022-04-07 14:33:29,911 ng_k_s.py [line:276] catch INFO sid: 12: 0 txs batches need to call help after 50ms in epoch 135, 0 in total, 0.000000  
2022-04-07 14:33:29,988 ng_k_s.py [line:290] catch INFO sid: 12: 0 txs batches need to call help after 100ms in epoch 135, 0 in total, 0.000000  
2022-04-07 14:33:30,555 ng_k_s.py [line:318] _run_VABA_round INFO sid: 12: 0 txs batches need to call help in epoch 136, 0 in total, 0.000000  
2022-04-07 14:33:30,557 ng_k_s.py [line:442] _finalize_output INFO node: 12 epoch: 136 run: 107.906295, total delivered Txs after warm-up: 12582000, average delay after warm-up: 1.802349,  tps after warm-up: 165358.021726, average vaba delay after warm-up: 0.783938 
2022-04-07 14:33:30,608 ng_k_s.py [line:276] catch INFO sid: 12: 0 txs batches need to call help after 50ms in epoch 136, 0 in total, 0.000000  
2022-04-07 14:33:30,659 ng_k_s.py [line:290] catch INFO sid: 12: 0 txs batches need to call help after 100ms in epoch 136, 0 in total, 0.000000  
2022-04-07 14:33:30,967 nwabc.py [line:105] handel_messages INFO sid: sidAnw31, 0 catch up in total 
2022-04-07 14:33:31,249 ng_k_s.py [line:318] _run_VABA_round INFO sid: 12: 0 txs batches need to call help in epoch 137, 0 in total, 0.000000  
2022-04-07 14:33:31,252 ng_k_s.py [line:442] _finalize_output INFO node: 12 epoch: 137 run: 108.601463, total delivered Txs after warm-up: 12694000, average delay after warm-up: 1.800849,  tps after warm-up: 165319.582138, average vaba delay after warm-up: 0.783028 
2022-04-07 14:33:31,302 ng_k_s.py [line:276] catch INFO sid: 12: 0 txs batches need to call help after 50ms in epoch 137, 0 in total, 0.000000  
2022-04-07 14:33:31,353 ng_k_s.py [line:290] catch INFO sid: 12: 0 txs batches need to call help after 100ms in epoch 137, 0 in total, 0.000000  
2022-04-07 14:33:31,569 nwabc.py [line:105] handel_messages INFO sid: sidAnw30, 0 catch up in total 
2022-04-07 14:33:32,113 ng_k_s.py [line:318] _run_VABA_round INFO sid: 12: 0 txs batches need to call help in epoch 138, 0 in total, 0.000000  
2022-04-07 14:33:32,115 ng_k_s.py [line:442] _finalize_output INFO node: 12 epoch: 138 run: 109.464775, total delivered Txs after warm-up: 12818000, average delay after warm-up: 1.800391,  tps after warm-up: 165078.463770, average vaba delay after warm-up: 0.783835 
2022-04-07 14:33:32,166 ng_k_s.py [line:276] catch INFO sid: 12: 0 txs batches need to call help after 50ms in epoch 138, 0 in total, 0.000000  
2022-04-07 14:33:32,217 ng_k_s.py [line:290] catch INFO sid: 12: 0 txs batches need to call help after 100ms in epoch 138, 0 in total, 0.000000  
2022-04-07 14:33:32,779 ng_k_s.py [line:318] _run_VABA_round INFO sid: 12: 0 txs batches need to call help in epoch 139, 0 in total, 0.000000  
2022-04-07 14:33:32,781 ng_k_s.py [line:442] _finalize_output INFO node: 12 epoch: 139 run: 110.131113, total delivered Txs after warm-up: 12950000, average delay after warm-up: 1.798769,  tps after warm-up: 165359.407651, average vaba delay after warm-up: 0.782657 
2022-04-07 14:33:32,832 ng_k_s.py [line:276] catch INFO sid: 12: 0 txs batches need to call help after 50ms in epoch 139, 0 in total, 0.000000  
2022-04-07 14:33:32,883 ng_k_s.py [line:290] catch INFO sid: 12: 0 txs batches need to call help after 100ms in epoch 139, 0 in total, 0.000000  
2022-04-07 14:33:33,462 ng_k_s.py [line:318] _run_VABA_round INFO sid: 12: 0 txs batches need to call help in epoch 140, 0 in total, 0.000000  
2022-04-07 14:33:33,464 ng_k_s.py [line:442] _finalize_output INFO node: 12 epoch: 140 run: 110.813414, total delivered Txs after warm-up: 13054000, average delay after warm-up: 1.797258,  tps after warm-up: 165247.694242, average vaba delay after warm-up: 0.781659 
2022-04-07 14:33:33,515 ng_k_s.py [line:276] catch INFO sid: 12: 0 txs batches need to call help after 50ms in epoch 140, 0 in total, 0.000000  
2022-04-07 14:33:33,566 ng_k_s.py [line:290] catch INFO sid: 12: 0 txs batches need to call help after 100ms in epoch 140, 0 in total, 0.000000  
2022-04-07 14:33:34,086 nwabc.py [line:105] handel_messages INFO sid: sidAnw10, 0 catch up in total 
2022-04-07 14:33:34,157 ng_k_s.py [line:318] _run_VABA_round INFO sid: 12: 0 txs batches need to call help in epoch 141, 0 in total, 0.000000  
2022-04-07 14:33:34,160 ng_k_s.py [line:442] _finalize_output INFO node: 12 epoch: 141 run: 111.509394, total delivered Txs after warm-up: 13188000, average delay after warm-up: 1.795310,  tps after warm-up: 165485.997794, average vaba delay after warm-up: 0.780816 
2022-04-07 14:33:34,212 ng_k_s.py [line:276] catch INFO sid: 12: 0 txs batches need to call help after 50ms in epoch 141, 0 in total, 0.000000  
2022-04-07 14:33:34,263 ng_k_s.py [line:290] catch INFO sid: 12: 0 txs batches need to call help after 100ms in epoch 141, 0 in total, 0.000000  
2022-04-07 14:33:34,895 nwabc.py [line:105] handel_messages INFO sid: sidAnw11, 0 catch up in total 
2022-04-07 14:33:34,896 ng_k_s.py [line:318] _run_VABA_round INFO sid: 12: 0 txs batches need to call help in epoch 142, 0 in total, 0.000000  
2022-04-07 14:33:34,898 ng_k_s.py [line:442] _finalize_output INFO node: 12 epoch: 142 run: 112.247857, total delivered Txs after warm-up: 13292000, average delay after warm-up: 1.793860,  tps after warm-up: 165259.651327, average vaba delay after warm-up: 0.780401 
2022-04-07 14:33:34,950 ng_k_s.py [line:276] catch INFO sid: 12: 0 txs batches need to call help after 50ms in epoch 142, 0 in total, 0.000000  
2022-04-07 14:33:35,001 ng_k_s.py [line:290] catch INFO sid: 12: 0 txs batches need to call help after 100ms in epoch 142, 0 in total, 0.000000  
2022-04-07 14:33:35,578 ng_k_s.py [line:318] _run_VABA_round INFO sid: 12: 0 txs batches need to call help in epoch 143, 0 in total, 0.000000  
2022-04-07 14:33:35,580 ng_k_s.py [line:442] _finalize_output INFO node: 12 epoch: 143 run: 112.929341, total delivered Txs after warm-up: 13418000, average delay after warm-up: 1.792094,  tps after warm-up: 165424.584195, average vaba delay after warm-up: 0.779446 
2022-04-07 14:33:35,631 ng_k_s.py [line:276] catch INFO sid: 12: 0 txs batches need to call help after 50ms in epoch 143, 0 in total, 0.000000  
2022-04-07 14:33:35,682 ng_k_s.py [line:290] catch INFO sid: 12: 0 txs batches need to call help after 100ms in epoch 143, 0 in total, 0.000000  
2022-04-07 14:33:35,961 nwabc.py [line:105] handel_messages INFO sid: sidAnw14, 0 catch up in total 
2022-04-07 14:33:36,318 nwabc.py [line:105] handel_messages INFO sid: sidAnw15, 0 catch up in total 
2022-04-07 14:33:36,392 ng_k_s.py [line:318] _run_VABA_round INFO sid: 12: 0 txs batches need to call help in epoch 144, 0 in total, 0.000000  
2022-04-07 14:33:36,395 ng_k_s.py [line:442] _finalize_output INFO node: 12 epoch: 144 run: 113.744293, total delivered Txs after warm-up: 13530000, average delay after warm-up: 1.791298,  tps after warm-up: 165146.129528, average vaba delay after warm-up: 0.779781 
2022-04-07 14:33:36,445 ng_k_s.py [line:276] catch INFO sid: 12: 0 txs batches need to call help after 50ms in epoch 144, 0 in total, 0.000000  
2022-04-07 14:33:36,496 ng_k_s.py [line:290] catch INFO sid: 12: 0 txs batches need to call help after 100ms in epoch 144, 0 in total, 0.000000  
2022-04-07 14:33:37,104 ng_k_s.py [line:318] _run_VABA_round INFO sid: 12: 0 txs batches need to call help in epoch 145, 0 in total, 0.000000  
2022-04-07 14:33:37,107 ng_k_s.py [line:442] _finalize_output INFO node: 12 epoch: 145 run: 114.456526, total delivered Txs after warm-up: 13654000, average delay after warm-up: 1.790378,  tps after warm-up: 165223.301965, average vaba delay after warm-up: 0.779139 
2022-04-07 14:33:37,158 ng_k_s.py [line:276] catch INFO sid: 12: 0 txs batches need to call help after 50ms in epoch 145, 0 in total, 0.000000  
2022-04-07 14:33:37,210 ng_k_s.py [line:290] catch INFO sid: 12: 0 txs batches need to call help after 100ms in epoch 145, 0 in total, 0.000000  
2022-04-07 14:33:37,572 nwabc.py [line:105] handel_messages INFO sid: sidAnw18, 0 catch up in total 
2022-04-07 14:33:37,752 ng_k_s.py [line:318] _run_VABA_round INFO sid: 12: 0 txs batches need to call help in epoch 146, 0 in total, 0.000000  
2022-04-07 14:33:37,754 ng_k_s.py [line:442] _finalize_output INFO node: 12 epoch: 146 run: 115.103873, total delivered Txs after warm-up: 13780000, average delay after warm-up: 1.788499,  tps after warm-up: 165451.946904, average vaba delay after warm-up: 0.777903 
2022-04-07 14:33:37,807 ng_k_s.py [line:276] catch INFO sid: 12: 0 txs batches need to call help after 50ms in epoch 146, 0 in total, 0.000000  
2022-04-07 14:33:37,858 ng_k_s.py [line:290] catch INFO sid: 12: 0 txs batches need to call help after 100ms in epoch 146, 0 in total, 0.000000  
2022-04-07 14:33:38,200 nwabc.py [line:105] handel_messages INFO sid: sidAnw19, 0 catch up in total 
2022-04-07 14:33:38,478 ng_k_s.py [line:318] _run_VABA_round INFO sid: 12: 0 txs batches need to call help in epoch 147, 0 in total, 0.000000  
2022-04-07 14:33:38,480 ng_k_s.py [line:442] _finalize_output INFO node: 12 epoch: 147 run: 115.829911, total delivered Txs after warm-up: 13886000, average delay after warm-up: 1.787314,  tps after warm-up: 165283.825927, average vaba delay after warm-up: 0.777420 
2022-04-07 14:33:38,531 ng_k_s.py [line:276] catch INFO sid: 12: 0 txs batches need to call help after 50ms in epoch 147, 0 in total, 0.000000  
2022-04-07 14:33:38,582 ng_k_s.py [line:290] catch INFO sid: 12: 0 txs batches need to call help after 100ms in epoch 147, 0 in total, 0.000000  
2022-04-07 14:33:38,610 nwabc.py [line:105] handel_messages INFO sid: sidAnw0, 0 catch up in total 
2022-04-07 14:33:38,831 nwabc.py [line:105] handel_messages INFO sid: sidAnw1, 0 catch up in total 
2022-04-07 14:33:39,188 ng_k_s.py [line:318] _run_VABA_round INFO sid: 12: 0 txs batches need to call help in epoch 148, 0 in total, 0.000000  
2022-04-07 14:33:39,190 ng_k_s.py [line:442] _finalize_output INFO node: 12 epoch: 148 run: 116.539757, total delivered Txs after warm-up: 14006000, average delay after warm-up: 1.786062,  tps after warm-up: 165315.386396, average vaba delay after warm-up: 0.776795 
2022-04-07 14:33:39,242 ng_k_s.py [line:276] catch INFO sid: 12: 0 txs batches need to call help after 50ms in epoch 148, 0 in total, 0.000000  
2022-04-07 14:33:39,293 ng_k_s.py [line:290] catch INFO sid: 12: 0 txs batches need to call help after 100ms in epoch 148, 0 in total, 0.000000  
2022-04-07 14:33:39,899 ng_k_s.py [line:318] _run_VABA_round INFO sid: 12: 0 txs batches need to call help in epoch 149, 0 in total, 0.000000  
2022-04-07 14:33:39,902 ng_k_s.py [line:442] _finalize_output INFO node: 12 epoch: 149 run: 117.251190, total delivered Txs after warm-up: 14120000, average delay after warm-up: 1.784899,  tps after warm-up: 165273.121316, average vaba delay after warm-up: 0.776196 
2022-04-07 14:33:39,953 ng_k_s.py [line:276] catch INFO sid: 12: 0 txs batches need to call help after 50ms in epoch 149, 0 in total, 0.000000  
2022-04-07 14:33:40,004 ng_k_s.py [line:290] catch INFO sid: 12: 0 txs batches need to call help after 100ms in epoch 149, 0 in total, 0.000000  
2022-04-07 14:33:41,575 ng_k_s.py [line:318] _run_VABA_round INFO sid: 12: 0 txs batches need to call help in epoch 150, 0 in total, 0.000000  
2022-04-07 14:33:41,577 ng_k_s.py [line:442] _finalize_output INFO node: 12 epoch: 150 run: 118.926753, total delivered Txs after warm-up: 14238000, average delay after warm-up: 1.791792,  tps after warm-up: 163448.696092, average vaba delay after warm-up: 0.784290 
2022-04-07 14:33:41,629 ng_k_s.py [line:276] catch INFO sid: 12: 0 txs batches need to call help after 50ms in epoch 150, 0 in total, 0.000000  
2022-04-07 14:33:41,680 ng_k_s.py [line:290] catch INFO sid: 12: 0 txs batches need to call help after 100ms in epoch 150, 0 in total, 0.000000  
2022-04-07 14:33:42,510 ng_k_s.py [line:318] _run_VABA_round INFO sid: 12: 0 txs batches need to call help in epoch 151, 0 in total, 0.000000  
2022-04-07 14:33:42,512 ng_k_s.py [line:442] _finalize_output INFO node: 12 epoch: 151 run: 119.861834, total delivered Txs after warm-up: 14522000, average delay after warm-up: 1.802482,  tps after warm-up: 164938.414456, average vaba delay after warm-up: 0.785633 
2022-04-07 14:33:42,563 ng_k_s.py [line:276] catch INFO sid: 12: 0 txs batches need to call help after 50ms in epoch 151, 0 in total, 0.000000  
2022-04-07 14:33:42,615 ng_k_s.py [line:290] catch INFO sid: 12: 0 txs batches need to call help after 100ms in epoch 151, 0 in total, 0.000000  
2022-04-07 14:33:43,207 ng_k_s.py [line:318] _run_VABA_round INFO sid: 12: 0 txs batches need to call help in epoch 152, 0 in total, 0.000000  
2022-04-07 14:33:43,210 ng_k_s.py [line:442] _finalize_output INFO node: 12 epoch: 152 run: 120.559458, total delivered Txs after warm-up: 14680000, average delay after warm-up: 1.801630,  tps after warm-up: 165422.230391, average vaba delay after warm-up: 0.784851 
2022-04-07 14:33:43,262 ng_k_s.py [line:276] catch INFO sid: 12: 0 txs batches need to call help after 50ms in epoch 152, 0 in total, 0.000000  
2022-04-07 14:33:43,313 ng_k_s.py [line:290] catch INFO sid: 12: 0 txs batches need to call help after 100ms in epoch 152, 0 in total, 0.000000  
2022-04-07 14:33:43,906 ng_k_s.py [line:318] _run_VABA_round INFO sid: 12: 0 txs batches need to call help in epoch 153, 0 in total, 0.000000  
2022-04-07 14:33:43,908 ng_k_s.py [line:442] _finalize_output INFO node: 12 epoch: 153 run: 121.257209, total delivered Txs after warm-up: 14800000, average delay after warm-up: 1.799867,  tps after warm-up: 165473.398186, average vaba delay after warm-up: 0.784080 
2022-04-07 14:33:43,958 ng_k_s.py [line:276] catch INFO sid: 12: 0 txs batches need to call help after 50ms in epoch 153, 0 in total, 0.000000  
2022-04-07 14:33:44,009 ng_k_s.py [line:290] catch INFO sid: 12: 0 txs batches need to call help after 100ms in epoch 153, 0 in total, 0.000000  
2022-04-07 14:33:44,603 ng_k_s.py [line:318] _run_VABA_round INFO sid: 12: 0 txs batches need to call help in epoch 154, 0 in total, 0.000000  
2022-04-07 14:33:44,605 ng_k_s.py [line:442] _finalize_output INFO node: 12 epoch: 154 run: 121.954813, total delivered Txs after warm-up: 14920000, average delay after warm-up: 1.797948,  tps after warm-up: 165524.043942, average vaba delay after warm-up: 0.783325 
2022-04-07 14:33:44,657 ng_k_s.py [line:276] catch INFO sid: 12: 0 txs batches need to call help after 50ms in epoch 154, 0 in total, 0.000000  
2022-04-07 14:33:44,709 ng_k_s.py [line:290] catch INFO sid: 12: 0 txs batches need to call help after 100ms in epoch 154, 0 in total, 0.000000  
2022-04-07 14:33:45,488 ng_k_s.py [line:318] _run_VABA_round INFO sid: 12: 0 txs batches need to call help in epoch 155, 0 in total, 0.000000  
2022-04-07 14:33:45,490 ng_k_s.py [line:442] _finalize_output INFO node: 12 epoch: 155 run: 122.839826, total delivered Txs after warm-up: 15032000, average delay after warm-up: 1.797623,  tps after warm-up: 165145.118207, average vaba delay after warm-up: 0.784196 
2022-04-07 14:33:45,541 ng_k_s.py [line:276] catch INFO sid: 12: 0 txs batches need to call help after 50ms in epoch 155, 0 in total, 0.000000  
2022-04-07 14:33:45,592 ng_k_s.py [line:290] catch INFO sid: 12: 0 txs batches need to call help after 100ms in epoch 155, 0 in total, 0.000000  
2022-04-07 14:33:46,171 ng_k_s.py [line:318] _run_VABA_round INFO sid: 12: 0 txs batches need to call help in epoch 156, 0 in total, 0.000000  
2022-04-07 14:33:46,173 ng_k_s.py [line:442] _finalize_output INFO node: 12 epoch: 156 run: 123.522399, total delivered Txs after warm-up: 15146000, average delay after warm-up: 1.797250,  tps after warm-up: 165159.036965, average vaba delay after warm-up: 0.783324 
2022-04-07 14:33:46,223 ng_k_s.py [line:276] catch INFO sid: 12: 0 txs batches need to call help after 50ms in epoch 156, 0 in total, 0.000000  
2022-04-07 14:33:46,274 ng_k_s.py [line:290] catch INFO sid: 12: 0 txs batches need to call help after 100ms in epoch 156, 0 in total, 0.000000  
2022-04-07 14:33:47,794 ng_k_s.py [line:318] _run_VABA_round INFO sid: 12: 0 txs batches need to call help in epoch 157, 0 in total, 0.000000  
2022-04-07 14:33:47,794 ng_k_s.py [line:442] _finalize_output INFO node: 12 epoch: 157 run: 125.144092, total delivered Txs after warm-up: 15294000, average delay after warm-up: 1.804815,  tps after warm-up: 163874.981915, average vaba delay after warm-up: 0.790426 
2022-04-07 14:33:47,848 ng_k_s.py [line:276] catch INFO sid: 12: 0 txs batches need to call help after 50ms in epoch 157, 0 in total, 0.000000  
2022-04-07 14:33:47,900 ng_k_s.py [line:290] catch INFO sid: 12: 0 txs batches need to call help after 100ms in epoch 157, 0 in total, 0.000000  
2022-04-07 14:33:49,216 nwabc.py [line:105] handel_messages INFO sid: sidAnw12, 0 catch up in total 
2022-04-07 14:33:49,371 nwabc.py [line:105] handel_messages INFO sid: sidAnw13, 0 catch up in total 
2022-04-07 14:33:49,404 nwabc.py [line:105] handel_messages INFO sid: sidAnw5, 0 catch up in total 
2022-04-07 14:33:49,488 ng_k_s.py [line:318] _run_VABA_round INFO sid: 12: 0 txs batches need to call help in epoch 158, 0 in total, 0.000000  
2022-04-07 14:33:49,490 ng_k_s.py [line:442] _finalize_output INFO node: 12 epoch: 158 run: 126.840126, total delivered Txs after warm-up: 15556000, average delay after warm-up: 1.825802,  tps after warm-up: 163707.259906, average vaba delay after warm-up: 0.798015 
2022-04-07 14:33:49,496 nwabc.py [line:105] handel_messages INFO sid: sidAnw4, 0 catch up in total 
2022-04-07 14:33:49,542 ng_k_s.py [line:276] catch INFO sid: 12: 0 txs batches need to call help after 50ms in epoch 158, 0 in total, 0.000000  
2022-04-07 14:33:49,593 ng_k_s.py [line:290] catch INFO sid: 12: 0 txs batches need to call help after 100ms in epoch 158, 0 in total, 0.000000  
2022-04-07 14:33:50,163 ng_k_s.py [line:318] _run_VABA_round INFO sid: 12: 0 txs batches need to call help in epoch 159, 0 in total, 0.000000  
2022-04-07 14:33:50,165 ng_k_s.py [line:442] _finalize_output INFO node: 12 epoch: 159 run: 127.514505, total delivered Txs after warm-up: 15842000, average delay after warm-up: 1.830478,  tps after warm-up: 165542.196887, average vaba delay after warm-up: 0.796982 
2022-04-07 14:33:50,216 ng_k_s.py [line:276] catch INFO sid: 12: 0 txs batches need to call help after 50ms in epoch 159, 0 in total, 0.000000  
2022-04-07 14:33:50,267 ng_k_s.py [line:290] catch INFO sid: 12: 0 txs batches need to call help after 100ms in epoch 159, 0 in total, 0.000000  
2022-04-07 14:33:50,837 nwabc.py [line:105] handel_messages INFO sid: sidAnw26, 0 catch up in total 
2022-04-07 14:33:51,056 ng_k_s.py [line:318] _run_VABA_round INFO sid: 12: 0 txs batches need to call help in epoch 160, 0 in total, 0.000000  
2022-04-07 14:33:51,058 ng_k_s.py [line:442] _finalize_output INFO node: 12 epoch: 160 run: 128.407610, total delivered Txs after warm-up: 15962000, average delay after warm-up: 1.830236,  tps after warm-up: 165253.902962, average vaba delay after warm-up: 0.797773 
2022-04-07 14:33:51,109 ng_k_s.py [line:276] catch INFO sid: 12: 0 txs batches need to call help after 50ms in epoch 160, 0 in total, 0.000000  
2022-04-07 14:33:51,160 ng_k_s.py [line:290] catch INFO sid: 12: 0 txs batches need to call help after 100ms in epoch 160, 0 in total, 0.000000  
2022-04-07 14:33:51,270 nwabc.py [line:105] handel_messages INFO sid: sidAnw27, 0 catch up in total 
2022-04-07 14:33:51,685 ng_k_s.py [line:318] _run_VABA_round INFO sid: 12: 0 txs batches need to call help in epoch 161, 0 in total, 0.000000  
2022-04-07 14:33:51,688 ng_k_s.py [line:442] _finalize_output INFO node: 12 epoch: 161 run: 129.037508, total delivered Txs after warm-up: 16102000, average delay after warm-up: 1.828356,  tps after warm-up: 165623.237680, average vaba delay after warm-up: 0.796394 
2022-04-07 14:33:51,739 ng_k_s.py [line:276] catch INFO sid: 12: 0 txs batches need to call help after 50ms in epoch 161, 0 in total, 0.000000  
2022-04-07 14:33:51,790 ng_k_s.py [line:290] catch INFO sid: 12: 0 txs batches need to call help after 100ms in epoch 161, 0 in total, 0.000000  
2022-04-07 14:33:52,386 ng_k_s.py [line:318] _run_VABA_round INFO sid: 12: 0 txs batches need to call help in epoch 162, 0 in total, 0.000000  
2022-04-07 14:33:52,388 ng_k_s.py [line:442] _finalize_output INFO node: 12 epoch: 162 run: 129.737822, total delivered Txs after warm-up: 16210000, average delay after warm-up: 1.826635,  tps after warm-up: 165541.658434, average vaba delay after warm-up: 0.795610 
2022-04-07 14:33:52,440 ng_k_s.py [line:276] catch INFO sid: 12: 0 txs batches need to call help after 50ms in epoch 162, 0 in total, 0.000000  
2022-04-07 14:33:52,491 ng_k_s.py [line:290] catch INFO sid: 12: 0 txs batches need to call help after 100ms in epoch 162, 0 in total, 0.000000  
2022-04-07 14:33:53,146 nwabc.py [line:105] handel_messages INFO sid: sidAnw29, 0 catch up in total 
2022-04-07 14:33:53,338 nwabc.py [line:105] handel_messages INFO sid: sidAnw28, 0 catch up in total 
2022-04-07 14:33:53,545 nwabc.py [line:105] handel_messages INFO sid: sidAnw16, 0 catch up in total 
2022-04-07 14:33:53,880 nwabc.py [line:105] handel_messages INFO sid: sidAnw21, 0 catch up in total 
2022-04-07 14:33:54,064 nwabc.py [line:105] handel_messages INFO sid: sidAnw20, 0 catch up in total 
2022-04-07 14:33:54,234 ng_k_s.py [line:318] _run_VABA_round INFO sid: 12: 0 txs batches need to call help in epoch 163, 0 in total, 0.000000  
2022-04-07 14:33:54,237 ng_k_s.py [line:442] _finalize_output INFO node: 12 epoch: 163 run: 131.586623, total delivered Txs after warm-up: 16308000, average delay after warm-up: 1.832612,  tps after warm-up: 163456.321354, average vaba delay after warm-up: 0.804101 
2022-04-07 14:33:54,289 ng_k_s.py [line:276] catch INFO sid: 12: 0 txs batches need to call help after 50ms in epoch 163, 0 in total, 0.000000  
2022-04-07 14:33:54,340 ng_k_s.py [line:290] catch INFO sid: 12: 0 txs batches need to call help after 100ms in epoch 163, 0 in total, 0.000000  
2022-04-07 14:33:54,663 nwabc.py [line:105] handel_messages INFO sid: sidAnw17, 0 catch up in total 
2022-04-07 14:33:54,866 ng_k_s.py [line:318] _run_VABA_round INFO sid: 12: 0 txs batches need to call help in epoch 164, 0 in total, 0.000000  
2022-04-07 14:33:54,869 ng_k_s.py [line:442] _finalize_output INFO node: 12 epoch: 164 run: 132.218428, total delivered Txs after warm-up: 16624000, average delay after warm-up: 1.839334,  tps after warm-up: 165575.088140, average vaba delay after warm-up: 0.802718 
2022-04-07 14:33:54,920 ng_k_s.py [line:276] catch INFO sid: 12: 0 txs batches need to call help after 50ms in epoch 164, 0 in total, 0.000000  
2022-04-07 14:33:54,971 ng_k_s.py [line:290] catch INFO sid: 12: 0 txs batches need to call help after 100ms in epoch 164, 0 in total, 0.000000  
2022-04-07 14:33:55,548 ng_k_s.py [line:318] _run_VABA_round INFO sid: 12: 0 txs batches need to call help in epoch 165, 0 in total, 0.000000  
2022-04-07 14:33:55,551 ng_k_s.py [line:442] _finalize_output INFO node: 12 epoch: 165 run: 132.900493, total delivered Txs after warm-up: 16736000, average delay after warm-up: 1.837629,  tps after warm-up: 165565.858416, average vaba delay after warm-up: 0.801758 
2022-04-07 14:33:55,602 ng_k_s.py [line:276] catch INFO sid: 12: 0 txs batches need to call help after 50ms in epoch 165, 0 in total, 0.000000  
2022-04-07 14:33:55,652 ng_k_s.py [line:290] catch INFO sid: 12: 0 txs batches need to call help after 100ms in epoch 165, 0 in total, 0.000000  
