2022-04-07 14:31:42,426 ng_k_s.py [line:459] run_bft INFO Node 14 starts to run at time:1649341902.4267945 
2022-04-07 14:31:42,429 ng_k_s.py [line:371] _finalize_output INFO ************************************************************* 
2022-04-07 14:31:42,429 ng_k_s.py [line:372] _finalize_output INFO                          warm-up start                        
2022-04-07 14:31:42,430 ng_k_s.py [line:373] _finalize_output INFO ************************************************************* 
2022-04-07 14:32:14,457 ng_k_s.py [line:379] _finalize_output INFO warm-up time: 32.030171 
2022-04-07 14:32:14,459 ng_k_s.py [line:380] _finalize_output INFO ************************************************************* 
2022-04-07 14:32:14,459 ng_k_s.py [line:381] _finalize_output INFO                        warm-up finished                       
2022-04-07 14:32:14,459 ng_k_s.py [line:382] _finalize_output INFO ************************************************************* 
2022-04-07 14:32:14,581 nwabc.py [line:105] handel_messages INFO sid: sidAnw4, 0 catch up in total 
2022-04-07 14:32:14,753 nwabc.py [line:105] handel_messages INFO sid: sidAnw5, 0 catch up in total 
2022-04-07 14:32:15,164 ng_k_s.py [line:442] _finalize_output INFO node: 14 epoch: 41 run: 32.737966, total delivered Txs after warm-up: 116000, average delay after warm-up: 1.778837,  tps after warm-up: 163889.283786, average vaba delay after warm-up: 0.352633 
2022-04-07 14:32:15,324 nwabc.py [line:105] handel_messages INFO sid: sidAnw29, 0 catch up in total 
2022-04-07 14:32:15,896 ng_k_s.py [line:318] _run_VABA_round INFO sid: 14: 0 txs batches need to call help in epoch 42, 0 in total, 0.000000  
2022-04-07 14:32:15,898 ng_k_s.py [line:442] _finalize_output INFO node: 14 epoch: 42 run: 33.471820, total delivered Txs after warm-up: 250000, average delay after warm-up: 1.742379,  tps after warm-up: 173412.505799, average vaba delay after warm-up: 0.479557 
2022-04-07 14:32:15,950 ng_k_s.py [line:276] catch INFO sid: 14: 0 txs batches need to call help after 50ms in epoch 42, 0 in total, 0.000000  
2022-04-07 14:32:16,001 ng_k_s.py [line:290] catch INFO sid: 14: 0 txs batches need to call help after 100ms in epoch 42, 0 in total, 0.000000  
2022-04-07 14:32:16,064 nwabc.py [line:105] handel_messages INFO sid: sidAnw28, 0 catch up in total 
2022-04-07 14:32:16,467 nwabc.py [line:105] handel_messages INFO sid: sidAnw26, 0 catch up in total 
2022-04-07 14:32:16,545 ng_k_s.py [line:318] _run_VABA_round INFO sid: 14: 0 txs batches need to call help in epoch 43, 0 in total, 0.000000  
2022-04-07 14:32:16,546 ng_k_s.py [line:442] _finalize_output INFO node: 14 epoch: 43 run: 34.119953, total delivered Txs after warm-up: 368000, average delay after warm-up: 1.684260,  tps after warm-up: 176094.922854, average vaba delay after warm-up: 0.521628 
2022-04-07 14:32:16,598 ng_k_s.py [line:276] catch INFO sid: 14: 0 txs batches need to call help after 50ms in epoch 43, 0 in total, 0.000000  
2022-04-07 14:32:16,648 ng_k_s.py [line:290] catch INFO sid: 14: 0 txs batches need to call help after 100ms in epoch 43, 0 in total, 0.000000  
2022-04-07 14:32:16,701 nwabc.py [line:105] handel_messages INFO sid: sidAnw22, 0 catch up in total 
2022-04-07 14:32:16,701 nwabc.py [line:105] handel_messages INFO sid: sidAnw27, 0 catch up in total 
2022-04-07 14:32:16,889 nwabc.py [line:105] handel_messages INFO sid: sidAnw23, 0 catch up in total 
2022-04-07 14:32:17,289 ng_k_s.py [line:318] _run_VABA_round INFO sid: 14: 0 txs batches need to call help in epoch 44, 0 in total, 0.000000  
2022-04-07 14:32:17,291 ng_k_s.py [line:442] _finalize_output INFO node: 14 epoch: 44 run: 34.864624, total delivered Txs after warm-up: 466000, average delay after warm-up: 1.675373,  tps after warm-up: 164405.640517, average vaba delay after warm-up: 0.566081 
2022-04-07 14:32:17,343 ng_k_s.py [line:276] catch INFO sid: 14: 0 txs batches need to call help after 50ms in epoch 44, 0 in total, 0.000000  
2022-04-07 14:32:17,393 ng_k_s.py [line:290] catch INFO sid: 14: 0 txs batches need to call help after 100ms in epoch 44, 0 in total, 0.000000  
2022-04-07 14:32:18,070 ng_k_s.py [line:318] _run_VABA_round INFO sid: 14: 0 txs batches need to call help in epoch 45, 0 in total, 0.000000  
2022-04-07 14:32:18,073 ng_k_s.py [line:442] _finalize_output INFO node: 14 epoch: 45 run: 35.645978, total delivered Txs after warm-up: 592000, average delay after warm-up: 1.682698,  tps after warm-up: 163725.539479, average vaba delay after warm-up: 0.601871 
2022-04-07 14:32:18,124 ng_k_s.py [line:276] catch INFO sid: 14: 0 txs batches need to call help after 50ms in epoch 45, 0 in total, 0.000000  
2022-04-07 14:32:18,175 ng_k_s.py [line:290] catch INFO sid: 14: 0 txs batches need to call help after 100ms in epoch 45, 0 in total, 0.000000  
2022-04-07 14:32:18,479 nwabc.py [line:105] handel_messages INFO sid: sidAnw20, 0 catch up in total 
2022-04-07 14:32:18,492 nwabc.py [line:105] handel_messages INFO sid: sidAnw21, 0 catch up in total 
2022-04-07 14:32:18,748 ng_k_s.py [line:318] _run_VABA_round INFO sid: 14: 0 txs batches need to call help in epoch 46, 0 in total, 0.000000  
2022-04-07 14:32:18,750 ng_k_s.py [line:442] _finalize_output INFO node: 14 epoch: 46 run: 36.323453, total delivered Txs after warm-up: 716000, average delay after warm-up: 1.672628,  tps after warm-up: 166772.197630, average vaba delay after warm-up: 0.612597 
2022-04-07 14:32:18,801 ng_k_s.py [line:276] catch INFO sid: 14: 0 txs batches need to call help after 50ms in epoch 46, 0 in total, 0.000000  
2022-04-07 14:32:18,851 ng_k_s.py [line:290] catch INFO sid: 14: 0 txs batches need to call help after 100ms in epoch 46, 0 in total, 0.000000  
2022-04-07 14:32:19,585 ng_k_s.py [line:318] _run_VABA_round INFO sid: 14: 0 txs batches need to call help in epoch 47, 0 in total, 0.000000  
2022-04-07 14:32:19,588 ng_k_s.py [line:442] _finalize_output INFO node: 14 epoch: 47 run: 37.161342, total delivered Txs after warm-up: 822000, average delay after warm-up: 1.678830,  tps after warm-up: 160197.343592, average vaba delay after warm-up: 0.640723 
2022-04-07 14:32:19,639 ng_k_s.py [line:276] catch INFO sid: 14: 0 txs batches need to call help after 50ms in epoch 47, 0 in total, 0.000000  
2022-04-07 14:32:19,690 ng_k_s.py [line:290] catch INFO sid: 14: 0 txs batches need to call help after 100ms in epoch 47, 0 in total, 0.000000  
2022-04-07 14:32:19,744 nwabc.py [line:105] handel_messages INFO sid: sidAnw8, 0 catch up in total 
2022-04-07 14:32:19,888 nwabc.py [line:105] handel_messages INFO sid: sidAnw10, 0 catch up in total 
2022-04-07 14:32:19,888 nwabc.py [line:105] handel_messages INFO sid: sidAnw9, 0 catch up in total 
2022-04-07 14:32:20,190 nwabc.py [line:105] handel_messages INFO sid: sidAnw11, 0 catch up in total 
2022-04-07 14:32:20,252 ng_k_s.py [line:318] _run_VABA_round INFO sid: 14: 0 txs batches need to call help in epoch 48, 0 in total, 0.000000  
2022-04-07 14:32:20,254 ng_k_s.py [line:442] _finalize_output INFO node: 14 epoch: 48 run: 37.828092, total delivered Txs after warm-up: 966000, average delay after warm-up: 1.670260,  tps after warm-up: 166611.461084, average vaba delay after warm-up: 0.643581 
2022-04-07 14:32:20,307 ng_k_s.py [line:276] catch INFO sid: 14: 0 txs batches need to call help after 50ms in epoch 48, 0 in total, 0.000000  
2022-04-07 14:32:20,357 ng_k_s.py [line:290] catch INFO sid: 14: 0 txs batches need to call help after 100ms in epoch 48, 0 in total, 0.000000  
2022-04-07 14:32:20,879 nwabc.py [line:105] handel_messages INFO sid: sidAnw30, 0 catch up in total 
2022-04-07 14:32:21,282 nwabc.py [line:105] handel_messages INFO sid: sidAnw31, 0 catch up in total 
2022-04-07 14:32:21,325 nwabc.py [line:105] handel_messages INFO sid: sidAnw18, 0 catch up in total 
2022-04-07 14:32:21,654 nwabc.py [line:105] handel_messages INFO sid: sidAnw19, 0 catch up in total 
2022-04-07 14:32:21,971 ng_k_s.py [line:318] _run_VABA_round INFO sid: 14: 0 txs batches need to call help in epoch 49, 0 in total, 0.000000  
2022-04-07 14:32:21,972 ng_k_s.py [line:442] _finalize_output INFO node: 14 epoch: 49 run: 39.546124, total delivered Txs after warm-up: 1058000, average delay after warm-up: 1.751545,  tps after warm-up: 140767.253084, average vaba delay after warm-up: 0.750995 
2022-04-07 14:32:22,024 ng_k_s.py [line:276] catch INFO sid: 14: 0 txs batches need to call help after 50ms in epoch 49, 0 in total, 0.000000  
2022-04-07 14:32:22,074 ng_k_s.py [line:290] catch INFO sid: 14: 0 txs batches need to call help after 100ms in epoch 49, 0 in total, 0.000000  
2022-04-07 14:32:22,671 ng_k_s.py [line:318] _run_VABA_round INFO sid: 14: 0 txs batches need to call help in epoch 50, 0 in total, 0.000000  
2022-04-07 14:32:22,673 ng_k_s.py [line:442] _finalize_output INFO node: 14 epoch: 50 run: 40.246635, total delivered Txs after warm-up: 1350000, average delay after warm-up: 1.831730,  tps after warm-up: 164304.249835, average vaba delay after warm-up: 0.746327 
2022-04-07 14:32:22,724 ng_k_s.py [line:276] catch INFO sid: 14: 0 txs batches need to call help after 50ms in epoch 50, 0 in total, 0.000000  
2022-04-07 14:32:22,775 ng_k_s.py [line:290] catch INFO sid: 14: 0 txs batches need to call help after 100ms in epoch 50, 0 in total, 0.000000  
2022-04-07 14:32:23,353 ng_k_s.py [line:318] _run_VABA_round INFO sid: 14: 0 txs batches need to call help in epoch 51, 0 in total, 0.000000  
2022-04-07 14:32:23,355 ng_k_s.py [line:442] _finalize_output INFO node: 14 epoch: 51 run: 40.928237, total delivered Txs after warm-up: 1458000, average delay after warm-up: 1.813783,  tps after warm-up: 163855.830336, average vaba delay after warm-up: 0.740907 
2022-04-07 14:32:23,406 ng_k_s.py [line:276] catch INFO sid: 14: 0 txs batches need to call help after 50ms in epoch 51, 0 in total, 0.000000  
2022-04-07 14:32:23,457 ng_k_s.py [line:290] catch INFO sid: 14: 0 txs batches need to call help after 100ms in epoch 51, 0 in total, 0.000000  
2022-04-07 14:32:24,104 ng_k_s.py [line:318] _run_VABA_round INFO sid: 14: 0 txs batches need to call help in epoch 52, 0 in total, 0.000000  
2022-04-07 14:32:24,106 ng_k_s.py [line:442] _finalize_output INFO node: 14 epoch: 52 run: 41.679912, total delivered Txs after warm-up: 1564000, average delay after warm-up: 1.805401,  tps after warm-up: 162076.886001, average vaba delay after warm-up: 0.741692 
2022-04-07 14:32:24,157 ng_k_s.py [line:276] catch INFO sid: 14: 0 txs batches need to call help after 50ms in epoch 52, 0 in total, 0.000000  
2022-04-07 14:32:24,208 ng_k_s.py [line:290] catch INFO sid: 14: 0 txs batches need to call help after 100ms in epoch 52, 0 in total, 0.000000  
2022-04-07 14:32:24,890 ng_k_s.py [line:318] _run_VABA_round INFO sid: 14: 0 txs batches need to call help in epoch 53, 0 in total, 0.000000  
2022-04-07 14:32:24,892 ng_k_s.py [line:442] _finalize_output INFO node: 14 epoch: 53 run: 42.466104, total delivered Txs after warm-up: 1678000, average delay after warm-up: 1.804202,  tps after warm-up: 160790.612443, average vaba delay after warm-up: 0.744827 
2022-04-07 14:32:24,918 nwabc.py [line:105] handel_messages INFO sid: sidAnw12, 0 catch up in total 
2022-04-07 14:32:24,943 ng_k_s.py [line:276] catch INFO sid: 14: 0 txs batches need to call help after 50ms in epoch 53, 0 in total, 0.000000  
2022-04-07 14:32:24,993 nwabc.py [line:105] handel_messages INFO sid: sidAnw13, 0 catch up in total 
2022-04-07 14:32:24,995 ng_k_s.py [line:290] catch INFO sid: 14: 0 txs batches need to call help after 100ms in epoch 53, 0 in total, 0.000000  
2022-04-07 14:32:25,583 ng_k_s.py [line:318] _run_VABA_round INFO sid: 14: 0 txs batches need to call help in epoch 54, 0 in total, 0.000000  
2022-04-07 14:32:25,585 ng_k_s.py [line:442] _finalize_output INFO node: 14 epoch: 54 run: 43.158475, total delivered Txs after warm-up: 1822000, average delay after warm-up: 1.794034,  tps after warm-up: 163726.655853, average vaba delay after warm-up: 0.741281 
2022-04-07 14:32:25,636 ng_k_s.py [line:276] catch INFO sid: 14: 0 txs batches need to call help after 50ms in epoch 54, 0 in total, 0.000000  
2022-04-07 14:32:25,687 ng_k_s.py [line:290] catch INFO sid: 14: 0 txs batches need to call help after 100ms in epoch 54, 0 in total, 0.000000  
2022-04-07 14:32:26,320 ng_k_s.py [line:318] _run_VABA_round INFO sid: 14: 0 txs batches need to call help in epoch 55, 0 in total, 0.000000  
2022-04-07 14:32:26,322 ng_k_s.py [line:442] _finalize_output INFO node: 14 epoch: 55 run: 43.896050, total delivered Txs after warm-up: 1926000, average delay after warm-up: 1.787616,  tps after warm-up: 162314.143811, average vaba delay after warm-up: 0.741015 
2022-04-07 14:32:26,374 ng_k_s.py [line:276] catch INFO sid: 14: 0 txs batches need to call help after 50ms in epoch 55, 0 in total, 0.000000  
2022-04-07 14:32:26,424 ng_k_s.py [line:290] catch INFO sid: 14: 0 txs batches need to call help after 100ms in epoch 55, 0 in total, 0.000000  
2022-04-07 14:32:26,517 nwabc.py [line:105] handel_messages INFO sid: sidAnw16, 0 catch up in total 
2022-04-07 14:32:27,022 nwabc.py [line:105] handel_messages INFO sid: sidAnw17, 0 catch up in total 
2022-04-07 14:32:27,075 ng_k_s.py [line:318] _run_VABA_round INFO sid: 14: 0 txs batches need to call help in epoch 56, 0 in total, 0.000000  
2022-04-07 14:32:27,077 ng_k_s.py [line:442] _finalize_output INFO node: 14 epoch: 56 run: 44.650330, total delivered Txs after warm-up: 2052000, average delay after warm-up: 1.782419,  tps after warm-up: 162597.007854, average vaba delay after warm-up: 0.741776 
2022-04-07 14:32:27,128 ng_k_s.py [line:276] catch INFO sid: 14: 0 txs batches need to call help after 50ms in epoch 56, 0 in total, 0.000000  
2022-04-07 14:32:27,179 ng_k_s.py [line:290] catch INFO sid: 14: 0 txs batches need to call help after 100ms in epoch 56, 0 in total, 0.000000  
2022-04-07 14:32:27,534 nwabc.py [line:105] handel_messages INFO sid: sidAnw2, 0 catch up in total 
2022-04-07 14:32:27,713 nwabc.py [line:105] handel_messages INFO sid: sidAnw3, 0 catch up in total 
2022-04-07 14:32:27,784 ng_k_s.py [line:318] _run_VABA_round INFO sid: 14: 0 txs batches need to call help in epoch 57, 0 in total, 0.000000  
2022-04-07 14:32:27,785 ng_k_s.py [line:442] _finalize_output INFO node: 14 epoch: 57 run: 45.358450, total delivered Txs after warm-up: 2166000, average delay after warm-up: 1.776551,  tps after warm-up: 162511.603862, average vaba delay after warm-up: 0.739863 
2022-04-07 14:32:27,836 ng_k_s.py [line:276] catch INFO sid: 14: 0 txs batches need to call help after 50ms in epoch 57, 0 in total, 0.000000  
2022-04-07 14:32:27,887 ng_k_s.py [line:290] catch INFO sid: 14: 0 txs batches need to call help after 100ms in epoch 57, 0 in total, 0.000000  
2022-04-07 14:32:28,522 ng_k_s.py [line:318] _run_VABA_round INFO sid: 14: 0 txs batches need to call help in epoch 58, 0 in total, 0.000000  
2022-04-07 14:32:28,524 ng_k_s.py [line:442] _finalize_output INFO node: 14 epoch: 58 run: 46.097797, total delivered Txs after warm-up: 2282000, average delay after warm-up: 1.773171,  tps after warm-up: 162216.430650, average vaba delay after warm-up: 0.739817 
2022-04-07 14:32:28,575 ng_k_s.py [line:276] catch INFO sid: 14: 0 txs batches need to call help after 50ms in epoch 58, 0 in total, 0.000000  
2022-04-07 14:32:28,625 ng_k_s.py [line:290] catch INFO sid: 14: 0 txs batches need to call help after 100ms in epoch 58, 0 in total, 0.000000  
2022-04-07 14:32:29,393 ng_k_s.py [line:318] _run_VABA_round INFO sid: 14: 0 txs batches need to call help in epoch 59, 0 in total, 0.000000  
2022-04-07 14:32:29,395 ng_k_s.py [line:442] _finalize_output INFO node: 14 epoch: 59 run: 46.968952, total delivered Txs after warm-up: 2402000, average delay after warm-up: 1.777456,  tps after warm-up: 160789.563283, average vaba delay after warm-up: 0.746368 
2022-04-07 14:32:29,447 ng_k_s.py [line:276] catch INFO sid: 14: 0 txs batches need to call help after 50ms in epoch 59, 0 in total, 0.000000  
2022-04-07 14:32:29,498 ng_k_s.py [line:290] catch INFO sid: 14: 0 txs batches need to call help after 100ms in epoch 59, 0 in total, 0.000000  
2022-04-07 14:32:30,060 ng_k_s.py [line:318] _run_VABA_round INFO sid: 14: 0 txs batches need to call help in epoch 60, 0 in total, 0.000000  
2022-04-07 14:32:30,063 ng_k_s.py [line:442] _finalize_output INFO node: 14 epoch: 60 run: 47.636991, total delivered Txs after warm-up: 2550000, average delay after warm-up: 1.773562,  tps after warm-up: 163390.106543, average vaba delay after warm-up: 0.742620 
2022-04-07 14:32:30,115 ng_k_s.py [line:276] catch INFO sid: 14: 0 txs batches need to call help after 50ms in epoch 60, 0 in total, 0.000000  
2022-04-07 14:32:30,165 ng_k_s.py [line:290] catch INFO sid: 14: 0 txs batches need to call help after 100ms in epoch 60, 0 in total, 0.000000  
2022-04-07 14:32:30,766 ng_k_s.py [line:318] _run_VABA_round INFO sid: 14: 0 txs batches need to call help in epoch 61, 0 in total, 0.000000  
2022-04-07 14:32:30,768 ng_k_s.py [line:442] _finalize_output INFO node: 14 epoch: 61 run: 48.341251, total delivered Txs after warm-up: 2658000, average delay after warm-up: 1.768157,  tps after warm-up: 162956.711915, average vaba delay after warm-up: 0.740860 
2022-04-07 14:32:30,819 ng_k_s.py [line:276] catch INFO sid: 14: 0 txs batches need to call help after 50ms in epoch 61, 0 in total, 0.000000  
2022-04-07 14:32:30,870 ng_k_s.py [line:290] catch INFO sid: 14: 0 txs batches need to call help after 100ms in epoch 61, 0 in total, 0.000000  
2022-04-07 14:32:31,483 ng_k_s.py [line:318] _run_VABA_round INFO sid: 14: 0 txs batches need to call help in epoch 62, 0 in total, 0.000000  
2022-04-07 14:32:31,483 ng_k_s.py [line:442] _finalize_output INFO node: 14 epoch: 62 run: 49.057171, total delivered Txs after warm-up: 2792000, average delay after warm-up: 1.760149,  tps after warm-up: 163974.866226, average vaba delay after warm-up: 0.739762 
2022-04-07 14:32:31,534 ng_k_s.py [line:276] catch INFO sid: 14: 0 txs batches need to call help after 50ms in epoch 62, 0 in total, 0.000000  
2022-04-07 14:32:31,585 ng_k_s.py [line:290] catch INFO sid: 14: 0 txs batches need to call help after 100ms in epoch 62, 0 in total, 0.000000  
2022-04-07 14:32:32,444 ng_k_s.py [line:318] _run_VABA_round INFO sid: 14: 0 txs batches need to call help in epoch 63, 0 in total, 0.000000  
2022-04-07 14:32:32,446 ng_k_s.py [line:442] _finalize_output INFO node: 14 epoch: 63 run: 50.019993, total delivered Txs after warm-up: 2902000, average delay after warm-up: 1.762719,  tps after warm-up: 161313.441084, average vaba delay after warm-up: 0.749044 
2022-04-07 14:32:32,498 ng_k_s.py [line:276] catch INFO sid: 14: 0 txs batches need to call help after 50ms in epoch 63, 0 in total, 0.000000  
2022-04-07 14:32:32,549 ng_k_s.py [line:290] catch INFO sid: 14: 0 txs batches need to call help after 100ms in epoch 63, 0 in total, 0.000000  
2022-04-07 14:32:32,612 nwabc.py [line:105] handel_messages INFO sid: sidAnw6, 0 catch up in total 
2022-04-07 14:32:33,101 nwabc.py [line:105] handel_messages INFO sid: sidAnw7, 0 catch up in total 
2022-04-07 14:32:33,109 ng_k_s.py [line:318] _run_VABA_round INFO sid: 14: 0 txs batches need to call help in epoch 64, 0 in total, 0.000000  
2022-04-07 14:32:33,109 ng_k_s.py [line:442] _finalize_output INFO node: 14 epoch: 64 run: 50.682912, total delivered Txs after warm-up: 3038000, average delay after warm-up: 1.761519,  tps after warm-up: 162871.507523, average vaba delay after warm-up: 0.745585 
2022-04-07 14:32:33,161 ng_k_s.py [line:276] catch INFO sid: 14: 0 txs batches need to call help after 50ms in epoch 64, 0 in total, 0.000000  
2022-04-07 14:32:33,212 ng_k_s.py [line:290] catch INFO sid: 14: 0 txs batches need to call help after 100ms in epoch 64, 0 in total, 0.000000  
2022-04-07 14:32:33,795 ng_k_s.py [line:318] _run_VABA_round INFO sid: 14: 0 txs batches need to call help in epoch 65, 0 in total, 0.000000  
2022-04-07 14:32:33,796 ng_k_s.py [line:442] _finalize_output INFO node: 14 epoch: 65 run: 51.369920, total delivered Txs after warm-up: 3170000, average delay after warm-up: 1.755186,  tps after warm-up: 163911.121333, average vaba delay after warm-up: 0.743315 
2022-04-07 14:32:33,847 ng_k_s.py [line:276] catch INFO sid: 14: 0 txs batches need to call help after 50ms in epoch 65, 0 in total, 0.000000  
2022-04-07 14:32:33,898 ng_k_s.py [line:290] catch INFO sid: 14: 0 txs batches need to call help after 100ms in epoch 65, 0 in total, 0.000000  
2022-04-07 14:32:34,549 ng_k_s.py [line:318] _run_VABA_round INFO sid: 14: 0 txs batches need to call help in epoch 66, 0 in total, 0.000000  
2022-04-07 14:32:34,552 ng_k_s.py [line:442] _finalize_output INFO node: 14 epoch: 66 run: 52.125164, total delivered Txs after warm-up: 3284000, average delay after warm-up: 1.751184,  tps after warm-up: 163423.799062, average vaba delay after warm-up: 0.743732 
2022-04-07 14:32:34,603 ng_k_s.py [line:276] catch INFO sid: 14: 0 txs batches need to call help after 50ms in epoch 66, 0 in total, 0.000000  
2022-04-07 14:32:34,654 ng_k_s.py [line:290] catch INFO sid: 14: 0 txs batches need to call help after 100ms in epoch 66, 0 in total, 0.000000  
2022-04-07 14:32:35,413 ng_k_s.py [line:318] _run_VABA_round INFO sid: 14: 0 txs batches need to call help in epoch 67, 0 in total, 0.000000  
2022-04-07 14:32:35,414 ng_k_s.py [line:442] _finalize_output INFO node: 14 epoch: 67 run: 52.987551, total delivered Txs after warm-up: 3402000, average delay after warm-up: 1.752511,  tps after warm-up: 162329.451050, average vaba delay after warm-up: 0.747957 
2022-04-07 14:32:35,466 ng_k_s.py [line:276] catch INFO sid: 14: 0 txs batches need to call help after 50ms in epoch 67, 0 in total, 0.000000  
2022-04-07 14:32:35,517 ng_k_s.py [line:290] catch INFO sid: 14: 0 txs batches need to call help after 100ms in epoch 67, 0 in total, 0.000000  
2022-04-07 14:32:36,121 ng_k_s.py [line:318] _run_VABA_round INFO sid: 14: 0 txs batches need to call help in epoch 68, 0 in total, 0.000000  
2022-04-07 14:32:36,123 ng_k_s.py [line:442] _finalize_output INFO node: 14 epoch: 68 run: 53.696623, total delivered Txs after warm-up: 3538000, average delay after warm-up: 1.750847,  tps after warm-up: 163293.929672, average vaba delay after warm-up: 0.746556 
2022-04-07 14:32:36,175 ng_k_s.py [line:276] catch INFO sid: 14: 0 txs batches need to call help after 50ms in epoch 68, 0 in total, 0.000000  
2022-04-07 14:32:36,225 ng_k_s.py [line:290] catch INFO sid: 14: 0 txs batches need to call help after 100ms in epoch 68, 0 in total, 0.000000  
2022-04-07 14:32:36,298 nwabc.py [line:105] handel_messages INFO sid: sidAnw24, 0 catch up in total 
2022-04-07 14:32:36,535 nwabc.py [line:105] handel_messages INFO sid: sidAnw25, 0 catch up in total 
2022-04-07 14:32:36,796 ng_k_s.py [line:318] _run_VABA_round INFO sid: 14: 0 txs batches need to call help in epoch 69, 0 in total, 0.000000  
2022-04-07 14:32:36,798 ng_k_s.py [line:442] _finalize_output INFO node: 14 epoch: 69 run: 54.371683, total delivered Txs after warm-up: 3658000, average delay after warm-up: 1.747055,  tps after warm-up: 163731.085245, average vaba delay after warm-up: 0.744161 
2022-04-07 14:32:36,850 ng_k_s.py [line:276] catch INFO sid: 14: 0 txs batches need to call help after 50ms in epoch 69, 0 in total, 0.000000  
2022-04-07 14:32:36,900 ng_k_s.py [line:290] catch INFO sid: 14: 0 txs batches need to call help after 100ms in epoch 69, 0 in total, 0.000000  
2022-04-07 14:32:37,516 ng_k_s.py [line:318] _run_VABA_round INFO sid: 14: 0 txs batches need to call help in epoch 70, 0 in total, 0.000000  
2022-04-07 14:32:37,517 ng_k_s.py [line:442] _finalize_output INFO node: 14 epoch: 70 run: 55.091073, total delivered Txs after warm-up: 3778000, average delay after warm-up: 1.743321,  tps after warm-up: 163827.073969, average vaba delay after warm-up: 0.743345 
2022-04-07 14:32:37,568 ng_k_s.py [line:276] catch INFO sid: 14: 0 txs batches need to call help after 50ms in epoch 70, 0 in total, 0.000000  
2022-04-07 14:32:37,619 ng_k_s.py [line:290] catch INFO sid: 14: 0 txs batches need to call help after 100ms in epoch 70, 0 in total, 0.000000  
2022-04-07 14:32:38,228 ng_k_s.py [line:318] _run_VABA_round INFO sid: 14: 0 txs batches need to call help in epoch 71, 0 in total, 0.000000  
2022-04-07 14:32:38,230 ng_k_s.py [line:442] _finalize_output INFO node: 14 epoch: 71 run: 55.803535, total delivered Txs after warm-up: 3900000, average delay after warm-up: 1.738816,  tps after warm-up: 164049.146230, average vaba delay after warm-up: 0.742370 
2022-04-07 14:32:38,281 ng_k_s.py [line:276] catch INFO sid: 14: 0 txs batches need to call help after 50ms in epoch 71, 0 in total, 0.000000  
2022-04-07 14:32:38,332 ng_k_s.py [line:290] catch INFO sid: 14: 0 txs batches need to call help after 100ms in epoch 71, 0 in total, 0.000000  
2022-04-07 14:32:38,993 ng_k_s.py [line:318] _run_VABA_round INFO sid: 14: 0 txs batches need to call help in epoch 72, 0 in total, 0.000000  
2022-04-07 14:32:38,995 ng_k_s.py [line:442] _finalize_output INFO node: 14 epoch: 72 run: 56.568596, total delivered Txs after warm-up: 4002000, average delay after warm-up: 1.737523,  tps after warm-up: 163091.150562, average vaba delay after warm-up: 0.743048 
2022-04-07 14:32:39,046 ng_k_s.py [line:276] catch INFO sid: 14: 0 txs batches need to call help after 50ms in epoch 72, 0 in total, 0.000000  
2022-04-07 14:32:39,098 ng_k_s.py [line:290] catch INFO sid: 14: 0 txs batches need to call help after 100ms in epoch 72, 0 in total, 0.000000  
2022-04-07 14:32:39,710 ng_k_s.py [line:318] _run_VABA_round INFO sid: 14: 0 txs batches need to call help in epoch 73, 0 in total, 0.000000  
2022-04-07 14:32:39,711 ng_k_s.py [line:442] _finalize_output INFO node: 14 epoch: 73 run: 57.284807, total delivered Txs after warm-up: 4142000, average delay after warm-up: 1.734728,  tps after warm-up: 164009.490848, average vaba delay after warm-up: 0.742233 
2022-04-07 14:32:39,762 ng_k_s.py [line:276] catch INFO sid: 14: 0 txs batches need to call help after 50ms in epoch 73, 0 in total, 0.000000  
2022-04-07 14:32:39,812 ng_k_s.py [line:290] catch INFO sid: 14: 0 txs batches need to call help after 100ms in epoch 73, 0 in total, 0.000000  
2022-04-07 14:32:40,377 ng_k_s.py [line:318] _run_VABA_round INFO sid: 14: 0 txs batches need to call help in epoch 74, 0 in total, 0.000000  
2022-04-07 14:32:40,377 ng_k_s.py [line:442] _finalize_output INFO node: 14 epoch: 74 run: 57.950718, total delivered Txs after warm-up: 4256000, average delay after warm-up: 1.730172,  tps after warm-up: 164194.064248, average vaba delay after warm-up: 0.740036 
2022-04-07 14:32:40,431 ng_k_s.py [line:276] catch INFO sid: 14: 0 txs batches need to call help after 50ms in epoch 74, 0 in total, 0.000000  
2022-04-07 14:32:40,482 ng_k_s.py [line:290] catch INFO sid: 14: 0 txs batches need to call help after 100ms in epoch 74, 0 in total, 0.000000  
2022-04-07 14:32:41,134 ng_k_s.py [line:318] _run_VABA_round INFO sid: 14: 0 txs batches need to call help in epoch 75, 0 in total, 0.000000  
2022-04-07 14:32:41,136 ng_k_s.py [line:442] _finalize_output INFO node: 14 epoch: 75 run: 58.709224, total delivered Txs after warm-up: 4370000, average delay after warm-up: 1.727334,  tps after warm-up: 163798.919959, average vaba delay after warm-up: 0.740492 
2022-04-07 14:32:41,186 ng_k_s.py [line:276] catch INFO sid: 14: 0 txs batches need to call help after 50ms in epoch 75, 0 in total, 0.000000  
2022-04-07 14:32:41,238 ng_k_s.py [line:290] catch INFO sid: 14: 0 txs batches need to call help after 100ms in epoch 75, 0 in total, 0.000000  
2022-04-07 14:32:41,814 ng_k_s.py [line:318] _run_VABA_round INFO sid: 14: 0 txs batches need to call help in epoch 76, 0 in total, 0.000000  
2022-04-07 14:32:41,817 ng_k_s.py [line:442] _finalize_output INFO node: 14 epoch: 76 run: 59.390197, total delivered Txs after warm-up: 4484000, average delay after warm-up: 1.724356,  tps after warm-up: 163888.735277, average vaba delay after warm-up: 0.738874 
2022-04-07 14:32:41,868 ng_k_s.py [line:276] catch INFO sid: 14: 0 txs batches need to call help after 50ms in epoch 76, 0 in total, 0.000000  
2022-04-07 14:32:41,919 ng_k_s.py [line:290] catch INFO sid: 14: 0 txs batches need to call help after 100ms in epoch 76, 0 in total, 0.000000  
2022-04-07 14:32:42,274 nwabc.py [line:105] handel_messages INFO sid: sidAnw0, 0 catch up in total 
2022-04-07 14:32:42,548 nwabc.py [line:105] handel_messages INFO sid: sidAnw1, 0 catch up in total 
2022-04-07 14:32:42,604 ng_k_s.py [line:318] _run_VABA_round INFO sid: 14: 0 txs batches need to call help in epoch 77, 0 in total, 0.000000  
2022-04-07 14:32:42,606 ng_k_s.py [line:442] _finalize_output INFO node: 14 epoch: 77 run: 60.179856, total delivered Txs after warm-up: 4598000, average delay after warm-up: 1.724079,  tps after warm-up: 163341.083721, average vaba delay after warm-up: 0.740196 
2022-04-07 14:32:42,658 ng_k_s.py [line:276] catch INFO sid: 14: 0 txs batches need to call help after 50ms in epoch 77, 0 in total, 0.000000  
2022-04-07 14:32:42,709 ng_k_s.py [line:290] catch INFO sid: 14: 0 txs batches need to call help after 100ms in epoch 77, 0 in total, 0.000000  
2022-04-07 14:32:43,217 ng_k_s.py [line:318] _run_VABA_round INFO sid: 14: 0 txs batches need to call help in epoch 78, 0 in total, 0.000000  
2022-04-07 14:32:43,219 ng_k_s.py [line:442] _finalize_output INFO node: 14 epoch: 78 run: 60.792766, total delivered Txs after warm-up: 4738000, average delay after warm-up: 1.719211,  tps after warm-up: 164727.837969, average vaba delay after warm-up: 0.736916 
2022-04-07 14:32:43,270 ng_k_s.py [line:276] catch INFO sid: 14: 0 txs batches need to call help after 50ms in epoch 78, 0 in total, 0.000000  
2022-04-07 14:32:43,321 ng_k_s.py [line:290] catch INFO sid: 14: 0 txs batches need to call help after 100ms in epoch 78, 0 in total, 0.000000  
2022-04-07 14:32:43,975 ng_k_s.py [line:318] _run_VABA_round INFO sid: 14: 0 txs batches need to call help in epoch 79, 0 in total, 0.000000  
2022-04-07 14:32:43,975 ng_k_s.py [line:442] _finalize_output INFO node: 14 epoch: 79 run: 61.548906, total delivered Txs after warm-up: 4836000, average delay after warm-up: 1.716633,  tps after warm-up: 163828.161649, average vaba delay after warm-up: 0.737387 
2022-04-07 14:32:44,028 ng_k_s.py [line:276] catch INFO sid: 14: 0 txs batches need to call help after 50ms in epoch 79, 0 in total, 0.000000  
2022-04-07 14:32:44,079 ng_k_s.py [line:290] catch INFO sid: 14: 0 txs batches need to call help after 100ms in epoch 79, 0 in total, 0.000000  
2022-04-07 14:32:44,690 ng_k_s.py [line:318] _run_VABA_round INFO sid: 14: 0 txs batches need to call help in epoch 80, 0 in total, 0.000000  
2022-04-07 14:32:44,692 ng_k_s.py [line:442] _finalize_output INFO node: 14 epoch: 80 run: 62.265427, total delivered Txs after warm-up: 4960000, average delay after warm-up: 1.714313,  tps after warm-up: 164046.898363, average vaba delay after warm-up: 0.736815 
2022-04-07 14:32:44,744 ng_k_s.py [line:276] catch INFO sid: 14: 0 txs batches need to call help after 50ms in epoch 80, 0 in total, 0.000000  
2022-04-07 14:32:44,794 ng_k_s.py [line:290] catch INFO sid: 14: 0 txs batches need to call help after 100ms in epoch 80, 0 in total, 0.000000  
2022-04-07 14:32:45,398 ng_k_s.py [line:318] _run_VABA_round INFO sid: 14: 0 txs batches need to call help in epoch 81, 0 in total, 0.000000  
2022-04-07 14:32:45,400 ng_k_s.py [line:442] _finalize_output INFO node: 14 epoch: 81 run: 62.973906, total delivered Txs after warm-up: 5074000, average delay after warm-up: 1.712069,  tps after warm-up: 163975.037182, average vaba delay after warm-up: 0.736133 
2022-04-07 14:32:45,451 ng_k_s.py [line:276] catch INFO sid: 14: 0 txs batches need to call help after 50ms in epoch 81, 0 in total, 0.000000  
2022-04-07 14:32:45,502 ng_k_s.py [line:290] catch INFO sid: 14: 0 txs batches need to call help after 100ms in epoch 81, 0 in total, 0.000000  
2022-04-07 14:32:45,909 nwabc.py [line:105] handel_messages INFO sid: sidAnw4, 0 catch up in total 
2022-04-07 14:32:46,096 nwabc.py [line:105] handel_messages INFO sid: sidAnw5, 0 catch up in total 
2022-04-07 14:32:46,136 ng_k_s.py [line:318] _run_VABA_round INFO sid: 14: 0 txs batches need to call help in epoch 82, 0 in total, 0.000000  
2022-04-07 14:32:46,137 ng_k_s.py [line:442] _finalize_output INFO node: 14 epoch: 82 run: 63.710404, total delivered Txs after warm-up: 5188000, average delay after warm-up: 1.711209,  tps after warm-up: 163761.420589, average vaba delay after warm-up: 0.736134 
2022-04-07 14:32:46,189 ng_k_s.py [line:276] catch INFO sid: 14: 0 txs batches need to call help after 50ms in epoch 82, 0 in total, 0.000000  
2022-04-07 14:32:46,240 ng_k_s.py [line:290] catch INFO sid: 14: 0 txs batches need to call help after 100ms in epoch 82, 0 in total, 0.000000  
2022-04-07 14:32:46,858 ng_k_s.py [line:318] _run_VABA_round INFO sid: 14: 0 txs batches need to call help in epoch 83, 0 in total, 0.000000  
2022-04-07 14:32:46,860 ng_k_s.py [line:442] _finalize_output INFO node: 14 epoch: 83 run: 64.433390, total delivered Txs after warm-up: 5324000, average delay after warm-up: 1.708913,  tps after warm-up: 164304.664969, average vaba delay after warm-up: 0.735790 
2022-04-07 14:32:46,911 ng_k_s.py [line:276] catch INFO sid: 14: 0 txs batches need to call help after 50ms in epoch 83, 0 in total, 0.000000  
2022-04-07 14:32:46,962 ng_k_s.py [line:290] catch INFO sid: 14: 0 txs batches need to call help after 100ms in epoch 83, 0 in total, 0.000000  
2022-04-07 14:32:47,087 nwabc.py [line:105] handel_messages INFO sid: sidAnw14, 0 catch up in total 
2022-04-07 14:32:47,228 nwabc.py [line:105] handel_messages INFO sid: sidAnw29, 0 catch up in total 
2022-04-07 14:32:47,436 nwabc.py [line:105] handel_messages INFO sid: sidAnw15, 0 catch up in total 
2022-04-07 14:32:47,570 ng_k_s.py [line:318] _run_VABA_round INFO sid: 14: 0 txs batches need to call help in epoch 84, 0 in total, 0.000000  
2022-04-07 14:32:47,572 ng_k_s.py [line:442] _finalize_output INFO node: 14 epoch: 84 run: 65.145678, total delivered Txs after warm-up: 5418000, average delay after warm-up: 1.708149,  tps after warm-up: 163609.150825, average vaba delay after warm-up: 0.735259 
2022-04-07 14:32:47,600 nwabc.py [line:105] handel_messages INFO sid: sidAnw26, 0 catch up in total 
2022-04-07 14:32:47,624 ng_k_s.py [line:276] catch INFO sid: 14: 0 txs batches need to call help after 50ms in epoch 84, 0 in total, 0.000000  
2022-04-07 14:32:47,674 ng_k_s.py [line:290] catch INFO sid: 14: 0 txs batches need to call help after 100ms in epoch 84, 0 in total, 0.000000  
2022-04-07 14:32:47,789 nwabc.py [line:105] handel_messages INFO sid: sidAnw28, 0 catch up in total 
2022-04-07 14:32:48,111 nwabc.py [line:105] handel_messages INFO sid: sidAnw27, 0 catch up in total 
2022-04-07 14:32:48,274 ng_k_s.py [line:318] _run_VABA_round INFO sid: 14: 0 txs batches need to call help in epoch 85, 0 in total, 0.000000  
2022-04-07 14:32:48,275 ng_k_s.py [line:442] _finalize_output INFO node: 14 epoch: 85 run: 65.849132, total delivered Txs after warm-up: 5550000, average delay after warm-up: 1.707183,  tps after warm-up: 164109.122559, average vaba delay after warm-up: 0.734560 
2022-04-07 14:32:48,327 ng_k_s.py [line:276] catch INFO sid: 14: 0 txs batches need to call help after 50ms in epoch 85, 0 in total, 0.000000  
2022-04-07 14:32:48,377 ng_k_s.py [line:290] catch INFO sid: 14: 0 txs batches need to call help after 100ms in epoch 85, 0 in total, 0.000000  
2022-04-07 14:32:48,806 nwabc.py [line:105] handel_messages INFO sid: sidAnw22, 0 catch up in total 
2022-04-07 14:32:48,952 nwabc.py [line:105] handel_messages INFO sid: sidAnw23, 0 catch up in total 
2022-04-07 14:32:49,117 ng_k_s.py [line:318] _run_VABA_round INFO sid: 14: 0 txs batches need to call help in epoch 86, 0 in total, 0.000000  
2022-04-07 14:32:49,119 ng_k_s.py [line:442] _finalize_output INFO node: 14 epoch: 86 run: 66.693165, total delivered Txs after warm-up: 5660000, average delay after warm-up: 1.708639,  tps after warm-up: 163286.531278, average vaba delay after warm-up: 0.736882 
2022-04-07 14:32:49,170 ng_k_s.py [line:276] catch INFO sid: 14: 0 txs batches need to call help after 50ms in epoch 86, 0 in total, 0.000000  
2022-04-07 14:32:49,221 ng_k_s.py [line:290] catch INFO sid: 14: 0 txs batches need to call help after 100ms in epoch 86, 0 in total, 0.000000  
2022-04-07 14:32:49,817 ng_k_s.py [line:318] _run_VABA_round INFO sid: 14: 0 txs batches need to call help in epoch 87, 0 in total, 0.000000  
2022-04-07 14:32:49,819 ng_k_s.py [line:442] _finalize_output INFO node: 14 epoch: 87 run: 67.393166, total delivered Txs after warm-up: 5796000, average delay after warm-up: 1.709409,  tps after warm-up: 163900.146295, average vaba delay after warm-up: 0.736107 
2022-04-07 14:32:49,871 ng_k_s.py [line:276] catch INFO sid: 14: 0 txs batches need to call help after 50ms in epoch 87, 0 in total, 0.000000  
2022-04-07 14:32:49,921 ng_k_s.py [line:290] catch INFO sid: 14: 0 txs batches need to call help after 100ms in epoch 87, 0 in total, 0.000000  
2022-04-07 14:32:50,033 nwabc.py [line:105] handel_messages INFO sid: sidAnw20, 0 catch up in total 
2022-04-07 14:32:50,084 nwabc.py [line:105] handel_messages INFO sid: sidAnw21, 0 catch up in total 
2022-04-07 14:32:50,562 ng_k_s.py [line:318] _run_VABA_round INFO sid: 14: 0 txs batches need to call help in epoch 88, 0 in total, 0.000000  
2022-04-07 14:32:50,565 ng_k_s.py [line:442] _finalize_output INFO node: 14 epoch: 88 run: 68.138252, total delivered Txs after warm-up: 5930000, average delay after warm-up: 1.708649,  tps after warm-up: 164229.165830, average vaba delay after warm-up: 0.736283 
2022-04-07 14:32:50,616 ng_k_s.py [line:276] catch INFO sid: 14: 0 txs batches need to call help after 50ms in epoch 88, 0 in total, 0.000000  
2022-04-07 14:32:50,666 ng_k_s.py [line:290] catch INFO sid: 14: 0 txs batches need to call help after 100ms in epoch 88, 0 in total, 0.000000  
2022-04-07 14:32:51,294 ng_k_s.py [line:318] _run_VABA_round INFO sid: 14: 0 txs batches need to call help in epoch 89, 0 in total, 0.000000  
2022-04-07 14:32:51,295 ng_k_s.py [line:442] _finalize_output INFO node: 14 epoch: 89 run: 68.868265, total delivered Txs after warm-up: 6044000, average delay after warm-up: 1.708082,  tps after warm-up: 164069.294109, average vaba delay after warm-up: 0.736152 
2022-04-07 14:32:51,346 ng_k_s.py [line:276] catch INFO sid: 14: 0 txs batches need to call help after 50ms in epoch 89, 0 in total, 0.000000  
2022-04-07 14:32:51,396 ng_k_s.py [line:290] catch INFO sid: 14: 0 txs batches need to call help after 100ms in epoch 89, 0 in total, 0.000000  
2022-04-07 14:32:52,035 ng_k_s.py [line:318] _run_VABA_round INFO sid: 14: 0 txs batches need to call help in epoch 90, 0 in total, 0.000000  
2022-04-07 14:32:52,037 ng_k_s.py [line:442] _finalize_output INFO node: 14 epoch: 90 run: 69.610975, total delivered Txs after warm-up: 6182000, average delay after warm-up: 1.706745,  tps after warm-up: 164498.876107, average vaba delay after warm-up: 0.736273 
2022-04-07 14:32:52,089 ng_k_s.py [line:276] catch INFO sid: 14: 0 txs batches need to call help after 50ms in epoch 90, 0 in total, 0.000000  
2022-04-07 14:32:52,139 ng_k_s.py [line:290] catch INFO sid: 14: 0 txs batches need to call help after 100ms in epoch 90, 0 in total, 0.000000  
2022-04-07 14:32:53,690 ng_k_s.py [line:318] _run_VABA_round INFO sid: 14: 0 txs batches need to call help in epoch 91, 0 in total, 0.000000  
2022-04-07 14:32:53,692 ng_k_s.py [line:442] _finalize_output INFO node: 14 epoch: 91 run: 71.265490, total delivered Txs after warm-up: 6284000, average delay after warm-up: 1.721156,  tps after warm-up: 160161.817880, average vaba delay after warm-up: 0.753925 
2022-04-07 14:32:53,743 ng_k_s.py [line:276] catch INFO sid: 14: 0 txs batches need to call help after 50ms in epoch 91, 0 in total, 0.000000  
2022-04-07 14:32:53,794 ng_k_s.py [line:290] catch INFO sid: 14: 0 txs batches need to call help after 100ms in epoch 91, 0 in total, 0.000000  
2022-04-07 14:32:54,360 nwabc.py [line:105] handel_messages INFO sid: sidAnw8, 0 catch up in total 
2022-04-07 14:32:54,387 nwabc.py [line:105] handel_messages INFO sid: sidAnw9, 0 catch up in total 
2022-04-07 14:32:54,431 ng_k_s.py [line:318] _run_VABA_round INFO sid: 14: 0 txs batches need to call help in epoch 92, 0 in total, 0.000000  
2022-04-07 14:32:54,434 ng_k_s.py [line:442] _finalize_output INFO node: 14 epoch: 92 run: 72.006956, total delivered Txs after warm-up: 6574000, average delay after warm-up: 1.740109,  tps after warm-up: 164445.440250, average vaba delay after warm-up: 0.753679 
2022-04-07 14:32:54,486 ng_k_s.py [line:276] catch INFO sid: 14: 0 txs batches need to call help after 50ms in epoch 92, 0 in total, 0.000000  
2022-04-07 14:32:54,537 ng_k_s.py [line:290] catch INFO sid: 14: 0 txs batches need to call help after 100ms in epoch 92, 0 in total, 0.000000  
2022-04-07 14:32:55,181 ng_k_s.py [line:318] _run_VABA_round INFO sid: 14: 0 txs batches need to call help in epoch 93, 0 in total, 0.000000  
2022-04-07 14:32:55,183 ng_k_s.py [line:442] _finalize_output INFO node: 14 epoch: 93 run: 72.756621, total delivered Txs after warm-up: 6696000, average delay after warm-up: 1.739067,  tps after warm-up: 164414.036694, average vaba delay after warm-up: 0.753594 
2022-04-07 14:32:55,235 ng_k_s.py [line:276] catch INFO sid: 14: 0 txs batches need to call help after 50ms in epoch 93, 0 in total, 0.000000  
2022-04-07 14:32:55,286 ng_k_s.py [line:290] catch INFO sid: 14: 0 txs batches need to call help after 100ms in epoch 93, 0 in total, 0.000000  
2022-04-07 14:32:56,118 ng_k_s.py [line:318] _run_VABA_round INFO sid: 14: 0 txs batches need to call help in epoch 94, 0 in total, 0.000000  
2022-04-07 14:32:56,121 ng_k_s.py [line:442] _finalize_output INFO node: 14 epoch: 94 run: 73.694777, total delivered Txs after warm-up: 6804000, average delay after warm-up: 1.742158,  tps after warm-up: 163304.078800, average vaba delay after warm-up: 0.756944 
2022-04-07 14:32:56,149 nwabc.py [line:105] handel_messages INFO sid: sidAnw31, 0 catch up in total 
2022-04-07 14:32:56,172 ng_k_s.py [line:276] catch INFO sid: 14: 0 txs batches need to call help after 50ms in epoch 94, 0 in total, 0.000000  
2022-04-07 14:32:56,223 ng_k_s.py [line:290] catch INFO sid: 14: 0 txs batches need to call help after 100ms in epoch 94, 0 in total, 0.000000  
2022-04-07 14:32:56,228 nwabc.py [line:105] handel_messages INFO sid: sidAnw30, 0 catch up in total 
2022-04-07 14:32:56,679 nwabc.py [line:105] handel_messages INFO sid: sidAnw10, 0 catch up in total 
2022-04-07 14:32:56,791 ng_k_s.py [line:318] _run_VABA_round INFO sid: 14: 0 txs batches need to call help in epoch 95, 0 in total, 0.000000  
2022-04-07 14:32:56,793 ng_k_s.py [line:442] _finalize_output INFO node: 14 epoch: 95 run: 74.366460, total delivered Txs after warm-up: 6948000, average delay after warm-up: 1.744084,  tps after warm-up: 164114.527156, average vaba delay after warm-up: 0.755410 
2022-04-07 14:32:56,844 ng_k_s.py [line:276] catch INFO sid: 14: 0 txs batches need to call help after 50ms in epoch 95, 0 in total, 0.000000  
2022-04-07 14:32:56,896 ng_k_s.py [line:290] catch INFO sid: 14: 0 txs batches need to call help after 100ms in epoch 95, 0 in total, 0.000000  
2022-04-07 14:32:57,106 nwabc.py [line:105] handel_messages INFO sid: sidAnw11, 0 catch up in total 
2022-04-07 14:32:57,545 ng_k_s.py [line:318] _run_VABA_round INFO sid: 14: 0 txs batches need to call help in epoch 96, 0 in total, 0.000000  
2022-04-07 14:32:57,545 ng_k_s.py [line:442] _finalize_output INFO node: 14 epoch: 96 run: 75.118685, total delivered Txs after warm-up: 7082000, average delay after warm-up: 1.744351,  tps after warm-up: 164359.346096, average vaba delay after warm-up: 0.755348 
2022-04-07 14:32:57,596 ng_k_s.py [line:276] catch INFO sid: 14: 0 txs batches need to call help after 50ms in epoch 96, 0 in total, 0.000000  
2022-04-07 14:32:57,646 ng_k_s.py [line:290] catch INFO sid: 14: 0 txs batches need to call help after 100ms in epoch 96, 0 in total, 0.000000  
2022-04-07 14:32:58,225 ng_k_s.py [line:318] _run_VABA_round INFO sid: 14: 0 txs batches need to call help in epoch 97, 0 in total, 0.000000  
2022-04-07 14:32:58,227 ng_k_s.py [line:442] _finalize_output INFO node: 14 epoch: 97 run: 75.801020, total delivered Txs after warm-up: 7212000, average delay after warm-up: 1.742537,  tps after warm-up: 164767.196549, average vaba delay after warm-up: 0.754082 
2022-04-07 14:32:58,278 ng_k_s.py [line:276] catch INFO sid: 14: 0 txs batches need to call help after 50ms in epoch 97, 0 in total, 0.000000  
2022-04-07 14:32:58,329 ng_k_s.py [line:290] catch INFO sid: 14: 0 txs batches need to call help after 100ms in epoch 97, 0 in total, 0.000000  
2022-04-07 14:32:58,973 ng_k_s.py [line:318] _run_VABA_round INFO sid: 14: 0 txs batches need to call help in epoch 98, 0 in total, 0.000000  
2022-04-07 14:32:58,976 ng_k_s.py [line:442] _finalize_output INFO node: 14 epoch: 98 run: 76.549211, total delivered Txs after warm-up: 7316000, average delay after warm-up: 1.742137,  tps after warm-up: 164334.183752, average vaba delay after warm-up: 0.753977 
2022-04-07 14:32:59,027 ng_k_s.py [line:276] catch INFO sid: 14: 0 txs batches need to call help after 50ms in epoch 98, 0 in total, 0.000000  
2022-04-07 14:32:59,046 nwabc.py [line:105] handel_messages INFO sid: sidAnw18, 0 catch up in total 
2022-04-07 14:32:59,077 ng_k_s.py [line:290] catch INFO sid: 14: 0 txs batches need to call help after 100ms in epoch 98, 0 in total, 0.000000  
2022-04-07 14:32:59,669 ng_k_s.py [line:318] _run_VABA_round INFO sid: 14: 0 txs batches need to call help in epoch 99, 0 in total, 0.000000  
2022-04-07 14:32:59,671 ng_k_s.py [line:442] _finalize_output INFO node: 14 epoch: 99 run: 77.244625, total delivered Txs after warm-up: 7460000, average delay after warm-up: 1.739981,  tps after warm-up: 164991.487249, average vaba delay after warm-up: 0.752995 
2022-04-07 14:32:59,695 nwabc.py [line:105] handel_messages INFO sid: sidAnw19, 0 catch up in total 
2022-04-07 14:32:59,722 ng_k_s.py [line:276] catch INFO sid: 14: 0 txs batches need to call help after 50ms in epoch 99, 0 in total, 0.000000  
2022-04-07 14:32:59,773 ng_k_s.py [line:290] catch INFO sid: 14: 0 txs batches need to call help after 100ms in epoch 99, 0 in total, 0.000000  
2022-04-07 14:33:00,594 ng_k_s.py [line:318] _run_VABA_round INFO sid: 14: 0 txs batches need to call help in epoch 100, 0 in total, 0.000000  
2022-04-07 14:33:00,594 ng_k_s.py [line:442] _finalize_output INFO node: 14 epoch: 100 run: 78.167614, total delivered Txs after warm-up: 7558000, average delay after warm-up: 1.741333,  tps after warm-up: 163814.887364, average vaba delay after warm-up: 0.755776 
2022-04-07 14:33:00,645 ng_k_s.py [line:276] catch INFO sid: 14: 0 txs batches need to call help after 50ms in epoch 100, 0 in total, 0.000000  
2022-04-07 14:33:00,696 ng_k_s.py [line:290] catch INFO sid: 14: 0 txs batches need to call help after 100ms in epoch 100, 0 in total, 0.000000  
2022-04-07 14:33:01,256 ng_k_s.py [line:318] _run_VABA_round INFO sid: 14: 0 txs batches need to call help in epoch 101, 0 in total, 0.000000  
2022-04-07 14:33:01,258 ng_k_s.py [line:442] _finalize_output INFO node: 14 epoch: 101 run: 78.832030, total delivered Txs after warm-up: 7706000, average delay after warm-up: 1.741406,  tps after warm-up: 164651.580515, average vaba delay after warm-up: 0.754298 
2022-04-07 14:33:01,310 ng_k_s.py [line:276] catch INFO sid: 14: 0 txs batches need to call help after 50ms in epoch 101, 0 in total, 0.000000  
2022-04-07 14:33:01,360 ng_k_s.py [line:290] catch INFO sid: 14: 0 txs batches need to call help after 100ms in epoch 101, 0 in total, 0.000000  
2022-04-07 14:33:01,976 ng_k_s.py [line:318] _run_VABA_round INFO sid: 14: 0 txs batches need to call help in epoch 102, 0 in total, 0.000000  
2022-04-07 14:33:01,979 ng_k_s.py [line:442] _finalize_output INFO node: 14 epoch: 102 run: 79.552443, total delivered Txs after warm-up: 7836000, average delay after warm-up: 1.739766,  tps after warm-up: 164891.108317, average vaba delay after warm-up: 0.753755 
2022-04-07 14:33:02,030 ng_k_s.py [line:276] catch INFO sid: 14: 0 txs batches need to call help after 50ms in epoch 102, 0 in total, 0.000000  
2022-04-07 14:33:02,081 ng_k_s.py [line:290] catch INFO sid: 14: 0 txs batches need to call help after 100ms in epoch 102, 0 in total, 0.000000  
2022-04-07 14:33:02,672 ng_k_s.py [line:318] _run_VABA_round INFO sid: 14: 0 txs batches need to call help in epoch 103, 0 in total, 0.000000  
2022-04-07 14:33:02,674 ng_k_s.py [line:442] _finalize_output INFO node: 14 epoch: 103 run: 80.247323, total delivered Txs after warm-up: 7946000, average delay after warm-up: 1.738090,  tps after warm-up: 164796.128574, average vaba delay after warm-up: 0.752830 
2022-04-07 14:33:02,724 ng_k_s.py [line:276] catch INFO sid: 14: 0 txs batches need to call help after 50ms in epoch 103, 0 in total, 0.000000  
2022-04-07 14:33:02,775 ng_k_s.py [line:290] catch INFO sid: 14: 0 txs batches need to call help after 100ms in epoch 103, 0 in total, 0.000000  
2022-04-07 14:33:03,356 ng_k_s.py [line:318] _run_VABA_round INFO sid: 14: 0 txs batches need to call help in epoch 104, 0 in total, 0.000000  
2022-04-07 14:33:03,358 ng_k_s.py [line:442] _finalize_output INFO node: 14 epoch: 104 run: 80.931954, total delivered Txs after warm-up: 8058000, average delay after warm-up: 1.736414,  tps after warm-up: 164779.268703, average vaba delay after warm-up: 0.751775 
2022-04-07 14:33:03,410 ng_k_s.py [line:276] catch INFO sid: 14: 0 txs batches need to call help after 50ms in epoch 104, 0 in total, 0.000000  
2022-04-07 14:33:03,462 ng_k_s.py [line:290] catch INFO sid: 14: 0 txs batches need to call help after 100ms in epoch 104, 0 in total, 0.000000  
2022-04-07 14:33:05,022 ng_k_s.py [line:318] _run_VABA_round INFO sid: 14: 0 txs batches need to call help in epoch 105, 0 in total, 0.000000  
2022-04-07 14:33:05,024 ng_k_s.py [line:442] _finalize_output INFO node: 14 epoch: 105 run: 82.597362, total delivered Txs after warm-up: 8180000, average delay after warm-up: 1.749282,  tps after warm-up: 161764.966932, average vaba delay after warm-up: 0.765613 
2022-04-07 14:33:05,075 ng_k_s.py [line:276] catch INFO sid: 14: 0 txs batches need to call help after 50ms in epoch 105, 0 in total, 0.000000  
2022-04-07 14:33:05,126 ng_k_s.py [line:290] catch INFO sid: 14: 0 txs batches need to call help after 100ms in epoch 105, 0 in total, 0.000000  
2022-04-07 14:33:06,663 ng_k_s.py [line:318] _run_VABA_round INFO sid: 14: 0 txs batches need to call help in epoch 106, 0 in total, 0.000000  
2022-04-07 14:33:06,664 ng_k_s.py [line:442] _finalize_output INFO node: 14 epoch: 106 run: 84.237280, total delivered Txs after warm-up: 8456000, average delay after warm-up: 1.790821,  tps after warm-up: 161970.278138, average vaba delay after warm-up: 0.778654 
2022-04-07 14:33:06,717 ng_k_s.py [line:276] catch INFO sid: 14: 0 txs batches need to call help after 50ms in epoch 106, 0 in total, 0.000000  
2022-04-07 14:33:06,767 ng_k_s.py [line:290] catch INFO sid: 14: 0 txs batches need to call help after 100ms in epoch 106, 0 in total, 0.000000  
2022-04-07 14:33:06,843 nwabc.py [line:105] handel_messages INFO sid: sidAnw12, 0 catch up in total 
2022-04-07 14:33:06,905 nwabc.py [line:105] handel_messages INFO sid: sidAnw13, 0 catch up in total 
2022-04-07 14:33:07,340 ng_k_s.py [line:318] _run_VABA_round INFO sid: 14: 0 txs batches need to call help in epoch 107, 0 in total, 0.000000  
2022-04-07 14:33:07,343 ng_k_s.py [line:442] _finalize_output INFO node: 14 epoch: 107 run: 84.915802, total delivered Txs after warm-up: 8744000, average delay after warm-up: 1.798454,  tps after warm-up: 165337.916181, average vaba delay after warm-up: 0.777149 
2022-04-07 14:33:07,393 ng_k_s.py [line:276] catch INFO sid: 14: 0 txs batches need to call help after 50ms in epoch 107, 0 in total, 0.000000  
2022-04-07 14:33:07,445 ng_k_s.py [line:290] catch INFO sid: 14: 0 txs batches need to call help after 100ms in epoch 107, 0 in total, 0.000000  
2022-04-07 14:33:08,041 ng_k_s.py [line:318] _run_VABA_round INFO sid: 14: 0 txs batches need to call help in epoch 108, 0 in total, 0.000000  
2022-04-07 14:33:08,043 ng_k_s.py [line:442] _finalize_output INFO node: 14 epoch: 108 run: 85.616764, total delivered Txs after warm-up: 8842000, average delay after warm-up: 1.795888,  tps after warm-up: 165003.959375, average vaba delay after warm-up: 0.776034 
2022-04-07 14:33:08,095 ng_k_s.py [line:276] catch INFO sid: 14: 0 txs batches need to call help after 50ms in epoch 108, 0 in total, 0.000000  
2022-04-07 14:33:08,145 ng_k_s.py [line:290] catch INFO sid: 14: 0 txs batches need to call help after 100ms in epoch 108, 0 in total, 0.000000  
2022-04-07 14:33:08,702 ng_k_s.py [line:318] _run_VABA_round INFO sid: 14: 0 txs batches need to call help in epoch 109, 0 in total, 0.000000  
2022-04-07 14:33:08,705 ng_k_s.py [line:442] _finalize_output INFO node: 14 epoch: 109 run: 86.278453, total delivered Txs after warm-up: 8962000, average delay after warm-up: 1.792938,  tps after warm-up: 165203.389963, average vaba delay after warm-up: 0.774395 
2022-04-07 14:33:08,756 ng_k_s.py [line:276] catch INFO sid: 14: 0 txs batches need to call help after 50ms in epoch 109, 0 in total, 0.000000  
2022-04-07 14:33:08,808 ng_k_s.py [line:290] catch INFO sid: 14: 0 txs batches need to call help after 100ms in epoch 109, 0 in total, 0.000000  
2022-04-07 14:33:09,598 ng_k_s.py [line:318] _run_VABA_round INFO sid: 14: 0 txs batches need to call help in epoch 110, 0 in total, 0.000000  
2022-04-07 14:33:09,599 ng_k_s.py [line:442] _finalize_output INFO node: 14 epoch: 110 run: 87.172422, total delivered Txs after warm-up: 9064000, average delay after warm-up: 1.792860,  tps after warm-up: 164374.863797, average vaba delay after warm-up: 0.776075 
2022-04-07 14:33:09,652 ng_k_s.py [line:276] catch INFO sid: 14: 0 txs batches need to call help after 50ms in epoch 110, 0 in total, 0.000000  
2022-04-07 14:33:09,703 ng_k_s.py [line:290] catch INFO sid: 14: 0 txs batches need to call help after 100ms in epoch 110, 0 in total, 0.000000  
2022-04-07 14:33:10,090 nwabc.py [line:105] handel_messages INFO sid: sidAnw16, 0 catch up in total 
2022-04-07 14:33:10,381 nwabc.py [line:105] handel_messages INFO sid: sidAnw17, 0 catch up in total 
2022-04-07 14:33:10,458 ng_k_s.py [line:318] _run_VABA_round INFO sid: 14: 0 txs batches need to call help in epoch 111, 0 in total, 0.000000  
2022-04-07 14:33:10,458 ng_k_s.py [line:442] _finalize_output INFO node: 14 epoch: 111 run: 88.031708, total delivered Txs after warm-up: 9192000, average delay after warm-up: 1.795188,  tps after warm-up: 164138.353281, average vaba delay after warm-up: 0.777192 
2022-04-07 14:33:10,510 ng_k_s.py [line:276] catch INFO sid: 14: 0 txs batches need to call help after 50ms in epoch 111, 0 in total, 0.000000  
2022-04-07 14:33:10,562 ng_k_s.py [line:290] catch INFO sid: 14: 0 txs batches need to call help after 100ms in epoch 111, 0 in total, 0.000000  
2022-04-07 14:33:11,069 ng_k_s.py [line:318] _run_VABA_round INFO sid: 14: 0 txs batches need to call help in epoch 112, 0 in total, 0.000000  
2022-04-07 14:33:11,071 ng_k_s.py [line:442] _finalize_output INFO node: 14 epoch: 112 run: 88.644721, total delivered Txs after warm-up: 9354000, average delay after warm-up: 1.793390,  tps after warm-up: 165222.544745, average vaba delay after warm-up: 0.774913 
2022-04-07 14:33:11,123 ng_k_s.py [line:276] catch INFO sid: 14: 0 txs batches need to call help after 50ms in epoch 112, 0 in total, 0.000000  
2022-04-07 14:33:11,173 ng_k_s.py [line:290] catch INFO sid: 14: 0 txs batches need to call help after 100ms in epoch 112, 0 in total, 0.000000  
2022-04-07 14:33:12,764 nwabc.py [line:105] handel_messages INFO sid: sidAnw2, 0 catch up in total 
2022-04-07 14:33:12,779 ng_k_s.py [line:318] _run_VABA_round INFO sid: 14: 0 txs batches need to call help in epoch 113, 0 in total, 0.000000  
2022-04-07 14:33:12,781 ng_k_s.py [line:442] _finalize_output INFO node: 14 epoch: 113 run: 90.354808, total delivered Txs after warm-up: 9464000, average delay after warm-up: 1.802655,  tps after warm-up: 162264.191186, average vaba delay after warm-up: 0.787542 
2022-04-07 14:33:12,812 nwabc.py [line:105] handel_messages INFO sid: sidAnw3, 0 catch up in total 
2022-04-07 14:33:12,833 ng_k_s.py [line:276] catch INFO sid: 14: 0 txs batches need to call help after 50ms in epoch 113, 0 in total, 0.000000  
2022-04-07 14:33:12,883 ng_k_s.py [line:290] catch INFO sid: 14: 0 txs batches need to call help after 100ms in epoch 113, 0 in total, 0.000000  
2022-04-07 14:33:13,717 ng_k_s.py [line:318] _run_VABA_round INFO sid: 14: 0 txs batches need to call help in epoch 114, 0 in total, 0.000000  
2022-04-07 14:33:13,719 ng_k_s.py [line:442] _finalize_output INFO node: 14 epoch: 114 run: 91.292789, total delivered Txs after warm-up: 9756000, average delay after warm-up: 1.818162,  tps after warm-up: 164623.169184, average vaba delay after warm-up: 0.789540 
2022-04-07 14:33:13,771 ng_k_s.py [line:276] catch INFO sid: 14: 0 txs batches need to call help after 50ms in epoch 114, 0 in total, 0.000000  
2022-04-07 14:33:13,822 ng_k_s.py [line:290] catch INFO sid: 14: 0 txs batches need to call help after 100ms in epoch 114, 0 in total, 0.000000  
2022-04-07 14:33:14,384 ng_k_s.py [line:318] _run_VABA_round INFO sid: 14: 0 txs batches need to call help in epoch 115, 0 in total, 0.000000  
2022-04-07 14:33:14,387 ng_k_s.py [line:442] _finalize_output INFO node: 14 epoch: 115 run: 91.960334, total delivered Txs after warm-up: 9890000, average delay after warm-up: 1.816806,  tps after warm-up: 165025.416235, average vaba delay after warm-up: 0.787930 
2022-04-07 14:33:14,439 ng_k_s.py [line:276] catch INFO sid: 14: 0 txs batches need to call help after 50ms in epoch 115, 0 in total, 0.000000  
2022-04-07 14:33:14,490 ng_k_s.py [line:290] catch INFO sid: 14: 0 txs batches need to call help after 100ms in epoch 115, 0 in total, 0.000000  
2022-04-07 14:33:15,123 ng_k_s.py [line:318] _run_VABA_round INFO sid: 14: 0 txs batches need to call help in epoch 116, 0 in total, 0.000000  
2022-04-07 14:33:15,123 ng_k_s.py [line:442] _finalize_output INFO node: 14 epoch: 116 run: 92.696765, total delivered Txs after warm-up: 10030000, average delay after warm-up: 1.814136,  tps after warm-up: 165329.868934, average vaba delay after warm-up: 0.787257 
2022-04-07 14:33:15,176 ng_k_s.py [line:276] catch INFO sid: 14: 0 txs batches need to call help after 50ms in epoch 116, 0 in total, 0.000000  
2022-04-07 14:33:15,228 ng_k_s.py [line:290] catch INFO sid: 14: 0 txs batches need to call help after 100ms in epoch 116, 0 in total, 0.000000  
2022-04-07 14:33:16,012 ng_k_s.py [line:318] _run_VABA_round INFO sid: 14: 0 txs batches need to call help in epoch 117, 0 in total, 0.000000  
2022-04-07 14:33:16,014 ng_k_s.py [line:442] _finalize_output INFO node: 14 epoch: 117 run: 93.587230, total delivered Txs after warm-up: 10124000, average delay after warm-up: 1.814232,  tps after warm-up: 164465.296379, average vaba delay after warm-up: 0.788556 
2022-04-07 14:33:16,065 ng_k_s.py [line:276] catch INFO sid: 14: 0 txs batches need to call help after 50ms in epoch 117, 0 in total, 0.000000  
2022-04-07 14:33:16,116 ng_k_s.py [line:290] catch INFO sid: 14: 0 txs batches need to call help after 100ms in epoch 117, 0 in total, 0.000000  
2022-04-07 14:33:16,166 nwabc.py [line:105] handel_messages INFO sid: sidAnw6, 0 catch up in total 
2022-04-07 14:33:16,663 ng_k_s.py [line:318] _run_VABA_round INFO sid: 14: 0 txs batches need to call help in epoch 118, 0 in total, 0.000000  
2022-04-07 14:33:16,664 ng_k_s.py [line:442] _finalize_output INFO node: 14 epoch: 118 run: 94.237374, total delivered Txs after warm-up: 10284000, average delay after warm-up: 1.812522,  tps after warm-up: 165318.476930, average vaba delay after warm-up: 0.786799 
2022-04-07 14:33:16,717 ng_k_s.py [line:276] catch INFO sid: 14: 0 txs batches need to call help after 50ms in epoch 118, 0 in total, 0.000000  
2022-04-07 14:33:16,738 nwabc.py [line:105] handel_messages INFO sid: sidAnw7, 0 catch up in total 
2022-04-07 14:33:16,768 ng_k_s.py [line:290] catch INFO sid: 14: 0 txs batches need to call help after 100ms in epoch 118, 0 in total, 0.000000  
2022-04-07 14:33:17,381 ng_k_s.py [line:318] _run_VABA_round INFO sid: 14: 0 txs batches need to call help in epoch 119, 0 in total, 0.000000  
2022-04-07 14:33:17,383 ng_k_s.py [line:442] _finalize_output INFO node: 14 epoch: 119 run: 94.957119, total delivered Txs after warm-up: 10398000, average delay after warm-up: 1.810095,  tps after warm-up: 165239.224800, average vaba delay after warm-up: 0.785933 
2022-04-07 14:33:17,435 ng_k_s.py [line:276] catch INFO sid: 14: 0 txs batches need to call help after 50ms in epoch 119, 0 in total, 0.000000  
2022-04-07 14:33:17,485 ng_k_s.py [line:290] catch INFO sid: 14: 0 txs batches need to call help after 100ms in epoch 119, 0 in total, 0.000000  
2022-04-07 14:33:17,591 nwabc.py [line:105] handel_messages INFO sid: sidAnw4, 0 catch up in total 
2022-04-07 14:33:17,753 nwabc.py [line:105] handel_messages INFO sid: sidAnw5, 0 catch up in total 
2022-04-07 14:33:19,045 nwabc.py [line:105] handel_messages INFO sid: sidAnw26, 0 catch up in total 
2022-04-07 14:33:19,073 ng_k_s.py [line:318] _run_VABA_round INFO sid: 14: 0 txs batches need to call help in epoch 120, 0 in total, 0.000000  
2022-04-07 14:33:19,075 ng_k_s.py [line:442] _finalize_output INFO node: 14 epoch: 120 run: 96.649059, total delivered Txs after warm-up: 10520000, average delay after warm-up: 1.818985,  tps after warm-up: 162800.697159, average vaba delay after warm-up: 0.797114 
2022-04-07 14:33:19,127 ng_k_s.py [line:276] catch INFO sid: 14: 0 txs batches need to call help after 50ms in epoch 120, 0 in total, 0.000000  
2022-04-07 14:33:19,178 ng_k_s.py [line:290] catch INFO sid: 14: 0 txs batches need to call help after 100ms in epoch 120, 0 in total, 0.000000  
2022-04-07 14:33:19,545 nwabc.py [line:105] handel_messages INFO sid: sidAnw27, 0 catch up in total 
2022-04-07 14:33:19,840 ng_k_s.py [line:318] _run_VABA_round INFO sid: 14: 0 txs batches need to call help in epoch 121, 0 in total, 0.000000  
2022-04-07 14:33:19,840 ng_k_s.py [line:442] _finalize_output INFO node: 14 epoch: 121 run: 97.413865, total delivered Txs after warm-up: 10800000, average delay after warm-up: 1.827311,  tps after warm-up: 165178.799622, average vaba delay after warm-up: 0.796716 
2022-04-07 14:33:19,893 ng_k_s.py [line:276] catch INFO sid: 14: 0 txs batches need to call help after 50ms in epoch 121, 0 in total, 0.000000  
2022-04-07 14:33:19,944 ng_k_s.py [line:290] catch INFO sid: 14: 0 txs batches need to call help after 100ms in epoch 121, 0 in total, 0.000000  
2022-04-07 14:33:20,057 nwabc.py [line:105] handel_messages INFO sid: sidAnw29, 0 catch up in total 
2022-04-07 14:33:20,071 nwabc.py [line:105] handel_messages INFO sid: sidAnw24, 0 catch up in total 
2022-04-07 14:33:20,189 nwabc.py [line:105] handel_messages INFO sid: sidAnw25, 0 catch up in total 
2022-04-07 14:33:20,519 ng_k_s.py [line:318] _run_VABA_round INFO sid: 14: 0 txs batches need to call help in epoch 122, 0 in total, 0.000000  
2022-04-07 14:33:20,521 ng_k_s.py [line:442] _finalize_output INFO node: 14 epoch: 122 run: 98.095118, total delivered Txs after warm-up: 10930000, average delay after warm-up: 1.824660,  tps after warm-up: 165443.256600, average vaba delay after warm-up: 0.795300 
2022-04-07 14:33:20,550 nwabc.py [line:105] handel_messages INFO sid: sidAnw28, 0 catch up in total 
2022-04-07 14:33:20,572 ng_k_s.py [line:276] catch INFO sid: 14: 0 txs batches need to call help after 50ms in epoch 122, 0 in total, 0.000000  
2022-04-07 14:33:20,623 ng_k_s.py [line:290] catch INFO sid: 14: 0 txs batches need to call help after 100ms in epoch 122, 0 in total, 0.000000  
2022-04-07 14:33:21,180 ng_k_s.py [line:318] _run_VABA_round INFO sid: 14: 0 txs batches need to call help in epoch 123, 0 in total, 0.000000  
2022-04-07 14:33:21,182 ng_k_s.py [line:442] _finalize_output INFO node: 14 epoch: 123 run: 98.755532, total delivered Txs after warm-up: 11036000, average delay after warm-up: 1.822275,  tps after warm-up: 165394.385215, average vaba delay after warm-up: 0.793690 
2022-04-07 14:33:21,234 ng_k_s.py [line:276] catch INFO sid: 14: 0 txs batches need to call help after 50ms in epoch 123, 0 in total, 0.000000  
2022-04-07 14:33:21,284 ng_k_s.py [line:290] catch INFO sid: 14: 0 txs batches need to call help after 100ms in epoch 123, 0 in total, 0.000000  
2022-04-07 14:33:21,969 ng_k_s.py [line:318] _run_VABA_round INFO sid: 14: 0 txs batches need to call help in epoch 124, 0 in total, 0.000000  
2022-04-07 14:33:21,971 ng_k_s.py [line:442] _finalize_output INFO node: 14 epoch: 124 run: 99.544964, total delivered Txs after warm-up: 11140000, average delay after warm-up: 1.821126,  tps after warm-up: 165000.875793, average vaba delay after warm-up: 0.793636 
2022-04-07 14:33:22,022 ng_k_s.py [line:276] catch INFO sid: 14: 0 txs batches need to call help after 50ms in epoch 124, 0 in total, 0.000000  
2022-04-07 14:33:22,050 nwabc.py [line:105] handel_messages INFO sid: sidAnw20, 0 catch up in total 
2022-04-07 14:33:22,073 ng_k_s.py [line:290] catch INFO sid: 14: 0 txs batches need to call help after 100ms in epoch 124, 0 in total, 0.000000  
2022-04-07 14:33:22,078 nwabc.py [line:105] handel_messages INFO sid: sidAnw21, 0 catch up in total 
2022-04-07 14:33:22,651 nwabc.py [line:105] handel_messages INFO sid: sidAnw22, 0 catch up in total 
2022-04-07 14:33:22,672 ng_k_s.py [line:318] _run_VABA_round INFO sid: 14: 0 txs batches need to call help in epoch 125, 0 in total, 0.000000  
2022-04-07 14:33:22,674 ng_k_s.py [line:442] _finalize_output INFO node: 14 epoch: 125 run: 100.247362, total delivered Txs after warm-up: 11278000, average delay after warm-up: 1.819272,  tps after warm-up: 165324.897092, average vaba delay after warm-up: 0.792570 
2022-04-07 14:33:22,725 ng_k_s.py [line:276] catch INFO sid: 14: 0 txs batches need to call help after 50ms in epoch 125, 0 in total, 0.000000  
2022-04-07 14:33:22,732 nwabc.py [line:105] handel_messages INFO sid: sidAnw23, 0 catch up in total 
2022-04-07 14:33:22,775 ng_k_s.py [line:290] catch INFO sid: 14: 0 txs batches need to call help after 100ms in epoch 125, 0 in total, 0.000000  
2022-04-07 14:33:23,460 ng_k_s.py [line:318] _run_VABA_round INFO sid: 14: 0 txs batches need to call help in epoch 126, 0 in total, 0.000000  
2022-04-07 14:33:23,462 ng_k_s.py [line:442] _finalize_output INFO node: 14 epoch: 126 run: 101.035695, total delivered Txs after warm-up: 11394000, average delay after warm-up: 1.818220,  tps after warm-up: 165117.216025, average vaba delay after warm-up: 0.792517 
2022-04-07 14:33:23,513 ng_k_s.py [line:276] catch INFO sid: 14: 0 txs batches need to call help after 50ms in epoch 126, 0 in total, 0.000000  
2022-04-07 14:33:23,563 ng_k_s.py [line:290] catch INFO sid: 14: 0 txs batches need to call help after 100ms in epoch 126, 0 in total, 0.000000  
2022-04-07 14:33:24,111 ng_k_s.py [line:318] _run_VABA_round INFO sid: 14: 0 txs batches need to call help in epoch 127, 0 in total, 0.000000  
2022-04-07 14:33:24,113 ng_k_s.py [line:442] _finalize_output INFO node: 14 epoch: 127 run: 101.686772, total delivered Txs after warm-up: 11522000, average delay after warm-up: 1.815869,  tps after warm-up: 165411.460240, average vaba delay after warm-up: 0.790904 
2022-04-07 14:33:24,164 ng_k_s.py [line:276] catch INFO sid: 14: 0 txs batches need to call help after 50ms in epoch 127, 0 in total, 0.000000  
2022-04-07 14:33:24,216 ng_k_s.py [line:290] catch INFO sid: 14: 0 txs batches need to call help after 100ms in epoch 127, 0 in total, 0.000000  
2022-04-07 14:33:24,829 ng_k_s.py [line:318] _run_VABA_round INFO sid: 14: 0 txs batches need to call help in epoch 128, 0 in total, 0.000000  
2022-04-07 14:33:24,832 ng_k_s.py [line:442] _finalize_output INFO node: 14 epoch: 128 run: 102.405287, total delivered Txs after warm-up: 11622000, average delay after warm-up: 1.814292,  tps after warm-up: 165143.600767, average vaba delay after warm-up: 0.790086 
2022-04-07 14:33:24,883 ng_k_s.py [line:276] catch INFO sid: 14: 0 txs batches need to call help after 50ms in epoch 128, 0 in total, 0.000000  
2022-04-07 14:33:24,935 ng_k_s.py [line:290] catch INFO sid: 14: 0 txs batches need to call help after 100ms in epoch 128, 0 in total, 0.000000  
2022-04-07 14:33:25,581 ng_k_s.py [line:318] _run_VABA_round INFO sid: 14: 0 txs batches need to call help in epoch 129, 0 in total, 0.000000  
2022-04-07 14:33:25,583 ng_k_s.py [line:442] _finalize_output INFO node: 14 epoch: 129 run: 103.156843, total delivered Txs after warm-up: 11756000, average delay after warm-up: 1.812722,  tps after warm-up: 165282.583079, average vaba delay after warm-up: 0.789655 
2022-04-07 14:33:25,635 ng_k_s.py [line:276] catch INFO sid: 14: 0 txs batches need to call help after 50ms in epoch 129, 0 in total, 0.000000  
2022-04-07 14:33:25,706 ng_k_s.py [line:290] catch INFO sid: 14: 0 txs batches need to call help after 100ms in epoch 129, 0 in total, 0.000000  
2022-04-07 14:33:26,318 ng_k_s.py [line:318] _run_VABA_round INFO sid: 14: 0 txs batches need to call help in epoch 130, 0 in total, 0.000000  
2022-04-07 14:33:26,320 ng_k_s.py [line:442] _finalize_output INFO node: 14 epoch: 130 run: 103.894067, total delivered Txs after warm-up: 11882000, average delay after warm-up: 1.810608,  tps after warm-up: 165340.327451, average vaba delay after warm-up: 0.789075 
2022-04-07 14:33:26,371 ng_k_s.py [line:276] catch INFO sid: 14: 0 txs batches need to call help after 50ms in epoch 130, 0 in total, 0.000000  
2022-04-07 14:33:26,422 ng_k_s.py [line:290] catch INFO sid: 14: 0 txs batches need to call help after 100ms in epoch 130, 0 in total, 0.000000  
2022-04-07 14:33:27,002 ng_k_s.py [line:318] _run_VABA_round INFO sid: 14: 0 txs batches need to call help in epoch 131, 0 in total, 0.000000  
2022-04-07 14:33:27,004 ng_k_s.py [line:442] _finalize_output INFO node: 14 epoch: 131 run: 104.577348, total delivered Txs after warm-up: 11992000, average delay after warm-up: 1.808710,  tps after warm-up: 165299.332708, average vaba delay after warm-up: 0.787921 
2022-04-07 14:33:27,055 ng_k_s.py [line:276] catch INFO sid: 14: 0 txs batches need to call help after 50ms in epoch 131, 0 in total, 0.000000  
2022-04-07 14:33:27,106 ng_k_s.py [line:290] catch INFO sid: 14: 0 txs batches need to call help after 100ms in epoch 131, 0 in total, 0.000000  
2022-04-07 14:33:27,707 ng_k_s.py [line:318] _run_VABA_round INFO sid: 14: 0 txs batches need to call help in epoch 132, 0 in total, 0.000000  
2022-04-07 14:33:27,708 ng_k_s.py [line:442] _finalize_output INFO node: 14 epoch: 132 run: 105.282155, total delivered Txs after warm-up: 12098000, average delay after warm-up: 1.807290,  tps after warm-up: 165155.936523, average vaba delay after warm-up: 0.787024 
2022-04-07 14:33:27,760 ng_k_s.py [line:276] catch INFO sid: 14: 0 txs batches need to call help after 50ms in epoch 132, 0 in total, 0.000000  
2022-04-07 14:33:27,811 ng_k_s.py [line:290] catch INFO sid: 14: 0 txs batches need to call help after 100ms in epoch 132, 0 in total, 0.000000  
2022-04-07 14:33:28,388 ng_k_s.py [line:318] _run_VABA_round INFO sid: 14: 0 txs batches need to call help in epoch 133, 0 in total, 0.000000  
2022-04-07 14:33:28,390 ng_k_s.py [line:442] _finalize_output INFO node: 14 epoch: 133 run: 105.963810, total delivered Txs after warm-up: 12230000, average delay after warm-up: 1.805219,  tps after warm-up: 165418.613720, average vaba delay after warm-up: 0.785896 
2022-04-07 14:33:28,443 ng_k_s.py [line:276] catch INFO sid: 14: 0 txs batches need to call help after 50ms in epoch 133, 0 in total, 0.000000  
2022-04-07 14:33:28,494 ng_k_s.py [line:290] catch INFO sid: 14: 0 txs batches need to call help after 100ms in epoch 133, 0 in total, 0.000000  
2022-04-07 14:33:29,172 nwabc.py [line:105] handel_messages INFO sid: sidAnw8, 0 catch up in total 
2022-04-07 14:33:29,192 ng_k_s.py [line:318] _run_VABA_round INFO sid: 14: 0 txs batches need to call help in epoch 134, 0 in total, 0.000000  
2022-04-07 14:33:29,192 ng_k_s.py [line:442] _finalize_output INFO node: 14 epoch: 134 run: 106.765831, total delivered Txs after warm-up: 12340000, average delay after warm-up: 1.804254,  tps after warm-up: 165115.289081, average vaba delay after warm-up: 0.786059 
2022-04-07 14:33:29,209 nwabc.py [line:105] handel_messages INFO sid: sidAnw9, 0 catch up in total 
2022-04-07 14:33:29,245 ng_k_s.py [line:276] catch INFO sid: 14: 0 txs batches need to call help after 50ms in epoch 134, 0 in total, 0.000000  
2022-04-07 14:33:29,296 ng_k_s.py [line:290] catch INFO sid: 14: 0 txs batches need to call help after 100ms in epoch 134, 0 in total, 0.000000  
2022-04-07 14:33:29,853 ng_k_s.py [line:318] _run_VABA_round INFO sid: 14: 0 txs batches need to call help in epoch 135, 0 in total, 0.000000  
2022-04-07 14:33:29,853 ng_k_s.py [line:442] _finalize_output INFO node: 14 epoch: 135 run: 107.426832, total delivered Txs after warm-up: 12462000, average delay after warm-up: 1.802696,  tps after warm-up: 165285.835028, average vaba delay after warm-up: 0.784734 
2022-04-07 14:33:29,906 ng_k_s.py [line:276] catch INFO sid: 14: 0 txs batches need to call help after 50ms in epoch 135, 0 in total, 0.000000  
2022-04-07 14:33:29,957 ng_k_s.py [line:290] catch INFO sid: 14: 0 txs batches need to call help after 100ms in epoch 135, 0 in total, 0.000000  
2022-04-07 14:33:30,568 ng_k_s.py [line:318] _run_VABA_round INFO sid: 14: 0 txs batches need to call help in epoch 136, 0 in total, 0.000000  
2022-04-07 14:33:30,570 ng_k_s.py [line:442] _finalize_output INFO node: 14 epoch: 136 run: 108.143732, total delivered Txs after warm-up: 12582000, average delay after warm-up: 1.801040,  tps after warm-up: 165305.627661, average vaba delay after warm-up: 0.784012 
2022-04-07 14:33:30,622 ng_k_s.py [line:276] catch INFO sid: 14: 0 txs batches need to call help after 50ms in epoch 136, 0 in total, 0.000000  
2022-04-07 14:33:30,673 ng_k_s.py [line:290] catch INFO sid: 14: 0 txs batches need to call help after 100ms in epoch 136, 0 in total, 0.000000  
2022-04-07 14:33:30,977 nwabc.py [line:105] handel_messages INFO sid: sidAnw31, 0 catch up in total 
2022-04-07 14:33:31,247 ng_k_s.py [line:318] _run_VABA_round INFO sid: 14: 0 txs batches need to call help in epoch 137, 0 in total, 0.000000  
2022-04-07 14:33:31,249 ng_k_s.py [line:442] _finalize_output INFO node: 14 epoch: 137 run: 108.822267, total delivered Txs after warm-up: 12694000, average delay after warm-up: 1.799523,  tps after warm-up: 165303.470518, average vaba delay after warm-up: 0.782930 
2022-04-07 14:33:31,299 ng_k_s.py [line:276] catch INFO sid: 14: 0 txs batches need to call help after 50ms in epoch 137, 0 in total, 0.000000  
2022-04-07 14:33:31,350 ng_k_s.py [line:290] catch INFO sid: 14: 0 txs batches need to call help after 100ms in epoch 137, 0 in total, 0.000000  
2022-04-07 14:33:31,589 nwabc.py [line:105] handel_messages INFO sid: sidAnw30, 0 catch up in total 
2022-04-07 14:33:32,122 ng_k_s.py [line:318] _run_VABA_round INFO sid: 14: 0 txs batches need to call help in epoch 138, 0 in total, 0.000000  
2022-04-07 14:33:32,122 ng_k_s.py [line:442] _finalize_output INFO node: 14 epoch: 138 run: 109.695802, total delivered Txs after warm-up: 12818000, average delay after warm-up: 1.799146,  tps after warm-up: 165040.828285, average vaba delay after warm-up: 0.783841 
2022-04-07 14:33:32,176 ng_k_s.py [line:276] catch INFO sid: 14: 0 txs batches need to call help after 50ms in epoch 138, 0 in total, 0.000000  
2022-04-07 14:33:32,227 ng_k_s.py [line:290] catch INFO sid: 14: 0 txs batches need to call help after 100ms in epoch 138, 0 in total, 0.000000  
2022-04-07 14:33:32,765 ng_k_s.py [line:318] _run_VABA_round INFO sid: 14: 0 txs batches need to call help in epoch 139, 0 in total, 0.000000  
2022-04-07 14:33:32,767 ng_k_s.py [line:442] _finalize_output INFO node: 14 epoch: 139 run: 110.340857, total delivered Txs after warm-up: 12950000, average delay after warm-up: 1.797391,  tps after warm-up: 165366.960262, average vaba delay after warm-up: 0.782423 
2022-04-07 14:33:32,819 ng_k_s.py [line:276] catch INFO sid: 14: 0 txs batches need to call help after 50ms in epoch 139, 0 in total, 0.000000  
2022-04-07 14:33:32,869 ng_k_s.py [line:290] catch INFO sid: 14: 0 txs batches need to call help after 100ms in epoch 139, 0 in total, 0.000000  
2022-04-07 14:33:33,465 ng_k_s.py [line:318] _run_VABA_round INFO sid: 14: 0 txs batches need to call help in epoch 140, 0 in total, 0.000000  
2022-04-07 14:33:33,467 ng_k_s.py [line:442] _finalize_output INFO node: 14 epoch: 140 run: 111.040588, total delivered Txs after warm-up: 13054000, average delay after warm-up: 1.795916,  tps after warm-up: 165218.720495, average vaba delay after warm-up: 0.781601 
2022-04-07 14:33:33,519 ng_k_s.py [line:276] catch INFO sid: 14: 0 txs batches need to call help after 50ms in epoch 140, 0 in total, 0.000000  
2022-04-07 14:33:33,570 ng_k_s.py [line:290] catch INFO sid: 14: 0 txs batches need to call help after 100ms in epoch 140, 0 in total, 0.000000  
2022-04-07 14:33:34,147 nwabc.py [line:105] handel_messages INFO sid: sidAnw10, 0 catch up in total 
2022-04-07 14:33:34,152 ng_k_s.py [line:318] _run_VABA_round INFO sid: 14: 0 txs batches need to call help in epoch 141, 0 in total, 0.000000  
2022-04-07 14:33:34,154 ng_k_s.py [line:442] _finalize_output INFO node: 14 epoch: 141 run: 111.727734, total delivered Txs after warm-up: 13188000, average delay after warm-up: 1.793925,  tps after warm-up: 165475.574342, average vaba delay after warm-up: 0.780671 
2022-04-07 14:33:34,206 ng_k_s.py [line:276] catch INFO sid: 14: 0 txs batches need to call help after 50ms in epoch 141, 0 in total, 0.000000  
2022-04-07 14:33:34,257 ng_k_s.py [line:290] catch INFO sid: 14: 0 txs batches need to call help after 100ms in epoch 141, 0 in total, 0.000000  
2022-04-07 14:33:34,900 nwabc.py [line:105] handel_messages INFO sid: sidAnw11, 0 catch up in total 
2022-04-07 14:33:34,905 ng_k_s.py [line:318] _run_VABA_round INFO sid: 14: 0 txs batches need to call help in epoch 142, 0 in total, 0.000000  
2022-04-07 14:33:34,905 ng_k_s.py [line:442] _finalize_output INFO node: 14 epoch: 142 run: 112.479061, total delivered Txs after warm-up: 13292000, average delay after warm-up: 1.792542,  tps after warm-up: 165222.913639, average vaba delay after warm-up: 0.780383 
2022-04-07 14:33:34,958 ng_k_s.py [line:276] catch INFO sid: 14: 0 txs batches need to call help after 50ms in epoch 142, 0 in total, 0.000000  
2022-04-07 14:33:35,009 ng_k_s.py [line:290] catch INFO sid: 14: 0 txs batches need to call help after 100ms in epoch 142, 0 in total, 0.000000  
2022-04-07 14:33:35,591 ng_k_s.py [line:318] _run_VABA_round INFO sid: 14: 0 txs batches need to call help in epoch 143, 0 in total, 0.000000  
2022-04-07 14:33:35,593 ng_k_s.py [line:442] _finalize_output INFO node: 14 epoch: 143 run: 113.166536, total delivered Txs after warm-up: 13418000, average delay after warm-up: 1.790912,  tps after warm-up: 165375.907228, average vaba delay after warm-up: 0.779468 
2022-04-07 14:33:35,644 ng_k_s.py [line:276] catch INFO sid: 14: 0 txs batches need to call help after 50ms in epoch 143, 0 in total, 0.000000  
2022-04-07 14:33:35,694 ng_k_s.py [line:290] catch INFO sid: 14: 0 txs batches need to call help after 100ms in epoch 143, 0 in total, 0.000000  
2022-04-07 14:33:35,797 nwabc.py [line:105] handel_messages INFO sid: sidAnw14, 0 catch up in total 
2022-04-07 14:33:36,274 nwabc.py [line:105] handel_messages INFO sid: sidAnw15, 0 catch up in total 
2022-04-07 14:33:36,383 ng_k_s.py [line:318] _run_VABA_round INFO sid: 14: 0 txs batches need to call help in epoch 144, 0 in total, 0.000000  
2022-04-07 14:33:36,385 ng_k_s.py [line:442] _finalize_output INFO node: 14 epoch: 144 run: 113.958411, total delivered Txs after warm-up: 13530000, average delay after warm-up: 1.790044,  tps after warm-up: 165144.521473, average vaba delay after warm-up: 0.779583 
2022-04-07 14:33:36,436 ng_k_s.py [line:276] catch INFO sid: 14: 0 txs batches need to call help after 50ms in epoch 144, 0 in total, 0.000000  
2022-04-07 14:33:36,488 ng_k_s.py [line:290] catch INFO sid: 14: 0 txs batches need to call help after 100ms in epoch 144, 0 in total, 0.000000  
2022-04-07 14:33:37,118 ng_k_s.py [line:318] _run_VABA_round INFO sid: 14: 0 txs batches need to call help in epoch 145, 0 in total, 0.000000  
2022-04-07 14:33:37,120 ng_k_s.py [line:442] _finalize_output INFO node: 14 epoch: 145 run: 114.693222, total delivered Txs after warm-up: 13654000, average delay after warm-up: 1.789250,  tps after warm-up: 165176.579536, average vaba delay after warm-up: 0.779158 
2022-04-07 14:33:37,171 ng_k_s.py [line:276] catch INFO sid: 14: 0 txs batches need to call help after 50ms in epoch 145, 0 in total, 0.000000  
2022-04-07 14:33:37,222 ng_k_s.py [line:290] catch INFO sid: 14: 0 txs batches need to call help after 100ms in epoch 145, 0 in total, 0.000000  
2022-04-07 14:33:37,585 nwabc.py [line:105] handel_messages INFO sid: sidAnw18, 0 catch up in total 
2022-04-07 14:33:37,766 ng_k_s.py [line:318] _run_VABA_round INFO sid: 14: 0 txs batches need to call help in epoch 146, 0 in total, 0.000000  
2022-04-07 14:33:37,767 ng_k_s.py [line:442] _finalize_output INFO node: 14 epoch: 146 run: 115.341163, total delivered Txs after warm-up: 13780000, average delay after warm-up: 1.787503,  tps after warm-up: 165404.343765, average vaba delay after warm-up: 0.777922 
2022-04-07 14:33:37,819 ng_k_s.py [line:276] catch INFO sid: 14: 0 txs batches need to call help after 50ms in epoch 146, 0 in total, 0.000000  
2022-04-07 14:33:37,869 ng_k_s.py [line:290] catch INFO sid: 14: 0 txs batches need to call help after 100ms in epoch 146, 0 in total, 0.000000  
2022-04-07 14:33:38,190 nwabc.py [line:105] handel_messages INFO sid: sidAnw19, 0 catch up in total 
2022-04-07 14:33:38,487 ng_k_s.py [line:318] _run_VABA_round INFO sid: 14: 0 txs batches need to call help in epoch 147, 0 in total, 0.000000  
2022-04-07 14:33:38,490 ng_k_s.py [line:442] _finalize_output INFO node: 14 epoch: 147 run: 116.063684, total delivered Txs after warm-up: 13886000, average delay after warm-up: 1.786400,  tps after warm-up: 165243.598317, average vaba delay after warm-up: 0.777406 
2022-04-07 14:33:38,541 ng_k_s.py [line:276] catch INFO sid: 14: 0 txs batches need to call help after 50ms in epoch 147, 0 in total, 0.000000  
2022-04-07 14:33:38,592 ng_k_s.py [line:290] catch INFO sid: 14: 0 txs batches need to call help after 100ms in epoch 147, 0 in total, 0.000000  
2022-04-07 14:33:38,676 nwabc.py [line:105] handel_messages INFO sid: sidAnw0, 0 catch up in total 
2022-04-07 14:33:38,822 nwabc.py [line:105] handel_messages INFO sid: sidAnw1, 0 catch up in total 
2022-04-07 14:33:39,175 ng_k_s.py [line:318] _run_VABA_round INFO sid: 14: 0 txs batches need to call help in epoch 148, 0 in total, 0.000000  
2022-04-07 14:33:39,177 ng_k_s.py [line:442] _finalize_output INFO node: 14 epoch: 148 run: 116.750680, total delivered Txs after warm-up: 14006000, average delay after warm-up: 1.785044,  tps after warm-up: 165320.064717, average vaba delay after warm-up: 0.776574 
2022-04-07 14:33:39,229 ng_k_s.py [line:276] catch INFO sid: 14: 0 txs batches need to call help after 50ms in epoch 148, 0 in total, 0.000000  
2022-04-07 14:33:39,281 ng_k_s.py [line:290] catch INFO sid: 14: 0 txs batches need to call help after 100ms in epoch 148, 0 in total, 0.000000  
2022-04-07 14:33:39,895 ng_k_s.py [line:318] _run_VABA_round INFO sid: 14: 0 txs batches need to call help in epoch 149, 0 in total, 0.000000  
2022-04-07 14:33:39,898 ng_k_s.py [line:442] _finalize_output INFO node: 14 epoch: 149 run: 117.471447, total delivered Txs after warm-up: 14120000, average delay after warm-up: 1.783859,  tps after warm-up: 165259.704540, average vaba delay after warm-up: 0.776061 
2022-04-07 14:33:39,950 ng_k_s.py [line:276] catch INFO sid: 14: 0 txs batches need to call help after 50ms in epoch 149, 0 in total, 0.000000  
2022-04-07 14:33:40,001 ng_k_s.py [line:290] catch INFO sid: 14: 0 txs batches need to call help after 100ms in epoch 149, 0 in total, 0.000000  
2022-04-07 14:33:41,574 ng_k_s.py [line:318] _run_VABA_round INFO sid: 14: 0 txs batches need to call help in epoch 150, 0 in total, 0.000000  
2022-04-07 14:33:41,576 ng_k_s.py [line:442] _finalize_output INFO node: 14 epoch: 150 run: 119.149683, total delivered Txs after warm-up: 14238000, average delay after warm-up: 1.790752,  tps after warm-up: 163430.668260, average vaba delay after warm-up: 0.784186 
2022-04-07 14:33:41,627 ng_k_s.py [line:276] catch INFO sid: 14: 0 txs batches need to call help after 50ms in epoch 150, 0 in total, 0.000000  
2022-04-07 14:33:41,678 ng_k_s.py [line:290] catch INFO sid: 14: 0 txs batches need to call help after 100ms in epoch 150, 0 in total, 0.000000  
2022-04-07 14:33:42,524 ng_k_s.py [line:318] _run_VABA_round INFO sid: 14: 0 txs batches need to call help in epoch 151, 0 in total, 0.000000  
2022-04-07 14:33:42,526 ng_k_s.py [line:442] _finalize_output INFO node: 14 epoch: 151 run: 120.100121, total delivered Txs after warm-up: 14522000, average delay after warm-up: 1.801741,  tps after warm-up: 164891.657841, average vaba delay after warm-up: 0.785667 
2022-04-07 14:33:42,577 ng_k_s.py [line:276] catch INFO sid: 14: 0 txs batches need to call help after 50ms in epoch 151, 0 in total, 0.000000  
2022-04-07 14:33:42,628 ng_k_s.py [line:290] catch INFO sid: 14: 0 txs batches need to call help after 100ms in epoch 151, 0 in total, 0.000000  
2022-04-07 14:33:43,199 ng_k_s.py [line:318] _run_VABA_round INFO sid: 14: 0 txs batches need to call help in epoch 152, 0 in total, 0.000000  
2022-04-07 14:33:43,202 ng_k_s.py [line:442] _finalize_output INFO node: 14 epoch: 152 run: 120.775286, total delivered Txs after warm-up: 14680000, average delay after warm-up: 1.800809,  tps after warm-up: 165417.555581, average vaba delay after warm-up: 0.784686 
2022-04-07 14:33:43,254 ng_k_s.py [line:276] catch INFO sid: 14: 0 txs batches need to call help after 50ms in epoch 152, 0 in total, 0.000000  
2022-04-07 14:33:43,305 ng_k_s.py [line:290] catch INFO sid: 14: 0 txs batches need to call help after 100ms in epoch 152, 0 in total, 0.000000  
2022-04-07 14:33:43,893 ng_k_s.py [line:318] _run_VABA_round INFO sid: 14: 0 txs batches need to call help in epoch 153, 0 in total, 0.000000  
2022-04-07 14:33:43,895 ng_k_s.py [line:442] _finalize_output INFO node: 14 epoch: 153 run: 121.468418, total delivered Txs after warm-up: 14800000, average delay after warm-up: 1.798949,  tps after warm-up: 165477.305080, average vaba delay after warm-up: 0.783880 
2022-04-07 14:33:43,946 ng_k_s.py [line:276] catch INFO sid: 14: 0 txs batches need to call help after 50ms in epoch 153, 0 in total, 0.000000  
2022-04-07 14:33:43,997 ng_k_s.py [line:290] catch INFO sid: 14: 0 txs batches need to call help after 100ms in epoch 153, 0 in total, 0.000000  
2022-04-07 14:33:44,596 ng_k_s.py [line:318] _run_VABA_round INFO sid: 14: 0 txs batches need to call help in epoch 154, 0 in total, 0.000000  
2022-04-07 14:33:44,598 ng_k_s.py [line:442] _finalize_output INFO node: 14 epoch: 154 run: 122.171296, total delivered Txs after warm-up: 14920000, average delay after warm-up: 1.796977,  tps after warm-up: 165518.236930, average vaba delay after warm-up: 0.783173 
2022-04-07 14:33:44,650 ng_k_s.py [line:276] catch INFO sid: 14: 0 txs batches need to call help after 50ms in epoch 154, 0 in total, 0.000000  
2022-04-07 14:33:44,701 ng_k_s.py [line:290] catch INFO sid: 14: 0 txs batches need to call help after 100ms in epoch 154, 0 in total, 0.000000  
2022-04-07 14:33:45,495 ng_k_s.py [line:318] _run_VABA_round INFO sid: 14: 0 txs batches need to call help in epoch 155, 0 in total, 0.000000  
2022-04-07 14:33:45,497 ng_k_s.py [line:442] _finalize_output INFO node: 14 epoch: 155 run: 123.070622, total delivered Txs after warm-up: 15032000, average delay after warm-up: 1.796710,  tps after warm-up: 165113.417893, average vaba delay after warm-up: 0.784169 
2022-04-07 14:33:45,550 ng_k_s.py [line:276] catch INFO sid: 14: 0 txs batches need to call help after 50ms in epoch 155, 0 in total, 0.000000  
2022-04-07 14:33:45,601 ng_k_s.py [line:290] catch INFO sid: 14: 0 txs batches need to call help after 100ms in epoch 155, 0 in total, 0.000000  
2022-04-07 14:33:46,184 ng_k_s.py [line:318] _run_VABA_round INFO sid: 14: 0 txs batches need to call help in epoch 156, 0 in total, 0.000000  
2022-04-07 14:33:46,186 ng_k_s.py [line:442] _finalize_output INFO node: 14 epoch: 156 run: 123.760052, total delivered Txs after warm-up: 15146000, average delay after warm-up: 1.796446,  tps after warm-up: 165115.225991, average vaba delay after warm-up: 0.783356 
2022-04-07 14:33:46,237 ng_k_s.py [line:276] catch INFO sid: 14: 0 txs batches need to call help after 50ms in epoch 156, 0 in total, 0.000000  
2022-04-07 14:33:46,288 ng_k_s.py [line:290] catch INFO sid: 14: 0 txs batches need to call help after 100ms in epoch 156, 0 in total, 0.000000  
2022-04-07 14:33:47,787 ng_k_s.py [line:318] _run_VABA_round INFO sid: 14: 0 txs batches need to call help in epoch 157, 0 in total, 0.000000  
2022-04-07 14:33:47,789 ng_k_s.py [line:442] _finalize_output INFO node: 14 epoch: 157 run: 125.362850, total delivered Txs after warm-up: 15294000, average delay after warm-up: 1.803968,  tps after warm-up: 163865.434051, average vaba delay after warm-up: 0.790298 
2022-04-07 14:33:47,842 ng_k_s.py [line:276] catch INFO sid: 14: 0 txs batches need to call help after 50ms in epoch 157, 0 in total, 0.000000  
2022-04-07 14:33:47,893 ng_k_s.py [line:290] catch INFO sid: 14: 0 txs batches need to call help after 100ms in epoch 157, 0 in total, 0.000000  
2022-04-07 14:33:49,309 nwabc.py [line:105] handel_messages INFO sid: sidAnw12, 0 catch up in total 
2022-04-07 14:33:49,376 nwabc.py [line:105] handel_messages INFO sid: sidAnw13, 0 catch up in total 
2022-04-07 14:33:49,448 nwabc.py [line:105] handel_messages INFO sid: sidAnw5, 0 catch up in total 
2022-04-07 14:33:49,483 ng_k_s.py [line:318] _run_VABA_round INFO sid: 14: 0 txs batches need to call help in epoch 158, 0 in total, 0.000000  
2022-04-07 14:33:49,485 ng_k_s.py [line:442] _finalize_output INFO node: 14 epoch: 158 run: 127.058846, total delivered Txs after warm-up: 15556000, average delay after warm-up: 1.824881,  tps after warm-up: 163697.956938, average vaba delay after warm-up: 0.797906 
2022-04-07 14:33:49,531 nwabc.py [line:105] handel_messages INFO sid: sidAnw4, 0 catch up in total 
2022-04-07 14:33:49,537 ng_k_s.py [line:276] catch INFO sid: 14: 0 txs batches need to call help after 50ms in epoch 158, 0 in total, 0.000000  
2022-04-07 14:33:49,589 ng_k_s.py [line:290] catch INFO sid: 14: 0 txs batches need to call help after 100ms in epoch 158, 0 in total, 0.000000  
2022-04-07 14:33:50,182 ng_k_s.py [line:318] _run_VABA_round INFO sid: 14: 0 txs batches need to call help in epoch 159, 0 in total, 0.000000  
2022-04-07 14:33:50,185 ng_k_s.py [line:442] _finalize_output INFO node: 14 epoch: 159 run: 127.758835, total delivered Txs after warm-up: 15842000, average delay after warm-up: 1.829940,  tps after warm-up: 165488.572718, average vaba delay after warm-up: 0.797087 
2022-04-07 14:33:50,236 ng_k_s.py [line:276] catch INFO sid: 14: 0 txs batches need to call help after 50ms in epoch 159, 0 in total, 0.000000  
2022-04-07 14:33:50,286 ng_k_s.py [line:290] catch INFO sid: 14: 0 txs batches need to call help after 100ms in epoch 159, 0 in total, 0.000000  
2022-04-07 14:33:50,859 nwabc.py [line:105] handel_messages INFO sid: sidAnw26, 0 catch up in total 
2022-04-07 14:33:51,062 ng_k_s.py [line:318] _run_VABA_round INFO sid: 14: 0 txs batches need to call help in epoch 160, 0 in total, 0.000000  
2022-04-07 14:33:51,065 ng_k_s.py [line:442] _finalize_output INFO node: 14 epoch: 160 run: 128.638328, total delivered Txs after warm-up: 15962000, average delay after warm-up: 1.829752,  tps after warm-up: 165224.143277, average vaba delay after warm-up: 0.797765 
2022-04-07 14:33:51,116 ng_k_s.py [line:276] catch INFO sid: 14: 0 txs batches need to call help after 50ms in epoch 160, 0 in total, 0.000000  
2022-04-07 14:33:51,167 ng_k_s.py [line:290] catch INFO sid: 14: 0 txs batches need to call help after 100ms in epoch 160, 0 in total, 0.000000  
2022-04-07 14:33:51,269 nwabc.py [line:105] handel_messages INFO sid: sidAnw27, 0 catch up in total 
2022-04-07 14:33:51,682 ng_k_s.py [line:318] _run_VABA_round INFO sid: 14: 0 txs batches need to call help in epoch 161, 0 in total, 0.000000  
2022-04-07 14:33:51,685 ng_k_s.py [line:442] _finalize_output INFO node: 14 epoch: 161 run: 129.257959, total delivered Txs after warm-up: 16102000, average delay after warm-up: 1.827846,  tps after warm-up: 165611.091386, average vaba delay after warm-up: 0.796302 
2022-04-07 14:33:51,736 ng_k_s.py [line:276] catch INFO sid: 14: 0 txs batches need to call help after 50ms in epoch 161, 0 in total, 0.000000  
2022-04-07 14:33:51,787 ng_k_s.py [line:290] catch INFO sid: 14: 0 txs batches need to call help after 100ms in epoch 161, 0 in total, 0.000000  
2022-04-07 14:33:52,383 ng_k_s.py [line:318] _run_VABA_round INFO sid: 14: 0 txs batches need to call help in epoch 162, 0 in total, 0.000000  
2022-04-07 14:33:52,385 ng_k_s.py [line:442] _finalize_output INFO node: 14 epoch: 162 run: 129.958676, total delivered Txs after warm-up: 16210000, average delay after warm-up: 1.826107,  tps after warm-up: 165528.923063, average vaba delay after warm-up: 0.795520 
2022-04-07 14:33:52,437 ng_k_s.py [line:276] catch INFO sid: 14: 0 txs batches need to call help after 50ms in epoch 162, 0 in total, 0.000000  
2022-04-07 14:33:52,488 ng_k_s.py [line:290] catch INFO sid: 14: 0 txs batches need to call help after 100ms in epoch 162, 0 in total, 0.000000  
2022-04-07 14:33:53,146 nwabc.py [line:105] handel_messages INFO sid: sidAnw29, 0 catch up in total 
2022-04-07 14:33:53,356 nwabc.py [line:105] handel_messages INFO sid: sidAnw28, 0 catch up in total 
2022-04-07 14:33:53,566 nwabc.py [line:105] handel_messages INFO sid: sidAnw16, 0 catch up in total 
2022-04-07 14:33:53,890 nwabc.py [line:105] handel_messages INFO sid: sidAnw21, 0 catch up in total 
2022-04-07 14:33:54,060 nwabc.py [line:105] handel_messages INFO sid: sidAnw20, 0 catch up in total 
2022-04-07 14:33:54,247 ng_k_s.py [line:318] _run_VABA_round INFO sid: 14: 0 txs batches need to call help in epoch 163, 0 in total, 0.000000  
2022-04-07 14:33:54,247 ng_k_s.py [line:442] _finalize_output INFO node: 14 epoch: 163 run: 131.820507, total delivered Txs after warm-up: 16308000, average delay after warm-up: 1.832146,  tps after warm-up: 163422.639396, average vaba delay after warm-up: 0.804114 
2022-04-07 14:33:54,299 ng_k_s.py [line:276] catch INFO sid: 14: 0 txs batches need to call help after 50ms in epoch 163, 0 in total, 0.000000  
2022-04-07 14:33:54,350 ng_k_s.py [line:290] catch INFO sid: 14: 0 txs batches need to call help after 100ms in epoch 163, 0 in total, 0.000000  
2022-04-07 14:33:54,664 nwabc.py [line:105] handel_messages INFO sid: sidAnw17, 0 catch up in total 
2022-04-07 14:33:54,860 ng_k_s.py [line:318] _run_VABA_round INFO sid: 14: 0 txs batches need to call help in epoch 164, 0 in total, 0.000000  
2022-04-07 14:33:54,862 ng_k_s.py [line:442] _finalize_output INFO node: 14 epoch: 164 run: 132.435284, total delivered Txs after warm-up: 16624000, average delay after warm-up: 1.838741,  tps after warm-up: 165569.257837, average vaba delay after warm-up: 0.802582 
2022-04-07 14:33:54,913 ng_k_s.py [line:276] catch INFO sid: 14: 0 txs batches need to call help after 50ms in epoch 164, 0 in total, 0.000000  
2022-04-07 14:33:54,964 ng_k_s.py [line:290] catch INFO sid: 14: 0 txs batches need to call help after 100ms in epoch 164, 0 in total, 0.000000  
2022-04-07 14:33:55,553 ng_k_s.py [line:318] _run_VABA_round INFO sid: 14: 0 txs batches need to call help in epoch 165, 0 in total, 0.000000  
2022-04-07 14:33:55,554 ng_k_s.py [line:442] _finalize_output INFO node: 14 epoch: 165 run: 133.127415, total delivered Txs after warm-up: 16736000, average delay after warm-up: 1.837060,  tps after warm-up: 165543.582538, average vaba delay after warm-up: 0.801703 
2022-04-07 14:33:55,607 ng_k_s.py [line:276] catch INFO sid: 14: 0 txs batches need to call help after 50ms in epoch 165, 0 in total, 0.000000  
2022-04-07 14:33:55,658 ng_k_s.py [line:290] catch INFO sid: 14: 0 txs batches need to call help after 100ms in epoch 165, 0 in total, 0.000000  
